11:08:26 "=============================================================="
11:08:26 "DSC: Faction 'ChDKZ Insurgents (rhsgref_faction_chdkz_g)'"
11:08:26 "=============================================================="
11:08:26 "DSC: fnc_extractGroups - Extracted 68 groups from faction 'rhsgref_faction_chdkz_g'"
11:08:27 "DSC: fnc_classifyGroups - Classified 68 groups"
11:08:27 "DSC: fnc_classifyGroups - Tag distribution: [[""INFANTRY_SQUAD"",1],[""PATROL"",5],[""MECHANIZED"",12],[""ANTI_AIR"",12],[""MOTORIZED"",18],[""FIRETEAM"",4],[""FOOT"",5],[""WEAPONS_SQUAD"",11],[""AA_TEAM"",8],[""ARMOR"",33],[""SUPPORT_BY_FIRE"",11],[""ANTI_ARMOR"",47],[""AT_TEAM"",23],[""ARMORED"",33]]"
11:08:27 "  rhsgref_group_chdkz_ins_gurgents_squad (rhsgref_group_chdkz_ins_gurgents_infantry)"
11:08:27 "    Tags: [""INFANTRY_SQUAD"",""ANTI_ARMOR"",""AT_TEAM"",""WEAPONS_SQUAD"",""SUPPORT_BY_FIRE"",""FOOT"",""PATROL""]"
11:08:27 "    Units: 8 inf, 0 veh | AT=2 AA=0 MG=2 | Conf: 0.75"
11:08:27 "  rhsgref_group_chdkz_infantry_patrol (rhsgref_group_chdkz_ins_gurgents_infantry)"
11:08:27 "    Tags: [""FIRETEAM"",""ANTI_ARMOR"",""AT_TEAM"",""FOOT"",""PATROL""]"
11:08:27 "    Units: 4 inf, 0 veh | AT=1 AA=0 MG=1 | Conf: 0.75"
11:08:27 "  rhsgref_group_chdkz_infantry_mg (rhsgref_group_chdkz_ins_gurgents_infantry)"
11:08:27 "    Tags: [""FIRETEAM"",""ANTI_ARMOR"",""AT_TEAM"",""FOOT"",""PATROL""]"
11:08:27 "    Units: 2 inf, 0 veh | AT=1 AA=0 MG=1 | Conf: 0.75"
11:08:27 "  rhsgref_group_chdkz_infantry_at (rhsgref_group_chdkz_ins_gurgents_infantry)"
11:08:27 "    Tags: [""FIRETEAM"",""ANTI_ARMOR"",""AT_TEAM"",""FOOT"",""PATROL""]"
11:08:27 "    Units: 2 inf, 0 veh | AT=1 AA=0 MG=0 | Conf: 0.75"
11:08:27 "  rhsgref_group_chdkz_infantry_aa (rhsgref_group_chdkz_ins_gurgents_infantry)"
11:08:27 "    Tags: [""FIRETEAM"",""ANTI_AIR"",""AA_TEAM"",""FOOT"",""PATROL""]"
11:08:27 "    Units: 2 inf, 0 veh | AT=0 AA=1 MG=0 | Conf: 0.75"
11:08:27 "  RHS_SPGPlatoon_ins_g_bm21 (rhs_group_indp_ins_g_bm21)"
11:08:27 "    Tags: [""MOTORIZED""]"
11:08:27 "    Units: 0 inf, 6 veh | AT=0 AA=0 MG=0 | Conf: 0.5"
11:08:27 "  RHS_SPGSection_ins_g_bm21 (rhs_group_indp_ins_g_bm21)"
11:08:27 "    Tags: [""MOTORIZED""]"
11:08:27 "    Units: 0 inf, 2 veh | AT=0 AA=0 MG=0 | Conf: 0.5"
11:08:27 "  rhs_group_rus_ins_g_bmd1_chq (rhs_group_indp_ins_g_bmd1)"
11:08:27 "    Tags: [""ARMORED"",""ARMOR""]"
11:08:27 "    Units: 3 inf, 1 veh | AT=0 AA=0 MG=1 | Conf: 0.65"
11:08:27 "  rhs_group_rus_ins_g_bmd1_squad (rhs_group_indp_ins_g_bmd1)"
11:08:27 "    Tags: [""ANTI_ARMOR"",""AT_TEAM"",""ARMORED"",""ARMOR""]"
11:08:27 "    Units: 5 inf, 1 veh | AT=2 AA=0 MG=1 | Conf: 0.8"
11:08:27 "  rhs_group_rus_ins_g_bmd1_squad_2mg (rhs_group_indp_ins_g_bmd1)"
11:08:27 "    Tags: [""ANTI_ARMOR"",""WEAPONS_SQUAD"",""SUPPORT_BY_FIRE"",""ARMORED"",""ARMOR""]"
11:08:27 "    Units: 5 inf, 1 veh | AT=1 AA=0 MG=2 | Conf: 0.65"
11:08:27 "  rhs_group_rus_ins_g_bmd1_squad_sniper (rhs_group_indp_ins_g_bmd1)"
11:08:27 "    Tags: [""ANTI_ARMOR"",""ARMORED"",""ARMOR""]"
11:08:27 "    Units: 5 inf, 1 veh | AT=1 AA=0 MG=1 | Conf: 0.65"
11:08:27 "  rhs_group_rus_ins_g_bmd1_squad_mg_sniper (rhs_group_indp_ins_g_bmd1)"
11:08:27 "    Tags: [""ANTI_ARMOR"",""ANTI_AIR"",""ARMORED"",""ARMOR""]"
11:08:27 "    Units: 5 inf, 1 veh | AT=1 AA=1 MG=1 | Conf: 0.65"
11:08:27 "  rhs_group_rus_ins_g_bmd1_squad_aa (rhs_group_indp_ins_g_bmd1)"
11:08:27 "    Tags: [""ANTI_ARMOR"",""AT_TEAM"",""ANTI_AIR"",""ARMORED"",""ARMOR""]"
11:08:27 "    Units: 6 inf, 1 veh | AT=2 AA=1 MG=1 | Conf: 0.8"
11:08:27 "  rhs_group_rus_ins_g_bmd2_chq (rhs_group_indp_ins_g_bmd2)"
11:08:27 "    Tags: [""ARMORED"",""ARMOR""]"
11:08:27 "    Units: 3 inf, 1 veh | AT=0 AA=0 MG=1 | Conf: 0.65"
11:08:27 "  rhs_group_rus_ins_g_bmd2_squad (rhs_group_indp_ins_g_bmd2)"
11:08:27 "    Tags: [""ANTI_ARMOR"",""AT_TEAM"",""ARMORED"",""ARMOR""]"
11:08:27 "    Units: 5 inf, 1 veh | AT=2 AA=0 MG=1 | Conf: 0.8"
11:08:27 "  rhs_group_rus_ins_g_bmd2_squad_2mg (rhs_group_indp_ins_g_bmd2)"
11:08:27 "    Tags: [""ANTI_ARMOR"",""WEAPONS_SQUAD"",""SUPPORT_BY_FIRE"",""ARMORED"",""ARMOR""]"
11:08:27 "    Units: 5 inf, 1 veh | AT=1 AA=0 MG=2 | Conf: 0.65"
11:08:27 "  rhs_group_rus_ins_g_bmd2_squad_sniper (rhs_group_indp_ins_g_bmd2)"
11:08:27 "    Tags: [""ANTI_ARMOR"",""ARMORED"",""ARMOR""]"
11:08:27 "    Units: 5 inf, 1 veh | AT=1 AA=0 MG=1 | Conf: 0.65"
11:08:27 "  rhs_group_rus_ins_g_bmd2_squad_mg_sniper (rhs_group_indp_ins_g_bmd2)"
11:08:27 "    Tags: [""ANTI_ARMOR"",""ANTI_AIR"",""ARMORED"",""ARMOR""]"
11:08:27 "    Units: 5 inf, 1 veh | AT=1 AA=1 MG=1 | Conf: 0.65"
11:08:27 "  rhs_group_rus_ins_g_bmd2_squad_aa (rhs_group_indp_ins_g_bmd2)"
11:08:27 "    Tags: [""ANTI_ARMOR"",""AT_TEAM"",""ANTI_AIR"",""ARMORED"",""ARMOR""]"
11:08:27 "    Units: 6 inf, 1 veh | AT=2 AA=1 MG=1 | Conf: 0.8"
11:08:27 "  rhs_group_indp_ins_g_bmp1_chq (rhs_group_indp_ins_g_bmp1)"
11:08:27 "    Tags: [""ARMORED"",""ARMOR""]"
11:08:27 "    Units: 3 inf, 1 veh | AT=0 AA=0 MG=1 | Conf: 0.65"
11:08:27 "  rhs_group_indp_ins_g_bmp1_squad (rhs_group_indp_ins_g_bmp1)"
11:08:27 "    Tags: [""ANTI_ARMOR"",""AT_TEAM"",""WEAPONS_SQUAD"",""SUPPORT_BY_FIRE"",""ARMORED"",""ARMOR""]"
11:08:27 "    Units: 8 inf, 1 veh | AT=2 AA=0 MG=2 | Conf: 0.8"
11:08:27 "  rhs_group_indp_ins_g_bmp1_squad_2mg (rhs_group_indp_ins_g_bmp1)"
11:08:27 "    Tags: [""ANTI_ARMOR"",""AT_TEAM"",""WEAPONS_SQUAD"",""SUPPORT_BY_FIRE"",""ARMORED"",""ARMOR""]"
11:08:27 "    Units: 8 inf, 1 veh | AT=2 AA=0 MG=2 | Conf: 0.8"
11:08:27 "  rhs_group_indp_ins_g_bmp1_squad_sniper (rhs_group_indp_ins_g_bmp1)"
11:08:27 "    Tags: [""ANTI_ARMOR"",""ARMORED"",""ARMOR""]"
11:08:27 "    Units: 8 inf, 1 veh | AT=1 AA=0 MG=1 | Conf: 0.65"
11:08:27 "  rhs_group_indp_ins_g_bmp1_squad_mg_sniper (rhs_group_indp_ins_g_bmp1)"
11:08:27 "    Tags: [""ANTI_ARMOR"",""AT_TEAM"",""ARMORED"",""ARMOR""]"
11:08:27 "    Units: 8 inf, 1 veh | AT=2 AA=0 MG=1 | Conf: 0.8"
11:08:27 "  rhs_group_indp_ins_g_bmp1_squad_aa (rhs_group_indp_ins_g_bmp1)"
11:08:27 "    Tags: [""ANTI_ARMOR"",""ANTI_AIR"",""AA_TEAM"",""ARMORED"",""ARMOR""]"
11:08:27 "    Units: 6 inf, 1 veh | AT=1 AA=2 MG=1 | Conf: 0.8"
11:08:27 "  rhs_group_indp_ins_g_bmp2_chq (rhs_group_indp_ins_g_bmp2)"
11:08:27 "    Tags: [""ARMORED"",""ARMOR""]"
11:08:27 "    Units: 3 inf, 1 veh | AT=0 AA=0 MG=1 | Conf: 0.65"
11:08:27 "  rhs_group_indp_ins_g_bmp2_squad (rhs_group_indp_ins_g_bmp2)"
11:08:27 "    Tags: [""ANTI_ARMOR"",""AT_TEAM"",""WEAPONS_SQUAD"",""SUPPORT_BY_FIRE"",""ARMORED"",""ARMOR""]"
11:08:27 "    Units: 8 inf, 1 veh | AT=2 AA=0 MG=2 | Conf: 0.8"
11:08:27 "  rhs_group_indp_ins_g_bmp2_squad_2mg (rhs_group_indp_ins_g_bmp2)"
11:08:27 "    Tags: [""ANTI_ARMOR"",""AT_TEAM"",""WEAPONS_SQUAD"",""SUPPORT_BY_FIRE"",""ARMORED"",""ARMOR""]"
11:08:27 "    Units: 8 inf, 1 veh | AT=2 AA=0 MG=2 | Conf: 0.8"
11:08:27 "  rhs_group_indp_ins_g_bmp2_squad_sniper (rhs_group_indp_ins_g_bmp2)"
11:08:27 "    Tags: [""ANTI_ARMOR"",""ARMORED"",""ARMOR""]"
11:08:27 "    Units: 8 inf, 1 veh | AT=1 AA=0 MG=1 | Conf: 0.65"
11:08:27 "  rhs_group_indp_ins_g_bmp2_squad_mg_sniper (rhs_group_indp_ins_g_bmp2)"
11:08:27 "    Tags: [""ANTI_ARMOR"",""AT_TEAM"",""ARMORED"",""ARMOR""]"
11:08:27 "    Units: 8 inf, 1 veh | AT=2 AA=0 MG=1 | Conf: 0.8"
11:08:27 "  rhs_group_indp_ins_g_bmp2_squad_aa (rhs_group_indp_ins_g_bmp2)"
11:08:27 "    Tags: [""ANTI_ARMOR"",""ANTI_AIR"",""AA_TEAM"",""ARMORED"",""ARMOR""]"
11:08:27 "    Units: 6 inf, 1 veh | AT=1 AA=2 MG=1 | Conf: 0.8"
11:08:27 "  rhs_group_chdkz_btr70_chq (rhs_group_indp_ins_g_btr70)"
11:08:27 "    Tags: [""MECHANIZED""]"
11:08:27 "    Units: 3 inf, 1 veh | AT=0 AA=0 MG=0 | Conf: 0.6"
11:08:27 "  rhs_group_chdkz_btr70_squad (rhs_group_indp_ins_g_btr70)"
11:08:27 "    Tags: [""ANTI_ARMOR"",""AT_TEAM"",""MECHANIZED""]"
11:08:27 "    Units: 7 inf, 1 veh | AT=2 AA=0 MG=1 | Conf: 0.75"
11:08:27 "  rhs_group_chdkz_btr70_squad_2mg (rhs_group_indp_ins_g_btr70)"
11:08:27 "    Tags: [""ANTI_ARMOR"",""WEAPONS_SQUAD"",""SUPPORT_BY_FIRE"",""MECHANIZED""]"
11:08:27 "    Units: 6 inf, 1 veh | AT=1 AA=0 MG=2 | Conf: 0.6"
11:08:27 "  rhs_group_chdkz_btr70_squad_sniper (rhs_group_indp_ins_g_btr70)"
11:08:27 "    Tags: [""ANTI_ARMOR"",""MECHANIZED""]"
11:08:27 "    Units: 6 inf, 1 veh | AT=1 AA=0 MG=1 | Conf: 0.6"
11:08:27 "  rhs_group_chdkz_btr70_squad_mg_sniper (rhs_group_indp_ins_g_btr70)"
11:08:27 "    Tags: [""ANTI_ARMOR"",""MECHANIZED""]"
11:08:27 "    Units: 6 inf, 1 veh | AT=1 AA=0 MG=1 | Conf: 0.6"
11:08:27 "  rhs_group_chdkz_btr70_squad_aa (rhs_group_indp_ins_g_btr70)"
11:08:27 "    Tags: [""ANTI_ARMOR"",""ANTI_AIR"",""AA_TEAM"",""MECHANIZED""]"
11:08:27 "    Units: 6 inf, 1 veh | AT=1 AA=2 MG=1 | Conf: 0.75"
11:08:27 "  rhs_group_chdkz_btr60_chq (rhs_group_indp_ins_g_btr60)"
11:08:27 "    Tags: [""MECHANIZED""]"
11:08:27 "    Units: 3 inf, 1 veh | AT=0 AA=0 MG=0 | Conf: 0.6"
11:08:27 "  rhs_group_chdkz_btr60_squad (rhs_group_indp_ins_g_btr60)"
11:08:27 "    Tags: [""ANTI_ARMOR"",""AT_TEAM"",""MECHANIZED""]"
11:08:27 "    Units: 7 inf, 1 veh | AT=2 AA=0 MG=1 | Conf: 0.75"
11:08:27 "  rhs_group_chdkz_btr60_squad_2mg (rhs_group_indp_ins_g_btr60)"
11:08:27 "    Tags: [""ANTI_ARMOR"",""WEAPONS_SQUAD"",""SUPPORT_BY_FIRE"",""MECHANIZED""]"
11:08:27 "    Units: 6 inf, 1 veh | AT=1 AA=0 MG=2 | Conf: 0.6"
11:08:27 "  rhs_group_chdkz_btr60_squad_sniper (rhs_group_indp_ins_g_btr60)"
11:08:27 "    Tags: [""ANTI_ARMOR"",""MECHANIZED""]"
11:08:27 "    Units: 6 inf, 1 veh | AT=1 AA=0 MG=1 | Conf: 0.6"
11:08:27 "  rhs_group_chdkz_btr60_squad_mg_sniper (rhs_group_indp_ins_g_btr60)"
11:08:27 "    Tags: [""ANTI_ARMOR"",""MECHANIZED""]"
11:08:27 "    Units: 6 inf, 1 veh | AT=1 AA=0 MG=1 | Conf: 0.6"
11:08:27 "  rhs_group_chdkz_btr60_squad_aa (rhs_group_indp_ins_g_btr60)"
11:08:27 "    Tags: [""ANTI_ARMOR"",""ANTI_AIR"",""AA_TEAM"",""MECHANIZED""]"
11:08:27 "    Units: 6 inf, 1 veh | AT=1 AA=2 MG=1 | Conf: 0.75"
11:08:27 "  rhs_group_chdkz_ural_chq (rhs_group_indp_ins_g_ural)"
11:08:27 "    Tags: [""MOTORIZED""]"
11:08:27 "    Units: 3 inf, 1 veh | AT=0 AA=0 MG=0 | Conf: 0.5"
11:08:27 "  rhs_group_chdkz_ural_squad (rhs_group_indp_ins_g_ural)"
11:08:27 "    Tags: [""ANTI_ARMOR"",""AT_TEAM"",""MOTORIZED""]"
11:08:27 "    Units: 7 inf, 1 veh | AT=2 AA=0 MG=1 | Conf: 0.65"
11:08:27 "  rhs_group_chdkz_ural_squad_2mg (rhs_group_indp_ins_g_ural)"
11:08:27 "    Tags: [""ANTI_ARMOR"",""WEAPONS_SQUAD"",""SUPPORT_BY_FIRE"",""MOTORIZED""]"
11:08:27 "    Units: 6 inf, 1 veh | AT=1 AA=0 MG=2 | Conf: 0.5"
11:08:27 "  rhs_group_chdkz_ural_squad_sniper (rhs_group_indp_ins_g_ural)"
11:08:27 "    Tags: [""ANTI_ARMOR"",""MOTORIZED""]"
11:08:27 "    Units: 6 inf, 1 veh | AT=1 AA=0 MG=1 | Conf: 0.5"
11:08:27 "  rhs_group_chdkz_ural_squad_mg_sniper (rhs_group_indp_ins_g_ural)"
11:08:27 "    Tags: [""ANTI_ARMOR"",""MOTORIZED""]"
11:08:27 "    Units: 6 inf, 1 veh | AT=1 AA=0 MG=1 | Conf: 0.5"
11:08:27 "  rhs_group_chdkz_ural_squad_aa (rhs_group_indp_ins_g_ural)"
11:08:27 "    Tags: [""ANTI_ARMOR"",""AT_TEAM"",""ANTI_AIR"",""AA_TEAM"",""MOTORIZED""]"
11:08:27 "    Units: 4 inf, 1 veh | AT=1 AA=2 MG=0 | Conf: 0.8"
11:08:27 "  rhs_group_chdkz_g_gaz66_chq (rhs_group_indp_ins_g_gaz66)"
11:08:27 "    Tags: [""MOTORIZED""]"
11:08:27 "    Units: 3 inf, 1 veh | AT=0 AA=0 MG=0 | Conf: 0.5"
11:08:27 "  rhs_group_chdkz_g_gaz66_squad (rhs_group_indp_ins_g_gaz66)"
11:08:27 "    Tags: [""ANTI_ARMOR"",""AT_TEAM"",""MOTORIZED""]"
11:08:27 "    Units: 7 inf, 1 veh | AT=2 AA=0 MG=1 | Conf: 0.65"
11:08:27 "  rhs_group_chdkz_g_gaz66_squad_2mg (rhs_group_indp_ins_g_gaz66)"
11:08:27 "    Tags: [""ANTI_ARMOR"",""WEAPONS_SQUAD"",""SUPPORT_BY_FIRE"",""MOTORIZED""]"
11:08:27 "    Units: 6 inf, 1 veh | AT=1 AA=0 MG=2 | Conf: 0.5"
11:08:27 "  rhs_group_chdkz_g_gaz66_squad_sniper (rhs_group_indp_ins_g_gaz66)"
11:08:27 "    Tags: [""ANTI_ARMOR"",""MOTORIZED""]"
11:08:27 "    Units: 6 inf, 1 veh | AT=1 AA=0 MG=1 | Conf: 0.5"
11:08:27 "  rhs_group_chdkz_g_gaz66_squad_mg_sniper (rhs_group_indp_ins_g_gaz66)"
11:08:27 "    Tags: [""ANTI_ARMOR"",""MOTORIZED""]"
11:08:27 "    Units: 6 inf, 1 veh | AT=1 AA=0 MG=1 | Conf: 0.5"
11:08:27 "  rhs_group_chdkz_g_gaz66_squad_aa (rhs_group_indp_ins_g_gaz66)"
11:08:27 "    Tags: [""ANTI_ARMOR"",""AT_TEAM"",""ANTI_AIR"",""AA_TEAM"",""MOTORIZED""]"
11:08:27 "    Units: 4 inf, 1 veh | AT=1 AA=2 MG=0 | Conf: 0.8"
11:08:27 "  BUS_MotInf_Team_GMG (rhs_group_indp_ins_g_uaz)"
11:08:27 "    Tags: [""ANTI_ARMOR"",""AT_TEAM"",""MOTORIZED""]"
11:08:27 "    Units: 3 inf, 3 veh | AT=1 AA=0 MG=1 | Conf: 0.65"
11:08:27 "  BUS_MotInf_Team_HMG (rhs_group_indp_ins_g_uaz)"
11:08:27 "    Tags: [""ANTI_ARMOR"",""AT_TEAM"",""MOTORIZED""]"
11:08:27 "    Units: 3 inf, 3 veh | AT=1 AA=0 MG=1 | Conf: 0.65"
11:08:27 "  BUS_MotInf_AT (rhs_group_indp_ins_g_uaz)"
11:08:27 "    Tags: [""ANTI_ARMOR"",""AT_TEAM"",""MOTORIZED""]"
11:08:27 "    Units: 3 inf, 3 veh | AT=1 AA=0 MG=1 | Conf: 0.65"
11:08:27 "  BUS_MotInf_AA (rhs_group_indp_ins_g_uaz)"
11:08:27 "    Tags: [""ANTI_AIR"",""AA_TEAM"",""MOTORIZED""]"
11:08:27 "    Units: 3 inf, 1 veh | AT=0 AA=2 MG=0 | Conf: 0.65"
11:08:27 "  RHS_T72baPlatoon (rhs_group_indp_ins_g_72)"
11:08:27 "    Tags: [""ARMORED"",""ARMOR""]"
11:08:27 "    Units: 0 inf, 3 veh | AT=0 AA=0 MG=0 | Conf: 0.65"
11:08:27 "  RHS_T72baPlatoon_AA (rhs_group_indp_ins_g_72)"
11:08:27 "    Tags: [""ARMORED"",""ARMOR""]"
11:08:27 "    Units: 0 inf, 3 veh | AT=0 AA=0 MG=0 | Conf: 0.65"
11:08:27 "  RHS_T72baSection (rhs_group_indp_ins_g_72)"
11:08:27 "    Tags: [""ARMORED"",""ARMOR""]"
11:08:27 "    Units: 0 inf, 2 veh | AT=0 AA=0 MG=0 | Conf: 0.65"
11:08:27 "  RHS_T72BBPlatoon (rhs_group_indp_ins_g_72)"
11:08:27 "    Tags: [""ARMORED"",""ARMOR""]"
11:08:27 "    Units: 0 inf, 3 veh | AT=0 AA=0 MG=0 | Conf: 0.65"
11:08:27 "  RHS_T72BBPlatoon_AA (rhs_group_indp_ins_g_72)"
11:08:27 "    Tags: [""ARMORED"",""ARMOR""]"
11:08:27 "    Units: 0 inf, 3 veh | AT=0 AA=0 MG=0 | Conf: 0.65"
11:08:27 "  RHS_T72BBSection (rhs_group_indp_ins_g_72)"
11:08:27 "    Tags: [""ARMORED"",""ARMOR""]"
11:08:27 "    Units: 0 inf, 2 veh | AT=0 AA=0 MG=0 | Conf: 0.65"
11:08:27 "  RHS_t72bcPlatoon (rhs_group_indp_ins_g_72)"
11:08:27 "    Tags: [""ARMORED"",""ARMOR""]"
11:08:27 "    Units: 0 inf, 3 veh | AT=0 AA=0 MG=0 | Conf: 0.65"
11:08:27 "  RHS_t72bcPlatoon_AA (rhs_group_indp_ins_g_72)"
11:08:27 "    Tags: [""ARMORED"",""ARMOR""]"
11:08:27 "    Units: 0 inf, 3 veh | AT=0 AA=0 MG=0 | Conf: 0.65"
11:08:27 "  RHS_t72bcSection (rhs_group_indp_ins_g_72)"
11:08:27 "    Tags: [""ARMORED"",""ARMOR""]"
11:08:27 "    Units: 0 inf, 2 veh | AT=0 AA=0 MG=0 | Conf: 0.65"