11:08:26 "=============================================================="
11:08:26 "DSC: Faction 'Chernarus (Ground Forces) (rhsgref_faction_cdf_ground)'"
11:08:26 "=============================================================="
11:08:26 "DSC: fnc_extractGroups - Extracted 76 groups from faction 'rhsgref_faction_cdf_ground'"
11:08:26 "DSC: fnc_classifyGroups - Classified 76 groups"
11:08:26 "DSC: fnc_classifyGroups - Tag distribution: [[""INFANTRY_SQUAD"",4],[""PATROL"",2],[""MECHANIZED"",12],[""ANTI_AIR"",12],[""SNIPER_TEAM"",2],[""MOTORIZED"",24],[""FOOT"",4],[""ELITE"",8],[""WEAPONS_SQUAD"",16],[""ARMOR"",36],[""AA_TEAM"",8],[""SUPPORT_BY_FIRE"",16],[""ANTI_ARMOR"",37],[""AT_TEAM"",22],[""ARMORED"",36]]"
11:08:26 "  RHS_SPGPlatoon_ins_g_bm21 (rhs_group_cdf_bm21)"
11:08:26 "    Tags: [""MOTORIZED""]"
11:08:26 "    Units: 0 inf, 6 veh | AT=0 AA=0 MG=0 | Conf: 0.5"
11:08:26 "  RHS_SPGSection_ins_g_bm21 (rhs_group_cdf_bm21)"
11:08:26 "    Tags: [""MOTORIZED""]"
11:08:26 "    Units: 0 inf, 2 veh | AT=0 AA=0 MG=0 | Conf: 0.5"
11:08:26 "  rhsgref_group_cdf_reg_infantry_squad (rhsgref_group_cdf_reg_infantry)"
11:08:26 "    Tags: [""INFANTRY_SQUAD"",""ANTI_ARMOR"",""AT_TEAM"",""WEAPONS_SQUAD"",""SUPPORT_BY_FIRE"",""FOOT""]"
11:08:26 "    Units: 10 inf, 0 veh | AT=3 AA=0 MG=2 | Conf: 0.75"
11:08:26 "  rhsgref_group_cdf_reg_infantry_squad_weap (rhsgref_group_cdf_reg_infantry)"
11:08:26 "    Tags: [""INFANTRY_SQUAD"",""ANTI_ARMOR"",""AT_TEAM"",""WEAPONS_SQUAD"",""SUPPORT_BY_FIRE"",""FOOT"",""PATROL""]"
11:08:26 "    Units: 8 inf, 0 veh | AT=2 AA=0 MG=3 | Conf: 0.75"
11:08:26 "  rhs_group_cdf_bmp1_chq (rhs_group_cdf_bmp1)"
11:08:26 "    Tags: [""ARMORED"",""ARMOR""]"
11:08:26 "    Units: 3 inf, 1 veh | AT=0 AA=0 MG=1 | Conf: 0.65"
11:08:26 "  rhs_group_cdf_bmp1_squad (rhs_group_cdf_bmp1)"
11:08:26 "    Tags: [""ANTI_ARMOR"",""AT_TEAM"",""WEAPONS_SQUAD"",""SUPPORT_BY_FIRE"",""ARMORED"",""ARMOR""]"
11:08:26 "    Units: 8 inf, 1 veh | AT=2 AA=0 MG=2 | Conf: 0.8"
11:08:26 "  rhs_group_cdf_bmp1_squad_2mg (rhs_group_cdf_bmp1)"
11:08:26 "    Tags: [""ANTI_ARMOR"",""AT_TEAM"",""WEAPONS_SQUAD"",""SUPPORT_BY_FIRE"",""ARMORED"",""ARMOR""]"
11:08:26 "    Units: 8 inf, 1 veh | AT=2 AA=0 MG=2 | Conf: 0.8"
11:08:26 "  rhs_group_cdf_bmp1_squad_sniper (rhs_group_cdf_bmp1)"
11:08:26 "    Tags: [""ANTI_ARMOR"",""AT_TEAM"",""ARMORED"",""ARMOR""]"
11:08:26 "    Units: 8 inf, 1 veh | AT=2 AA=0 MG=1 | Conf: 0.8"
11:08:26 "  rhs_group_cdf_bmp1_squad_mg_sniper (rhs_group_cdf_bmp1)"
11:08:26 "    Tags: [""ANTI_ARMOR"",""AT_TEAM"",""ARMORED"",""ARMOR""]"
11:08:26 "    Units: 8 inf, 1 veh | AT=2 AA=0 MG=1 | Conf: 0.8"
11:08:26 "  rhs_group_cdf_bmp1_squad_aa (rhs_group_cdf_bmp1)"
11:08:26 "    Tags: [""ANTI_AIR"",""AA_TEAM"",""ARMORED"",""ARMOR""]"
11:08:26 "    Units: 6 inf, 1 veh | AT=0 AA=2 MG=1 | Conf: 0.8"
11:08:26 "  rhs_group_cdf_bmp2_chq (rhs_group_cdf_bmp2)"
11:08:26 "    Tags: [""ARMORED"",""ARMOR""]"
11:08:26 "    Units: 3 inf, 1 veh | AT=0 AA=0 MG=1 | Conf: 0.65"
11:08:26 "  rhs_group_cdf_bmp2_squad (rhs_group_cdf_bmp2)"
11:08:26 "    Tags: [""ANTI_ARMOR"",""AT_TEAM"",""WEAPONS_SQUAD"",""SUPPORT_BY_FIRE"",""ARMORED"",""ARMOR""]"
11:08:26 "    Units: 8 inf, 1 veh | AT=2 AA=0 MG=2 | Conf: 0.8"
11:08:26 "  rhs_group_cdf_bmp2_squad_2mg (rhs_group_cdf_bmp2)"
11:08:26 "    Tags: [""ANTI_ARMOR"",""AT_TEAM"",""WEAPONS_SQUAD"",""SUPPORT_BY_FIRE"",""ARMORED"",""ARMOR""]"
11:08:26 "    Units: 8 inf, 1 veh | AT=2 AA=0 MG=2 | Conf: 0.8"
11:08:26 "  rhs_group_cdf_bmp2_squad_sniper (rhs_group_cdf_bmp2)"
11:08:26 "    Tags: [""ANTI_ARMOR"",""AT_TEAM"",""ARMORED"",""ARMOR""]"
11:08:26 "    Units: 8 inf, 1 veh | AT=2 AA=0 MG=1 | Conf: 0.8"
11:08:26 "  rhs_group_cdf_bmp2_squad_mg_sniper (rhs_group_cdf_bmp2)"
11:08:26 "    Tags: [""ANTI_ARMOR"",""AT_TEAM"",""ARMORED"",""ARMOR""]"
11:08:26 "    Units: 8 inf, 1 veh | AT=2 AA=0 MG=1 | Conf: 0.8"
11:08:26 "  rhs_group_cdf_bmp2_squad_aa (rhs_group_cdf_bmp2)"
11:08:26 "    Tags: [""ANTI_AIR"",""AA_TEAM"",""ARMORED"",""ARMOR""]"
11:08:26 "    Units: 6 inf, 1 veh | AT=0 AA=2 MG=1 | Conf: 0.8"
11:08:26 "  rhs_group_cdf_btr70_chq (rhs_group_cdf_btr70)"
11:08:26 "    Tags: [""MECHANIZED""]"
11:08:26 "    Units: 3 inf, 1 veh | AT=0 AA=0 MG=0 | Conf: 0.6"
11:08:26 "  rhs_group_cdf_btr70_squad (rhs_group_cdf_btr70)"
11:08:26 "    Tags: [""ANTI_ARMOR"",""AT_TEAM"",""MECHANIZED""]"
11:08:26 "    Units: 7 inf, 1 veh | AT=2 AA=0 MG=1 | Conf: 0.75"
11:08:26 "  rhs_group_cdf_btr70_squad_2mg (rhs_group_cdf_btr70)"
11:08:26 "    Tags: [""ANTI_ARMOR"",""WEAPONS_SQUAD"",""SUPPORT_BY_FIRE"",""MECHANIZED""]"
11:08:26 "    Units: 6 inf, 1 veh | AT=1 AA=0 MG=2 | Conf: 0.6"
11:08:26 "  rhs_group_cdf_btr70_squad_sniper (rhs_group_cdf_btr70)"
11:08:26 "    Tags: [""ANTI_ARMOR"",""MECHANIZED""]"
11:08:26 "    Units: 6 inf, 1 veh | AT=1 AA=0 MG=1 | Conf: 0.6"
11:08:26 "  rhs_group_cdf_btr70_squad_mg_sniper (rhs_group_cdf_btr70)"
11:08:26 "    Tags: [""ANTI_ARMOR"",""MECHANIZED""]"
11:08:26 "    Units: 6 inf, 1 veh | AT=1 AA=0 MG=1 | Conf: 0.6"
11:08:26 "  rhs_group_cdf_btr70_squad_aa (rhs_group_cdf_btr70)"
11:08:26 "    Tags: [""ANTI_ARMOR"",""ANTI_AIR"",""AA_TEAM"",""MECHANIZED""]"
11:08:26 "    Units: 6 inf, 1 veh | AT=1 AA=2 MG=1 | Conf: 0.75"
11:08:26 "  rhs_group_cdf_btr60_chq (rhs_group_cdf_btr60)"
11:08:26 "    Tags: [""MECHANIZED""]"
11:08:26 "    Units: 3 inf, 1 veh | AT=0 AA=0 MG=0 | Conf: 0.6"
11:08:26 "  rhs_group_cdf_btr60_squad (rhs_group_cdf_btr60)"
11:08:26 "    Tags: [""ANTI_ARMOR"",""AT_TEAM"",""MECHANIZED""]"
11:08:26 "    Units: 7 inf, 1 veh | AT=2 AA=0 MG=1 | Conf: 0.75"
11:08:26 "  rhs_group_cdf_btr60_squad_2mg (rhs_group_cdf_btr60)"
11:08:26 "    Tags: [""ANTI_ARMOR"",""WEAPONS_SQUAD"",""SUPPORT_BY_FIRE"",""MECHANIZED""]"
11:08:26 "    Units: 6 inf, 1 veh | AT=1 AA=0 MG=2 | Conf: 0.6"
11:08:26 "  rhs_group_cdf_btr60_squad_sniper (rhs_group_cdf_btr60)"
11:08:26 "    Tags: [""ANTI_ARMOR"",""MECHANIZED""]"
11:08:26 "    Units: 6 inf, 1 veh | AT=1 AA=0 MG=1 | Conf: 0.6"
11:08:26 "  rhs_group_cdf_btr60_squad_mg_sniper (rhs_group_cdf_btr60)"
11:08:26 "    Tags: [""ANTI_ARMOR"",""MECHANIZED""]"
11:08:26 "    Units: 6 inf, 1 veh | AT=1 AA=0 MG=1 | Conf: 0.6"
11:08:26 "  rhs_group_cdf_btr60_squad_aa (rhs_group_cdf_btr60)"
11:08:26 "    Tags: [""ANTI_ARMOR"",""ANTI_AIR"",""AA_TEAM"",""MECHANIZED""]"
11:08:26 "    Units: 6 inf, 1 veh | AT=1 AA=2 MG=1 | Conf: 0.75"
11:08:26 "  rhs_group_cdf_ural_chq (rhs_group_cdf_ural)"
11:08:26 "    Tags: [""MOTORIZED""]"
11:08:26 "    Units: 3 inf, 1 veh | AT=0 AA=0 MG=0 | Conf: 0.5"
11:08:26 "  rhs_group_cdf_ural_squad (rhs_group_cdf_ural)"
11:08:26 "    Tags: [""ANTI_ARMOR"",""AT_TEAM"",""MOTORIZED""]"
11:08:26 "    Units: 7 inf, 1 veh | AT=3 AA=0 MG=1 | Conf: 0.65"
11:08:26 "  rhs_group_cdf_ural_squad_2mg (rhs_group_cdf_ural)"
11:08:26 "    Tags: [""ANTI_ARMOR"",""WEAPONS_SQUAD"",""SUPPORT_BY_FIRE"",""MOTORIZED""]"
11:08:26 "    Units: 6 inf, 1 veh | AT=1 AA=0 MG=2 | Conf: 0.5"
11:08:26 "  rhs_group_cdf_ural_squad_sniper (rhs_group_cdf_ural)"
11:08:26 "    Tags: [""ANTI_ARMOR"",""MOTORIZED""]"
11:08:26 "    Units: 6 inf, 1 veh | AT=1 AA=0 MG=1 | Conf: 0.5"
11:08:26 "  rhs_group_cdf_ural_squad_mg_sniper (rhs_group_cdf_ural)"
11:08:26 "    Tags: [""ANTI_ARMOR"",""MOTORIZED""]"
11:08:26 "    Units: 6 inf, 1 veh | AT=1 AA=0 MG=1 | Conf: 0.5"
11:08:26 "  rhs_group_cdf_ural_squad_aa (rhs_group_cdf_ural)"
11:08:26 "    Tags: [""ANTI_ARMOR"",""AT_TEAM"",""ANTI_AIR"",""AA_TEAM"",""MOTORIZED""]"
11:08:26 "    Units: 4 inf, 1 veh | AT=1 AA=2 MG=0 | Conf: 0.8"
11:08:26 "  rhs_group_cdf_gaz66_chq (rhs_group_cdf_gaz66)"
11:08:26 "    Tags: [""MOTORIZED""]"
11:08:26 "    Units: 3 inf, 1 veh | AT=0 AA=0 MG=0 | Conf: 0.5"
11:08:26 "  rhs_group_cdf_gaz66_squad (rhs_group_cdf_gaz66)"
11:08:26 "    Tags: [""ANTI_ARMOR"",""AT_TEAM"",""MOTORIZED""]"
11:08:26 "    Units: 7 inf, 1 veh | AT=3 AA=0 MG=1 | Conf: 0.65"
11:08:26 "  rhs_group_cdf_gaz66_squad_2mg (rhs_group_cdf_gaz66)"
11:08:26 "    Tags: [""ANTI_ARMOR"",""WEAPONS_SQUAD"",""SUPPORT_BY_FIRE"",""MOTORIZED""]"
11:08:26 "    Units: 6 inf, 1 veh | AT=1 AA=0 MG=2 | Conf: 0.5"
11:08:26 "  rhs_group_cdf_gaz66_squad_sniper (rhs_group_cdf_gaz66)"
11:08:26 "    Tags: [""ANTI_ARMOR"",""MOTORIZED""]"
11:08:26 "    Units: 6 inf, 1 veh | AT=1 AA=0 MG=1 | Conf: 0.5"
11:08:26 "  rhs_group_cdf_gaz66_squad_mg_sniper (rhs_group_cdf_gaz66)"
11:08:26 "    Tags: [""ANTI_ARMOR"",""MOTORIZED""]"
11:08:26 "    Units: 6 inf, 1 veh | AT=1 AA=0 MG=1 | Conf: 0.5"
11:08:26 "  rhs_group_cdf_gaz66_squad_aa (rhs_group_cdf_gaz66)"
11:08:26 "    Tags: [""ANTI_ARMOR"",""AT_TEAM"",""ANTI_AIR"",""AA_TEAM"",""MOTORIZED""]"
11:08:26 "    Units: 4 inf, 1 veh | AT=1 AA=2 MG=0 | Conf: 0.8"
11:08:26 "  BUS_MotInf_Team_GMG (rhs_group_cdf_uaz)"
11:08:26 "    Tags: [""ANTI_ARMOR"",""AT_TEAM"",""MOTORIZED""]"
11:08:26 "    Units: 3 inf, 3 veh | AT=1 AA=0 MG=1 | Conf: 0.65"
11:08:26 "  BUS_MotInf_Team_HMG (rhs_group_cdf_uaz)"
11:08:26 "    Tags: [""ANTI_ARMOR"",""AT_TEAM"",""MOTORIZED""]"
11:08:26 "    Units: 3 inf, 3 veh | AT=1 AA=0 MG=1 | Conf: 0.65"
11:08:26 "  BUS_MotInf_AT (rhs_group_cdf_uaz)"
11:08:26 "    Tags: [""ANTI_ARMOR"",""AT_TEAM"",""MOTORIZED""]"
11:08:26 "    Units: 3 inf, 3 veh | AT=1 AA=0 MG=1 | Conf: 0.65"
11:08:26 "  BUS_MotInf_AA (rhs_group_cdf_uaz)"
11:08:26 "    Tags: [""ANTI_AIR"",""AA_TEAM"",""MOTORIZED""]"
11:08:26 "    Units: 3 inf, 1 veh | AT=0 AA=2 MG=0 | Conf: 0.65"
11:08:26 "  rhsgref_group_cdf_para_infantry_squad (rhsgref_group_cdf_para_infantry)"
11:08:26 "    Tags: [""INFANTRY_SQUAD"",""ANTI_ARMOR"",""AT_TEAM"",""WEAPONS_SQUAD"",""SUPPORT_BY_FIRE"",""FOOT"",""ELITE""]"
11:08:26 "    Units: 10 inf, 0 veh | AT=2 AA=0 MG=2 | Conf: 0.85"
11:08:26 "  rhsgref_group_cdf_para_infantry_squad_weap (rhsgref_group_cdf_para_infantry)"
11:08:26 "    Tags: [""INFANTRY_SQUAD"",""ANTI_ARMOR"",""AT_TEAM"",""WEAPONS_SQUAD"",""SUPPORT_BY_FIRE"",""FOOT"",""ELITE"",""PATROL""]"
11:08:26 "    Units: 8 inf, 0 veh | AT=2 AA=0 MG=3 | Conf: 0.85"
11:08:26 "  rhs_group_cdf_bmd1_chq (rhs_group_cdf_bmd1)"
11:08:26 "    Tags: [""SNIPER_TEAM"",""ARMORED"",""ARMOR""]"
11:08:26 "    Units: 3 inf, 1 veh | AT=0 AA=0 MG=1 | Conf: 0.85"
11:08:26 "  rhs_group_cdf_bmd1_squad (rhs_group_cdf_bmd1)"
11:08:26 "    Tags: [""ARMORED"",""ARMOR""]"
11:08:26 "    Units: 5 inf, 1 veh | AT=0 AA=0 MG=1 | Conf: 0.65"
11:08:26 "  rhs_group_cdf_bmd1_squad_2mg (rhs_group_cdf_bmd1)"
11:08:26 "    Tags: [""WEAPONS_SQUAD"",""SUPPORT_BY_FIRE"",""ARMORED"",""ARMOR""]"
11:08:26 "    Units: 5 inf, 1 veh | AT=0 AA=0 MG=2 | Conf: 0.65"
11:08:26 "  rhs_group_cdf_bmd1_squad_sniper (rhs_group_cdf_bmd1)"
11:08:26 "    Tags: [""ARMORED"",""ARMOR""]"
11:08:26 "    Units: 5 inf, 1 veh | AT=0 AA=0 MG=1 | Conf: 0.65"
11:08:26 "  rhs_group_cdf_bmd1_squad_mg_sniper (rhs_group_cdf_bmd1)"
11:08:26 "    Tags: [""ANTI_AIR"",""ARMORED"",""ARMOR""]"
11:08:26 "    Units: 5 inf, 1 veh | AT=0 AA=1 MG=1 | Conf: 0.65"
11:08:26 "  rhs_group_cdf_bmd1_squad_aa (rhs_group_cdf_bmd1)"
11:08:26 "    Tags: [""ANTI_AIR"",""ARMORED"",""ARMOR""]"
11:08:26 "    Units: 6 inf, 1 veh | AT=0 AA=1 MG=1 | Conf: 0.65"
11:08:26 "  rhs_group_cdf_bmd2_chq (rhs_group_cdf_bmd2)"
11:08:26 "    Tags: [""SNIPER_TEAM"",""ARMORED"",""ARMOR""]"
11:08:26 "    Units: 3 inf, 1 veh | AT=0 AA=0 MG=1 | Conf: 0.85"
11:08:26 "  rhs_group_cdf_bmd2_squad (rhs_group_cdf_bmd2)"
11:08:26 "    Tags: [""ARMORED"",""ARMOR""]"
11:08:26 "    Units: 5 inf, 1 veh | AT=0 AA=0 MG=1 | Conf: 0.65"
11:08:26 "  rhs_group_cdf_bmd2_squad_2mg (rhs_group_cdf_bmd2)"
11:08:26 "    Tags: [""WEAPONS_SQUAD"",""SUPPORT_BY_FIRE"",""ARMORED"",""ARMOR""]"
11:08:26 "    Units: 5 inf, 1 veh | AT=0 AA=0 MG=2 | Conf: 0.65"
11:08:26 "  rhs_group_cdf_bmd2_squad_sniper (rhs_group_cdf_bmd2)"
11:08:26 "    Tags: [""ARMORED"",""ARMOR""]"
11:08:26 "    Units: 5 inf, 1 veh | AT=0 AA=0 MG=1 | Conf: 0.65"
11:08:26 "  rhs_group_cdf_bmd2_squad_mg_sniper (rhs_group_cdf_bmd2)"
11:08:26 "    Tags: [""ANTI_AIR"",""ARMORED"",""ARMOR""]"
11:08:26 "    Units: 5 inf, 1 veh | AT=0 AA=1 MG=1 | Conf: 0.65"
11:08:26 "  rhs_group_cdf_bmd2_squad_aa (rhs_group_cdf_bmd2)"
11:08:26 "    Tags: [""ANTI_AIR"",""ARMORED"",""ARMOR""]"
11:08:26 "    Units: 6 inf, 1 veh | AT=0 AA=1 MG=1 | Conf: 0.65"
11:08:26 "  rhs_group_cdf_ural_chq (rhs_group_cdf_gaz66_para)"
11:08:26 "    Tags: [""MOTORIZED"",""ELITE""]"
11:08:26 "    Units: 3 inf, 1 veh | AT=0 AA=0 MG=0 | Conf: 0.6"
11:08:26 "  rhs_group_cdf_ural_squad (rhs_group_cdf_gaz66_para)"
11:08:26 "    Tags: [""ANTI_ARMOR"",""AT_TEAM"",""WEAPONS_SQUAD"",""SUPPORT_BY_FIRE"",""MOTORIZED"",""ELITE""]"
11:08:26 "    Units: 7 inf, 1 veh | AT=2 AA=0 MG=2 | Conf: 0.75"
11:08:26 "  rhs_group_cdf_ural_squad_2mg (rhs_group_cdf_gaz66_para)"
11:08:26 "    Tags: [""WEAPONS_SQUAD"",""SUPPORT_BY_FIRE"",""MOTORIZED"",""ELITE""]"
11:08:26 "    Units: 6 inf, 1 veh | AT=0 AA=0 MG=2 | Conf: 0.6"
11:08:26 "  rhs_group_cdf_ural_squad_sniper (rhs_group_cdf_gaz66_para)"
11:08:26 "    Tags: [""ANTI_ARMOR"",""MOTORIZED"",""ELITE""]"
11:08:26 "    Units: 6 inf, 1 veh | AT=1 AA=0 MG=1 | Conf: 0.6"
11:08:26 "  rhs_group_cdf_ural_squad_mg_sniper (rhs_group_cdf_gaz66_para)"
11:08:26 "    Tags: [""MOTORIZED"",""ELITE""]"
11:08:26 "    Units: 6 inf, 1 veh | AT=0 AA=0 MG=1 | Conf: 0.6"
11:08:26 "  rhs_group_cdf_ural_squad_aa (rhs_group_cdf_gaz66_para)"
11:08:26 "    Tags: [""ANTI_AIR"",""AA_TEAM"",""MOTORIZED"",""ELITE""]"
11:08:26 "    Units: 4 inf, 1 veh | AT=0 AA=2 MG=0 | Conf: 0.75"
11:08:26 "  RHS_T72baPlatoon (rhs_group_cdf_72)"
11:08:26 "    Tags: [""ARMORED"",""ARMOR""]"
11:08:26 "    Units: 0 inf, 3 veh | AT=0 AA=0 MG=0 | Conf: 0.65"
11:08:26 "  RHS_T72baPlatoon_AA (rhs_group_cdf_72)"
11:08:26 "    Tags: [""ARMORED"",""ARMOR""]"
11:08:26 "    Units: 0 inf, 3 veh | AT=0 AA=0 MG=0 | Conf: 0.65"
11:08:26 "  RHS_T72baSection (rhs_group_cdf_72)"
11:08:26 "    Tags: [""ARMORED"",""ARMOR""]"
11:08:26 "    Units: 0 inf, 2 veh | AT=0 AA=0 MG=0 | Conf: 0.65"
11:08:26 "  RHS_T72BBPlatoon (rhs_group_cdf_72)"
11:08:26 "    Tags: [""ARMORED"",""ARMOR""]"
11:08:26 "    Units: 0 inf, 3 veh | AT=0 AA=0 MG=0 | Conf: 0.65"
11:08:26 "  RHS_T72BBPlatoon_AA (rhs_group_cdf_72)"
11:08:26 "    Tags: [""ARMORED"",""ARMOR""]"
11:08:26 "    Units: 0 inf, 3 veh | AT=0 AA=0 MG=0 | Conf: 0.65"
11:08:26 "  RHS_T72BBSection (rhs_group_cdf_72)"
11:08:26 "    Tags: [""ARMORED"",""ARMOR""]"
11:08:26 "    Units: 0 inf, 2 veh | AT=0 AA=0 MG=0 | Conf: 0.65"
11:08:26 "  RHS_T80bPlatoon (rhs_group_cdf_80)"
11:08:26 "    Tags: [""ARMORED"",""ARMOR""]"
11:08:26 "    Units: 0 inf, 3 veh | AT=0 AA=0 MG=0 | Conf: 0.65"
11:08:26 "  RHS_T80bPlatoon_AA (rhs_group_cdf_80)"
11:08:26 "    Tags: [""ARMORED"",""ARMOR""]"
11:08:26 "    Units: 0 inf, 3 veh | AT=0 AA=0 MG=0 | Conf: 0.65"
11:08:26 "  RHS_T80bSection (rhs_group_cdf_80)"
11:08:26 "    Tags: [""ARMORED"",""ARMOR""]"
11:08:26 "    Units: 0 inf, 2 veh | AT=0 AA=0 MG=0 | Conf: 0.65"
11:08:26 "  RHS_T80bvPlatoon (rhs_group_cdf_80)"
11:08:26 "    Tags: [""ARMORED"",""ARMOR""]"
11:08:26 "    Units: 0 inf, 3 veh | AT=0 AA=0 MG=0 | Conf: 0.65"
11:08:26 "  RHS_T80bvPlatoon_AA (rhs_group_cdf_80)"
11:08:26 "    Tags: [""ARMORED"",""ARMOR""]"
11:08:26 "    Units: 0 inf, 3 veh | AT=0 AA=0 MG=0 | Conf: 0.65"
11:08:26 "  RHS_T80bvSection (rhs_group_cdf_80)"
11:08:26 "    Tags: [""ARMORED"",""ARMOR""]"
11:08:26 "    Units: 0 inf, 2 veh | AT=0 AA=0 MG=0 | Conf: 0.65"