11:08:27 "=============================================================="
11:08:27 "DSC: Faction 'Nationalist Militia (rhsgref_faction_nationalist)'"
11:08:27 "=============================================================="
11:08:27 "DSC: fnc_extractGroups - Extracted 21 groups from faction 'rhsgref_faction_nationalist'"
11:08:27 "DSC: fnc_classifyGroups - Classified 21 groups"
11:08:27 "DSC: fnc_classifyGroups - Tag distribution: [[""INFANTRY_SQUAD"",2],[""PATROL"",5],[""MECHANIZED"",6],[""ANTI_AIR"",3],[""MOTORIZED"",10],[""FIRETEAM"",3],[""FOOT"",5],[""WEAPONS_SQUAD"",2],[""AA_TEAM"",3],[""SUPPORT_BY_FIRE"",2],[""ANTI_ARMOR"",9],[""AT_TEAM"",6]]"
11:08:27 "  rhsgref_group_national_infantry_squad (rhsgref_group_national_infantry)"
11:08:27 "    Tags: [""INFANTRY_SQUAD"",""FOOT"",""PATROL""]"
11:08:27 "    Units: 7 inf, 0 veh | AT=0 AA=0 MG=1 | Conf: 0.6"
11:08:27 "  rhsgref_group_national_infantry_squad_2 (rhsgref_group_national_infantry)"
11:08:27 "    Tags: [""INFANTRY_SQUAD"",""ANTI_ARMOR"",""FOOT"",""PATROL""]"
11:08:27 "    Units: 7 inf, 0 veh | AT=1 AA=0 MG=1 | Conf: 0.6"
11:08:27 "  rhsgref_group_national_infantry_patrol (rhsgref_group_national_infantry)"
11:08:27 "    Tags: [""FIRETEAM"",""FOOT"",""PATROL""]"
11:08:27 "    Units: 4 inf, 0 veh | AT=0 AA=0 MG=1 | Conf: 0.6"
11:08:27 "  rhsgref_group_national_infantry_mg (rhsgref_group_national_infantry)"
11:08:27 "    Tags: [""FIRETEAM"",""FOOT"",""PATROL""]"
11:08:27 "    Units: 2 inf, 0 veh | AT=0 AA=0 MG=1 | Conf: 0.6"
11:08:27 "  rhsgref_group_national_infantry_at (rhsgref_group_national_infantry)"
11:08:27 "    Tags: [""FIRETEAM"",""ANTI_ARMOR"",""AT_TEAM"",""FOOT"",""PATROL""]"
11:08:27 "    Units: 2 inf, 0 veh | AT=1 AA=0 MG=0 | Conf: 0.75"
11:08:27 "  rhs_group_nat_ural_chq (rhs_group_indp_nat_ural)"
11:08:27 "    Tags: [""MOTORIZED""]"
11:08:27 "    Units: 3 inf, 1 veh | AT=0 AA=0 MG=0 | Conf: 0.5"
11:08:27 "  rhs_group_nat_ural_squad (rhs_group_indp_nat_ural)"
11:08:27 "    Tags: [""ANTI_ARMOR"",""AT_TEAM"",""MOTORIZED""]"
11:08:27 "    Units: 7 inf, 1 veh | AT=2 AA=0 MG=1 | Conf: 0.65"
11:08:27 "  rhs_group_nat_ural_squad_2mg (rhs_group_indp_nat_ural)"
11:08:27 "    Tags: [""WEAPONS_SQUAD"",""SUPPORT_BY_FIRE"",""MOTORIZED""]"
11:08:27 "    Units: 6 inf, 1 veh | AT=0 AA=0 MG=2 | Conf: 0.5"
11:08:27 "  rhs_group_nat_ural_squad_sniper (rhs_group_indp_nat_ural)"
11:08:27 "    Tags: [""ANTI_ARMOR"",""MOTORIZED""]"
11:08:27 "    Units: 6 inf, 1 veh | AT=1 AA=0 MG=1 | Conf: 0.5"
11:08:27 "  rhs_group_nat_ural_squad_mg_sniper (rhs_group_indp_nat_ural)"
11:08:27 "    Tags: [""MOTORIZED""]"
11:08:27 "    Units: 6 inf, 1 veh | AT=0 AA=0 MG=1 | Conf: 0.5"
11:08:27 "  rhs_group_nat_ural_squad_aa (rhs_group_indp_nat_ural)"
11:08:27 "    Tags: [""ANTI_AIR"",""AA_TEAM"",""MOTORIZED""]"
11:08:27 "    Units: 4 inf, 1 veh | AT=0 AA=2 MG=0 | Conf: 0.65"
11:08:27 "  BUS_MotInf_Team_GMG (rhs_group_nat_uaz)"
11:08:27 "    Tags: [""ANTI_ARMOR"",""AT_TEAM"",""MOTORIZED""]"
11:08:27 "    Units: 3 inf, 3 veh | AT=1 AA=0 MG=1 | Conf: 0.65"
11:08:27 "  BUS_MotInf_Team_HMG (rhs_group_nat_uaz)"
11:08:27 "    Tags: [""ANTI_ARMOR"",""AT_TEAM"",""MOTORIZED""]"
11:08:27 "    Units: 3 inf, 3 veh | AT=1 AA=0 MG=1 | Conf: 0.65"
11:08:27 "  BUS_MotInf_AT (rhs_group_nat_uaz)"
11:08:27 "    Tags: [""ANTI_ARMOR"",""AT_TEAM"",""MOTORIZED""]"
11:08:27 "    Units: 3 inf, 3 veh | AT=1 AA=0 MG=1 | Conf: 0.65"
11:08:27 "  BUS_MotInf_AA (rhs_group_nat_uaz)"
11:08:27 "    Tags: [""ANTI_AIR"",""AA_TEAM"",""MOTORIZED""]"
11:08:27 "    Units: 3 inf, 1 veh | AT=0 AA=2 MG=0 | Conf: 0.65"
11:08:27 "  rhs_group_nat_btr70_chq (rhs_group_indp_nat_btr70)"
11:08:27 "    Tags: [""MECHANIZED""]"
11:08:27 "    Units: 3 inf, 1 veh | AT=0 AA=0 MG=0 | Conf: 0.6"
11:08:27 "  rhs_group_nat_btr70_squad (rhs_group_indp_nat_btr70)"
11:08:27 "    Tags: [""ANTI_ARMOR"",""AT_TEAM"",""MECHANIZED""]"
11:08:27 "    Units: 7 inf, 1 veh | AT=2 AA=0 MG=1 | Conf: 0.75"
11:08:27 "  rhs_group_nat_btr70_squad_2mg (rhs_group_indp_nat_btr70)"
11:08:27 "    Tags: [""WEAPONS_SQUAD"",""SUPPORT_BY_FIRE"",""MECHANIZED""]"
11:08:27 "    Units: 6 inf, 1 veh | AT=0 AA=0 MG=2 | Conf: 0.6"
11:08:27 "  rhs_group_nat_btr70_squad_sniper (rhs_group_indp_nat_btr70)"
11:08:27 "    Tags: [""ANTI_ARMOR"",""MECHANIZED""]"
11:08:27 "    Units: 6 inf, 1 veh | AT=1 AA=0 MG=1 | Conf: 0.6"
11:08:27 "  rhs_group_nat_btr70_squad_mg_sniper (rhs_group_indp_nat_btr70)"
11:08:27 "    Tags: [""MECHANIZED""]"
11:08:27 "    Units: 6 inf, 1 veh | AT=0 AA=0 MG=1 | Conf: 0.6"
11:08:27 "  rhs_group_nat_btr70_squad_aa (rhs_group_indp_nat_btr70)"
11:08:27 "    Tags: [""ANTI_AIR"",""AA_TEAM"",""MECHANIZED""]"
11:08:27 "    Units: 6 inf, 1 veh | AT=0 AA=2 MG=1 | Conf: 0.75"