16:46:47 "=============================================================="
16:46:47 "DSC: Faction 'Galactic Empire (ls_imperial)'"
16:46:47 "=============================================================="
16:46:47 "DSC: fnc_extractGroups - Extracted 28 groups from faction 'ls_imperial'"
16:46:47 "DSC: fnc_classifyGroups - Classified 28 groups"
16:46:47 "DSC: fnc_classifyGroups - Tag distribution: [[""PATROL"",24],[""INFANTRY_SQUAD"",4],[""ANTI_AIR"",4],[""SNIPER_TEAM"",4],[""FIRETEAM"",24],[""FOOT"",28],[""AA_TEAM"",4]]"
16:46:47 "  base_imperial_fireteam (imperial_baseInfantry)"
16:46:47 "    Tags: [""FIRETEAM"",""FOOT"",""PATROL""]"
16:46:47 "    Units: 4 inf, 0 veh | AT=0 AA=0 MG=0 | Conf: 0.6"
16:46:47 "  base_imperial_squad (imperial_baseInfantry)"
16:46:47 "    Tags: [""INFANTRY_SQUAD"",""FOOT"",""PATROL""]"
16:46:47 "    Units: 8 inf, 0 veh | AT=0 AA=0 MG=0 | Conf: 0.6"
16:46:47 "  base_imperial_at (imperial_baseInfantry)"
16:46:47 "    Tags: [""FIRETEAM"",""FOOT"",""PATROL""]"
16:46:47 "    Units: 4 inf, 0 veh | AT=0 AA=0 MG=0 | Conf: 0.6"
16:46:47 "  base_imperial_aa (imperial_baseInfantry)"
16:46:47 "    Tags: [""FIRETEAM"",""ANTI_AIR"",""AA_TEAM"",""FOOT"",""PATROL""]"
16:46:47 "    Units: 4 inf, 0 veh | AT=0 AA=2 MG=0 | Conf: 0.75"
16:46:47 "  base_imperial_sentry (imperial_baseInfantry)"
16:46:47 "    Tags: [""FIRETEAM"",""FOOT"",""PATROL""]"
16:46:47 "    Units: 2 inf, 0 veh | AT=0 AA=0 MG=0 | Conf: 0.6"
16:46:47 "  base_imperial_marksmanPair (imperial_baseInfantry)"
16:46:47 "    Tags: [""FIRETEAM"",""SNIPER_TEAM"",""FOOT""]"
16:46:47 "    Units: 2 inf, 0 veh | AT=0 AA=0 MG=0 | Conf: 0.8"
16:46:47 "  base_imperial_mgTeam (imperial_baseInfantry)"
16:46:47 "    Tags: [""FIRETEAM"",""FOOT"",""PATROL""]"
16:46:47 "    Units: 3 inf, 0 veh | AT=0 AA=0 MG=0 | Conf: 0.6"
16:46:47 "  base_imperial_mudtroopers_fireteam (imperial_baseInfantry_mudtroopers)"
16:46:47 "    Tags: [""FIRETEAM"",""FOOT"",""PATROL""]"
16:46:47 "    Units: 4 inf, 0 veh | AT=0 AA=0 MG=0 | Conf: 0.6"
16:46:47 "  base_imperial_mudtroopers_squad (imperial_baseInfantry_mudtroopers)"
16:46:47 "    Tags: [""INFANTRY_SQUAD"",""FOOT"",""PATROL""]"
16:46:47 "    Units: 8 inf, 0 veh | AT=0 AA=0 MG=0 | Conf: 0.6"
16:46:47 "  base_imperial_mudtroopers_at (imperial_baseInfantry_mudtroopers)"
16:46:47 "    Tags: [""FIRETEAM"",""FOOT"",""PATROL""]"
16:46:47 "    Units: 4 inf, 0 veh | AT=0 AA=0 MG=0 | Conf: 0.6"
16:46:47 "  base_imperial_mudtroopers_aa (imperial_baseInfantry_mudtroopers)"
16:46:47 "    Tags: [""FIRETEAM"",""ANTI_AIR"",""AA_TEAM"",""FOOT"",""PATROL""]"
16:46:47 "    Units: 4 inf, 0 veh | AT=0 AA=2 MG=0 | Conf: 0.75"
16:46:47 "  base_imperial_mudtroopers_sentry (imperial_baseInfantry_mudtroopers)"
16:46:47 "    Tags: [""FIRETEAM"",""FOOT"",""PATROL""]"
16:46:47 "    Units: 2 inf, 0 veh | AT=0 AA=0 MG=0 | Conf: 0.6"
16:46:47 "  base_imperial_mudtroopers_marksmanPair (imperial_baseInfantry_mudtroopers)"
16:46:47 "    Tags: [""FIRETEAM"",""SNIPER_TEAM"",""FOOT""]"
16:46:47 "    Units: 2 inf, 0 veh | AT=0 AA=0 MG=0 | Conf: 0.8"
16:46:47 "  base_imperial_mudtroopers_mgTeam (imperial_baseInfantry_mudtroopers)"
16:46:47 "    Tags: [""FIRETEAM"",""FOOT"",""PATROL""]"
16:46:47 "    Units: 3 inf, 0 veh | AT=0 AA=0 MG=0 | Conf: 0.6"
16:46:47 "  base_imperial_ISB_fireteam (imperial_baseInfantry_ISB)"
16:46:47 "    Tags: [""FIRETEAM"",""FOOT"",""PATROL""]"
16:46:47 "    Units: 4 inf, 0 veh | AT=0 AA=0 MG=0 | Conf: 0.6"
16:46:47 "  base_imperial_ISB_squad (imperial_baseInfantry_ISB)"
16:46:47 "    Tags: [""INFANTRY_SQUAD"",""FOOT"",""PATROL""]"
16:46:47 "    Units: 8 inf, 0 veh | AT=0 AA=0 MG=0 | Conf: 0.6"
16:46:47 "  base_imperial_ISB_at (imperial_baseInfantry_ISB)"
16:46:47 "    Tags: [""FIRETEAM"",""FOOT"",""PATROL""]"
16:46:47 "    Units: 4 inf, 0 veh | AT=0 AA=0 MG=0 | Conf: 0.6"
16:46:47 "  base_imperial_ISB_aa (imperial_baseInfantry_ISB)"
16:46:47 "    Tags: [""FIRETEAM"",""ANTI_AIR"",""AA_TEAM"",""FOOT"",""PATROL""]"
16:46:47 "    Units: 4 inf, 0 veh | AT=0 AA=2 MG=0 | Conf: 0.75"
16:46:47 "  base_imperial_ISB_sentry (imperial_baseInfantry_ISB)"
16:46:47 "    Tags: [""FIRETEAM"",""FOOT"",""PATROL""]"
16:46:47 "    Units: 2 inf, 0 veh | AT=0 AA=0 MG=0 | Conf: 0.6"
16:46:47 "  base_imperial_ISB_marksmanPair (imperial_baseInfantry_ISB)"
16:46:47 "    Tags: [""FIRETEAM"",""SNIPER_TEAM"",""FOOT""]"
16:46:47 "    Units: 2 inf, 0 veh | AT=0 AA=0 MG=0 | Conf: 0.8"
16:46:47 "  base_imperial_ISB_mgTeam (imperial_baseInfantry_ISB)"
16:46:47 "    Tags: [""FIRETEAM"",""FOOT"",""PATROL""]"
16:46:47 "    Units: 3 inf, 0 veh | AT=0 AA=0 MG=0 | Conf: 0.6"
16:46:47 "  base_imperial_blackcamo_fireteam (imperial_baseInfantry_blackcamo)"
16:46:47 "    Tags: [""FIRETEAM"",""FOOT"",""PATROL""]"
16:46:47 "    Units: 4 inf, 0 veh | AT=0 AA=0 MG=0 | Conf: 0.6"
16:46:47 "  base_imperial_blackcamo_squad (imperial_baseInfantry_blackcamo)"
16:46:47 "    Tags: [""INFANTRY_SQUAD"",""FOOT"",""PATROL""]"
16:46:47 "    Units: 8 inf, 0 veh | AT=0 AA=0 MG=0 | Conf: 0.6"
16:46:47 "  base_imperial_blackcamo_at (imperial_baseInfantry_blackcamo)"
16:46:47 "    Tags: [""FIRETEAM"",""FOOT"",""PATROL""]"
16:46:47 "    Units: 4 inf, 0 veh | AT=0 AA=0 MG=0 | Conf: 0.6"
16:46:47 "  base_imperial_blackcamo_aa (imperial_baseInfantry_blackcamo)"
16:46:47 "    Tags: [""FIRETEAM"",""ANTI_AIR"",""AA_TEAM"",""FOOT"",""PATROL""]"
16:46:47 "    Units: 4 inf, 0 veh | AT=0 AA=2 MG=0 | Conf: 0.75"
16:46:47 "  base_imperial_blackcamo_sentry (imperial_baseInfantry_blackcamo)"
16:46:47 "    Tags: [""FIRETEAM"",""FOOT"",""PATROL""]"
16:46:47 "    Units: 2 inf, 0 veh | AT=0 AA=0 MG=0 | Conf: 0.6"
16:46:47 "  base_imperial_blackcamo_marksmanPair (imperial_baseInfantry_blackcamo)"
16:46:47 "    Tags: [""FIRETEAM"",""SNIPER_TEAM"",""FOOT""]"
16:46:47 "    Units: 2 inf, 0 veh | AT=0 AA=0 MG=0 | Conf: 0.8"
16:46:47 "  base_imperial_blackcamo_mgTeam (imperial_baseInfantry_blackcamo)"
16:46:47 "    Tags: [""FIRETEAM"",""FOOT"",""PATROL""]"
16:46:47 "    Units: 3 inf, 0 veh | AT=0 AA=0 MG=0 | Conf: 0.6"