10:08:51 "=============================================================="
10:08:51 "DSC: Faction 'AAF (IND_F)'"
10:08:51 "=============================================================="
10:08:51 "DSC: fnc_extractGroups - Extracted 42 groups from faction 'IND_F'"
10:08:51 "DSC: fnc_classifyGroups - Classified 42 groups"
10:08:51 "DSC: fnc_classifyGroups - Tag distribution: [[""INFANTRY_SQUAD"",2],[""NIGHT_CAPABLE"",31],[""PATROL"",15],[""ANTI_AIR"",4],[""MOTORIZED"",7],[""FIRETEAM"",13],[""NAVAL"",1],[""PLATOON_ELEMENT"",1],[""FOOT"",15],[""ELITE"",9],[""FIXED_WING"",2],[""WEAPONS_SQUAD"",1],[""AA_TEAM"",4],[""AIRBORNE"",1],[""ARMOR"",13],[""SUPPORT_BY_FIRE"",1],[""SCOUT_RECON"",9],[""AMPHIBIOUS"",4],[""AIR_ASSAULT"",1],[""ANTI_ARMOR"",10],[""AT_TEAM"",7],[""ENGINEER_TEAM"",3],[""ARMORED"",13]]"
10:08:51 "  HAF_InfSquad (Infantry)"
10:08:51 "    Tags: [""INFANTRY_SQUAD"",""ANTI_ARMOR"",""FOOT"",""NIGHT_CAPABLE"",""PATROL""]"
10:08:51 "    Units: 8 inf, 0 veh | AT=1 AA=0 MG=1 | Conf: 0.6"
10:08:51 "  HAF_InfSquad_Weapons (Infantry)"
10:08:51 "    Tags: [""INFANTRY_SQUAD"",""ANTI_ARMOR"",""FOOT"",""NIGHT_CAPABLE"",""PATROL""]"
10:08:51 "    Units: 8 inf, 0 veh | AT=1 AA=0 MG=1 | Conf: 0.6"
10:08:51 "  HAF_InfTeam (Infantry)"
10:08:51 "    Tags: [""FIRETEAM"",""ANTI_ARMOR"",""AT_TEAM"",""FOOT"",""NIGHT_CAPABLE"",""PATROL""]"
10:08:51 "    Units: 4 inf, 0 veh | AT=1 AA=0 MG=1 | Conf: 0.75"
10:08:51 "  HAF_InfTeam_AT (Infantry)"
10:08:51 "    Tags: [""FIRETEAM"",""ANTI_ARMOR"",""AT_TEAM"",""FOOT"",""NIGHT_CAPABLE"",""PATROL""]"
10:08:51 "    Units: 4 inf, 0 veh | AT=2 AA=0 MG=0 | Conf: 0.75"
10:08:51 "  HAF_InfTeam_AA (Infantry)"
10:08:51 "    Tags: [""FIRETEAM"",""ANTI_AIR"",""AA_TEAM"",""FOOT"",""NIGHT_CAPABLE"",""PATROL""]"
10:08:51 "    Units: 4 inf, 0 veh | AT=0 AA=2 MG=0 | Conf: 0.75"
10:08:51 "  HAF_InfSentry (Infantry)"
10:08:51 "    Tags: [""FIRETEAM"",""FOOT"",""NIGHT_CAPABLE"",""PATROL""]"
10:08:51 "    Units: 2 inf, 0 veh | AT=0 AA=0 MG=0 | Conf: 0.6"
10:08:51 "  HAF_SniperTeam (Infantry)"
10:08:51 "    Tags: [""FIRETEAM"",""SCOUT_RECON"",""FOOT"",""NIGHT_CAPABLE"",""PATROL""]"
10:08:51 "    Units: 2 inf, 0 veh | AT=0 AA=0 MG=0 | Conf: 0.7"
10:08:51 "  I_InfTeam_Light (Infantry)"
10:08:51 "    Tags: [""FIRETEAM"",""ANTI_ARMOR"",""AT_TEAM"",""FOOT"",""NIGHT_CAPABLE"",""PATROL""]"
10:08:51 "    Units: 4 inf, 0 veh | AT=1 AA=0 MG=1 | Conf: 0.75"
10:08:51 "  HAF_DiverTeam (SpecOps)"
10:08:51 "    Tags: [""FIRETEAM"",""SCOUT_RECON"",""AMPHIBIOUS"",""FOOT"",""ELITE"",""PATROL""]"
10:08:51 "    Units: 4 inf, 0 veh | AT=0 AA=0 MG=0 | Conf: 0.8"
10:08:51 "  HAF_DiverTeam_Boat (SpecOps)"
10:08:51 "    Tags: [""SCOUT_RECON"",""AMPHIBIOUS"",""AMPHIBIOUS"",""NAVAL"",""ELITE""]"
10:08:51 "    Units: 4 inf, 1 veh | AT=0 AA=0 MG=0 | Conf: 0.7"
10:08:51 "  HAF_DiverTeam_SDV (SpecOps)"
10:08:51 "    Tags: [""SCOUT_RECON"",""AMPHIBIOUS"",""ELITE""]"
10:08:51 "    Units: 4 inf, 2 veh | AT=0 AA=0 MG=0 | Conf: 0.7"
10:08:51 "  HAF_SmallTeam_UAV (SpecOps)"
10:08:51 "    Tags: [""SCOUT_RECON"",""AIRBORNE"",""AIR_ASSAULT"",""ELITE"",""NIGHT_CAPABLE""]"
10:08:51 "    Units: 2 inf, 1 veh | AT=0 AA=0 MG=0 | Conf: 0.7"
10:08:51 "  HAF_ReconTeam_UGV (SpecOps)"
10:08:51 "    Tags: [""SCOUT_RECON"",""ELITE"",""NIGHT_CAPABLE""]"
10:08:51 "    Units: 2 inf, 1 veh | AT=0 AA=0 MG=0 | Conf: 0.7"
10:08:51 "  HAF_AttackTeam_UGV (SpecOps)"
10:08:51 "    Tags: [""SCOUT_RECON"",""ELITE"",""NIGHT_CAPABLE""]"
10:08:51 "    Units: 2 inf, 1 veh | AT=0 AA=0 MG=0 | Conf: 0.7"
10:08:51 "  HAF_ReconTeam_UAV (SpecOps)"
10:08:51 "    Tags: [""SCOUT_RECON"",""FIXED_WING"",""ELITE"",""NIGHT_CAPABLE""]"
10:08:51 "    Units: 2 inf, 1 veh | AT=0 AA=0 MG=0 | Conf: 0.7"
10:08:51 "  HAF_AttackTeam_UAV (SpecOps)"
10:08:51 "    Tags: [""SCOUT_RECON"",""FIXED_WING"",""ELITE"",""NIGHT_CAPABLE""]"
10:08:51 "    Units: 2 inf, 1 veh | AT=0 AA=0 MG=0 | Conf: 0.7"
10:08:51 "  HAF_Support_CLS (Support)"
10:08:51 "    Tags: [""FIRETEAM"",""FOOT"",""NIGHT_CAPABLE"",""PATROL""]"
10:08:51 "    Units: 4 inf, 0 veh | AT=0 AA=0 MG=1 | Conf: 0.6"
10:08:51 "  HAF_Support_EOD (Support)"
10:08:51 "    Tags: [""FIRETEAM"",""ENGINEER_TEAM"",""FOOT"",""NIGHT_CAPABLE"",""PATROL""]"
10:08:51 "    Units: 4 inf, 0 veh | AT=0 AA=0 MG=0 | Conf: 0.6"
10:08:51 "  HAF_Support_ENG (Support)"
10:08:51 "    Tags: [""FIRETEAM"",""ENGINEER_TEAM"",""FOOT"",""NIGHT_CAPABLE"",""PATROL""]"
10:08:51 "    Units: 4 inf, 0 veh | AT=0 AA=0 MG=0 | Conf: 0.6"
10:08:51 "  HAF_Support_MG (Support)"
10:08:51 "    Tags: [""FIRETEAM"",""FOOT"",""NIGHT_CAPABLE"",""PATROL""]"
10:08:51 "    Units: 3 inf, 0 veh | AT=0 AA=0 MG=0 | Conf: 0.6"
10:08:51 "  HAF_Support_GMG (Support)"
10:08:51 "    Tags: [""FIRETEAM"",""FOOT"",""NIGHT_CAPABLE"",""PATROL""]"
10:08:51 "    Units: 3 inf, 0 veh | AT=0 AA=0 MG=0 | Conf: 0.6"
10:08:51 "  HAF_Support_Mort (Support)"
10:08:51 "    Tags: [""FIRETEAM"",""FOOT"",""NIGHT_CAPABLE"",""PATROL""]"
10:08:51 "    Units: 3 inf, 0 veh | AT=0 AA=0 MG=0 | Conf: 0.6"
10:08:51 "  HAF_MotInf_Team (Motorized)"
10:08:51 "    Tags: [""ANTI_ARMOR"",""AT_TEAM"",""MOTORIZED"",""NIGHT_CAPABLE""]"
10:08:51 "    Units: 1 inf, 1 veh | AT=1 AA=0 MG=0 | Conf: 0.65"
10:08:51 "  HAF_MotInf_AT (Motorized)"
10:08:51 "    Tags: [""ANTI_ARMOR"",""AT_TEAM"",""MOTORIZED"",""NIGHT_CAPABLE""]"
10:08:51 "    Units: 2 inf, 1 veh | AT=2 AA=0 MG=0 | Conf: 0.65"
10:08:51 "  HAF_MotInf_AA (Motorized)"
10:08:51 "    Tags: [""ANTI_AIR"",""AA_TEAM"",""MOTORIZED"",""NIGHT_CAPABLE""]"
10:08:51 "    Units: 2 inf, 1 veh | AT=0 AA=2 MG=0 | Conf: 0.65"
10:08:51 "  HAF_MotInf_MGTeam (Motorized)"
10:08:51 "    Tags: [""MOTORIZED"",""NIGHT_CAPABLE""]"
10:08:51 "    Units: 2 inf, 1 veh | AT=0 AA=0 MG=0 | Conf: 0.5"
10:08:51 "  HAF_MotInf_GMGTeam (Motorized)"
10:08:51 "    Tags: [""MOTORIZED"",""NIGHT_CAPABLE""]"
10:08:51 "    Units: 2 inf, 1 veh | AT=0 AA=0 MG=0 | Conf: 0.5"
10:08:51 "  HAF_MotInf_MortTeam (Motorized)"
10:08:51 "    Tags: [""MOTORIZED"",""NIGHT_CAPABLE""]"
10:08:51 "    Units: 2 inf, 1 veh | AT=0 AA=0 MG=0 | Conf: 0.5"
10:08:51 "  HAF_MotInf_Reinforce (Motorized)"
10:08:51 "    Tags: [""PLATOON_ELEMENT"",""ANTI_ARMOR"",""AT_TEAM"",""WEAPONS_SQUAD"",""SUPPORT_BY_FIRE"",""MOTORIZED"",""NIGHT_CAPABLE""]"
10:08:51 "    Units: 16 inf, 1 veh | AT=2 AA=0 MG=2 | Conf: 0.65"
10:08:51 "  HAF_MechInfSquad (Mechanized)"
10:08:51 "    Tags: [""ANTI_ARMOR"",""ARMORED"",""ARMOR"",""NIGHT_CAPABLE""]"
10:08:51 "    Units: 8 inf, 1 veh | AT=1 AA=0 MG=1 | Conf: 0.65"
10:08:51 "  HAF_MechInf_AT (Mechanized)"
10:08:51 "    Tags: [""ANTI_ARMOR"",""AT_TEAM"",""ARMORED"",""ARMOR"",""NIGHT_CAPABLE""]"
10:08:51 "    Units: 7 inf, 1 veh | AT=3 AA=0 MG=0 | Conf: 0.8"
10:08:51 "  HAF_MechInf_AA (Mechanized)"
10:08:51 "    Tags: [""ANTI_AIR"",""AA_TEAM"",""ARMORED"",""ARMOR"",""NIGHT_CAPABLE""]"
10:08:51 "    Units: 7 inf, 1 veh | AT=0 AA=3 MG=0 | Conf: 0.8"
10:08:51 "  HAF_MechInf_Support (Mechanized)"
10:08:51 "    Tags: [""ENGINEER_TEAM"",""ARMORED"",""ARMOR"",""NIGHT_CAPABLE""]"
10:08:51 "    Units: 8 inf, 1 veh | AT=0 AA=0 MG=1 | Conf: 0.65"
10:08:51 "  HAF_TankPlatoon (Armored)"
10:08:51 "    Tags: [""ARMORED"",""ARMOR""]"
10:08:51 "    Units: 0 inf, 4 veh | AT=0 AA=0 MG=0 | Conf: 0.65"
10:08:51 "  HAF_TankPlatoon_AA (Armored)"
10:08:51 "    Tags: [""ANTI_AIR"",""AA_TEAM"",""ARMORED"",""ARMOR"",""NIGHT_CAPABLE""]"
10:08:51 "    Units: 7 inf, 4 veh | AT=0 AA=3 MG=0 | Conf: 0.8"
10:08:51 "  HAF_TankSection (Armored)"
10:08:51 "    Tags: [""ARMORED"",""ARMOR""]"
10:08:51 "    Units: 0 inf, 2 veh | AT=0 AA=0 MG=0 | Conf: 0.65"
10:08:51 "  I_LTankSection_Assault (Armored)"
10:08:51 "    Tags: [""ARMORED"",""ARMOR""]"
10:08:51 "    Units: 0 inf, 2 veh | AT=0 AA=0 MG=0 | Conf: 0.65"
10:08:51 "  I_LTankSection_Recon (Armored)"
10:08:51 "    Tags: [""ARMORED"",""ARMOR"",""ELITE""]"
10:08:51 "    Units: 0 inf, 2 veh | AT=0 AA=0 MG=0 | Conf: 0.75"
10:08:51 "  I_LTankSection_AA (Armored)"
10:08:51 "    Tags: [""ARMORED"",""ARMOR""]"
10:08:51 "    Units: 0 inf, 2 veh | AT=0 AA=0 MG=0 | Conf: 0.65"
10:08:51 "  I_LTankSection_AT (Armored)"
10:08:51 "    Tags: [""ARMORED"",""ARMOR""]"
10:08:51 "    Units: 0 inf, 2 veh | AT=0 AA=0 MG=0 | Conf: 0.65"
10:08:51 "  I_LTankPlatoon_combined (Armored)"
10:08:51 "    Tags: [""ARMORED"",""ARMOR""]"
10:08:51 "    Units: 0 inf, 4 veh | AT=0 AA=0 MG=0 | Conf: 0.65"
10:08:51 "  I_LTankPlatoon_AA (Armored)"
10:08:51 "    Tags: [""ARMORED"",""ARMOR""]"
10:08:51 "    Units: 0 inf, 4 veh | AT=0 AA=0 MG=0 | Conf: 0.65"