10:08:51 "=============================================================="
10:08:51 "DSC: Faction 'LDF (IND_E_F)'"
10:08:51 "=============================================================="
10:08:51 "DSC: fnc_extractGroups - Extracted 7 groups from faction 'IND_E_F'"
10:08:51 "DSC: fnc_classifyGroups - Classified 7 groups"
10:08:51 "DSC: fnc_classifyGroups - Tag distribution: [[""INFANTRY_SQUAD"",1],[""NIGHT_CAPABLE"",7],[""PATROL"",3],[""MOTORIZED"",3],[""FIRETEAM"",2],[""PLATOON_ELEMENT"",1],[""FOOT"",3],[""WEAPONS_SQUAD"",1],[""ARMOR"",1],[""SUPPORT_BY_FIRE"",1],[""ANTI_ARMOR"",4],[""AT_TEAM"",1],[""ARMORED"",1]]"
10:08:51 "  I_E_InfSquad (Infantry)"
10:08:51 "    Tags: [""INFANTRY_SQUAD"",""ANTI_ARMOR"",""FOOT"",""NIGHT_CAPABLE"",""PATROL""]"
10:08:51 "    Units: 8 inf, 0 veh | AT=1 AA=0 MG=1 | Conf: 0.6"
10:08:51 "  I_E_InfSentry (Infantry)"
10:08:51 "    Tags: [""FIRETEAM"",""FOOT"",""NIGHT_CAPABLE"",""PATROL""]"
10:08:51 "    Units: 2 inf, 0 veh | AT=0 AA=0 MG=0 | Conf: 0.6"
10:08:51 "  I_E_InfTeam (Infantry)"
10:08:51 "    Tags: [""FIRETEAM"",""FOOT"",""NIGHT_CAPABLE"",""PATROL""]"
10:08:51 "    Units: 4 inf, 0 veh | AT=0 AA=0 MG=1 | Conf: 0.6"
10:08:51 "  I_E_MotInf_Team (Motorized)"
10:08:51 "    Tags: [""MOTORIZED"",""NIGHT_CAPABLE""]"
10:08:51 "    Units: 4 inf, 1 veh | AT=0 AA=0 MG=1 | Conf: 0.5"
10:08:51 "  I_E_MotInf_Squad (Motorized)"
10:08:51 "    Tags: [""ANTI_ARMOR"",""MOTORIZED"",""NIGHT_CAPABLE""]"
10:08:51 "    Units: 8 inf, 1 veh | AT=1 AA=0 MG=1 | Conf: 0.5"
10:08:51 "  I_E_MotInf_Reinforcements (Motorized)"
10:08:51 "    Tags: [""PLATOON_ELEMENT"",""ANTI_ARMOR"",""AT_TEAM"",""WEAPONS_SQUAD"",""SUPPORT_BY_FIRE"",""MOTORIZED"",""NIGHT_CAPABLE""]"
10:08:51 "    Units: 16 inf, 1 veh | AT=2 AA=0 MG=2 | Conf: 0.65"
10:08:51 "  I_E_MechInfSquad (Mechanized)"
10:08:51 "    Tags: [""ANTI_ARMOR"",""ARMORED"",""ARMOR"",""NIGHT_CAPABLE""]"
10:08:51 "    Units: 7 inf, 1 veh | AT=1 AA=0 MG=1 | Conf: 0.65"