10:08:51 "=============================================================="
10:08:51 "DSC: Faction 'Syndikat (IND_C_F)'"
10:08:51 "=============================================================="
10:08:51 "DSC: fnc_extractGroups - Extracted 6 groups from faction 'IND_C_F'"
10:08:51 "DSC: fnc_classifyGroups - Classified 6 groups"
10:08:51 "DSC: fnc_classifyGroups - Tag distribution: [[""PATROL"",6],[""INFANTRY_SQUAD"",2],[""FIRETEAM"",4],[""FOOT"",6],[""ELITE"",3],[""SCOUT_RECON"",2],[""ANTI_ARMOR"",4],[""AT_TEAM"",2]]"
10:08:51 "  ParaFireTeam (Infantry)"
10:08:51 "    Tags: [""FIRETEAM"",""FOOT"",""ELITE"",""PATROL""]"
10:08:51 "    Units: 4 inf, 0 veh | AT=0 AA=0 MG=1 | Conf: 0.7"
10:08:51 "  ParaShockTeam (Infantry)"
10:08:51 "    Tags: [""FIRETEAM"",""ANTI_ARMOR"",""AT_TEAM"",""FOOT"",""ELITE"",""PATROL""]"
10:08:51 "    Units: 4 inf, 0 veh | AT=1 AA=0 MG=0 | Conf: 0.85"
10:08:51 "  ParaCombatGroup (Infantry)"
10:08:51 "    Tags: [""INFANTRY_SQUAD"",""ANTI_ARMOR"",""FOOT"",""ELITE"",""PATROL""]"
10:08:51 "    Units: 8 inf, 0 veh | AT=1 AA=0 MG=1 | Conf: 0.7"
10:08:51 "  BanditFireTeam (Infantry)"
10:08:51 "    Tags: [""FIRETEAM"",""SCOUT_RECON"",""FOOT"",""PATROL""]"
10:08:51 "    Units: 4 inf, 0 veh | AT=0 AA=0 MG=1 | Conf: 0.7"
10:08:51 "  BanditShockTeam (Infantry)"
10:08:51 "    Tags: [""FIRETEAM"",""ANTI_ARMOR"",""AT_TEAM"",""FOOT"",""PATROL""]"
10:08:51 "    Units: 4 inf, 0 veh | AT=1 AA=0 MG=0 | Conf: 0.75"
10:08:51 "  BanditCombatGroup (Infantry)"
10:08:51 "    Tags: [""INFANTRY_SQUAD"",""ANTI_ARMOR"",""SCOUT_RECON"",""FOOT"",""PATROL""]"
10:08:51 "    Units: 8 inf, 0 veh | AT=1 AA=0 MG=1 | Conf: 0.7"