11:19:29 "=============================================================="
11:19:29 "DSC: Faction 'SAF (KOV) (rhssaf_faction_army_opfor)'"
11:19:29 "=============================================================="
11:19:29 "DSC: fnc_extractGroups - Extracted 39 groups from faction 'rhssaf_faction_army_opfor'"
11:19:29 "DSC: fnc_classifyGroups - Classified 39 groups"
11:19:29 "DSC: fnc_classifyGroups - Tag distribution: [[""PATROL"",24],[""INFANTRY_SQUAD"",12],[""ANTI_AIR"",4],[""MOTORIZED"",7],[""FIRETEAM"",18],[""FOOT"",30],[""ELITE"",10],[""MEDICAL_TEAM"",7],[""AA_TEAM"",4],[""ARMOR"",2],[""ANTI_ARMOR"",4],[""AT_TEAM"",4],[""ARMORED"",2]]"
11:19:29 "  rhssaf_group_army_o_m10_digital_company_hq (rhssaf_group_army_o_m10_digital_infantry)"
11:19:29 "    Tags: [""FIRETEAM"",""FOOT"",""PATROL""]"
11:19:29 "    Units: 4 inf, 0 veh | AT=0 AA=0 MG=0 | Conf: 0.6"
11:19:29 "  rhssaf_group_army_o_m10_digital_platoon_hq (rhssaf_group_army_o_m10_digital_infantry)"
11:19:29 "    Tags: [""INFANTRY_SQUAD"",""MEDICAL_TEAM"",""FOOT"",""PATROL""]"
11:19:29 "    Units: 6 inf, 0 veh | AT=0 AA=0 MG=0 | Conf: 0.6"
11:19:29 "  rhssaf_group_army_o_m10_digital_infantry_squad (rhssaf_group_army_o_m10_digital_infantry)"
11:19:29 "    Tags: [""INFANTRY_SQUAD"",""FOOT""]"
11:19:29 "    Units: 9 inf, 0 veh | AT=0 AA=0 MG=0 | Conf: 0.6"
11:19:29 "  rhssaf_group_army_o_m10_digital_infantry_weaponsquad (rhssaf_group_army_o_m10_digital_infantry)"
11:19:29 "    Tags: [""INFANTRY_SQUAD"",""FOOT"",""PATROL""]"
11:19:29 "    Units: 8 inf, 0 veh | AT=0 AA=0 MG=0 | Conf: 0.6"
11:19:29 "  rhssaf_group_army_o_m10_digital_infantry_squad_sniper (rhssaf_group_army_o_m10_digital_infantry)"
11:19:29 "    Tags: [""INFANTRY_SQUAD"",""FOOT""]"
11:19:29 "    Units: 9 inf, 0 veh | AT=0 AA=0 MG=0 | Conf: 0.6"
11:19:29 "  rhssaf_group_army_o_m10_digital_infantry_team (rhssaf_group_army_o_m10_digital_infantry)"
11:19:29 "    Tags: [""FIRETEAM"",""FOOT"",""PATROL""]"
11:19:29 "    Units: 4 inf, 0 veh | AT=0 AA=0 MG=0 | Conf: 0.6"
11:19:29 "  rhssaf_group_army_o_m10_digital_infantry_team_mg (rhssaf_group_army_o_m10_digital_infantry)"
11:19:29 "    Tags: [""FIRETEAM"",""FOOT"",""PATROL""]"
11:19:29 "    Units: 4 inf, 0 veh | AT=0 AA=0 MG=0 | Conf: 0.6"
11:19:29 "  rhssaf_group_army_o_m10_digital_infantry_team_AA (rhssaf_group_army_o_m10_digital_infantry)"
11:19:29 "    Tags: [""FIRETEAM"",""ANTI_AIR"",""AA_TEAM"",""FOOT"",""PATROL""]"
11:19:29 "    Units: 4 inf, 0 veh | AT=0 AA=1 MG=0 | Conf: 0.75"
11:19:29 "  rhssaf_group_army_o_m10_digital_infantry_team_support (rhssaf_group_army_o_m10_digital_infantry)"
11:19:29 "    Tags: [""FIRETEAM"",""MEDICAL_TEAM"",""FOOT"",""PATROL""]"
11:19:29 "    Units: 4 inf, 0 veh | AT=0 AA=0 MG=0 | Conf: 0.6"
11:19:29 "  rhssaf_group_army_o_m10_digital_infantry_team_heavy_at (rhssaf_group_army_o_m10_digital_infantry)"
11:19:29 "    Tags: [""FIRETEAM"",""ANTI_ARMOR"",""AT_TEAM"",""FOOT"",""PATROL""]"
11:19:29 "    Units: 4 inf, 0 veh | AT=1 AA=0 MG=0 | Conf: 0.75"
11:19:29 "  rhssaf_group_army_o_m93_oakleaf_company_hq (rhssaf_group_army_o_m93_oakleaf_infantry)"
11:19:29 "    Tags: [""FIRETEAM"",""FOOT"",""PATROL""]"
11:19:29 "    Units: 4 inf, 0 veh | AT=0 AA=0 MG=0 | Conf: 0.6"
11:19:29 "  rhssaf_group_army_o_m93_oakleaf_platoon_hq (rhssaf_group_army_o_m93_oakleaf_infantry)"
11:19:29 "    Tags: [""INFANTRY_SQUAD"",""MEDICAL_TEAM"",""FOOT"",""PATROL""]"
11:19:29 "    Units: 6 inf, 0 veh | AT=0 AA=0 MG=0 | Conf: 0.6"
11:19:29 "  rhssaf_group_army_o_m93_oakleaf_infantry_squad (rhssaf_group_army_o_m93_oakleaf_infantry)"
11:19:29 "    Tags: [""INFANTRY_SQUAD"",""FOOT""]"
11:19:29 "    Units: 9 inf, 0 veh | AT=0 AA=0 MG=0 | Conf: 0.6"
11:19:29 "  rhssaf_group_army_o_m93_oakleaf_infantry_weaponsquad (rhssaf_group_army_o_m93_oakleaf_infantry)"
11:19:29 "    Tags: [""INFANTRY_SQUAD"",""FOOT"",""PATROL""]"
11:19:29 "    Units: 8 inf, 0 veh | AT=0 AA=0 MG=0 | Conf: 0.6"
11:19:29 "  rhssaf_group_army_o_m93_oakleaf_infantry_squad_sniper (rhssaf_group_army_o_m93_oakleaf_infantry)"
11:19:29 "    Tags: [""INFANTRY_SQUAD"",""FOOT""]"
11:19:29 "    Units: 9 inf, 0 veh | AT=0 AA=0 MG=0 | Conf: 0.6"
11:19:29 "  rhssaf_group_army_o_m93_oakleaf_infantry_team (rhssaf_group_army_o_m93_oakleaf_infantry)"
11:19:29 "    Tags: [""FIRETEAM"",""FOOT"",""PATROL""]"
11:19:29 "    Units: 4 inf, 0 veh | AT=0 AA=0 MG=0 | Conf: 0.6"
11:19:29 "  rhssaf_group_army_o_m93_oakleaf_infantry_team_mg (rhssaf_group_army_o_m93_oakleaf_infantry)"
11:19:29 "    Tags: [""FIRETEAM"",""FOOT"",""PATROL""]"
11:19:29 "    Units: 4 inf, 0 veh | AT=0 AA=0 MG=0 | Conf: 0.6"
11:19:29 "  rhssaf_group_army_o_m93_oakleaf_infantry_team_AA (rhssaf_group_army_o_m93_oakleaf_infantry)"
11:19:29 "    Tags: [""FIRETEAM"",""ANTI_AIR"",""AA_TEAM"",""FOOT"",""PATROL""]"
11:19:29 "    Units: 4 inf, 0 veh | AT=0 AA=1 MG=0 | Conf: 0.75"
11:19:29 "  rhssaf_group_army_o_m93_oakleaf_infantry_team_support (rhssaf_group_army_o_m93_oakleaf_infantry)"
11:19:29 "    Tags: [""FIRETEAM"",""MEDICAL_TEAM"",""FOOT"",""PATROL""]"
11:19:29 "    Units: 4 inf, 0 veh | AT=0 AA=0 MG=0 | Conf: 0.6"
11:19:29 "  rhssaf_group_army_o_m93_oakleaf_infantry_team_heavy_at (rhssaf_group_army_o_m93_oakleaf_infantry)"
11:19:29 "    Tags: [""FIRETEAM"",""ANTI_ARMOR"",""AT_TEAM"",""FOOT"",""PATROL""]"
11:19:29 "    Units: 4 inf, 0 veh | AT=1 AA=0 MG=0 | Conf: 0.75"
11:19:29 "  rhssaf_group_army_o_m10_para_company_hq (rhssaf_group_army_o_m10_para_infantry)"
11:19:29 "    Tags: [""FIRETEAM"",""FOOT"",""ELITE"",""PATROL""]"
11:19:29 "    Units: 4 inf, 0 veh | AT=0 AA=0 MG=0 | Conf: 0.7"
11:19:29 "  rhssaf_group_army_o_m10_para_platoon_hq (rhssaf_group_army_o_m10_para_infantry)"
11:19:29 "    Tags: [""INFANTRY_SQUAD"",""MEDICAL_TEAM"",""FOOT"",""ELITE"",""PATROL""]"
11:19:29 "    Units: 6 inf, 0 veh | AT=0 AA=0 MG=0 | Conf: 0.7"
11:19:29 "  rhssaf_group_army_o_m10_para_infantry_squad (rhssaf_group_army_o_m10_para_infantry)"
11:19:29 "    Tags: [""INFANTRY_SQUAD"",""FOOT"",""ELITE""]"
11:19:29 "    Units: 9 inf, 0 veh | AT=0 AA=0 MG=0 | Conf: 0.7"
11:19:29 "  rhssaf_group_army_o_m10_para_infantry_weaponsquad (rhssaf_group_army_o_m10_para_infantry)"
11:19:29 "    Tags: [""INFANTRY_SQUAD"",""FOOT"",""ELITE"",""PATROL""]"
11:19:29 "    Units: 8 inf, 0 veh | AT=0 AA=0 MG=0 | Conf: 0.7"
11:19:29 "  rhssaf_group_army_o_m10_para_infantry_squad_sniper (rhssaf_group_army_o_m10_para_infantry)"
11:19:29 "    Tags: [""INFANTRY_SQUAD"",""FOOT"",""ELITE""]"
11:19:29 "    Units: 9 inf, 0 veh | AT=0 AA=0 MG=0 | Conf: 0.7"
11:19:29 "  rhssaf_group_army_o_m10_para_infantry_team (rhssaf_group_army_o_m10_para_infantry)"
11:19:29 "    Tags: [""FIRETEAM"",""FOOT"",""ELITE"",""PATROL""]"
11:19:29 "    Units: 4 inf, 0 veh | AT=0 AA=0 MG=0 | Conf: 0.7"
11:19:29 "  rhssaf_group_army_o_m10_para_infantry_team_mg (rhssaf_group_army_o_m10_para_infantry)"
11:19:29 "    Tags: [""FIRETEAM"",""FOOT"",""ELITE"",""PATROL""]"
11:19:29 "    Units: 4 inf, 0 veh | AT=0 AA=0 MG=0 | Conf: 0.7"
11:19:29 "  rhssaf_group_army_o_m10_para_infantry_team_AA (rhssaf_group_army_o_m10_para_infantry)"
11:19:29 "    Tags: [""FIRETEAM"",""ANTI_AIR"",""AA_TEAM"",""FOOT"",""ELITE"",""PATROL""]"
11:19:29 "    Units: 4 inf, 0 veh | AT=0 AA=1 MG=0 | Conf: 0.85"
11:19:29 "  rhssaf_group_army_o_m10_para_infantry_team_support (rhssaf_group_army_o_m10_para_infantry)"
11:19:29 "    Tags: [""FIRETEAM"",""MEDICAL_TEAM"",""FOOT"",""ELITE"",""PATROL""]"
11:19:29 "    Units: 4 inf, 0 veh | AT=0 AA=0 MG=0 | Conf: 0.7"
11:19:29 "  rhssaf_group_army_o_m10_para_infantry_team_heavy_at (rhssaf_group_army_o_m10_para_infantry)"
11:19:29 "    Tags: [""FIRETEAM"",""ANTI_ARMOR"",""AT_TEAM"",""FOOT"",""ELITE"",""PATROL""]"
11:19:29 "    Units: 4 inf, 0 veh | AT=1 AA=0 MG=0 | Conf: 0.85"
11:19:29 "  rhssaf_group_army_o_motorized_infantry_team_hmg (rhssaf_group_army_o_m1151)"
11:19:29 "    Tags: [""MOTORIZED""]"
11:19:29 "    Units: 3 inf, 1 veh | AT=0 AA=0 MG=0 | Conf: 0.5"
11:19:29 "  rhssaf_group_army_o_motorized_infantry_team_at (rhssaf_group_army_o_m1151)"
11:19:29 "    Tags: [""ANTI_ARMOR"",""AT_TEAM"",""MOTORIZED""]"
11:19:29 "    Units: 3 inf, 1 veh | AT=2 AA=0 MG=0 | Conf: 0.65"
11:19:29 "  rhssaf_group_army_o_motorized_infantry_team_aa (rhssaf_group_army_o_m1151)"
11:19:29 "    Tags: [""ANTI_AIR"",""AA_TEAM"",""MOTORIZED""]"
11:19:29 "    Units: 3 inf, 1 veh | AT=0 AA=1 MG=0 | Conf: 0.65"
11:19:29 "  rhssaf_group_army_o_ural_squad (rhssaf_group_army_o_ural)"
11:19:29 "    Tags: [""MOTORIZED""]"
11:19:29 "    Units: 8 inf, 1 veh | AT=0 AA=0 MG=0 | Conf: 0.5"
11:19:29 "  rhssaf_group_army_o_ural_squad_mg (rhssaf_group_army_o_ural)"
11:19:29 "    Tags: [""MOTORIZED""]"
11:19:29 "    Units: 8 inf, 1 veh | AT=0 AA=0 MG=0 | Conf: 0.5"
11:19:29 "  rhssaf_group_army_o_ural_squad_sniper (rhssaf_group_army_o_ural)"
11:19:29 "    Tags: [""MEDICAL_TEAM"",""MOTORIZED""]"
11:19:29 "    Units: 8 inf, 1 veh | AT=0 AA=0 MG=0 | Conf: 0.5"
11:19:29 "  rhssaf_group_army_o_ural_squad_mg_sniper (rhssaf_group_army_o_ural)"
11:19:29 "    Tags: [""MOTORIZED""]"
11:19:29 "    Units: 8 inf, 1 veh | AT=0 AA=0 MG=0 | Conf: 0.5"
11:19:29 "  rhssaf_army_group_o_t72s_platoon (rhssaf_group_army_o_t72)"
11:19:29 "    Tags: [""ARMORED"",""ARMOR""]"
11:19:29 "    Units: 0 inf, 3 veh | AT=0 AA=0 MG=0 | Conf: 0.65"
11:19:29 "  rhssaf_army_group_o_t72s_section (rhssaf_group_army_o_t72)"
11:19:29 "    Tags: [""ARMORED"",""ARMOR""]"
11:19:29 "    Units: 0 inf, 2 veh | AT=0 AA=0 MG=0 | Conf: 0.65"