9:59:07 "=============================================================="
 9:59:07 "DSC: Faction 'CSAT (OPF_F)'"
 9:59:07 "=============================================================="
 9:59:07 "DSC: fnc_extractGroups - Extracted 52 groups from faction 'OPF_F'"
 9:59:07 "DSC: fnc_classifyGroups - Classified 52 groups"
 9:59:07 "DSC: fnc_classifyGroups - Tag distribution: [[""INFANTRY_SQUAD"",7],[""NIGHT_CAPABLE"",39],[""PATROL"",24],[""ANTI_AIR"",3],[""SNIPER_TEAM"",1],[""MOTORIZED"",9],[""FIRETEAM"",18],[""NAVAL"",1],[""FOOT"",25],[""ELITE"",15],[""FIXED_WING"",2],[""MEDICAL_TEAM"",1],[""WEAPONS_SQUAD"",2],[""AA_TEAM"",3],[""AIRBORNE"",1],[""ARMOR"",11],[""SUPPORT_BY_FIRE"",2],[""SCOUT_RECON"",15],[""AMPHIBIOUS"",4],[""AIR_ASSAULT"",1],[""ANTI_ARMOR"",18],[""AT_TEAM"",8],[""ENGINEER_TEAM"",3],[""ARMORED"",11]]"
 9:59:07 "  OIA_InfSquad (Infantry)"
 9:59:07 "    Tags: [""INFANTRY_SQUAD"",""ANTI_ARMOR"",""FOOT"",""NIGHT_CAPABLE"",""PATROL""]"
 9:59:07 "    Units: 8 inf, 0 veh | AT=1 AA=0 MG=1 | Conf: 0.6"
 9:59:07 "  OIA_InfSquad_Weapons (Infantry)"
 9:59:07 "    Tags: [""INFANTRY_SQUAD"",""ANTI_ARMOR"",""FOOT"",""NIGHT_CAPABLE"",""PATROL""]"
 9:59:07 "    Units: 8 inf, 0 veh | AT=1 AA=0 MG=1 | Conf: 0.6"
 9:59:07 "  OIA_InfTeam (Infantry)"
 9:59:07 "    Tags: [""FIRETEAM"",""ANTI_ARMOR"",""AT_TEAM"",""FOOT"",""NIGHT_CAPABLE"",""PATROL""]"
 9:59:07 "    Units: 4 inf, 0 veh | AT=1 AA=0 MG=1 | Conf: 0.75"
 9:59:07 "  OIA_InfTeam_AT (Infantry)"
 9:59:07 "    Tags: [""FIRETEAM"",""ANTI_ARMOR"",""AT_TEAM"",""FOOT"",""NIGHT_CAPABLE"",""PATROL""]"
 9:59:07 "    Units: 4 inf, 0 veh | AT=2 AA=0 MG=0 | Conf: 0.75"
 9:59:07 "  OIA_InfTeam_AA (Infantry)"
 9:59:07 "    Tags: [""FIRETEAM"",""ANTI_AIR"",""AA_TEAM"",""FOOT"",""NIGHT_CAPABLE"",""PATROL""]"
 9:59:07 "    Units: 4 inf, 0 veh | AT=0 AA=2 MG=0 | Conf: 0.75"
 9:59:07 "  OIA_InfSentry (Infantry)"
 9:59:07 "    Tags: [""FIRETEAM"",""FOOT"",""NIGHT_CAPABLE"",""PATROL""]"
 9:59:07 "    Units: 2 inf, 0 veh | AT=0 AA=0 MG=0 | Conf: 0.6"
 9:59:07 "  OI_reconTeam (Infantry)"
 9:59:07 "    Tags: [""INFANTRY_SQUAD"",""ANTI_ARMOR"",""SCOUT_RECON"",""FOOT"",""ELITE"",""NIGHT_CAPABLE"",""PATROL""]"
 9:59:07 "    Units: 6 inf, 0 veh | AT=1 AA=0 MG=0 | Conf: 0.8"
 9:59:07 "  OI_reconPatrol (Infantry)"
 9:59:07 "    Tags: [""FIRETEAM"",""MEDICAL_TEAM"",""SCOUT_RECON"",""FOOT"",""ELITE"",""NIGHT_CAPABLE"",""PATROL""]"
 9:59:07 "    Units: 4 inf, 0 veh | AT=0 AA=0 MG=0 | Conf: 0.8"
 9:59:07 "  OI_reconSentry (Infantry)"
 9:59:07 "    Tags: [""FIRETEAM"",""SNIPER_TEAM"",""SCOUT_RECON"",""FOOT"",""ELITE"",""NIGHT_CAPABLE""]"
 9:59:07 "    Units: 2 inf, 0 veh | AT=0 AA=0 MG=0 | Conf: 1"
 9:59:07 "  OI_SniperTeam (Infantry)"
 9:59:07 "    Tags: [""FIRETEAM"",""SCOUT_RECON"",""FOOT"",""NIGHT_CAPABLE"",""PATROL""]"
 9:59:07 "    Units: 2 inf, 0 veh | AT=0 AA=0 MG=0 | Conf: 0.7"
 9:59:07 "  OIA_InfAssault (Infantry)"
 9:59:07 "    Tags: [""INFANTRY_SQUAD"",""ANTI_ARMOR"",""WEAPONS_SQUAD"",""SUPPORT_BY_FIRE"",""FOOT"",""NIGHT_CAPABLE"",""PATROL""]"
 9:59:07 "    Units: 8 inf, 0 veh | AT=1 AA=0 MG=2 | Conf: 0.6"
 9:59:07 "  OIA_ReconSquad (Infantry)"
 9:59:07 "    Tags: [""INFANTRY_SQUAD"",""ANTI_ARMOR"",""SCOUT_RECON"",""FOOT"",""ELITE"",""NIGHT_CAPABLE"",""PATROL""]"
 9:59:07 "    Units: 8 inf, 0 veh | AT=1 AA=0 MG=0 | Conf: 0.8"
 9:59:07 "  O_InfTeam_AT_Heavy (Infantry)"
 9:59:07 "    Tags: [""FIRETEAM"",""ANTI_ARMOR"",""AT_TEAM"",""FOOT"",""NIGHT_CAPABLE"",""PATROL""]"
 9:59:07 "    Units: 4 inf, 0 veh | AT=2 AA=0 MG=0 | Conf: 0.75"
 9:59:07 "  OIA_GuardSquad (UInfantry)"
 9:59:07 "    Tags: [""INFANTRY_SQUAD"",""ANTI_ARMOR"",""FOOT"",""NIGHT_CAPABLE"",""PATROL""]"
 9:59:07 "    Units: 8 inf, 0 veh | AT=1 AA=0 MG=1 | Conf: 0.6"
 9:59:07 "  OIA_GuardTeam (UInfantry)"
 9:59:07 "    Tags: [""FIRETEAM"",""ANTI_ARMOR"",""AT_TEAM"",""FOOT"",""NIGHT_CAPABLE"",""PATROL""]"
 9:59:07 "    Units: 4 inf, 0 veh | AT=1 AA=0 MG=1 | Conf: 0.75"
 9:59:07 "  OIA_GuardSentry (UInfantry)"
 9:59:07 "    Tags: [""FIRETEAM"",""FOOT"",""NIGHT_CAPABLE"",""PATROL""]"
 9:59:07 "    Units: 2 inf, 0 veh | AT=0 AA=0 MG=0 | Conf: 0.6"
 9:59:07 "  OI_diverTeam (SpecOps)"
 9:59:07 "    Tags: [""FIRETEAM"",""SCOUT_RECON"",""AMPHIBIOUS"",""FOOT"",""ELITE"",""PATROL""]"
 9:59:07 "    Units: 4 inf, 0 veh | AT=0 AA=0 MG=0 | Conf: 0.8"
 9:59:07 "  OI_diverTeam_Boat (SpecOps)"
 9:59:07 "    Tags: [""SCOUT_RECON"",""AMPHIBIOUS"",""AMPHIBIOUS"",""NAVAL"",""ELITE""]"
 9:59:07 "    Units: 4 inf, 1 veh | AT=0 AA=0 MG=0 | Conf: 0.7"
 9:59:07 "  OI_diverTeam_SDV (SpecOps)"
 9:59:07 "    Tags: [""SCOUT_RECON"",""AMPHIBIOUS"",""ELITE""]"
 9:59:07 "    Units: 4 inf, 2 veh | AT=0 AA=0 MG=0 | Conf: 0.7"
 9:59:07 "  OI_SmallTeam_UAV (SpecOps)"
 9:59:07 "    Tags: [""SCOUT_RECON"",""AIRBORNE"",""AIR_ASSAULT"",""ELITE"",""NIGHT_CAPABLE""]"
 9:59:07 "    Units: 2 inf, 1 veh | AT=0 AA=0 MG=0 | Conf: 0.7"
 9:59:07 "  OI_ReconTeam_UGV (SpecOps)"
 9:59:07 "    Tags: [""SCOUT_RECON"",""ELITE"",""NIGHT_CAPABLE""]"
 9:59:07 "    Units: 2 inf, 1 veh | AT=0 AA=0 MG=0 | Conf: 0.7"
 9:59:07 "  OI_AttackTeam_UGV (SpecOps)"
 9:59:07 "    Tags: [""SCOUT_RECON"",""ELITE"",""NIGHT_CAPABLE""]"
 9:59:07 "    Units: 2 inf, 1 veh | AT=0 AA=0 MG=0 | Conf: 0.7"
 9:59:07 "  OI_ReconTeam_UAV (SpecOps)"
 9:59:07 "    Tags: [""SCOUT_RECON"",""FIXED_WING"",""ELITE"",""NIGHT_CAPABLE""]"
 9:59:07 "    Units: 2 inf, 1 veh | AT=0 AA=0 MG=0 | Conf: 0.7"
 9:59:07 "  OI_AttackTeam_UAV (SpecOps)"
 9:59:07 "    Tags: [""SCOUT_RECON"",""FIXED_WING"",""ELITE"",""NIGHT_CAPABLE""]"
 9:59:07 "    Units: 2 inf, 1 veh | AT=0 AA=0 MG=0 | Conf: 0.7"
 9:59:07 "  OI_ViperTeam (SpecOps)"
 9:59:07 "    Tags: [""INFANTRY_SQUAD"",""ANTI_ARMOR"",""SCOUT_RECON"",""FOOT"",""ELITE"",""PATROL""]"
 9:59:07 "    Units: 6 inf, 0 veh | AT=1 AA=0 MG=0 | Conf: 0.8"
 9:59:07 "  OI_support_CLS (Support)"
 9:59:07 "    Tags: [""FIRETEAM"",""FOOT"",""NIGHT_CAPABLE"",""PATROL""]"
 9:59:07 "    Units: 4 inf, 0 veh | AT=0 AA=0 MG=1 | Conf: 0.6"
 9:59:07 "  OI_support_EOD (Support)"
 9:59:07 "    Tags: [""FIRETEAM"",""ENGINEER_TEAM"",""FOOT"",""NIGHT_CAPABLE"",""PATROL""]"
 9:59:07 "    Units: 4 inf, 0 veh | AT=0 AA=0 MG=0 | Conf: 0.6"
 9:59:07 "  OI_support_ENG (Support)"
 9:59:07 "    Tags: [""FIRETEAM"",""ENGINEER_TEAM"",""FOOT"",""NIGHT_CAPABLE"",""PATROL""]"
 9:59:07 "    Units: 4 inf, 0 veh | AT=0 AA=0 MG=0 | Conf: 0.6"
 9:59:07 "  OI_recon_EOD (Support)"
 9:59:07 "    Tags: [""FIRETEAM"",""SCOUT_RECON"",""FOOT"",""ELITE"",""NIGHT_CAPABLE"",""PATROL""]"
 9:59:07 "    Units: 4 inf, 0 veh | AT=0 AA=0 MG=0 | Conf: 0.8"
 9:59:07 "  OI_support_MG (Support)"
 9:59:07 "    Tags: [""FIRETEAM"",""FOOT"",""NIGHT_CAPABLE"",""PATROL""]"
 9:59:07 "    Units: 3 inf, 0 veh | AT=0 AA=0 MG=0 | Conf: 0.6"
 9:59:07 "  OI_support_GMG (Support)"
 9:59:07 "    Tags: [""FIRETEAM"",""FOOT"",""NIGHT_CAPABLE"",""PATROL""]"
 9:59:07 "    Units: 3 inf, 0 veh | AT=0 AA=0 MG=0 | Conf: 0.6"
 9:59:07 "  OI_support_Mort (Support)"
 9:59:07 "    Tags: [""FIRETEAM"",""FOOT"",""NIGHT_CAPABLE"",""PATROL""]"
 9:59:07 "    Units: 3 inf, 0 veh | AT=0 AA=0 MG=0 | Conf: 0.6"
 9:59:07 "  OIA_MotInf_Team (Motorized_MTP)"
 9:59:07 "    Tags: [""ANTI_ARMOR"",""AT_TEAM"",""MOTORIZED"",""NIGHT_CAPABLE""]"
 9:59:07 "    Units: 2 inf, 1 veh | AT=1 AA=0 MG=1 | Conf: 0.65"
 9:59:07 "  OIA_MotInf_AT (Motorized_MTP)"
 9:59:07 "    Tags: [""ANTI_ARMOR"",""AT_TEAM"",""MOTORIZED"",""NIGHT_CAPABLE""]"
 9:59:07 "    Units: 3 inf, 1 veh | AT=2 AA=0 MG=0 | Conf: 0.65"
 9:59:07 "  OIA_MotInf_AA (Motorized_MTP)"
 9:59:07 "    Tags: [""ANTI_AIR"",""AA_TEAM"",""MOTORIZED"",""NIGHT_CAPABLE""]"
 9:59:07 "    Units: 3 inf, 1 veh | AT=0 AA=2 MG=0 | Conf: 0.65"
 9:59:07 "  OIA_MotInf_MGTeam (Motorized_MTP)"
 9:59:07 "    Tags: [""MOTORIZED"",""NIGHT_CAPABLE""]"
 9:59:07 "    Units: 3 inf, 1 veh | AT=0 AA=0 MG=0 | Conf: 0.5"
 9:59:07 "  OIA_MotInf_GMGTeam (Motorized_MTP)"
 9:59:07 "    Tags: [""MOTORIZED"",""NIGHT_CAPABLE""]"
 9:59:07 "    Units: 3 inf, 1 veh | AT=0 AA=0 MG=0 | Conf: 0.5"
 9:59:07 "  OIA_MotInf_MortTeam (Motorized_MTP)"
 9:59:07 "    Tags: [""MOTORIZED"",""NIGHT_CAPABLE""]"
 9:59:07 "    Units: 3 inf, 1 veh | AT=0 AA=0 MG=0 | Conf: 0.5"
 9:59:07 "  OIA_MotInf_Reinforce (Motorized_MTP)"
 9:59:07 "    Tags: [""ANTI_ARMOR"",""AT_TEAM"",""WEAPONS_SQUAD"",""SUPPORT_BY_FIRE"",""MOTORIZED"",""NIGHT_CAPABLE""]"
 9:59:07 "    Units: 12 inf, 1 veh | AT=2 AA=0 MG=2 | Conf: 0.65"
 9:59:07 "  O_MotInf_ReconViperTeam (Motorized_MTP)"
 9:59:07 "    Tags: [""ANTI_ARMOR"",""MOTORIZED"",""ELITE""]"
 9:59:07 "    Units: 6 inf, 1 veh | AT=1 AA=0 MG=0 | Conf: 0.6"
 9:59:07 "  O_MotInf_AssaultViperTeam (Motorized_MTP)"
 9:59:07 "    Tags: [""ANTI_ARMOR"",""MOTORIZED""]"
 9:59:07 "    Units: 6 inf, 1 veh | AT=1 AA=0 MG=0 | Conf: 0.5"
 9:59:07 "  OIA_MechInfSquad (Mechanized)"
 9:59:07 "    Tags: [""ANTI_ARMOR"",""ARMORED"",""ARMOR"",""NIGHT_CAPABLE""]"
 9:59:07 "    Units: 8 inf, 1 veh | AT=1 AA=0 MG=1 | Conf: 0.65"
 9:59:07 "  OIA_MechInf_AT (Mechanized)"
 9:59:07 "    Tags: [""ANTI_ARMOR"",""AT_TEAM"",""ARMORED"",""ARMOR"",""NIGHT_CAPABLE""]"
 9:59:07 "    Units: 8 inf, 1 veh | AT=3 AA=0 MG=1 | Conf: 0.8"
 9:59:07 "  OIA_MechInf_AA (Mechanized)"
 9:59:07 "    Tags: [""ANTI_AIR"",""AA_TEAM"",""ARMORED"",""ARMOR"",""NIGHT_CAPABLE""]"
 9:59:07 "    Units: 8 inf, 1 veh | AT=0 AA=3 MG=1 | Conf: 0.8"
 9:59:07 "  OIA_MechInf_Support (Mechanized)"
 9:59:07 "    Tags: [""ENGINEER_TEAM"",""ARMORED"",""ARMOR"",""NIGHT_CAPABLE""]"
 9:59:07 "    Units: 8 inf, 1 veh | AT=0 AA=0 MG=1 | Conf: 0.65"
 9:59:07 "  OIA_TankPlatoon (Armored)"
 9:59:07 "    Tags: [""ARMORED"",""ARMOR""]"
 9:59:07 "    Units: 0 inf, 4 veh | AT=0 AA=0 MG=0 | Conf: 0.65"
 9:59:07 "  OIA_TankPlatoon_AA (Armored)"
 9:59:07 "    Tags: [""ARMORED"",""ARMOR""]"
 9:59:07 "    Units: 0 inf, 4 veh | AT=0 AA=0 MG=0 | Conf: 0.65"
 9:59:07 "  OIA_TankSection (Armored)"
 9:59:07 "    Tags: [""ARMORED"",""ARMOR""]"
 9:59:07 "    Units: 0 inf, 2 veh | AT=0 AA=0 MG=0 | Conf: 0.65"
 9:59:07 "  OIA_SPGPlatoon_Scorcher (Armored)"
 9:59:07 "    Tags: [""ARMORED"",""ARMOR""]"
 9:59:07 "    Units: 0 inf, 4 veh | AT=0 AA=0 MG=0 | Conf: 0.65"
 9:59:07 "  OIA_SPGSection_Scorcher (Armored)"
 9:59:07 "    Tags: [""ARMORED"",""ARMOR""]"
 9:59:07 "    Units: 0 inf, 2 veh | AT=0 AA=0 MG=0 | Conf: 0.65"
 9:59:07 "  O_TankSection_Heavy (Armored)"
 9:59:07 "    Tags: [""ARMORED"",""ARMOR""]"
 9:59:07 "    Units: 0 inf, 2 veh | AT=0 AA=0 MG=0 | Conf: 0.65"
 9:59:07 "  O_TankPlatoon_Heavy (Armored)"
 9:59:07 "    Tags: [""ARMORED"",""ARMOR""]"
 9:59:07 "    Units: 0 inf, 4 veh | AT=0 AA=0 MG=0 | Conf: 0.65"