 9:59:07 "=============================================================="
 9:59:07 "DSC: Faction 'CSAT (Pacific) (OPF_T_F)'"
 9:59:07 "=============================================================="
 9:59:07 "DSC: fnc_extractGroups - Extracted 47 groups from faction 'OPF_T_F'"
 9:59:07 "DSC: fnc_classifyGroups - Classified 47 groups"
 9:59:07 "DSC: fnc_classifyGroups - Tag distribution: [[""INFANTRY_SQUAD"",4],[""NIGHT_CAPABLE"",34],[""PATROL"",19],[""ANTI_AIR"",3],[""SNIPER_TEAM"",1],[""MOTORIZED"",9],[""FIRETEAM"",16],[""NAVAL"",1],[""FOOT"",20],[""ELITE"",14],[""FIXED_WING"",2],[""MEDICAL_TEAM"",3],[""AA_TEAM"",3],[""AIRBORNE"",1],[""ARMOR"",11],[""SCOUT_RECON"",14],[""AMPHIBIOUS"",4],[""AIR_ASSAULT"",1],[""ANTI_ARMOR"",14],[""AT_TEAM"",7],[""ENGINEER_TEAM"",3],[""ARMORED"",11]]"
 9:59:07 "  O_T_InfSquad (Infantry)"
 9:59:07 "    Tags: [""INFANTRY_SQUAD"",""ANTI_ARMOR"",""FOOT"",""NIGHT_CAPABLE"",""PATROL""]"
 9:59:07 "    Units: 8 inf, 0 veh | AT=1 AA=0 MG=0 | Conf: 0.6"
 9:59:07 "  O_T_InfSquad_Weapons (Infantry)"
 9:59:07 "    Tags: [""INFANTRY_SQUAD"",""ANTI_ARMOR"",""FOOT"",""NIGHT_CAPABLE"",""PATROL""]"
 9:59:07 "    Units: 8 inf, 0 veh | AT=1 AA=0 MG=0 | Conf: 0.6"
 9:59:07 "  O_T_InfTeam (Infantry)"
 9:59:07 "    Tags: [""FIRETEAM"",""ANTI_ARMOR"",""AT_TEAM"",""FOOT"",""NIGHT_CAPABLE"",""PATROL""]"
 9:59:07 "    Units: 4 inf, 0 veh | AT=1 AA=0 MG=0 | Conf: 0.75"
 9:59:07 "  O_T_InfTeam_AT (Infantry)"
 9:59:07 "    Tags: [""FIRETEAM"",""ANTI_ARMOR"",""AT_TEAM"",""FOOT"",""NIGHT_CAPABLE"",""PATROL""]"
 9:59:07 "    Units: 4 inf, 0 veh | AT=2 AA=0 MG=0 | Conf: 0.75"
 9:59:07 "  O_T_InfTeam_AA (Infantry)"
 9:59:07 "    Tags: [""FIRETEAM"",""ANTI_AIR"",""AA_TEAM"",""FOOT"",""NIGHT_CAPABLE"",""PATROL""]"
 9:59:07 "    Units: 4 inf, 0 veh | AT=0 AA=2 MG=0 | Conf: 0.75"
 9:59:07 "  O_T_InfSentry (Infantry)"
 9:59:07 "    Tags: [""FIRETEAM"",""FOOT"",""NIGHT_CAPABLE"",""PATROL""]"
 9:59:07 "    Units: 2 inf, 0 veh | AT=0 AA=0 MG=0 | Conf: 0.6"
 9:59:07 "  O_T_reconTeam (Infantry)"
 9:59:07 "    Tags: [""INFANTRY_SQUAD"",""ANTI_ARMOR"",""SCOUT_RECON"",""FOOT"",""ELITE"",""NIGHT_CAPABLE"",""PATROL""]"
 9:59:07 "    Units: 6 inf, 0 veh | AT=1 AA=0 MG=0 | Conf: 0.8"
 9:59:07 "  O_T_reconPatrol (Infantry)"
 9:59:07 "    Tags: [""FIRETEAM"",""MEDICAL_TEAM"",""SCOUT_RECON"",""FOOT"",""ELITE"",""NIGHT_CAPABLE"",""PATROL""]"
 9:59:07 "    Units: 4 inf, 0 veh | AT=0 AA=0 MG=0 | Conf: 0.8"
 9:59:07 "  O_T_reconSentry (Infantry)"
 9:59:07 "    Tags: [""FIRETEAM"",""SNIPER_TEAM"",""SCOUT_RECON"",""FOOT"",""ELITE"",""NIGHT_CAPABLE""]"
 9:59:07 "    Units: 2 inf, 0 veh | AT=0 AA=0 MG=0 | Conf: 1"
 9:59:07 "  O_T_SniperTeam (Infantry)"
 9:59:07 "    Tags: [""FIRETEAM"",""SCOUT_RECON"",""FOOT"",""NIGHT_CAPABLE"",""PATROL""]"
 9:59:07 "    Units: 2 inf, 0 veh | AT=0 AA=0 MG=0 | Conf: 0.7"
 9:59:07 "  O_T_InfTeam_AT_Heavy (Infantry)"
 9:59:07 "    Tags: [""FIRETEAM"",""ANTI_ARMOR"",""AT_TEAM"",""FOOT"",""NIGHT_CAPABLE"",""PATROL""]"
 9:59:07 "    Units: 4 inf, 0 veh | AT=2 AA=0 MG=0 | Conf: 0.75"
 9:59:07 "  O_T_diverTeam (SpecOps)"
 9:59:07 "    Tags: [""FIRETEAM"",""SCOUT_RECON"",""AMPHIBIOUS"",""FOOT"",""ELITE"",""PATROL""]"
 9:59:07 "    Units: 4 inf, 0 veh | AT=0 AA=0 MG=0 | Conf: 0.8"
 9:59:07 "  O_T_diverTeam_Boat (SpecOps)"
 9:59:07 "    Tags: [""SCOUT_RECON"",""AMPHIBIOUS"",""AMPHIBIOUS"",""NAVAL"",""ELITE""]"
 9:59:07 "    Units: 4 inf, 1 veh | AT=0 AA=0 MG=0 | Conf: 0.7"
 9:59:07 "  O_T_diverTeam_SDV (SpecOps)"
 9:59:07 "    Tags: [""SCOUT_RECON"",""AMPHIBIOUS"",""ELITE""]"
 9:59:07 "    Units: 4 inf, 2 veh | AT=0 AA=0 MG=0 | Conf: 0.7"
 9:59:07 "  O_T_SmallTeam_UAV (SpecOps)"
 9:59:07 "    Tags: [""SCOUT_RECON"",""AIRBORNE"",""AIR_ASSAULT"",""ELITE"",""NIGHT_CAPABLE""]"
 9:59:07 "    Units: 2 inf, 1 veh | AT=0 AA=0 MG=0 | Conf: 0.7"
 9:59:07 "  O_T_ReconTeam_UGV (SpecOps)"
 9:59:07 "    Tags: [""SCOUT_RECON"",""ELITE"",""NIGHT_CAPABLE""]"
 9:59:07 "    Units: 2 inf, 1 veh | AT=0 AA=0 MG=0 | Conf: 0.7"
 9:59:07 "  O_T_AttackTeam_UGV (SpecOps)"
 9:59:07 "    Tags: [""SCOUT_RECON"",""ELITE"",""NIGHT_CAPABLE""]"
 9:59:07 "    Units: 2 inf, 1 veh | AT=0 AA=0 MG=0 | Conf: 0.7"
 9:59:07 "  O_T_ReconTeam_UAV (SpecOps)"
 9:59:07 "    Tags: [""SCOUT_RECON"",""FIXED_WING"",""ELITE"",""NIGHT_CAPABLE""]"
 9:59:07 "    Units: 2 inf, 1 veh | AT=0 AA=0 MG=0 | Conf: 0.7"
 9:59:07 "  O_T_AttackTeam_UAV (SpecOps)"
 9:59:07 "    Tags: [""SCOUT_RECON"",""FIXED_WING"",""ELITE"",""NIGHT_CAPABLE""]"
 9:59:07 "    Units: 2 inf, 1 veh | AT=0 AA=0 MG=0 | Conf: 0.7"
 9:59:07 "  O_T_ViperTeam (SpecOps)"
 9:59:07 "    Tags: [""INFANTRY_SQUAD"",""ANTI_ARMOR"",""SCOUT_RECON"",""FOOT"",""ELITE"",""PATROL""]"
 9:59:07 "    Units: 6 inf, 0 veh | AT=1 AA=0 MG=0 | Conf: 0.8"
 9:59:07 "  O_T_support_CLS (Support)"
 9:59:07 "    Tags: [""FIRETEAM"",""MEDICAL_TEAM"",""FOOT"",""NIGHT_CAPABLE"",""PATROL""]"
 9:59:07 "    Units: 4 inf, 0 veh | AT=0 AA=0 MG=0 | Conf: 0.6"
 9:59:07 "  O_T_support_EOD (Support)"
 9:59:07 "    Tags: [""FIRETEAM"",""ENGINEER_TEAM"",""FOOT"",""NIGHT_CAPABLE"",""PATROL""]"
 9:59:07 "    Units: 4 inf, 0 veh | AT=0 AA=0 MG=0 | Conf: 0.6"
 9:59:07 "  O_T_support_ENG (Support)"
 9:59:07 "    Tags: [""FIRETEAM"",""ENGINEER_TEAM"",""FOOT"",""NIGHT_CAPABLE"",""PATROL""]"
 9:59:07 "    Units: 4 inf, 0 veh | AT=0 AA=0 MG=0 | Conf: 0.6"
 9:59:07 "  O_T_recon_EOD (Support)"
 9:59:07 "    Tags: [""FIRETEAM"",""SCOUT_RECON"",""FOOT"",""ELITE"",""NIGHT_CAPABLE"",""PATROL""]"
 9:59:07 "    Units: 4 inf, 0 veh | AT=0 AA=0 MG=0 | Conf: 0.8"
 9:59:07 "  O_T_support_MG (Support)"
 9:59:07 "    Tags: [""FIRETEAM"",""FOOT"",""NIGHT_CAPABLE"",""PATROL""]"
 9:59:07 "    Units: 3 inf, 0 veh | AT=0 AA=0 MG=0 | Conf: 0.6"
 9:59:07 "  O_T_support_GMG (Support)"
 9:59:07 "    Tags: [""FIRETEAM"",""FOOT"",""NIGHT_CAPABLE"",""PATROL""]"
 9:59:07 "    Units: 3 inf, 0 veh | AT=0 AA=0 MG=0 | Conf: 0.6"
 9:59:07 "  O_T_support_Mort (Support)"
 9:59:07 "    Tags: [""FIRETEAM"",""FOOT"",""NIGHT_CAPABLE"",""PATROL""]"
 9:59:07 "    Units: 3 inf, 0 veh | AT=0 AA=0 MG=0 | Conf: 0.6"
 9:59:07 "  O_T_MotInf_Team (Motorized_MTP)"
 9:59:07 "    Tags: [""ANTI_ARMOR"",""AT_TEAM"",""MOTORIZED"",""NIGHT_CAPABLE""]"
 9:59:07 "    Units: 2 inf, 1 veh | AT=1 AA=0 MG=0 | Conf: 0.65"
 9:59:07 "  O_T_MotInf_AT (Motorized_MTP)"
 9:59:07 "    Tags: [""ANTI_ARMOR"",""AT_TEAM"",""MOTORIZED"",""NIGHT_CAPABLE""]"
 9:59:07 "    Units: 3 inf, 1 veh | AT=2 AA=0 MG=0 | Conf: 0.65"
 9:59:07 "  O_T_MotInf_AA (Motorized_MTP)"
 9:59:07 "    Tags: [""ANTI_AIR"",""AA_TEAM"",""MOTORIZED"",""NIGHT_CAPABLE""]"
 9:59:07 "    Units: 3 inf, 1 veh | AT=0 AA=2 MG=0 | Conf: 0.65"
 9:59:07 "  O_T_MotInf_MGTeam (Motorized_MTP)"
 9:59:07 "    Tags: [""MOTORIZED"",""NIGHT_CAPABLE""]"
 9:59:07 "    Units: 3 inf, 1 veh | AT=0 AA=0 MG=0 | Conf: 0.5"
 9:59:07 "  O_T_MotInf_GMGTeam (Motorized_MTP)"
 9:59:07 "    Tags: [""MOTORIZED"",""NIGHT_CAPABLE""]"
 9:59:07 "    Units: 3 inf, 1 veh | AT=0 AA=0 MG=0 | Conf: 0.5"
 9:59:07 "  O_T_MotInf_MortTeam (Motorized_MTP)"
 9:59:07 "    Tags: [""MOTORIZED"",""NIGHT_CAPABLE""]"
 9:59:07 "    Units: 3 inf, 1 veh | AT=0 AA=0 MG=0 | Conf: 0.5"
 9:59:07 "  O_T_MotInf_ReconViperTeam (Motorized_MTP)"
 9:59:07 "    Tags: [""ANTI_ARMOR"",""MOTORIZED"",""ELITE""]"
 9:59:07 "    Units: 6 inf, 1 veh | AT=1 AA=0 MG=0 | Conf: 0.6"
 9:59:07 "  O_T_MotInf_AssaultViperTeam (Motorized_MTP)"
 9:59:07 "    Tags: [""ANTI_ARMOR"",""MOTORIZED""]"
 9:59:07 "    Units: 6 inf, 1 veh | AT=1 AA=0 MG=0 | Conf: 0.5"
 9:59:07 "  O_T_MotInf_Reinforcements (Motorized_MTP)"
 9:59:07 "    Tags: [""ANTI_ARMOR"",""AT_TEAM"",""MOTORIZED"",""NIGHT_CAPABLE""]"
 9:59:07 "    Units: 12 inf, 1 veh | AT=2 AA=0 MG=0 | Conf: 0.65"
 9:59:07 "  O_T_MechInfSquad (Mechanized)"
 9:59:07 "    Tags: [""ANTI_ARMOR"",""ARMORED"",""ARMOR"",""NIGHT_CAPABLE""]"
 9:59:07 "    Units: 8 inf, 1 veh | AT=1 AA=0 MG=0 | Conf: 0.65"
 9:59:07 "  O_T_MechInf_AT (Mechanized)"
 9:59:07 "    Tags: [""ANTI_ARMOR"",""AT_TEAM"",""ARMORED"",""ARMOR"",""NIGHT_CAPABLE""]"
 9:59:07 "    Units: 8 inf, 1 veh | AT=3 AA=0 MG=0 | Conf: 0.8"
 9:59:07 "  O_T_MechInf_AA (Mechanized)"
 9:59:07 "    Tags: [""ANTI_AIR"",""AA_TEAM"",""ARMORED"",""ARMOR"",""NIGHT_CAPABLE""]"
 9:59:07 "    Units: 8 inf, 1 veh | AT=0 AA=3 MG=0 | Conf: 0.8"
 9:59:07 "  O_T_MechInf_Support (Mechanized)"
 9:59:07 "    Tags: [""MEDICAL_TEAM"",""ENGINEER_TEAM"",""ARMORED"",""ARMOR"",""NIGHT_CAPABLE""]"
 9:59:07 "    Units: 8 inf, 1 veh | AT=0 AA=0 MG=0 | Conf: 0.65"
 9:59:07 "  O_T_TankPlatoon (Armored)"
 9:59:07 "    Tags: [""ARMORED"",""ARMOR""]"
 9:59:07 "    Units: 0 inf, 4 veh | AT=0 AA=0 MG=0 | Conf: 0.65"
 9:59:07 "  O_T_TankPlatoon_AA (Armored)"
 9:59:07 "    Tags: [""ARMORED"",""ARMOR""]"
 9:59:07 "    Units: 0 inf, 4 veh | AT=0 AA=0 MG=0 | Conf: 0.65"
 9:59:07 "  O_T_TankSection (Armored)"
 9:59:07 "    Tags: [""ARMORED"",""ARMOR""]"
 9:59:07 "    Units: 0 inf, 2 veh | AT=0 AA=0 MG=0 | Conf: 0.65"
 9:59:07 "  O_T_SPGPlatoon_Scorcher (Armored)"
 9:59:07 "    Tags: [""ARMORED"",""ARMOR""]"
 9:59:07 "    Units: 0 inf, 4 veh | AT=0 AA=0 MG=0 | Conf: 0.65"
 9:59:07 "  O_T_SPGSection_Scorcher (Armored)"
 9:59:07 "    Tags: [""ARMORED"",""ARMOR""]"
 9:59:07 "    Units: 0 inf, 2 veh | AT=0 AA=0 MG=0 | Conf: 0.65"
 9:59:07 "  O_T_TankSection_Heavy (Armored)"
 9:59:07 "    Tags: [""ARMORED"",""ARMOR""]"
 9:59:07 "    Units: 0 inf, 2 veh | AT=0 AA=0 MG=0 | Conf: 0.65"
 9:59:07 "  O_T_TankPlatoon_Heavy (Armored)"
 9:59:07 "    Tags: [""ARMORED"",""ARMOR""]"
 9:59:07 "    Units: 0 inf, 4 veh | AT=0 AA=0 MG=0 | Conf: 0.65"