 9:59:07 "=============================================================="
 9:59:07 "DSC: Faction 'Spetsnaz (OPF_R_F)'"
 9:59:07 "=============================================================="
 9:59:07 "DSC: fnc_extractGroups - Extracted 6 groups from faction 'OPF_R_F'"
 9:59:07 "DSC: fnc_classifyGroups - Classified 6 groups"
 9:59:07 "DSC: fnc_classifyGroups - Tag distribution: [[""INFANTRY_SQUAD"",2],[""NIGHT_CAPABLE"",6],[""PATROL"",4],[""SNIPER_TEAM"",2],[""FIRETEAM"",4],[""FOOT"",6],[""ELITE"",6],[""SCOUT_RECON"",6],[""ANTI_ARMOR"",4],[""AT_TEAM"",3]]"
 9:59:07 "  O_R_InfSquad (SpecOps)"
 9:59:07 "    Tags: [""INFANTRY_SQUAD"",""ANTI_ARMOR"",""AT_TEAM"",""SCOUT_RECON"",""FOOT"",""ELITE"",""NIGHT_CAPABLE"",""PATROL""]"
 9:59:07 "    Units: 8 inf, 0 veh | AT=2 AA=0 MG=0 | Conf: 0.95"
 9:59:07 "  O_R_InfTeam (SpecOps)"
 9:59:07 "    Tags: [""FIRETEAM"",""ANTI_ARMOR"",""AT_TEAM"",""SCOUT_RECON"",""FOOT"",""ELITE"",""NIGHT_CAPABLE"",""PATROL""]"
 9:59:07 "    Units: 4 inf, 0 veh | AT=1 AA=0 MG=0 | Conf: 0.95"
 9:59:07 "  O_R_InfSentry (SpecOps)"
 9:59:07 "    Tags: [""FIRETEAM"",""SNIPER_TEAM"",""SCOUT_RECON"",""FOOT"",""ELITE"",""NIGHT_CAPABLE""]"
 9:59:07 "    Units: 2 inf, 0 veh | AT=0 AA=0 MG=0 | Conf: 1"
 9:59:07 "  O_R_reconSquad (SpecOps)"
 9:59:07 "    Tags: [""INFANTRY_SQUAD"",""ANTI_ARMOR"",""SCOUT_RECON"",""FOOT"",""ELITE"",""NIGHT_CAPABLE"",""PATROL""]"
 9:59:07 "    Units: 8 inf, 0 veh | AT=1 AA=0 MG=0 | Conf: 0.8"
 9:59:07 "  O_R_reconTeam (SpecOps)"
 9:59:07 "    Tags: [""FIRETEAM"",""ANTI_ARMOR"",""AT_TEAM"",""SCOUT_RECON"",""FOOT"",""ELITE"",""NIGHT_CAPABLE"",""PATROL""]"
 9:59:07 "    Units: 4 inf, 0 veh | AT=1 AA=0 MG=0 | Conf: 0.95"
 9:59:07 "  O_R_reconSentry (SpecOps)"
 9:59:07 "    Tags: [""FIRETEAM"",""SNIPER_TEAM"",""SCOUT_RECON"",""FOOT"",""ELITE"",""NIGHT_CAPABLE""]"
 9:59:07 "    Units: 2 inf, 0 veh | AT=0 AA=0 MG=0 | Conf: 1"