10:54:45 "=============================================================="
10:54:45 "DSC: Faction 'Horizon Islands Defence Forces (rhsgref_faction_hidf)'"
10:54:45 "=============================================================="
10:54:45 "DSC: fnc_extractGroups - Extracted 11 groups from faction 'rhsgref_faction_hidf'"
10:54:45 "DSC: fnc_classifyGroups - Classified 11 groups"
10:54:45 "DSC: fnc_classifyGroups - Tag distribution: [[""INFANTRY_SQUAD"",3],[""PATROL"",5],[""SNIPER_TEAM"",2],[""MOTORIZED"",2],[""FIRETEAM"",4],[""FOOT"",7],[""WEAPONS_SQUAD"",2],[""ARMOR"",2],[""SUPPORT_BY_FIRE"",2],[""ARMORED"",2]]"
10:54:45 "  rhsgref_group_hidf_infantry_squad (rhsgref_group_hidf_infantry)"
10:54:45 "    Tags: [""INFANTRY_SQUAD"",""WEAPONS_SQUAD"",""SUPPORT_BY_FIRE"",""FOOT""]"
10:54:45 "    Units: 9 inf, 0 veh | AT=0 AA=0 MG=2 | Conf: 0.6"
10:54:45 "  rhs_group_hidf_infantry_weaponsquad (rhsgref_group_hidf_infantry)"
10:54:45 "    Tags: [""INFANTRY_SQUAD"",""FOOT"",""PATROL""]"
10:54:45 "    Units: 8 inf, 0 veh | AT=0 AA=0 MG=0 | Conf: 0.6"
10:54:45 "  rhs_group_hidf_infantry_squad_sniper (rhsgref_group_hidf_infantry)"
10:54:45 "    Tags: [""INFANTRY_SQUAD"",""WEAPONS_SQUAD"",""SUPPORT_BY_FIRE"",""FOOT""]"
10:54:45 "    Units: 9 inf, 0 veh | AT=0 AA=0 MG=2 | Conf: 0.6"
10:54:45 "  rhs_group_hidf_infantry_team (rhsgref_group_hidf_infantry)"
10:54:45 "    Tags: [""FIRETEAM"",""FOOT"",""PATROL""]"
10:54:45 "    Units: 4 inf, 0 veh | AT=0 AA=0 MG=1 | Conf: 0.6"
10:54:45 "  rhs_group_hidf_infantry_team_MG (rhsgref_group_hidf_infantry)"
10:54:45 "    Tags: [""FIRETEAM"",""FOOT"",""PATROL""]"
10:54:45 "    Units: 4 inf, 0 veh | AT=0 AA=0 MG=0 | Conf: 0.6"
10:54:45 "  rhs_group_hidf_infantry_team_AT (rhsgref_group_hidf_infantry)"
10:54:45 "    Tags: [""FIRETEAM"",""FOOT"",""PATROL""]"
10:54:45 "    Units: 4 inf, 0 veh | AT=0 AA=0 MG=0 | Conf: 0.6"
10:54:45 "  rhs_group_hidf_infantry_team_support (rhsgref_group_hidf_infantry)"
10:54:45 "    Tags: [""FIRETEAM"",""FOOT"",""PATROL""]"
10:54:45 "    Units: 4 inf, 0 veh | AT=0 AA=0 MG=1 | Conf: 0.6"
10:54:45 "  rhsgref_group_hidf_m1025_gmg (rhsgref_group_hidf_hmmwv)"
10:54:45 "    Tags: [""SNIPER_TEAM"",""MOTORIZED""]"
10:54:45 "    Units: 3 inf, 1 veh | AT=0 AA=0 MG=1 | Conf: 0.7"
10:54:45 "  rhsgref_group_hidf_m1025_hmg (rhsgref_group_hidf_hmmwv)"
10:54:45 "    Tags: [""SNIPER_TEAM"",""MOTORIZED""]"
10:54:45 "    Units: 3 inf, 1 veh | AT=0 AA=0 MG=1 | Conf: 0.7"
10:54:45 "  rhsgref_group_hidf_m113_squad (rhsgref_group_hidf_m113)"
10:54:45 "    Tags: [""ARMORED"",""ARMOR""]"
10:54:45 "    Units: 8 inf, 1 veh | AT=0 AA=0 MG=1 | Conf: 0.65"
10:54:45 "  rhsgref_group_hidf_m113_squad_2mg (rhsgref_group_hidf_m113)"
10:54:45 "    Tags: [""ARMORED"",""ARMOR""]"
10:54:45 "    Units: 8 inf, 1 veh | AT=0 AA=0 MG=0 | Conf: 0.65"