16:50:23 "=============================================================="
16:50:23 "DSC: Faction 'Jabiim (ls_jabiim)'"
16:50:23 "=============================================================="
16:50:23 "DSC: fnc_extractGroups - Extracted 38 groups from faction 'ls_cis'"
16:50:23 "DSC: fnc_classifyGroups - Classified 38 groups"
16:50:23 "DSC: fnc_classifyGroups - Tag distribution: [[""PATROL"",33],[""INFANTRY_SQUAD"",5],[""NIGHT_CAPABLE"",3],[""ANTI_AIR"",3],[""SNIPER_TEAM"",4],[""FIRETEAM"",32],[""FOOT"",37],[""ELITE"",3],[""MEDICAL_TEAM"",3],[""AA_TEAM"",3],[""SCOUT_RECON"",3]]"
16:50:23 "  base_b1_fireteam (cis_baseInfantry)"
16:50:23 "    Tags: [""FIRETEAM"",""FOOT"",""PATROL""]"
16:50:23 "    Units: 4 inf, 0 veh | AT=0 AA=0 MG=0 | Conf: 0.6"
16:50:23 "  base_security_team (cis_baseInfantry)"
16:50:23 "    Tags: [""FIRETEAM"",""FOOT"",""PATROL""]"
16:50:23 "    Units: 4 inf, 0 veh | AT=0 AA=0 MG=0 | Conf: 0.6"
16:50:23 "  base_b1_squad (cis_baseInfantry)"
16:50:23 "    Tags: [""INFANTRY_SQUAD"",""FOOT"",""PATROL""]"
16:50:23 "    Units: 8 inf, 0 veh | AT=0 AA=0 MG=0 | Conf: 0.6"
16:50:23 "  base_b1_at (cis_baseInfantry)"
16:50:23 "    Tags: [""FIRETEAM"",""FOOT"",""PATROL""]"
16:50:23 "    Units: 4 inf, 0 veh | AT=0 AA=0 MG=0 | Conf: 0.6"
16:50:23 "  base_b1_aa (cis_baseInfantry)"
16:50:23 "    Tags: [""FIRETEAM"",""ANTI_AIR"",""AA_TEAM"",""FOOT"",""PATROL""]"
16:50:23 "    Units: 4 inf, 0 veh | AT=0 AA=2 MG=0 | Conf: 0.75"
16:50:23 "  base_b1_sentry (cis_baseInfantry)"
16:50:23 "    Tags: [""FIRETEAM"",""FOOT"",""PATROL""]"
16:50:23 "    Units: 2 inf, 0 veh | AT=0 AA=0 MG=0 | Conf: 0.6"
16:50:23 "  base_b1_marksmanPair (cis_baseInfantry)"
16:50:23 "    Tags: [""FIRETEAM"",""SNIPER_TEAM"",""FOOT""]"
16:50:23 "    Units: 2 inf, 0 veh | AT=0 AA=0 MG=0 | Conf: 0.8"
16:50:23 "  base_b1_mgTeam (cis_baseInfantry)"
16:50:23 "    Tags: [""FIRETEAM"",""FOOT"",""PATROL""]"
16:50:23 "    Units: 3 inf, 0 veh | AT=0 AA=0 MG=0 | Conf: 0.6"
16:50:23 "  heavy_b2_fireteam (cis_heavyInfantry)"
16:50:23 "    Tags: [""FIRETEAM"",""FOOT"",""PATROL""]"
16:50:23 "    Units: 4 inf, 0 veh | AT=0 AA=0 MG=0 | Conf: 0.6"
16:50:23 "  heavy_b2_patrol (cis_heavyInfantry)"
16:50:23 "    Tags: [""FIRETEAM"",""FOOT"",""PATROL""]"
16:50:23 "    Units: 2 inf, 0 veh | AT=0 AA=0 MG=0 | Conf: 0.6"
16:50:23 "  specops_bx_fireteam (cis_specialOperations)"
16:50:23 "    Tags: [""FIRETEAM"",""SCOUT_RECON"",""FOOT"",""ELITE"",""NIGHT_CAPABLE"",""PATROL""]"
16:50:23 "    Units: 4 inf, 0 veh | AT=0 AA=0 MG=0 | Conf: 0.8"
16:50:23 "  specops_bx_diplomaticEscort (cis_specialOperations)"
16:50:23 "    Tags: [""FIRETEAM"",""SCOUT_RECON"",""FOOT"",""ELITE"",""NIGHT_CAPABLE"",""PATROL""]"
16:50:23 "    Units: 3 inf, 0 veh | AT=0 AA=0 MG=0 | Conf: 0.8"
16:50:23 "  specops_bx_citadelGuard (cis_specialOperations)"
16:50:23 "    Tags: [""FIRETEAM"",""SCOUT_RECON"",""FOOT"",""ELITE"",""NIGHT_CAPABLE"",""PATROL""]"
16:50:23 "    Units: 3 inf, 0 veh | AT=0 AA=0 MG=0 | Conf: 0.8"
16:50:23 "  geonosis_b1_fireteam (cis_geonosisInfantry)"
16:50:23 "    Tags: [""FIRETEAM"",""FOOT"",""PATROL""]"
16:50:23 "    Units: 4 inf, 0 veh | AT=0 AA=0 MG=0 | Conf: 0.6"
16:50:23 "  geonosis_b1_squad (cis_geonosisInfantry)"
16:50:23 "    Tags: [""INFANTRY_SQUAD"",""FOOT"",""PATROL""]"
16:50:23 "    Units: 8 inf, 0 veh | AT=0 AA=0 MG=0 | Conf: 0.6"
16:50:23 "  geonosis_b1_at (cis_geonosisInfantry)"
16:50:23 "    Tags: [""FIRETEAM"",""FOOT"",""PATROL""]"
16:50:23 "    Units: 4 inf, 0 veh | AT=0 AA=0 MG=0 | Conf: 0.6"
16:50:23 "  geonosis_b1_aa (cis_geonosisInfantry)"
16:50:23 "    Tags: [""FIRETEAM"",""ANTI_AIR"",""AA_TEAM"",""FOOT"",""PATROL""]"
16:50:23 "    Units: 4 inf, 0 veh | AT=0 AA=2 MG=0 | Conf: 0.75"
16:50:23 "  geonosis_b1_sentry (cis_geonosisInfantry)"
16:50:23 "    Tags: [""FIRETEAM"",""FOOT"",""PATROL""]"
16:50:23 "    Units: 2 inf, 0 veh | AT=0 AA=0 MG=0 | Conf: 0.6"
16:50:23 "  geonosis_b1_marksmanPair (cis_geonosisInfantry)"
16:50:23 "    Tags: [""FIRETEAM"",""SNIPER_TEAM"",""FOOT""]"
16:50:23 "    Units: 2 inf, 0 veh | AT=0 AA=0 MG=0 | Conf: 0.8"
16:50:23 "  geonosis_b1_mgTeam (cis_geonosisInfantry)"
16:50:23 "    Tags: [""FIRETEAM"",""FOOT"",""PATROL""]"
16:50:23 "    Units: 3 inf, 0 veh | AT=0 AA=0 MG=0 | Conf: 0.6"
16:50:23 "  training_b1_fireteam (cis_trainingInfantry)"
16:50:23 "    Tags: [""FIRETEAM"",""FOOT"",""PATROL""]"
16:50:23 "    Units: 4 inf, 0 veh | AT=0 AA=0 MG=0 | Conf: 0.6"
16:50:23 "  training_b1_squad (cis_trainingInfantry)"
16:50:23 "    Tags: [""INFANTRY_SQUAD"",""FOOT"",""PATROL""]"
16:50:23 "    Units: 8 inf, 0 veh | AT=0 AA=0 MG=0 | Conf: 0.6"
16:50:23 "  training_b1_at (cis_trainingInfantry)"
16:50:23 "    Tags: [""FIRETEAM"",""FOOT"",""PATROL""]"
16:50:23 "    Units: 4 inf, 0 veh | AT=0 AA=0 MG=0 | Conf: 0.6"
16:50:23 "  training_b1_aa (cis_trainingInfantry)"
16:50:23 "    Tags: [""FIRETEAM"",""ANTI_AIR"",""AA_TEAM"",""FOOT"",""PATROL""]"
16:50:23 "    Units: 4 inf, 0 veh | AT=0 AA=2 MG=0 | Conf: 0.75"
16:50:23 "  training_b1_sentry (cis_trainingInfantry)"
16:50:23 "    Tags: [""FIRETEAM"",""FOOT"",""PATROL""]"
16:50:23 "    Units: 2 inf, 0 veh | AT=0 AA=0 MG=0 | Conf: 0.6"
16:50:23 "  training_b1_marksmanPair (cis_trainingInfantry)"
16:50:23 "    Tags: [""FIRETEAM"",""SNIPER_TEAM"",""FOOT""]"
16:50:23 "    Units: 2 inf, 0 veh | AT=0 AA=0 MG=0 | Conf: 0.8"
16:50:23 "  training_b1_mgTeam (cis_trainingInfantry)"
16:50:23 "    Tags: [""FIRETEAM"",""FOOT"",""PATROL""]"
16:50:23 "    Units: 3 inf, 0 veh | AT=0 AA=0 MG=0 | Conf: 0.6"
16:50:23 "  deathwatch_infantry_squad (mandalorian_deathwatchInfantry)"
16:50:23 "    Tags: [""INFANTRY_SQUAD"",""MEDICAL_TEAM"",""FOOT"",""PATROL""]"
16:50:23 "    Units: 8 inf, 0 veh | AT=0 AA=0 MG=0 | Conf: 0.6"
16:50:23 "  deathwatch_weapons_squad (mandalorian_deathwatchInfantry)"
16:50:23 "    Tags: [""INFANTRY_SQUAD"",""MEDICAL_TEAM"",""FOOT"",""PATROL""]"
16:50:23 "    Units: 8 inf, 0 veh | AT=0 AA=0 MG=0 | Conf: 0.6"
16:50:23 "  deathwatch_infantry_team (mandalorian_deathwatchInfantry)"
16:50:23 "    Tags: [""FIRETEAM"",""FOOT"",""PATROL""]"
16:50:23 "    Units: 4 inf, 0 veh | AT=0 AA=0 MG=0 | Conf: 0.6"
16:50:23 "  deathwatch_at_team (mandalorian_deathwatchInfantry)"
16:50:23 "    Tags: [""FIRETEAM"",""FOOT"",""PATROL""]"
16:50:23 "    Units: 4 inf, 0 veh | AT=0 AA=0 MG=0 | Conf: 0.6"
16:50:23 "  deathwatch_aa_team (mandalorian_deathwatchInfantry)"
16:50:23 "    Tags: [""FIRETEAM"",""FOOT"",""PATROL""]"
16:50:23 "    Units: 4 inf, 0 veh | AT=0 AA=0 MG=0 | Conf: 0.6"
16:50:23 "  deathwatch_support_team (mandalorian_deathwatchInfantry)"
16:50:23 "    Tags: [""FIRETEAM"",""MEDICAL_TEAM"",""FOOT"",""PATROL""]"
16:50:23 "    Units: 4 inf, 0 veh | AT=0 AA=0 MG=0 | Conf: 0.6"
16:50:23 "  deathwatch_eod_team (mandalorian_deathwatchInfantry)"
16:50:23 "    Tags: [""FIRETEAM"",""FOOT"",""PATROL""]"
16:50:23 "    Units: 4 inf, 0 veh | AT=0 AA=0 MG=0 | Conf: 0.6"
16:50:23 "  deathwatch_mg_team (mandalorian_deathwatchInfantry)"
16:50:23 "    Tags: [""FIRETEAM"",""FOOT"",""PATROL""]"
16:50:23 "    Units: 3 inf, 0 veh | AT=0 AA=0 MG=0 | Conf: 0.6"
16:50:23 "  deathwatch_infantry_sentry (mandalorian_deathwatchInfantry)"
16:50:23 "    Tags: [""FIRETEAM"",""FOOT"",""PATROL""]"
16:50:23 "    Units: 2 inf, 0 veh | AT=0 AA=0 MG=0 | Conf: 0.6"
16:50:23 "  deathwatch_sniper_team (mandalorian_deathwatchInfantry)"
16:50:23 "    Tags: [""FIRETEAM"",""SNIPER_TEAM"",""FOOT""]"
16:50:23 "    Units: 2 inf, 0 veh | AT=0 AA=0 MG=0 | Conf: 0.8"
16:50:23 "  cis_mechanized_raptorPack (cis_mechanized)"
16:50:23 "    Tags: []"
16:50:23 "    Units: 0 inf, 4 veh | AT=0 AA=0 MG=0 | Conf: 0.5"