10:26:28 "=============================================================="
10:26:28 "DSC: Faction 'USA (Army - D) (rhs_faction_usarmy_d)'"
10:26:28 "=============================================================="
10:26:28 "DSC: fnc_extractGroups - Extracted 88 groups from faction 'rhs_faction_usarmy_d'"
10:26:28 "DSC: fnc_classifyGroups - Classified 88 groups"
10:26:28 "DSC: fnc_classifyGroups - Tag distribution: [[""PATROL"",16],[""INFANTRY_SQUAD"",8],[""ANTI_AIR"",8],[""SNIPER_TEAM"",3],[""MOTORIZED"",20],[""FIRETEAM"",12],[""FOOT"",20],[""MEDICAL_TEAM"",2],[""WEAPONS_SQUAD"",28],[""AA_TEAM"",8],[""ARMOR"",48],[""SUPPORT_BY_FIRE"",28],[""SCOUT_RECON"",71],[""ARMORED"",48]]"
10:26:28 "  rhs_group_nato_usarmy_d_company_hq (rhs_group_nato_usarmy_d_infantry)"
10:26:28 "    Tags: [""FIRETEAM"",""SCOUT_RECON"",""FOOT"",""PATROL""]"
10:26:28 "    Units: 4 inf, 0 veh | AT=0 AA=0 MG=0 | Conf: 0.7"
10:26:28 "  rhs_group_nato_usarmy_d_platoon_hq (rhs_group_nato_usarmy_d_infantry)"
10:26:28 "    Tags: [""INFANTRY_SQUAD"",""MEDICAL_TEAM"",""SCOUT_RECON"",""FOOT"",""PATROL""]"
10:26:28 "    Units: 6 inf, 0 veh | AT=0 AA=0 MG=0 | Conf: 0.7"
10:26:28 "  rhs_group_nato_usarmy_d_infantry_squad (rhs_group_nato_usarmy_d_infantry)"
10:26:28 "    Tags: [""INFANTRY_SQUAD"",""WEAPONS_SQUAD"",""SUPPORT_BY_FIRE"",""SCOUT_RECON"",""FOOT""]"
10:26:28 "    Units: 9 inf, 0 veh | AT=0 AA=0 MG=2 | Conf: 0.7"
10:26:28 "  rhs_group_nato_usarmy_d_infantry_weaponsquad (rhs_group_nato_usarmy_d_infantry)"
10:26:28 "    Tags: [""INFANTRY_SQUAD"",""WEAPONS_SQUAD"",""SUPPORT_BY_FIRE"",""SCOUT_RECON"",""FOOT"",""PATROL""]"
10:26:28 "    Units: 8 inf, 0 veh | AT=0 AA=0 MG=2 | Conf: 0.7"
10:26:28 "  rhs_group_nato_usarmy_d_infantry_squad_sniper (rhs_group_nato_usarmy_d_infantry)"
10:26:28 "    Tags: [""INFANTRY_SQUAD"",""WEAPONS_SQUAD"",""SUPPORT_BY_FIRE"",""SCOUT_RECON"",""FOOT""]"
10:26:28 "    Units: 9 inf, 0 veh | AT=0 AA=0 MG=2 | Conf: 0.7"
10:26:28 "  rhs_group_nato_usarmy_d_infantry_team (rhs_group_nato_usarmy_d_infantry)"
10:26:28 "    Tags: [""FIRETEAM"",""SCOUT_RECON"",""FOOT"",""PATROL""]"
10:26:28 "    Units: 4 inf, 0 veh | AT=0 AA=0 MG=1 | Conf: 0.7"
10:26:28 "  rhs_group_nato_usarmy_d_infantry_team_MG (rhs_group_nato_usarmy_d_infantry)"
10:26:28 "    Tags: [""FIRETEAM"",""SCOUT_RECON"",""FOOT"",""PATROL""]"
10:26:28 "    Units: 4 inf, 0 veh | AT=0 AA=0 MG=1 | Conf: 0.7"
10:26:28 "  rhs_group_nato_usarmy_d_infantry_team_AA (rhs_group_nato_usarmy_d_infantry)"
10:26:28 "    Tags: [""FIRETEAM"",""ANTI_AIR"",""AA_TEAM"",""SCOUT_RECON"",""FOOT"",""PATROL""]"
10:26:28 "    Units: 4 inf, 0 veh | AT=0 AA=1 MG=1 | Conf: 0.85"
10:26:28 "  rhs_group_nato_usarmy_d_infantry_team_AT (rhs_group_nato_usarmy_d_infantry)"
10:26:28 "    Tags: [""FIRETEAM"",""SCOUT_RECON"",""FOOT"",""PATROL""]"
10:26:28 "    Units: 4 inf, 0 veh | AT=0 AA=0 MG=1 | Conf: 0.7"
10:26:28 "  rhs_group_nato_usarmy_d_infantry_team_support (rhs_group_nato_usarmy_d_infantry)"
10:26:28 "    Tags: [""FIRETEAM"",""SCOUT_RECON"",""FOOT"",""PATROL""]"
10:26:28 "    Units: 4 inf, 0 veh | AT=0 AA=0 MG=1 | Conf: 0.7"
10:26:28 "  rhs_group_nato_usarmy_d_company_hq (rhs_group_nato_usarmy_d_infantry_arb)"
10:26:28 "    Tags: [""FIRETEAM"",""SCOUT_RECON"",""FOOT"",""PATROL""]"
10:26:28 "    Units: 4 inf, 0 veh | AT=0 AA=0 MG=0 | Conf: 0.7"
10:26:28 "  rhs_group_nato_usarmy_d_platoon_hq (rhs_group_nato_usarmy_d_infantry_arb)"
10:26:28 "    Tags: [""INFANTRY_SQUAD"",""MEDICAL_TEAM"",""SCOUT_RECON"",""FOOT"",""PATROL""]"
10:26:28 "    Units: 6 inf, 0 veh | AT=0 AA=0 MG=0 | Conf: 0.7"
10:26:28 "  rhs_group_nato_usarmy_d_infantry_squad (rhs_group_nato_usarmy_d_infantry_arb)"
10:26:28 "    Tags: [""INFANTRY_SQUAD"",""WEAPONS_SQUAD"",""SUPPORT_BY_FIRE"",""SCOUT_RECON"",""FOOT""]"
10:26:28 "    Units: 9 inf, 0 veh | AT=0 AA=0 MG=2 | Conf: 0.7"
10:26:28 "  rhs_group_nato_usarmy_d_infantry_weaponsquad (rhs_group_nato_usarmy_d_infantry_arb)"
10:26:28 "    Tags: [""INFANTRY_SQUAD"",""WEAPONS_SQUAD"",""SUPPORT_BY_FIRE"",""SCOUT_RECON"",""FOOT"",""PATROL""]"
10:26:28 "    Units: 8 inf, 0 veh | AT=0 AA=0 MG=2 | Conf: 0.7"
10:26:28 "  rhs_group_nato_usarmy_d_infantry_squad_sniper (rhs_group_nato_usarmy_d_infantry_arb)"
10:26:28 "    Tags: [""INFANTRY_SQUAD"",""WEAPONS_SQUAD"",""SUPPORT_BY_FIRE"",""SCOUT_RECON"",""FOOT""]"
10:26:28 "    Units: 9 inf, 0 veh | AT=0 AA=0 MG=2 | Conf: 0.7"
10:26:28 "  rhs_group_nato_usarmy_d_infantry_team (rhs_group_nato_usarmy_d_infantry_arb)"
10:26:28 "    Tags: [""FIRETEAM"",""SCOUT_RECON"",""FOOT"",""PATROL""]"
10:26:28 "    Units: 4 inf, 0 veh | AT=0 AA=0 MG=1 | Conf: 0.7"
10:26:28 "  rhs_group_nato_usarmy_d_infantry_team_MG (rhs_group_nato_usarmy_d_infantry_arb)"
10:26:28 "    Tags: [""FIRETEAM"",""SCOUT_RECON"",""FOOT"",""PATROL""]"
10:26:28 "    Units: 4 inf, 0 veh | AT=0 AA=0 MG=1 | Conf: 0.7"
10:26:28 "  rhs_group_nato_usarmy_d_infantry_team_AA (rhs_group_nato_usarmy_d_infantry_arb)"
10:26:28 "    Tags: [""FIRETEAM"",""ANTI_AIR"",""AA_TEAM"",""SCOUT_RECON"",""FOOT"",""PATROL""]"
10:26:28 "    Units: 4 inf, 0 veh | AT=0 AA=1 MG=1 | Conf: 0.85"
10:26:28 "  rhs_group_nato_usarmy_d_infantry_team_AT (rhs_group_nato_usarmy_d_infantry_arb)"
10:26:28 "    Tags: [""FIRETEAM"",""SCOUT_RECON"",""FOOT"",""PATROL""]"
10:26:28 "    Units: 4 inf, 0 veh | AT=0 AA=0 MG=1 | Conf: 0.7"
10:26:28 "  rhs_group_nato_usarmy_d_infantry_team_support (rhs_group_nato_usarmy_d_infantry_arb)"
10:26:28 "    Tags: [""FIRETEAM"",""SCOUT_RECON"",""FOOT"",""PATROL""]"
10:26:28 "    Units: 4 inf, 0 veh | AT=0 AA=0 MG=1 | Conf: 0.7"
10:26:28 "  rhs_group_nato_usarmy_d_RG33_squad (rhs_group_nato_usarmy_d_RG33)"
10:26:28 "    Tags: [""SCOUT_RECON"",""MOTORIZED""]"
10:26:28 "    Units: 7 inf, 1 veh | AT=0 AA=0 MG=1 | Conf: 0.6"
10:26:28 "  rhs_group_nato_usarmy_d_RG33_squad_2mg (rhs_group_nato_usarmy_d_RG33)"
10:26:28 "    Tags: [""WEAPONS_SQUAD"",""SUPPORT_BY_FIRE"",""SCOUT_RECON"",""MOTORIZED""]"
10:26:28 "    Units: 7 inf, 1 veh | AT=0 AA=0 MG=4 | Conf: 0.6"
10:26:28 "  rhs_group_nato_usarmy_d_RG33_squad_sniper (rhs_group_nato_usarmy_d_RG33)"
10:26:28 "    Tags: [""SCOUT_RECON"",""MOTORIZED""]"
10:26:28 "    Units: 7 inf, 1 veh | AT=0 AA=0 MG=1 | Conf: 0.6"
10:26:28 "  rhs_group_nato_usarmy_d_RG33_squad_mg_sniper (rhs_group_nato_usarmy_d_RG33)"
10:26:28 "    Tags: [""WEAPONS_SQUAD"",""SUPPORT_BY_FIRE"",""SCOUT_RECON"",""MOTORIZED""]"
10:26:28 "    Units: 7 inf, 1 veh | AT=0 AA=0 MG=2 | Conf: 0.6"
10:26:28 "  rhs_group_nato_usarmy_d_RG33_m2_squad (rhs_group_nato_usarmy_d_RG33)"
10:26:28 "    Tags: [""SCOUT_RECON"",""MOTORIZED""]"
10:26:28 "    Units: 7 inf, 1 veh | AT=0 AA=0 MG=1 | Conf: 0.6"
10:26:28 "  rhs_group_nato_usarmy_d_RG33_m2_squad_2mg (rhs_group_nato_usarmy_d_RG33)"
10:26:28 "    Tags: [""WEAPONS_SQUAD"",""SUPPORT_BY_FIRE"",""SCOUT_RECON"",""MOTORIZED""]"
10:26:28 "    Units: 7 inf, 1 veh | AT=0 AA=0 MG=4 | Conf: 0.6"
10:26:28 "  rhs_group_nato_usarmy_d_RG33_m2_squad_sniper (rhs_group_nato_usarmy_d_RG33)"
10:26:28 "    Tags: [""SCOUT_RECON"",""MOTORIZED""]"
10:26:28 "    Units: 7 inf, 1 veh | AT=0 AA=0 MG=1 | Conf: 0.6"
10:26:28 "  rhs_group_nato_usarmy_d_RG33_m2_squad_mg_sniper (rhs_group_nato_usarmy_d_RG33)"
10:26:28 "    Tags: [""WEAPONS_SQUAD"",""SUPPORT_BY_FIRE"",""SCOUT_RECON"",""MOTORIZED""]"
10:26:28 "    Units: 7 inf, 1 veh | AT=0 AA=0 MG=2 | Conf: 0.6"
10:26:28 "  rhs_group_nato_usarmy_d_FMTV_1078_squad (rhs_group_nato_usarmy_d_FMTV)"
10:26:28 "    Tags: [""SCOUT_RECON"",""MOTORIZED""]"
10:26:28 "    Units: 8 inf, 1 veh | AT=0 AA=0 MG=1 | Conf: 0.6"
10:26:28 "  rhs_group_nato_usarmy_d_FMTV_1078_squad_2mg (rhs_group_nato_usarmy_d_FMTV)"
10:26:28 "    Tags: [""WEAPONS_SQUAD"",""SUPPORT_BY_FIRE"",""SCOUT_RECON"",""MOTORIZED""]"
10:26:28 "    Units: 8 inf, 1 veh | AT=0 AA=0 MG=5 | Conf: 0.6"
10:26:28 "  rhs_group_nato_usarmy_d_FMTV_1078_squad_sniper (rhs_group_nato_usarmy_d_FMTV)"
10:26:28 "    Tags: [""SCOUT_RECON"",""MOTORIZED""]"
10:26:28 "    Units: 8 inf, 1 veh | AT=0 AA=0 MG=1 | Conf: 0.6"
10:26:28 "  rhs_group_nato_usarmy_d_FMTV_1078_squad_mg_sniper (rhs_group_nato_usarmy_d_FMTV)"
10:26:28 "    Tags: [""WEAPONS_SQUAD"",""SUPPORT_BY_FIRE"",""SCOUT_RECON"",""MOTORIZED""]"
10:26:28 "    Units: 8 inf, 1 veh | AT=0 AA=0 MG=2 | Conf: 0.6"
10:26:28 "  rhs_group_nato_usarmy_d_FMTV_1083_squad (rhs_group_nato_usarmy_d_FMTV)"
10:26:28 "    Tags: [""SCOUT_RECON"",""MOTORIZED""]"
10:26:28 "    Units: 8 inf, 1 veh | AT=0 AA=0 MG=1 | Conf: 0.6"
10:26:28 "  rhs_group_nato_usarmy_d_FMTV_1083_squad_2mg (rhs_group_nato_usarmy_d_FMTV)"
10:26:28 "    Tags: [""WEAPONS_SQUAD"",""SUPPORT_BY_FIRE"",""SCOUT_RECON"",""MOTORIZED""]"
10:26:28 "    Units: 8 inf, 1 veh | AT=0 AA=0 MG=5 | Conf: 0.6"
10:26:28 "  rhs_group_nato_usarmy_d_FMTV_1083_squad_sniper (rhs_group_nato_usarmy_d_FMTV)"
10:26:28 "    Tags: [""SCOUT_RECON"",""MOTORIZED""]"
10:26:28 "    Units: 8 inf, 1 veh | AT=0 AA=0 MG=1 | Conf: 0.6"
10:26:28 "  rhs_group_nato_usarmy_d_FMTV_1083_squad_mg_sniper (rhs_group_nato_usarmy_d_FMTV)"
10:26:28 "    Tags: [""WEAPONS_SQUAD"",""SUPPORT_BY_FIRE"",""SCOUT_RECON"",""MOTORIZED""]"
10:26:28 "    Units: 8 inf, 1 veh | AT=0 AA=0 MG=2 | Conf: 0.6"
10:26:28 "  BUS_MotInf_Team_GMG (rhs_group_nato_usarmy_d_HMMWV)"
10:26:28 "    Tags: [""SNIPER_TEAM"",""SCOUT_RECON"",""MOTORIZED""]"
10:26:28 "    Units: 3 inf, 1 veh | AT=0 AA=0 MG=1 | Conf: 0.8"
10:26:28 "  BUS_MotInf_Team_HMG (rhs_group_nato_usarmy_d_HMMWV)"
10:26:28 "    Tags: [""SNIPER_TEAM"",""SCOUT_RECON"",""MOTORIZED""]"
10:26:28 "    Units: 3 inf, 1 veh | AT=0 AA=0 MG=1 | Conf: 0.8"
10:26:28 "  BUS_MotInf_AT (rhs_group_nato_usarmy_d_HMMWV)"
10:26:28 "    Tags: [""SCOUT_RECON"",""MOTORIZED""]"
10:26:28 "    Units: 3 inf, 1 veh | AT=0 AA=0 MG=0 | Conf: 0.6"
10:26:28 "  BUS_MotInf_AA (rhs_group_nato_usarmy_d_HMMWV)"
10:26:28 "    Tags: [""ANTI_AIR"",""AA_TEAM"",""SNIPER_TEAM"",""SCOUT_RECON"",""MOTORIZED""]"
10:26:28 "    Units: 3 inf, 1 veh | AT=0 AA=2 MG=1 | Conf: 0.95"
10:26:28 "  rhs_group_nato_usarmy_d_M113_squad (rhs_group_nato_usarmy_d_M113)"
10:26:28 "    Tags: [""SCOUT_RECON"",""ARMORED"",""ARMOR""]"
10:26:28 "    Units: 8 inf, 1 veh | AT=0 AA=0 MG=1 | Conf: 0.75"
10:26:28 "  rhs_group_nato_usarmy_d_M113_squad_2mg (rhs_group_nato_usarmy_d_M113)"
10:26:28 "    Tags: [""WEAPONS_SQUAD"",""SUPPORT_BY_FIRE"",""SCOUT_RECON"",""ARMORED"",""ARMOR""]"
10:26:28 "    Units: 8 inf, 1 veh | AT=0 AA=0 MG=2 | Conf: 0.75"
10:26:28 "  rhs_group_nato_usarmy_d_M113_squad_sniper (rhs_group_nato_usarmy_d_M113)"
10:26:28 "    Tags: [""SCOUT_RECON"",""ARMORED"",""ARMOR""]"
10:26:28 "    Units: 8 inf, 1 veh | AT=0 AA=0 MG=1 | Conf: 0.75"
10:26:28 "  rhs_group_nato_usarmy_d_M113_squad_mg_sniper (rhs_group_nato_usarmy_d_M113)"
10:26:28 "    Tags: [""WEAPONS_SQUAD"",""SUPPORT_BY_FIRE"",""SCOUT_RECON"",""ARMORED"",""ARMOR""]"
10:26:28 "    Units: 8 inf, 1 veh | AT=0 AA=0 MG=2 | Conf: 0.75"
10:26:28 "  rhs_group_nato_usarmy_d_bradley_squad (rhs_group_nato_usarmy_d_bradley)"
10:26:28 "    Tags: [""WEAPONS_SQUAD"",""SUPPORT_BY_FIRE"",""SCOUT_RECON"",""ARMORED"",""ARMOR""]"
10:26:28 "    Units: 9 inf, 2 veh | AT=0 AA=0 MG=2 | Conf: 0.75"
10:26:28 "  rhs_group_nato_usarmy_d_bradley_squad_2mg (rhs_group_nato_usarmy_d_bradley)"
10:26:28 "    Tags: [""WEAPONS_SQUAD"",""SUPPORT_BY_FIRE"",""SCOUT_RECON"",""ARMORED"",""ARMOR""]"
10:26:28 "    Units: 9 inf, 2 veh | AT=0 AA=0 MG=2 | Conf: 0.75"
10:26:28 "  rhs_group_nato_usarmy_d_bradley_squad_sniper (rhs_group_nato_usarmy_d_bradley)"
10:26:28 "    Tags: [""SCOUT_RECON"",""ARMORED"",""ARMOR""]"
10:26:28 "    Units: 9 inf, 2 veh | AT=0 AA=0 MG=1 | Conf: 0.75"
10:26:28 "  rhs_group_nato_usarmy_d_bradley_squad_mg_sniper (rhs_group_nato_usarmy_d_bradley)"
10:26:28 "    Tags: [""SCOUT_RECON"",""ARMORED"",""ARMOR""]"
10:26:28 "    Units: 9 inf, 2 veh | AT=0 AA=0 MG=1 | Conf: 0.75"
10:26:28 "  rhs_group_nato_usarmy_d_bradley_aa (rhs_group_nato_usarmy_d_bradley)"
10:26:28 "    Tags: [""ANTI_AIR"",""AA_TEAM"",""SCOUT_RECON"",""ARMORED"",""ARMOR""]"
10:26:28 "    Units: 9 inf, 2 veh | AT=0 AA=4 MG=0 | Conf: 0.9"
10:26:28 "  rhs_group_nato_usarmy_d_bradley_squad (rhs_group_nato_usarmy_d_bradley_busk)"
10:26:28 "    Tags: [""WEAPONS_SQUAD"",""SUPPORT_BY_FIRE"",""SCOUT_RECON"",""ARMORED"",""ARMOR""]"
10:26:28 "    Units: 9 inf, 2 veh | AT=0 AA=0 MG=2 | Conf: 0.75"
10:26:28 "  rhs_group_nato_usarmy_d_bradley_squad_2mg (rhs_group_nato_usarmy_d_bradley_busk)"
10:26:28 "    Tags: [""WEAPONS_SQUAD"",""SUPPORT_BY_FIRE"",""SCOUT_RECON"",""ARMORED"",""ARMOR""]"
10:26:28 "    Units: 9 inf, 2 veh | AT=0 AA=0 MG=2 | Conf: 0.75"
10:26:28 "  rhs_group_nato_usarmy_d_bradley_squad_sniper (rhs_group_nato_usarmy_d_bradley_busk)"
10:26:28 "    Tags: [""SCOUT_RECON"",""ARMORED"",""ARMOR""]"
10:26:28 "    Units: 9 inf, 2 veh | AT=0 AA=0 MG=1 | Conf: 0.75"
10:26:28 "  rhs_group_nato_usarmy_d_bradley_squad_mg_sniper (rhs_group_nato_usarmy_d_bradley_busk)"
10:26:28 "    Tags: [""SCOUT_RECON"",""ARMORED"",""ARMOR""]"
10:26:28 "    Units: 9 inf, 2 veh | AT=0 AA=0 MG=1 | Conf: 0.75"
10:26:28 "  rhs_group_nato_usarmy_d_bradley_aa (rhs_group_nato_usarmy_d_bradley_busk)"
10:26:28 "    Tags: [""ANTI_AIR"",""AA_TEAM"",""SCOUT_RECON"",""ARMORED"",""ARMOR""]"
10:26:28 "    Units: 9 inf, 2 veh | AT=0 AA=4 MG=0 | Conf: 0.9"
10:26:28 "  rhs_group_nato_usarmy_d_bradleyA3_squad (rhs_group_nato_usarmy_d_bradleyA3)"
10:26:28 "    Tags: [""WEAPONS_SQUAD"",""SUPPORT_BY_FIRE"",""SCOUT_RECON"",""ARMORED"",""ARMOR""]"
10:26:28 "    Units: 9 inf, 2 veh | AT=0 AA=0 MG=2 | Conf: 0.75"
10:26:28 "  rhs_group_nato_usarmy_d_bradleyA3_squad_2mg (rhs_group_nato_usarmy_d_bradleyA3)"
10:26:28 "    Tags: [""WEAPONS_SQUAD"",""SUPPORT_BY_FIRE"",""SCOUT_RECON"",""ARMORED"",""ARMOR""]"
10:26:28 "    Units: 9 inf, 2 veh | AT=0 AA=0 MG=2 | Conf: 0.75"
10:26:28 "  rhs_group_nato_usarmy_d_bradleyA3_squad_sniper (rhs_group_nato_usarmy_d_bradleyA3)"
10:26:28 "    Tags: [""SCOUT_RECON"",""ARMORED"",""ARMOR""]"
10:26:28 "    Units: 9 inf, 2 veh | AT=0 AA=0 MG=1 | Conf: 0.75"
10:26:28 "  rhs_group_nato_usarmy_d_bradleyA3_squad_mg_sniper (rhs_group_nato_usarmy_d_bradleyA3)"
10:26:28 "    Tags: [""SCOUT_RECON"",""ARMORED"",""ARMOR""]"
10:26:28 "    Units: 9 inf, 2 veh | AT=0 AA=0 MG=1 | Conf: 0.75"
10:26:28 "  rhs_group_nato_usarmy_d_bradleyA3_aa (rhs_group_nato_usarmy_d_bradleyA3)"
10:26:28 "    Tags: [""ANTI_AIR"",""AA_TEAM"",""SCOUT_RECON"",""ARMORED"",""ARMOR""]"
10:26:28 "    Units: 9 inf, 2 veh | AT=0 AA=4 MG=0 | Conf: 0.9"
10:26:28 "  rhs_group_nato_usarmy_d_bradleyA3_squad (rhs_group_nato_usarmy_d_bradleyA3_busk)"
10:26:28 "    Tags: [""WEAPONS_SQUAD"",""SUPPORT_BY_FIRE"",""SCOUT_RECON"",""ARMORED"",""ARMOR""]"
10:26:28 "    Units: 9 inf, 2 veh | AT=0 AA=0 MG=2 | Conf: 0.75"
10:26:28 "  rhs_group_nato_usarmy_d_bradleyA3_squad_2mg (rhs_group_nato_usarmy_d_bradleyA3_busk)"
10:26:28 "    Tags: [""WEAPONS_SQUAD"",""SUPPORT_BY_FIRE"",""SCOUT_RECON"",""ARMORED"",""ARMOR""]"
10:26:28 "    Units: 9 inf, 2 veh | AT=0 AA=0 MG=2 | Conf: 0.75"
10:26:28 "  rhs_group_nato_usarmy_d_bradleyA3_squad_sniper (rhs_group_nato_usarmy_d_bradleyA3_busk)"
10:26:28 "    Tags: [""SCOUT_RECON"",""ARMORED"",""ARMOR""]"
10:26:28 "    Units: 9 inf, 2 veh | AT=0 AA=0 MG=1 | Conf: 0.75"
10:26:28 "  rhs_group_nato_usarmy_d_bradleyA3_squad_mg_sniper (rhs_group_nato_usarmy_d_bradleyA3_busk)"
10:26:28 "    Tags: [""SCOUT_RECON"",""ARMORED"",""ARMOR""]"
10:26:28 "    Units: 9 inf, 2 veh | AT=0 AA=0 MG=1 | Conf: 0.75"
10:26:28 "  rhs_group_nato_usarmy_d_bradleyA3_aa (rhs_group_nato_usarmy_d_bradleyA3_busk)"
10:26:28 "    Tags: [""ANTI_AIR"",""AA_TEAM"",""SCOUT_RECON"",""ARMORED"",""ARMOR""]"
10:26:28 "    Units: 9 inf, 2 veh | AT=0 AA=4 MG=0 | Conf: 0.9"
10:26:28 "  rhs_group_nato_usarmy_d_bradleyA3_squad (rhs_group_nato_usarmy_d_bradleyA3_busk3)"
10:26:28 "    Tags: [""WEAPONS_SQUAD"",""SUPPORT_BY_FIRE"",""SCOUT_RECON"",""ARMORED"",""ARMOR""]"
10:26:28 "    Units: 9 inf, 2 veh | AT=0 AA=0 MG=2 | Conf: 0.75"
10:26:28 "  rhs_group_nato_usarmy_d_bradleyA3_squad_2mg (rhs_group_nato_usarmy_d_bradleyA3_busk3)"
10:26:28 "    Tags: [""WEAPONS_SQUAD"",""SUPPORT_BY_FIRE"",""SCOUT_RECON"",""ARMORED"",""ARMOR""]"
10:26:28 "    Units: 9 inf, 2 veh | AT=0 AA=0 MG=2 | Conf: 0.75"
10:26:28 "  rhs_group_nato_usarmy_d_bradleyA3_squad_sniper (rhs_group_nato_usarmy_d_bradleyA3_busk3)"
10:26:28 "    Tags: [""SCOUT_RECON"",""ARMORED"",""ARMOR""]"
10:26:28 "    Units: 9 inf, 2 veh | AT=0 AA=0 MG=1 | Conf: 0.75"
10:26:28 "  rhs_group_nato_usarmy_d_bradleyA3_squad_mg_sniper (rhs_group_nato_usarmy_d_bradleyA3_busk3)"
10:26:28 "    Tags: [""SCOUT_RECON"",""ARMORED"",""ARMOR""]"
10:26:28 "    Units: 9 inf, 2 veh | AT=0 AA=0 MG=1 | Conf: 0.75"
10:26:28 "  rhs_group_nato_usarmy_d_bradleyA3_aa (rhs_group_nato_usarmy_d_bradleyA3_busk3)"
10:26:28 "    Tags: [""ANTI_AIR"",""AA_TEAM"",""SCOUT_RECON"",""ARMORED"",""ARMOR""]"
10:26:28 "    Units: 9 inf, 2 veh | AT=0 AA=4 MG=0 | Conf: 0.9"
10:26:28 "  rhs_group_nato_usarmy_d_stryker_squad (rhs_group_nato_usarmy_d_stryker)"
10:26:28 "    Tags: [""WEAPONS_SQUAD"",""SUPPORT_BY_FIRE"",""SCOUT_RECON"",""ARMORED"",""ARMOR""]"
10:26:28 "    Units: 9 inf, 1 veh | AT=0 AA=0 MG=2 | Conf: 0.75"
10:26:28 "  rhs_group_nato_usarmy_d_stryker_wpnsquad (rhs_group_nato_usarmy_d_stryker)"
10:26:28 "    Tags: [""WEAPONS_SQUAD"",""SUPPORT_BY_FIRE"",""SCOUT_RECON"",""ARMORED"",""ARMOR""]"
10:26:28 "    Units: 5 inf, 1 veh | AT=0 AA=0 MG=2 | Conf: 0.75"
10:26:28 "  RHS_M1A1AIM_Platoon (rhs_group_nato_usarmy_d_m1a1)"
10:26:28 "    Tags: [""ARMORED"",""ARMOR""]"
10:26:28 "    Units: 0 inf, 4 veh | AT=0 AA=0 MG=0 | Conf: 0.65"
10:26:28 "  RHS_M1A1AIM_Platoon_AA (rhs_group_nato_usarmy_d_m1a1)"
10:26:28 "    Tags: [""ARMORED"",""ARMOR""]"
10:26:28 "    Units: 0 inf, 4 veh | AT=0 AA=0 MG=0 | Conf: 0.65"
10:26:28 "  RHS_M1A1AIM_Section (rhs_group_nato_usarmy_d_m1a1)"
10:26:28 "    Tags: [""ARMORED"",""ARMOR""]"
10:26:28 "    Units: 0 inf, 2 veh | AT=0 AA=0 MG=0 | Conf: 0.65"
10:26:28 "  RHS_M1A1AIM_TUSK_Platoon (rhs_group_nato_usarmy_d_m1a1)"
10:26:28 "    Tags: [""ARMORED"",""ARMOR""]"
10:26:28 "    Units: 0 inf, 4 veh | AT=0 AA=0 MG=0 | Conf: 0.65"
10:26:28 "  RHS_M1A1AIM_TUSK_Platoon_AA (rhs_group_nato_usarmy_d_m1a1)"
10:26:28 "    Tags: [""ARMORED"",""ARMOR""]"
10:26:28 "    Units: 0 inf, 4 veh | AT=0 AA=0 MG=0 | Conf: 0.65"
10:26:28 "  RHS_M1A1AIM_TUSK_Section (rhs_group_nato_usarmy_d_m1a1)"
10:26:28 "    Tags: [""ARMORED"",""ARMOR""]"
10:26:28 "    Units: 0 inf, 2 veh | AT=0 AA=0 MG=0 | Conf: 0.65"
10:26:28 "  RHS_M1A2SEP_Platoon (rhs_group_nato_usarmy_d_M1A2)"
10:26:28 "    Tags: [""ARMORED"",""ARMOR""]"
10:26:28 "    Units: 0 inf, 4 veh | AT=0 AA=0 MG=0 | Conf: 0.65"
10:26:28 "  RHS_M1A2SEP_Platoon_AA (rhs_group_nato_usarmy_d_M1A2)"
10:26:28 "    Tags: [""ARMORED"",""ARMOR""]"
10:26:28 "    Units: 0 inf, 4 veh | AT=0 AA=0 MG=0 | Conf: 0.65"
10:26:28 "  RHS_M1A2SEP_Section (rhs_group_nato_usarmy_d_M1A2)"
10:26:28 "    Tags: [""ARMORED"",""ARMOR""]"
10:26:28 "    Units: 0 inf, 2 veh | AT=0 AA=0 MG=0 | Conf: 0.65"
10:26:28 "  RHS_M1A2SEP_TUSK_Platoon (rhs_group_nato_usarmy_d_M1A2)"
10:26:28 "    Tags: [""ARMORED"",""ARMOR""]"
10:26:28 "    Units: 0 inf, 4 veh | AT=0 AA=0 MG=0 | Conf: 0.65"
10:26:28 "  RHS_M1A2SEP_TUSK_Platoon_AA (rhs_group_nato_usarmy_d_M1A2)"
10:26:28 "    Tags: [""ARMORED"",""ARMOR""]"
10:26:28 "    Units: 0 inf, 4 veh | AT=0 AA=0 MG=0 | Conf: 0.65"
10:26:28 "  RHS_M1A2SEP_TUSK_Section (rhs_group_nato_usarmy_d_M1A2)"
10:26:28 "    Tags: [""ARMORED"",""ARMOR""]"
10:26:28 "    Units: 0 inf, 2 veh | AT=0 AA=0 MG=0 | Conf: 0.65"
10:26:28 "  RHS_M1A2SEP_d_TUSK2_Platoon (rhs_group_nato_usarmy_d_M1A2)"
10:26:28 "    Tags: [""ARMORED"",""ARMOR""]"
10:26:28 "    Units: 0 inf, 4 veh | AT=0 AA=0 MG=0 | Conf: 0.65"
10:26:28 "  RHS_M1A2SEP_d_TUSK2_Platoon_AA (rhs_group_nato_usarmy_d_M1A2)"
10:26:28 "    Tags: [""ARMORED"",""ARMOR""]"
10:26:28 "    Units: 0 inf, 4 veh | AT=0 AA=0 MG=0 | Conf: 0.65"
10:26:28 "  RHS_M1A2SEP_d_TUSK2_Section (rhs_group_nato_usarmy_d_M1A2)"
10:26:28 "    Tags: [""ARMORED"",""ARMOR""]"
10:26:28 "    Units: 0 inf, 2 veh | AT=0 AA=0 MG=0 | Conf: 0.65"
10:26:28 "  RHS_M109_Platoon (rhs_group_nato_usarmy_d_M109)"
10:26:28 "    Tags: [""ARMORED"",""ARMOR""]"
10:26:28 "    Units: 0 inf, 4 veh | AT=0 AA=0 MG=0 | Conf: 0.65"
10:26:28 "  RHS_M109_Section (rhs_group_nato_usarmy_d_M109)"
10:26:28 "    Tags: [""ARMORED"",""ARMOR""]"
10:26:28 "    Units: 0 inf, 2 veh | AT=0 AA=0 MG=0 | Conf: 0.65"