10:26:29 "=============================================================="
10:26:29 "DSC: Faction 'USA (USMC - D) (rhs_faction_usmc_d)'"
10:26:29 "=============================================================="
10:26:29 "DSC: fnc_extractGroups - Extracted 27 groups from faction 'rhs_faction_usmc_d'"
10:26:29 "DSC: fnc_classifyGroups - Classified 27 groups"
10:26:29 "DSC: fnc_classifyGroups - Tag distribution: [[""INFANTRY_SQUAD"",8],[""PATROL"",12],[""ANTI_AIR"",2],[""MOTORIZED"",12],[""FIRETEAM"",5],[""FOOT"",13],[""ELITE"",5],[""MEDICAL_TEAM"",1],[""WEAPONS_SQUAD"",3],[""AA_TEAM"",2],[""ARMOR"",2],[""SUPPORT_BY_FIRE"",3],[""SCOUT_RECON"",25],[""ARMORED"",2]]"
10:26:29 "  rhs_group_nato_usmc_d_infantry_squad (rhs_group_nato_usmc_d_infantry)"
10:26:29 "    Tags: [""INFANTRY_SQUAD"",""SCOUT_RECON"",""FOOT""]"
10:26:29 "    Units: 13 inf, 0 veh | AT=0 AA=0 MG=0 | Conf: 0.7"
10:26:29 "  rhs_group_nato_usmc_d_infantry_weaponsquad (rhs_group_nato_usmc_d_infantry)"
10:26:29 "    Tags: [""INFANTRY_SQUAD"",""WEAPONS_SQUAD"",""SUPPORT_BY_FIRE"",""SCOUT_RECON"",""FOOT"",""PATROL""]"
10:26:29 "    Units: 7 inf, 0 veh | AT=0 AA=0 MG=2 | Conf: 0.7"
10:26:29 "  rhs_group_nato_usmc_d_infantry_squad_sniper (rhs_group_nato_usmc_d_infantry)"
10:26:29 "    Tags: [""INFANTRY_SQUAD"",""SCOUT_RECON"",""FOOT"",""PATROL""]"
10:26:29 "    Units: 7 inf, 0 veh | AT=0 AA=0 MG=0 | Conf: 0.7"
10:26:29 "  rhs_group_nato_usmc_d_infantry_team (rhs_group_nato_usmc_d_infantry)"
10:26:29 "    Tags: [""FIRETEAM"",""SCOUT_RECON"",""FOOT"",""PATROL""]"
10:26:29 "    Units: 4 inf, 0 veh | AT=0 AA=0 MG=0 | Conf: 0.7"
10:26:29 "  rhs_group_nato_usmc_d_infantry_team_MG (rhs_group_nato_usmc_d_infantry)"
10:26:29 "    Tags: [""FIRETEAM"",""SCOUT_RECON"",""FOOT"",""PATROL""]"
10:26:29 "    Units: 4 inf, 0 veh | AT=0 AA=0 MG=1 | Conf: 0.7"
10:26:29 "  rhs_group_nato_usmc_d_infantry_team_AA (rhs_group_nato_usmc_d_infantry)"
10:26:29 "    Tags: [""FIRETEAM"",""ANTI_AIR"",""AA_TEAM"",""SCOUT_RECON"",""FOOT"",""PATROL""]"
10:26:29 "    Units: 4 inf, 0 veh | AT=0 AA=1 MG=0 | Conf: 0.85"
10:26:29 "  rhs_group_nato_usmc_d_infantry_team_support (rhs_group_nato_usmc_d_infantry)"
10:26:29 "    Tags: [""FIRETEAM"",""MEDICAL_TEAM"",""SCOUT_RECON"",""FOOT"",""PATROL""]"
10:26:29 "    Units: 4 inf, 0 veh | AT=0 AA=0 MG=0 | Conf: 0.7"
10:26:29 "  rhs_group_nato_usmc_d_infantry_team_heavy_AT (rhs_group_nato_usmc_d_infantry)"
10:26:29 "    Tags: [""FIRETEAM"",""SCOUT_RECON"",""FOOT"",""PATROL""]"
10:26:29 "    Units: 4 inf, 0 veh | AT=0 AA=0 MG=0 | Conf: 0.7"
10:26:29 "  rhs_group_nato_usmc_recon_d_infantry_team (rhs_group_nato_usmc_recon_d_infantry)"
10:26:29 "    Tags: [""INFANTRY_SQUAD"",""SCOUT_RECON"",""FOOT"",""ELITE"",""PATROL""]"
10:26:29 "    Units: 6 inf, 0 veh | AT=0 AA=0 MG=1 | Conf: 0.8"
10:26:29 "  rhs_group_nato_usmc_recon_d_infantry_team_MG (rhs_group_nato_usmc_recon_d_infantry)"
10:26:29 "    Tags: [""INFANTRY_SQUAD"",""SCOUT_RECON"",""FOOT"",""ELITE"",""PATROL""]"
10:26:29 "    Units: 6 inf, 0 veh | AT=0 AA=0 MG=1 | Conf: 0.8"
10:26:29 "  rhs_group_nato_usmc_recon_d_infantry_team_support (rhs_group_nato_usmc_recon_d_infantry)"
10:26:29 "    Tags: [""INFANTRY_SQUAD"",""SCOUT_RECON"",""FOOT"",""ELITE"",""PATROL""]"
10:26:29 "    Units: 6 inf, 0 veh | AT=0 AA=0 MG=1 | Conf: 0.8"
10:26:29 "  rhs_group_nato_usmc_recon_d_infantry_team_lite (rhs_group_nato_usmc_recon_d_infantry)"
10:26:29 "    Tags: [""INFANTRY_SQUAD"",""SCOUT_RECON"",""FOOT"",""ELITE"",""PATROL""]"
10:26:29 "    Units: 6 inf, 0 veh | AT=0 AA=0 MG=1 | Conf: 0.8"
10:26:29 "  rhs_group_nato_usmc_recon_d_infantry_team_fast (rhs_group_nato_usmc_recon_d_infantry)"
10:26:29 "    Tags: [""INFANTRY_SQUAD"",""SCOUT_RECON"",""FOOT"",""ELITE"",""PATROL""]"
10:26:29 "    Units: 6 inf, 0 veh | AT=0 AA=0 MG=1 | Conf: 0.8"
10:26:29 "  rhs_group_nato_usmc_d_RG33_squad (rhs_group_nato_usmc_d_RG33)"
10:26:29 "    Tags: [""SCOUT_RECON"",""MOTORIZED""]"
10:26:29 "    Units: 7 inf, 1 veh | AT=0 AA=0 MG=0 | Conf: 0.6"
10:26:29 "  rhs_group_nato_usmc_d_RG33_squad_2mg (rhs_group_nato_usmc_d_RG33)"
10:26:29 "    Tags: [""WEAPONS_SQUAD"",""SUPPORT_BY_FIRE"",""SCOUT_RECON"",""MOTORIZED""]"
10:26:29 "    Units: 7 inf, 1 veh | AT=0 AA=0 MG=2 | Conf: 0.6"
10:26:29 "  rhs_group_nato_usmc_d_RG33_squad_sniper (rhs_group_nato_usmc_d_RG33)"
10:26:29 "    Tags: [""SCOUT_RECON"",""MOTORIZED""]"
10:26:29 "    Units: 7 inf, 1 veh | AT=0 AA=0 MG=0 | Conf: 0.6"
10:26:29 "  rhs_group_nato_usmc_d_RG33_squad_mg_sniper (rhs_group_nato_usmc_d_RG33)"
10:26:29 "    Tags: [""SCOUT_RECON"",""MOTORIZED""]"
10:26:29 "    Units: 7 inf, 1 veh | AT=0 AA=0 MG=1 | Conf: 0.6"
10:26:29 "  rhs_group_nato_usmc_d_RG33_m2_squad (rhs_group_nato_usmc_d_RG33)"
10:26:29 "    Tags: [""SCOUT_RECON"",""MOTORIZED""]"
10:26:29 "    Units: 7 inf, 1 veh | AT=0 AA=0 MG=0 | Conf: 0.6"
10:26:29 "  rhs_group_nato_usmc_d_RG33_m2_squad_2mg (rhs_group_nato_usmc_d_RG33)"
10:26:29 "    Tags: [""WEAPONS_SQUAD"",""SUPPORT_BY_FIRE"",""SCOUT_RECON"",""MOTORIZED""]"
10:26:29 "    Units: 7 inf, 1 veh | AT=0 AA=0 MG=2 | Conf: 0.6"
10:26:29 "  rhs_group_nato_usmc_d_RG33_m2_squad_sniper (rhs_group_nato_usmc_d_RG33)"
10:26:29 "    Tags: [""SCOUT_RECON"",""MOTORIZED""]"
10:26:29 "    Units: 7 inf, 1 veh | AT=0 AA=0 MG=0 | Conf: 0.6"
10:26:29 "  rhs_group_nato_usmc_d_RG33_m2_squad_mg_sniper (rhs_group_nato_usmc_d_RG33)"
10:26:29 "    Tags: [""SCOUT_RECON"",""MOTORIZED""]"
10:26:29 "    Units: 7 inf, 1 veh | AT=0 AA=0 MG=1 | Conf: 0.6"
10:26:29 "  BUS_MotInf_Team_GMG (rhs_group_nato_usmc_d_HMMWV)"
10:26:29 "    Tags: [""SCOUT_RECON"",""MOTORIZED""]"
10:26:29 "    Units: 3 inf, 1 veh | AT=0 AA=0 MG=0 | Conf: 0.6"
10:26:29 "  BUS_MotInf_Team_HMG (rhs_group_nato_usmc_d_HMMWV)"
10:26:29 "    Tags: [""SCOUT_RECON"",""MOTORIZED""]"
10:26:29 "    Units: 3 inf, 1 veh | AT=0 AA=0 MG=0 | Conf: 0.6"
10:26:29 "  BUS_MotInf_AT (rhs_group_nato_usmc_d_HMMWV)"
10:26:29 "    Tags: [""SCOUT_RECON"",""MOTORIZED""]"
10:26:29 "    Units: 3 inf, 1 veh | AT=0 AA=0 MG=0 | Conf: 0.6"
10:26:29 "  BUS_MotInf_AA (rhs_group_nato_usmc_d_HMMWV)"
10:26:29 "    Tags: [""ANTI_AIR"",""AA_TEAM"",""SCOUT_RECON"",""MOTORIZED""]"
10:26:29 "    Units: 3 inf, 1 veh | AT=0 AA=2 MG=0 | Conf: 0.75"
10:26:29 "  RHS_M1A1AIM_d_Platoon (rhs_group_nato_usmc_d_m1a1)"
10:26:29 "    Tags: [""ARMORED"",""ARMOR""]"
10:26:29 "    Units: 0 inf, 4 veh | AT=0 AA=0 MG=0 | Conf: 0.65"
10:26:29 "  RHS_M1A1FEP_d_Section (rhs_group_nato_usmc_d_m1a1)"
10:26:29 "    Tags: [""ARMORED"",""ARMOR""]"
10:26:29 "    Units: 0 inf, 2 veh | AT=0 AA=0 MG=0 | Conf: 0.65"