9:09:20 "=============================================================="
 9:09:20 "DSC: Faction 'CTRG (BLU_CTRG_F)'"
 9:09:20 "=============================================================="
 9:09:20 "DSC: fnc_extractGroups - Extracted 6 groups from faction 'BLU_CTRG_F'"
 9:09:20 "DSC: fnc_classifyGroups - Classified 6 groups"
 9:09:20 "DSC: fnc_classifyGroups - Tag distribution: [[""INFANTRY_SQUAD"",1],[""NIGHT_CAPABLE"",6],[""PATROL"",4],[""MOTORIZED"",2],[""FIRETEAM"",3],[""FOOT"",4],[""ELITE"",6],[""SCOUT_RECON"",6],[""ANTI_ARMOR"",5],[""AT_TEAM"",3]]"
 9:09:20 "  CTRG_InfSquad (Infantry)"
 9:09:20 "    Tags: [""INFANTRY_SQUAD"",""ANTI_ARMOR"",""SCOUT_RECON"",""FOOT"",""ELITE"",""NIGHT_CAPABLE"",""PATROL""]"
 9:09:20 "    Units: 8 inf, 0 veh | AT=1 AA=0 MG=0 | Conf: 0.8"
 9:09:20 "  CTRG_InfTeam (Infantry)"
 9:09:20 "    Tags: [""FIRETEAM"",""ANTI_ARMOR"",""AT_TEAM"",""SCOUT_RECON"",""FOOT"",""ELITE"",""NIGHT_CAPABLE"",""PATROL""]"
 9:09:20 "    Units: 4 inf, 0 veh | AT=1 AA=0 MG=0 | Conf: 0.95"
 9:09:20 "  CTRG_InfSentry (Infantry)"
 9:09:20 "    Tags: [""FIRETEAM"",""SCOUT_RECON"",""FOOT"",""ELITE"",""NIGHT_CAPABLE"",""PATROL""]"
 9:09:20 "    Units: 2 inf, 0 veh | AT=0 AA=0 MG=0 | Conf: 0.8"
 9:09:20 "  B_CTRG_InfTeam_Light (Infantry)"
 9:09:20 "    Tags: [""FIRETEAM"",""ANTI_ARMOR"",""AT_TEAM"",""SCOUT_RECON"",""FOOT"",""ELITE"",""NIGHT_CAPABLE"",""PATROL""]"
 9:09:20 "    Units: 4 inf, 0 veh | AT=1 AA=0 MG=0 | Conf: 0.95"
 9:09:20 "  CTRG_MotInf_ReconTeam (Motorized)"
 9:09:20 "    Tags: [""ANTI_ARMOR"",""SCOUT_RECON"",""MOTORIZED"",""ELITE"",""NIGHT_CAPABLE""]"
 9:09:20 "    Units: 6 inf, 1 veh | AT=1 AA=0 MG=0 | Conf: 0.7"
 9:09:20 "  CTRG_MotInf_AssaultTeam (Motorized)"
 9:09:20 "    Tags: [""ANTI_ARMOR"",""AT_TEAM"",""SCOUT_RECON"",""MOTORIZED"",""ELITE"",""NIGHT_CAPABLE""]"
 9:09:20 "    Units: 4 inf, 1 veh | AT=1 AA=0 MG=0 | Conf: 0.85"