 9:25:42 "=============================================================="
 9:25:42 "DSC: Faction 'FIA (BLU_G_F/Guerilla)'"
 9:25:42 "=============================================================="
 9:25:42 "DSC: fnc_extractGroups - Extracted 15 groups from faction 'Guerilla'"
 9:25:42 "DSC: fnc_classifyGroups - Classified 15 groups"
 9:25:42 "DSC: fnc_classifyGroups - Tag distribution: [[""INFANTRY_SQUAD"",3],[""PATROL"",12],[""SNIPER_TEAM"",1],[""MOTORIZED"",2],[""FIRETEAM"",10],[""FOOT"",13],[""ELITE"",1],[""ANTI_ARMOR"",7],[""AT_TEAM"",4],[""ENGINEER_TEAM"",2]]"
 9:25:42 "  IRG_InfSquad (Infantry)"
 9:25:42 "    Tags: [""INFANTRY_SQUAD"",""ANTI_ARMOR"",""FOOT"",""PATROL""]"
 9:25:42 "    Units: 8 inf, 0 veh | AT=1 AA=0 MG=1 | Conf: 0.6"
 9:25:42 "  IRG_InfSquad_Weapons (Infantry)"
 9:25:42 "    Tags: [""INFANTRY_SQUAD"",""ANTI_ARMOR"",""AT_TEAM"",""FOOT"",""PATROL""]"
 9:25:42 "    Units: 8 inf, 0 veh | AT=2 AA=0 MG=1 | Conf: 0.75"
 9:25:42 "  IRG_InfTeam (Infantry)"
 9:25:42 "    Tags: [""FIRETEAM"",""ANTI_ARMOR"",""AT_TEAM"",""FOOT"",""PATROL""]"
 9:25:42 "    Units: 4 inf, 0 veh | AT=1 AA=0 MG=1 | Conf: 0.75"
 9:25:42 "  IRG_InfTeam_AT (Infantry)"
 9:25:42 "    Tags: [""FIRETEAM"",""ANTI_ARMOR"",""AT_TEAM"",""FOOT"",""PATROL""]"
 9:25:42 "    Units: 4 inf, 0 veh | AT=3 AA=0 MG=0 | Conf: 0.75"
 9:25:42 "  IRG_InfSentry (Infantry)"
 9:25:42 "    Tags: [""FIRETEAM"",""FOOT"",""PATROL""]"
 9:25:42 "    Units: 2 inf, 0 veh | AT=0 AA=0 MG=0 | Conf: 0.6"
 9:25:42 "  IRG_ReconSentry (Infantry)"
 9:25:42 "    Tags: [""FIRETEAM"",""FOOT"",""ELITE"",""PATROL""]"
 9:25:42 "    Units: 2 inf, 0 veh | AT=0 AA=0 MG=0 | Conf: 0.7"
 9:25:42 "  IRG_SniperTeam_M (Infantry)"
 9:25:42 "    Tags: [""FIRETEAM"",""SNIPER_TEAM"",""FOOT""]"
 9:25:42 "    Units: 2 inf, 0 veh | AT=0 AA=0 MG=0 | Conf: 0.8"
 9:25:42 "  IRG_InfAssault (Infantry)"
 9:25:42 "    Tags: [""FIRETEAM"",""FOOT"",""PATROL""]"
 9:25:42 "    Units: 4 inf, 0 veh | AT=0 AA=0 MG=1 | Conf: 0.6"
 9:25:42 "  B_G_InfSquad_Assault (Infantry)"
 9:25:42 "    Tags: [""INFANTRY_SQUAD"",""ANTI_ARMOR"",""FOOT"",""PATROL""]"
 9:25:42 "    Units: 8 inf, 0 veh | AT=1 AA=0 MG=1 | Conf: 0.6"
 9:25:42 "  B_G_InfTeam_Light (Infantry)"
 9:25:42 "    Tags: [""FIRETEAM"",""ANTI_ARMOR"",""AT_TEAM"",""FOOT"",""PATROL""]"
 9:25:42 "    Units: 4 inf, 0 veh | AT=1 AA=0 MG=1 | Conf: 0.75"
 9:25:42 "  IRG_Support_CLS (Support)"
 9:25:42 "    Tags: [""FIRETEAM"",""FOOT"",""PATROL""]"
 9:25:42 "    Units: 4 inf, 0 veh | AT=0 AA=0 MG=1 | Conf: 0.6"
 9:25:42 "  IRG_Support_EOD (Support)"
 9:25:42 "    Tags: [""FIRETEAM"",""ENGINEER_TEAM"",""FOOT"",""PATROL""]"
 9:25:42 "    Units: 4 inf, 0 veh | AT=0 AA=0 MG=0 | Conf: 0.6"
 9:25:42 "  IRG_Support_ENG (Support)"
 9:25:42 "    Tags: [""FIRETEAM"",""ENGINEER_TEAM"",""FOOT"",""PATROL""]"
 9:25:42 "    Units: 4 inf, 0 veh | AT=0 AA=0 MG=1 | Conf: 0.6"
 9:25:42 "  IRG_MotInf_Team (Motorized_MTP)"
 9:25:42 "    Tags: [""ANTI_ARMOR"",""MOTORIZED""]"
 9:25:42 "    Units: 5 inf, 1 veh | AT=1 AA=0 MG=1 | Conf: 0.5"
 9:25:42 "  IRG_Technicals (Motorized_MTP)"
 9:25:42 "    Tags: [""MOTORIZED""]"
 9:25:42 "    Units: 0 inf, 3 veh | AT=0 AA=0 MG=0 | Conf: 0.5"