9:09:20 "=============================================================="
 9:09:20 "DSC: Faction 'NATO (Pacific) (BLU_T_F)'"
 9:09:20 "=============================================================="
 9:09:20 "DSC: fnc_extractGroups - Extracted 45 groups from faction 'BLU_T_F'"
 9:09:20 "DSC: fnc_classifyGroups - Classified 45 groups"
 9:09:20 "DSC: fnc_classifyGroups - Tag distribution: [[""INFANTRY_SQUAD"",3],[""NIGHT_CAPABLE"",34],[""PATROL"",19],[""ANTI_AIR"",3],[""MOTORIZED"",7],[""FIRETEAM"",16],[""NAVAL"",1],[""PLATOON_ELEMENT"",1],[""FOOT"",19],[""ELITE"",12],[""FIXED_WING"",2],[""MEDICAL_TEAM"",3],[""AA_TEAM"",3],[""AIRBORNE"",1],[""ARMOR"",12],[""SCOUT_RECON"",13],[""AMPHIBIOUS"",4],[""AIR_ASSAULT"",1],[""ANTI_ARMOR"",11],[""AT_TEAM"",7],[""ENGINEER_TEAM"",3],[""ARMORED"",12]]"
 9:09:20 "  B_T_InfSquad (Infantry)"
 9:09:20 "    Tags: [""INFANTRY_SQUAD"",""ANTI_ARMOR"",""FOOT"",""NIGHT_CAPABLE"",""PATROL""]"
 9:09:20 "    Units: 8 inf, 0 veh | AT=1 AA=0 MG=0 | Conf: 0.6"
 9:09:20 "  B_T_InfSquad_Weapons (Infantry)"
 9:09:20 "    Tags: [""INFANTRY_SQUAD"",""ANTI_ARMOR"",""FOOT"",""NIGHT_CAPABLE"",""PATROL""]"
 9:09:20 "    Units: 8 inf, 0 veh | AT=1 AA=0 MG=0 | Conf: 0.6"
 9:09:20 "  B_T_InfTeam (Infantry)"
 9:09:20 "    Tags: [""FIRETEAM"",""ANTI_ARMOR"",""AT_TEAM"",""FOOT"",""NIGHT_CAPABLE"",""PATROL""]"
 9:09:20 "    Units: 4 inf, 0 veh | AT=1 AA=0 MG=0 | Conf: 0.75"
 9:09:20 "  B_T_InfTeam_AT (Infantry)"
 9:09:20 "    Tags: [""FIRETEAM"",""ANTI_ARMOR"",""AT_TEAM"",""FOOT"",""NIGHT_CAPABLE"",""PATROL""]"
 9:09:20 "    Units: 4 inf, 0 veh | AT=2 AA=0 MG=0 | Conf: 0.75"
 9:09:20 "  B_T_InfTeam_AA (Infantry)"
 9:09:20 "    Tags: [""FIRETEAM"",""ANTI_AIR"",""AA_TEAM"",""FOOT"",""NIGHT_CAPABLE"",""PATROL""]"
 9:09:20 "    Units: 4 inf, 0 veh | AT=0 AA=2 MG=0 | Conf: 0.75"
 9:09:20 "  B_T_InfSentry (Infantry)"
 9:09:20 "    Tags: [""FIRETEAM"",""FOOT"",""NIGHT_CAPABLE"",""PATROL""]"
 9:09:20 "    Units: 2 inf, 0 veh | AT=0 AA=0 MG=0 | Conf: 0.6"
 9:09:20 "  B_T_ReconTeam (Infantry)"
 9:09:20 "    Tags: [""INFANTRY_SQUAD"",""ANTI_ARMOR"",""SCOUT_RECON"",""FOOT"",""ELITE"",""NIGHT_CAPABLE"",""PATROL""]"
 9:09:20 "    Units: 6 inf, 0 veh | AT=1 AA=0 MG=0 | Conf: 0.8"
 9:09:20 "  B_T_ReconPatrol (Infantry)"
 9:09:20 "    Tags: [""FIRETEAM"",""MEDICAL_TEAM"",""SCOUT_RECON"",""FOOT"",""ELITE"",""NIGHT_CAPABLE"",""PATROL""]"
 9:09:20 "    Units: 4 inf, 0 veh | AT=0 AA=0 MG=0 | Conf: 0.8"
 9:09:20 "  B_T_ReconSentry (Infantry)"
 9:09:20 "    Tags: [""FIRETEAM"",""SCOUT_RECON"",""FOOT"",""ELITE"",""NIGHT_CAPABLE"",""PATROL""]"
 9:09:20 "    Units: 2 inf, 0 veh | AT=0 AA=0 MG=0 | Conf: 0.8"
 9:09:20 "  B_T_SniperTeam (Infantry)"
 9:09:20 "    Tags: [""FIRETEAM"",""SCOUT_RECON"",""FOOT"",""NIGHT_CAPABLE"",""PATROL""]"
 9:09:20 "    Units: 2 inf, 0 veh | AT=0 AA=0 MG=0 | Conf: 0.7"
 9:09:20 "  B_T_InfTeam_Light (Infantry)"
 9:09:20 "    Tags: [""FIRETEAM"",""ANTI_ARMOR"",""AT_TEAM"",""FOOT"",""NIGHT_CAPABLE"",""PATROL""]"
 9:09:20 "    Units: 4 inf, 0 veh | AT=1 AA=0 MG=0 | Conf: 0.75"
 9:09:20 "  B_T_DiverTeam (SpecOps)"
 9:09:20 "    Tags: [""FIRETEAM"",""SCOUT_RECON"",""AMPHIBIOUS"",""FOOT"",""ELITE"",""PATROL""]"
 9:09:20 "    Units: 4 inf, 0 veh | AT=0 AA=0 MG=0 | Conf: 0.8"
 9:09:20 "  B_T_DiverTeam_Boat (SpecOps)"
 9:09:20 "    Tags: [""SCOUT_RECON"",""AMPHIBIOUS"",""AMPHIBIOUS"",""NAVAL"",""ELITE""]"
 9:09:20 "    Units: 4 inf, 1 veh | AT=0 AA=0 MG=0 | Conf: 0.7"
 9:09:20 "  B_T_DiverTeam_SDV (SpecOps)"
 9:09:20 "    Tags: [""SCOUT_RECON"",""AMPHIBIOUS"",""ELITE""]"
 9:09:20 "    Units: 4 inf, 2 veh | AT=0 AA=0 MG=0 | Conf: 0.7"
 9:09:20 "  B_T_SmallTeam_UAV (SpecOps)"
 9:09:20 "    Tags: [""SCOUT_RECON"",""AIRBORNE"",""AIR_ASSAULT"",""ELITE"",""NIGHT_CAPABLE""]"
 9:09:20 "    Units: 2 inf, 1 veh | AT=0 AA=0 MG=0 | Conf: 0.7"
 9:09:20 "  B_T_ReconTeam_UGV (SpecOps)"
 9:09:20 "    Tags: [""SCOUT_RECON"",""ELITE"",""NIGHT_CAPABLE""]"
 9:09:20 "    Units: 2 inf, 1 veh | AT=0 AA=0 MG=0 | Conf: 0.7"
 9:09:20 "  B_T_AttackTeam_UGV (SpecOps)"
 9:09:20 "    Tags: [""SCOUT_RECON"",""ELITE"",""NIGHT_CAPABLE""]"
 9:09:20 "    Units: 2 inf, 1 veh | AT=0 AA=0 MG=0 | Conf: 0.7"
 9:09:20 "  B_T_ReconTeam_UAV (SpecOps)"
 9:09:20 "    Tags: [""SCOUT_RECON"",""FIXED_WING"",""ELITE"",""NIGHT_CAPABLE""]"
 9:09:20 "    Units: 2 inf, 1 veh | AT=0 AA=0 MG=0 | Conf: 0.7"
 9:09:20 "  B_T_AttackTeam_UAV (SpecOps)"
 9:09:20 "    Tags: [""SCOUT_RECON"",""FIXED_WING"",""ELITE"",""NIGHT_CAPABLE""]"
 9:09:20 "    Units: 2 inf, 1 veh | AT=0 AA=0 MG=0 | Conf: 0.7"
 9:09:20 "  B_T_Support_CLS (Support)"
 9:09:20 "    Tags: [""FIRETEAM"",""MEDICAL_TEAM"",""FOOT"",""NIGHT_CAPABLE"",""PATROL""]"
 9:09:20 "    Units: 4 inf, 0 veh | AT=0 AA=0 MG=0 | Conf: 0.6"
 9:09:20 "  B_T_Support_EOD (Support)"
 9:09:20 "    Tags: [""FIRETEAM"",""ENGINEER_TEAM"",""FOOT"",""NIGHT_CAPABLE"",""PATROL""]"
 9:09:20 "    Units: 4 inf, 0 veh | AT=0 AA=0 MG=0 | Conf: 0.6"
 9:09:20 "  B_T_Support_ENG (Support)"
 9:09:20 "    Tags: [""FIRETEAM"",""ENGINEER_TEAM"",""FOOT"",""NIGHT_CAPABLE"",""PATROL""]"
 9:09:20 "    Units: 4 inf, 0 veh | AT=0 AA=0 MG=0 | Conf: 0.6"
 9:09:20 "  B_T_Recon_EOD (Support)"
 9:09:20 "    Tags: [""FIRETEAM"",""SCOUT_RECON"",""FOOT"",""ELITE"",""NIGHT_CAPABLE"",""PATROL""]"
 9:09:20 "    Units: 4 inf, 0 veh | AT=0 AA=0 MG=0 | Conf: 0.8"
 9:09:20 "  B_T_Support_MG (Support)"
 9:09:20 "    Tags: [""FIRETEAM"",""FOOT"",""NIGHT_CAPABLE"",""PATROL""]"
 9:09:20 "    Units: 3 inf, 0 veh | AT=0 AA=0 MG=0 | Conf: 0.6"
 9:09:20 "  B_T_Support_GMG (Support)"
 9:09:20 "    Tags: [""FIRETEAM"",""FOOT"",""NIGHT_CAPABLE"",""PATROL""]"
 9:09:20 "    Units: 3 inf, 0 veh | AT=0 AA=0 MG=0 | Conf: 0.6"
 9:09:20 "  B_T_Support_Mort (Support)"
 9:09:20 "    Tags: [""FIRETEAM"",""FOOT"",""NIGHT_CAPABLE"",""PATROL""]"
 9:09:20 "    Units: 3 inf, 0 veh | AT=0 AA=0 MG=0 | Conf: 0.6"
 9:09:20 "  B_T_MotInf_Team (Motorized)"
 9:09:20 "    Tags: [""ANTI_ARMOR"",""AT_TEAM"",""MOTORIZED"",""NIGHT_CAPABLE""]"
 9:09:20 "    Units: 2 inf, 1 veh | AT=1 AA=0 MG=0 | Conf: 0.65"
 9:09:20 "  B_T_MotInf_AT (Motorized)"
 9:09:20 "    Tags: [""ANTI_ARMOR"",""AT_TEAM"",""MOTORIZED"",""NIGHT_CAPABLE""]"
 9:09:20 "    Units: 3 inf, 1 veh | AT=2 AA=0 MG=0 | Conf: 0.65"
 9:09:20 "  B_T_MotInf_AA (Motorized)"
 9:09:20 "    Tags: [""ANTI_AIR"",""AA_TEAM"",""MOTORIZED"",""NIGHT_CAPABLE""]"
 9:09:20 "    Units: 3 inf, 1 veh | AT=0 AA=2 MG=0 | Conf: 0.65"
 9:09:20 "  B_T_MotInf_MGTeam (Motorized)"
 9:09:20 "    Tags: [""MOTORIZED"",""NIGHT_CAPABLE""]"
 9:09:20 "    Units: 3 inf, 1 veh | AT=0 AA=0 MG=0 | Conf: 0.5"
 9:09:20 "  B_T_MotInf_GMGTeam (Motorized)"
 9:09:20 "    Tags: [""MOTORIZED"",""NIGHT_CAPABLE""]"
 9:09:20 "    Units: 3 inf, 1 veh | AT=0 AA=0 MG=0 | Conf: 0.5"
 9:09:20 "  B_T_MotInf_MortTeam (Motorized)"
 9:09:20 "    Tags: [""MOTORIZED"",""NIGHT_CAPABLE""]"
 9:09:20 "    Units: 3 inf, 1 veh | AT=0 AA=0 MG=0 | Conf: 0.5"
 9:09:20 "  B_T_MotInf_Reinforcements (Motorized)"
 9:09:20 "    Tags: [""PLATOON_ELEMENT"",""ANTI_ARMOR"",""AT_TEAM"",""MOTORIZED"",""NIGHT_CAPABLE""]"
 9:09:20 "    Units: 16 inf, 1 veh | AT=2 AA=0 MG=0 | Conf: 0.65"
 9:09:20 "  B_T_MechInfSquad (Mechanized)"
 9:09:20 "    Tags: [""ANTI_ARMOR"",""ARMORED"",""ARMOR"",""NIGHT_CAPABLE""]"
 9:09:20 "    Units: 8 inf, 1 veh | AT=1 AA=0 MG=0 | Conf: 0.65"
 9:09:20 "  B_T_MechInf_AT (Mechanized)"
 9:09:20 "    Tags: [""ANTI_ARMOR"",""AT_TEAM"",""ARMORED"",""ARMOR"",""NIGHT_CAPABLE""]"
 9:09:20 "    Units: 8 inf, 1 veh | AT=3 AA=0 MG=0 | Conf: 0.8"
 9:09:20 "  B_T_MechInf_AA (Mechanized)"
 9:09:20 "    Tags: [""ANTI_AIR"",""AA_TEAM"",""ARMORED"",""ARMOR"",""NIGHT_CAPABLE""]"
 9:09:20 "    Units: 8 inf, 1 veh | AT=0 AA=3 MG=0 | Conf: 0.8"
 9:09:20 "  B_T_MechInf_Support (Mechanized)"
 9:09:20 "    Tags: [""MEDICAL_TEAM"",""ENGINEER_TEAM"",""ARMORED"",""ARMOR"",""NIGHT_CAPABLE""]"
 9:09:20 "    Units: 8 inf, 1 veh | AT=0 AA=0 MG=0 | Conf: 0.65"
 9:09:20 "  B_T_TankPlatoon (Armored)"
 9:09:20 "    Tags: [""ARMORED"",""ARMOR""]"
 9:09:20 "    Units: 0 inf, 4 veh | AT=0 AA=0 MG=0 | Conf: 0.65"
 9:09:20 "  B_T_TankPlatoon_AA (Armored)"
 9:09:20 "    Tags: [""ARMORED"",""ARMOR""]"
 9:09:20 "    Units: 0 inf, 4 veh | AT=0 AA=0 MG=0 | Conf: 0.65"
 9:09:20 "  B_T_TankSection (Armored)"
 9:09:20 "    Tags: [""ARMORED"",""ARMOR""]"
 9:09:20 "    Units: 0 inf, 2 veh | AT=0 AA=0 MG=0 | Conf: 0.65"
 9:09:20 "  B_T_SPGPlatoon_Scorcher (Armored)"
 9:09:20 "    Tags: [""ARMORED"",""ARMOR""]"
 9:09:20 "    Units: 0 inf, 4 veh | AT=0 AA=0 MG=0 | Conf: 0.65"
 9:09:20 "  B_T_SPGSection_Scorcher (Armored)"
 9:09:20 "    Tags: [""ARMORED"",""ARMOR""]"
 9:09:20 "    Units: 0 inf, 2 veh | AT=0 AA=0 MG=0 | Conf: 0.65"
 9:09:20 "  B_T_SPGSection_MLRS (Armored)"
 9:09:20 "    Tags: [""ARMORED"",""ARMOR""]"
 9:09:20 "    Units: 0 inf, 2 veh | AT=0 AA=0 MG=0 | Conf: 0.65"
 9:09:20 "  B_T_TankDestrSection_Rhino (Armored)"
 9:09:20 "    Tags: [""ARMORED"",""ARMOR""]"
 9:09:20 "    Units: 0 inf, 2 veh | AT=0 AA=0 MG=0 | Conf: 0.65"
 9:09:20 "  B_T_TankDestrSection_RhinoUP (Armored)"
 9:09:20 "    Tags: [""ARMORED"",""ARMOR""]"
 9:09:20 "    Units: 0 inf, 2 veh | AT=0 AA=0 MG=0 | Conf: 0.65"