 8:52:33 "=============================================================="
 8:52:33 "DSC: Faction 'NATO (BLU_F)'"
 8:52:33 "=============================================================="
 8:52:33 "DSC: fnc_extractGroups - Extracted 47 groups from faction 'BLU_F'"
 8:52:34 "DSC: fnc_classifyGroups - Classified 47 groups"
 8:52:34 "DSC: fnc_classifyGroups - Tag distribution: [[""INFANTRY_SQUAD"",5],[""NIGHT_CAPABLE"",36],[""PATROL"",21],[""ANTI_AIR"",3],[""MOTORIZED"",7],[""FIRETEAM"",16],[""NAVAL"",1],[""PLATOON_ELEMENT"",1],[""FOOT"",21],[""ELITE"",13],[""FIXED_WING"",2],[""MEDICAL_TEAM"",3],[""AA_TEAM"",3],[""AIRBORNE"",1],[""ARMOR"",12],[""SCOUT_RECON"",14],[""AMPHIBIOUS"",4],[""AIR_ASSAULT"",1],[""ANTI_ARMOR"",13],[""AT_TEAM"",7],[""ENGINEER_TEAM"",3],[""ARMORED"",12]]"
 8:52:34 "  BUS_InfSquad (Infantry)"
 8:52:34 "    Tags: [""INFANTRY_SQUAD"",""ANTI_ARMOR"",""FOOT"",""NIGHT_CAPABLE"",""PATROL""]"
 8:52:34 "    Units: 8 inf, 0 veh | AT=1 AA=0 MG=0 | Conf: 0.6"
 8:52:34 "  BUS_InfSquad_Weapons (Infantry)"
 8:52:34 "    Tags: [""INFANTRY_SQUAD"",""ANTI_ARMOR"",""FOOT"",""NIGHT_CAPABLE"",""PATROL""]"
 8:52:34 "    Units: 8 inf, 0 veh | AT=1 AA=0 MG=0 | Conf: 0.6"
 8:52:34 "  BUS_InfTeam (Infantry)"
 8:52:34 "    Tags: [""FIRETEAM"",""ANTI_ARMOR"",""AT_TEAM"",""FOOT"",""NIGHT_CAPABLE"",""PATROL""]"
 8:52:34 "    Units: 4 inf, 0 veh | AT=1 AA=0 MG=0 | Conf: 0.75"
 8:52:34 "  BUS_InfTeam_AT (Infantry)"
 8:52:34 "    Tags: [""FIRETEAM"",""ANTI_ARMOR"",""AT_TEAM"",""FOOT"",""NIGHT_CAPABLE"",""PATROL""]"
 8:52:34 "    Units: 4 inf, 0 veh | AT=2 AA=0 MG=0 | Conf: 0.75"
 8:52:34 "  BUS_InfTeam_AA (Infantry)"
 8:52:34 "    Tags: [""FIRETEAM"",""ANTI_AIR"",""AA_TEAM"",""FOOT"",""NIGHT_CAPABLE"",""PATROL""]"
 8:52:34 "    Units: 4 inf, 0 veh | AT=0 AA=2 MG=0 | Conf: 0.75"
 8:52:34 "  BUS_InfSentry (Infantry)"
 8:52:34 "    Tags: [""FIRETEAM"",""FOOT"",""NIGHT_CAPABLE"",""PATROL""]"
 8:52:34 "    Units: 2 inf, 0 veh | AT=0 AA=0 MG=0 | Conf: 0.6"
 8:52:34 "  BUS_ReconTeam (Infantry)"
 8:52:34 "    Tags: [""INFANTRY_SQUAD"",""ANTI_ARMOR"",""SCOUT_RECON"",""FOOT"",""ELITE"",""NIGHT_CAPABLE"",""PATROL""]"
 8:52:34 "    Units: 6 inf, 0 veh | AT=1 AA=0 MG=0 | Conf: 0.8"
 8:52:34 "  BUS_ReconPatrol (Infantry)"
 8:52:34 "    Tags: [""FIRETEAM"",""MEDICAL_TEAM"",""SCOUT_RECON"",""FOOT"",""ELITE"",""NIGHT_CAPABLE"",""PATROL""]"
 8:52:34 "    Units: 4 inf, 0 veh | AT=0 AA=0 MG=0 | Conf: 0.8"
 8:52:34 "  BUS_ReconSentry (Infantry)"
 8:52:34 "    Tags: [""FIRETEAM"",""SCOUT_RECON"",""FOOT"",""ELITE"",""NIGHT_CAPABLE"",""PATROL""]"
 8:52:34 "    Units: 2 inf, 0 veh | AT=0 AA=0 MG=0 | Conf: 0.8"
 8:52:34 "  BUS_SniperTeam (Infantry)"
 8:52:34 "    Tags: [""FIRETEAM"",""SCOUT_RECON"",""FOOT"",""NIGHT_CAPABLE"",""PATROL""]"
 8:52:34 "    Units: 2 inf, 0 veh | AT=0 AA=0 MG=0 | Conf: 0.7"
 8:52:34 "  BUS_InfAssault (Infantry)"
 8:52:34 "    Tags: [""INFANTRY_SQUAD"",""ANTI_ARMOR"",""FOOT"",""NIGHT_CAPABLE"",""PATROL""]"
 8:52:34 "    Units: 8 inf, 0 veh | AT=1 AA=0 MG=1 | Conf: 0.6"
 8:52:34 "  BUS_ReconSquad (Infantry)"
 8:52:34 "    Tags: [""INFANTRY_SQUAD"",""ANTI_ARMOR"",""SCOUT_RECON"",""FOOT"",""ELITE"",""NIGHT_CAPABLE"",""PATROL""]"
 8:52:34 "    Units: 8 inf, 0 veh | AT=1 AA=0 MG=0 | Conf: 0.8"
 8:52:34 "  B_InfTeam_Light (Infantry)"
 8:52:34 "    Tags: [""FIRETEAM"",""ANTI_ARMOR"",""AT_TEAM"",""FOOT"",""NIGHT_CAPABLE"",""PATROL""]"
 8:52:34 "    Units: 4 inf, 0 veh | AT=1 AA=0 MG=0 | Conf: 0.75"
 8:52:34 "  BUS_DiverTeam (SpecOps)"
 8:52:34 "    Tags: [""FIRETEAM"",""SCOUT_RECON"",""AMPHIBIOUS"",""FOOT"",""ELITE"",""PATROL""]"
 8:52:34 "    Units: 4 inf, 0 veh | AT=0 AA=0 MG=0 | Conf: 0.8"
 8:52:34 "  BUS_DiverTeam_Boat (SpecOps)"
 8:52:34 "    Tags: [""SCOUT_RECON"",""AMPHIBIOUS"",""AMPHIBIOUS"",""NAVAL"",""ELITE""]"
 8:52:34 "    Units: 4 inf, 1 veh | AT=0 AA=0 MG=0 | Conf: 0.7"
 8:52:34 "  BUS_DiverTeam_SDV (SpecOps)"
 8:52:34 "    Tags: [""SCOUT_RECON"",""AMPHIBIOUS"",""ELITE""]"
 8:52:34 "    Units: 4 inf, 2 veh | AT=0 AA=0 MG=0 | Conf: 0.7"
 8:52:34 "  BUS_SmallTeam_UAV (SpecOps)"
 8:52:34 "    Tags: [""SCOUT_RECON"",""AIRBORNE"",""AIR_ASSAULT"",""ELITE"",""NIGHT_CAPABLE""]"
 8:52:34 "    Units: 2 inf, 1 veh | AT=0 AA=0 MG=0 | Conf: 0.7"
 8:52:34 "  BUS_ReconTeam_UGV (SpecOps)"
 8:52:34 "    Tags: [""SCOUT_RECON"",""ELITE"",""NIGHT_CAPABLE""]"
 8:52:34 "    Units: 2 inf, 1 veh | AT=0 AA=0 MG=0 | Conf: 0.7"
 8:52:34 "  BUS_AttackTeam_UGV (SpecOps)"
 8:52:34 "    Tags: [""SCOUT_RECON"",""ELITE"",""NIGHT_CAPABLE""]"
 8:52:34 "    Units: 2 inf, 1 veh | AT=0 AA=0 MG=0 | Conf: 0.7"
 8:52:34 "  BUS_ReconTeam_UAV (SpecOps)"
 8:52:34 "    Tags: [""SCOUT_RECON"",""FIXED_WING"",""ELITE"",""NIGHT_CAPABLE""]"
 8:52:34 "    Units: 2 inf, 1 veh | AT=0 AA=0 MG=0 | Conf: 0.7"
 8:52:34 "  BUS_AttackTeam_UAV (SpecOps)"
 8:52:34 "    Tags: [""SCOUT_RECON"",""FIXED_WING"",""ELITE"",""NIGHT_CAPABLE""]"
 8:52:34 "    Units: 2 inf, 1 veh | AT=0 AA=0 MG=0 | Conf: 0.7"
 8:52:34 "  BUS_Support_CLS (Support)"
 8:52:34 "    Tags: [""FIRETEAM"",""MEDICAL_TEAM"",""FOOT"",""NIGHT_CAPABLE"",""PATROL""]"
 8:52:34 "    Units: 4 inf, 0 veh | AT=0 AA=0 MG=0 | Conf: 0.6"
 8:52:34 "  BUS_Support_EOD (Support)"
 8:52:34 "    Tags: [""FIRETEAM"",""ENGINEER_TEAM"",""FOOT"",""NIGHT_CAPABLE"",""PATROL""]"
 8:52:34 "    Units: 4 inf, 0 veh | AT=0 AA=0 MG=0 | Conf: 0.6"
 8:52:34 "  BUS_Support_ENG (Support)"
 8:52:34 "    Tags: [""FIRETEAM"",""ENGINEER_TEAM"",""FOOT"",""NIGHT_CAPABLE"",""PATROL""]"
 8:52:34 "    Units: 4 inf, 0 veh | AT=0 AA=0 MG=0 | Conf: 0.6"
 8:52:34 "  BUS_Recon_EOD (Support)"
 8:52:34 "    Tags: [""FIRETEAM"",""SCOUT_RECON"",""FOOT"",""ELITE"",""NIGHT_CAPABLE"",""PATROL""]"
 8:52:34 "    Units: 4 inf, 0 veh | AT=0 AA=0 MG=0 | Conf: 0.8"
 8:52:34 "  BUS_Support_MG (Support)"
 8:52:34 "    Tags: [""FIRETEAM"",""FOOT"",""NIGHT_CAPABLE"",""PATROL""]"
 8:52:34 "    Units: 3 inf, 0 veh | AT=0 AA=0 MG=0 | Conf: 0.6"
 8:52:34 "  BUS_Support_GMG (Support)"
 8:52:34 "    Tags: [""FIRETEAM"",""FOOT"",""NIGHT_CAPABLE"",""PATROL""]"
 8:52:34 "    Units: 3 inf, 0 veh | AT=0 AA=0 MG=0 | Conf: 0.6"
 8:52:34 "  BUS_Support_Mort (Support)"
 8:52:34 "    Tags: [""FIRETEAM"",""FOOT"",""NIGHT_CAPABLE"",""PATROL""]"
 8:52:34 "    Units: 3 inf, 0 veh | AT=0 AA=0 MG=0 | Conf: 0.6"
 8:52:34 "  BUS_MotInf_Team (Motorized)"
 8:52:34 "    Tags: [""ANTI_ARMOR"",""AT_TEAM"",""MOTORIZED"",""NIGHT_CAPABLE""]"
 8:52:34 "    Units: 2 inf, 1 veh | AT=1 AA=0 MG=0 | Conf: 0.65"
 8:52:34 "  BUS_MotInf_AT (Motorized)"
 8:52:34 "    Tags: [""ANTI_ARMOR"",""AT_TEAM"",""MOTORIZED"",""NIGHT_CAPABLE""]"
 8:52:34 "    Units: 3 inf, 1 veh | AT=2 AA=0 MG=0 | Conf: 0.65"
 8:52:34 "  BUS_MotInf_AA (Motorized)"
 8:52:34 "    Tags: [""ANTI_AIR"",""AA_TEAM"",""MOTORIZED"",""NIGHT_CAPABLE""]"
 8:52:34 "    Units: 3 inf, 1 veh | AT=0 AA=2 MG=0 | Conf: 0.65"
 8:52:34 "  BUS_MotInf_MGTeam (Motorized)"
 8:52:34 "    Tags: [""MOTORIZED"",""NIGHT_CAPABLE""]"
 8:52:34 "    Units: 3 inf, 1 veh | AT=0 AA=0 MG=0 | Conf: 0.5"
 8:52:34 "  BUS_MotInf_GMGTeam (Motorized)"
 8:52:34 "    Tags: [""MOTORIZED"",""NIGHT_CAPABLE""]"
 8:52:34 "    Units: 3 inf, 1 veh | AT=0 AA=0 MG=0 | Conf: 0.5"
 8:52:34 "  BUS_MotInf_MortTeam (Motorized)"
 8:52:34 "    Tags: [""MOTORIZED"",""NIGHT_CAPABLE""]"
 8:52:34 "    Units: 3 inf, 1 veh | AT=0 AA=0 MG=0 | Conf: 0.5"
 8:52:34 "  BUS_MotInf_Reinforce (Motorized)"
 8:52:34 "    Tags: [""PLATOON_ELEMENT"",""ANTI_ARMOR"",""AT_TEAM"",""MOTORIZED"",""NIGHT_CAPABLE""]"
 8:52:34 "    Units: 16 inf, 1 veh | AT=2 AA=0 MG=0 | Conf: 0.65"
 8:52:34 "  BUS_MechInfSquad (Mechanized)"
 8:52:34 "    Tags: [""ANTI_ARMOR"",""ARMORED"",""ARMOR"",""NIGHT_CAPABLE""]"
 8:52:34 "    Units: 8 inf, 1 veh | AT=1 AA=0 MG=0 | Conf: 0.65"
 8:52:34 "  BUS_MechInf_AT (Mechanized)"
 8:52:34 "    Tags: [""ANTI_ARMOR"",""AT_TEAM"",""ARMORED"",""ARMOR"",""NIGHT_CAPABLE""]"
 8:52:34 "    Units: 8 inf, 1 veh | AT=3 AA=0 MG=0 | Conf: 0.8"
 8:52:34 "  BUS_MechInf_AA (Mechanized)"
 8:52:34 "    Tags: [""ANTI_AIR"",""AA_TEAM"",""ARMORED"",""ARMOR"",""NIGHT_CAPABLE""]"
 8:52:34 "    Units: 8 inf, 1 veh | AT=0 AA=3 MG=0 | Conf: 0.8"
 8:52:34 "  BUS_MechInf_Support (Mechanized)"
 8:52:34 "    Tags: [""MEDICAL_TEAM"",""ENGINEER_TEAM"",""ARMORED"",""ARMOR"",""NIGHT_CAPABLE""]"
 8:52:34 "    Units: 8 inf, 1 veh | AT=0 AA=0 MG=0 | Conf: 0.65"
 8:52:34 "  BUS_TankPlatoon (Armored)"
 8:52:34 "    Tags: [""ARMORED"",""ARMOR""]"
 8:52:34 "    Units: 0 inf, 4 veh | AT=0 AA=0 MG=0 | Conf: 0.65"
 8:52:34 "  BUS_TankPlatoon_AA (Armored)"
 8:52:34 "    Tags: [""ARMORED"",""ARMOR""]"
 8:52:34 "    Units: 0 inf, 4 veh | AT=0 AA=0 MG=0 | Conf: 0.65"
 8:52:34 "  BUS_TankSection (Armored)"
 8:52:34 "    Tags: [""ARMORED"",""ARMOR""]"
 8:52:34 "    Units: 0 inf, 2 veh | AT=0 AA=0 MG=0 | Conf: 0.65"
 8:52:34 "  BUS_SPGPlatoon_Scorcher (Armored)"
 8:52:34 "    Tags: [""ARMORED"",""ARMOR""]"
 8:52:34 "    Units: 0 inf, 4 veh | AT=0 AA=0 MG=0 | Conf: 0.65"
 8:52:34 "  BUS_SPGSection_Scorcher (Armored)"
 8:52:34 "    Tags: [""ARMORED"",""ARMOR""]"
 8:52:34 "    Units: 0 inf, 2 veh | AT=0 AA=0 MG=0 | Conf: 0.65"
 8:52:34 "  BUS_SPGSection_MLRS (Armored)"
 8:52:34 "    Tags: [""ARMORED"",""ARMOR""]"
 8:52:34 "    Units: 0 inf, 2 veh | AT=0 AA=0 MG=0 | Conf: 0.65"
 8:52:34 "  B_TankDestrSection_Rhino (Armored)"
 8:52:34 "    Tags: [""ARMORED"",""ARMOR""]"
 8:52:34 "    Units: 0 inf, 2 veh | AT=0 AA=0 MG=0 | Conf: 0.65"
 8:52:34 "  B_TankDestrSection_RhinoUP (Armored)"
 8:52:34 "    Tags: [""ARMORED"",""ARMOR""]"
 8:52:34 "    Units: 0 inf, 2 veh | AT=0 AA=0 MG=0 | Conf: 0.65"