9:09:20 "=============================================================="
 9:09:20 "DSC: Faction 'NATO (Woodland) (BLU_W_F)'"
 9:09:20 "=============================================================="
 9:09:20 "DSC: fnc_extractGroups - Extracted 6 groups from faction 'BLU_W_F'"
 9:09:20 "DSC: fnc_classifyGroups - Classified 6 groups"
 9:09:20 "DSC: fnc_classifyGroups - Tag distribution: [[""INFANTRY_SQUAD"",2],[""NIGHT_CAPABLE"",6],[""PATROL"",6],[""ANTI_AIR"",1],[""FIRETEAM"",4],[""FOOT"",6],[""AA_TEAM"",1],[""ANTI_ARMOR"",4],[""AT_TEAM"",2]]"
 9:09:20 "  B_W_InfSquad (Infantry)"
 9:09:20 "    Tags: [""INFANTRY_SQUAD"",""ANTI_ARMOR"",""FOOT"",""NIGHT_CAPABLE"",""PATROL""]"
 9:09:20 "    Units: 8 inf, 0 veh | AT=1 AA=0 MG=0 | Conf: 0.6"
 9:09:20 "  B_W_InfSquad_Weapons (Infantry)"
 9:09:20 "    Tags: [""INFANTRY_SQUAD"",""ANTI_ARMOR"",""FOOT"",""NIGHT_CAPABLE"",""PATROL""]"
 9:09:20 "    Units: 8 inf, 0 veh | AT=1 AA=0 MG=0 | Conf: 0.6"
 9:09:20 "  B_W_InfTeam (Infantry)"
 9:09:20 "    Tags: [""FIRETEAM"",""ANTI_ARMOR"",""AT_TEAM"",""FOOT"",""NIGHT_CAPABLE"",""PATROL""]"
 9:09:20 "    Units: 4 inf, 0 veh | AT=1 AA=0 MG=0 | Conf: 0.75"
 9:09:20 "  B_W_InfTeam_AT (Infantry)"
 9:09:20 "    Tags: [""FIRETEAM"",""ANTI_ARMOR"",""AT_TEAM"",""FOOT"",""NIGHT_CAPABLE"",""PATROL""]"
 9:09:20 "    Units: 4 inf, 0 veh | AT=2 AA=0 MG=0 | Conf: 0.75"
 9:09:20 "  B_W_InfTeam_AA (Infantry)"
 9:09:20 "    Tags: [""FIRETEAM"",""ANTI_AIR"",""AA_TEAM"",""FOOT"",""NIGHT_CAPABLE"",""PATROL""]"
 9:09:20 "    Units: 4 inf, 0 veh | AT=0 AA=2 MG=0 | Conf: 0.75"
 9:09:20 "  B_W_InfSentry (Infantry)"
 9:09:20 "    Tags: [""FIRETEAM"",""FOOT"",""NIGHT_CAPABLE"",""PATROL""]"
 9:09:20 "    Units: 2 inf, 0 veh | AT=0 AA=0 MG=0 | Conf: 0.6"