10:43:43 "=============================================================="
10:43:43 "DSC: Faction 'Russia (MSV) (rhs_faction_msv)'"
10:43:43 "=============================================================="
10:43:43 "DSC: fnc_extractGroups - Extracted 78 groups from faction 'rhs_faction_msv'"
10:43:43 [CBA] (xeh) INFO: [152237,517.363,0] PostInit started. MISSIONINIT: missionName=test, missionVersion=54, worldName=vr, isMultiplayer=false, isServer=true, isDedicated=false, CBA_isHeadlessClient=false, hasInterface=true, didJIP=false
10:43:43 [CBA] (versioning) INFO: [152237,517.37,0] VERSIONING:cba=3.18.6.260327, zen=1.15.1.36
10:43:43 [CBA] (xeh) INFO: [152237,517.382,0] PostInit finished.
10:43:44 "DSC: fnc_classifyGroups - Classified 78 groups"
10:43:44 "DSC: fnc_classifyGroups - Tag distribution: [[""PATROL"",21],[""INFANTRY_SQUAD"",9],[""MECHANIZED"",18],[""ANTI_AIR"",11],[""MOTORIZED"",14],[""FIRETEAM"",13],[""FOOT"",22],[""WEAPONS_SQUAD"",12],[""AA_TEAM"",11],[""ARMOR"",24],[""SUPPORT_BY_FIRE"",12],[""SCOUT_RECON"",1],[""ANTI_ARMOR"",58],[""AT_TEAM"",22],[""ARMORED"",24]]"
10:43:44 "  rhs_group_rus_msv_infantry_chq (rhs_group_rus_msv_infantry)"
10:43:44 "    Tags: [""FIRETEAM"",""FOOT"",""PATROL""]"
10:43:44 "    Units: 4 inf, 0 veh | AT=0 AA=0 MG=0 | Conf: 0.6"
10:43:44 "  rhs_group_rus_msv_infantry_squad (rhs_group_rus_msv_infantry)"
10:43:44 "    Tags: [""INFANTRY_SQUAD"",""ANTI_ARMOR"",""AT_TEAM"",""FOOT""]"
10:43:44 "    Units: 10 inf, 0 veh | AT=2 AA=0 MG=1 | Conf: 0.75"
10:43:44 "  rhs_group_rus_msv_infantry_squad_2mg (rhs_group_rus_msv_infantry)"
10:43:44 "    Tags: [""INFANTRY_SQUAD"",""ANTI_ARMOR"",""WEAPONS_SQUAD"",""SUPPORT_BY_FIRE"",""FOOT"",""PATROL""]"
10:43:44 "    Units: 7 inf, 0 veh | AT=1 AA=0 MG=2 | Conf: 0.6"
10:43:44 "  rhs_group_rus_msv_infantry_squad_sniper (rhs_group_rus_msv_infantry)"
10:43:44 "    Tags: [""INFANTRY_SQUAD"",""ANTI_ARMOR"",""FOOT"",""PATROL""]"
10:43:44 "    Units: 7 inf, 0 veh | AT=1 AA=0 MG=1 | Conf: 0.6"
10:43:44 "  rhs_group_rus_msv_infantry_squad_mg_sniper (rhs_group_rus_msv_infantry)"
10:43:44 "    Tags: [""INFANTRY_SQUAD"",""ANTI_ARMOR"",""FOOT"",""PATROL""]"
10:43:44 "    Units: 7 inf, 0 veh | AT=1 AA=0 MG=1 | Conf: 0.6"
10:43:44 "  rhs_group_rus_msv_infantry_section_mg (rhs_group_rus_msv_infantry)"
10:43:44 "    Tags: [""FIRETEAM"",""FOOT"",""PATROL""]"
10:43:44 "    Units: 5 inf, 0 veh | AT=0 AA=0 MG=1 | Conf: 0.6"
10:43:44 "  rhs_group_rus_msv_infantry_section_marksman (rhs_group_rus_msv_infantry)"
10:43:44 "    Tags: [""FIRETEAM"",""FOOT"",""PATROL""]"
10:43:44 "    Units: 5 inf, 0 veh | AT=0 AA=0 MG=1 | Conf: 0.6"
10:43:44 "  rhs_group_rus_msv_infantry_section_AT (rhs_group_rus_msv_infantry)"
10:43:44 "    Tags: [""FIRETEAM"",""ANTI_ARMOR"",""AT_TEAM"",""FOOT"",""PATROL""]"
10:43:44 "    Units: 5 inf, 0 veh | AT=2 AA=0 MG=0 | Conf: 0.75"
10:43:44 "  rhs_group_rus_msv_infantry_section_AA (rhs_group_rus_msv_infantry)"
10:43:44 "    Tags: [""FIRETEAM"",""ANTI_AIR"",""AA_TEAM"",""FOOT"",""PATROL""]"
10:43:44 "    Units: 5 inf, 0 veh | AT=0 AA=3 MG=0 | Conf: 0.75"
10:43:44 "  rhs_group_rus_msv_infantry_fireteam (rhs_group_rus_msv_infantry)"
10:43:44 "    Tags: [""FIRETEAM"",""ANTI_ARMOR"",""AT_TEAM"",""FOOT"",""PATROL""]"
10:43:44 "    Units: 4 inf, 0 veh | AT=1 AA=0 MG=1 | Conf: 0.75"
10:43:44 "  rhs_group_rus_msv_infantry_MANEUVER (rhs_group_rus_msv_infantry)"
10:43:44 "    Tags: [""FIRETEAM"",""FOOT"",""PATROL""]"
10:43:44 "    Units: 3 inf, 0 veh | AT=0 AA=0 MG=0 | Conf: 0.6"
10:43:44 "  rhs_group_rus_msv_infantry_emr_chq (rhs_group_rus_msv_infantry_emr)"
10:43:44 "    Tags: [""FIRETEAM"",""FOOT"",""PATROL""]"
10:43:44 "    Units: 4 inf, 0 veh | AT=0 AA=0 MG=0 | Conf: 0.6"
10:43:44 "  rhs_group_rus_msv_infantry_emr_squad (rhs_group_rus_msv_infantry_emr)"
10:43:44 "    Tags: [""INFANTRY_SQUAD"",""ANTI_ARMOR"",""AT_TEAM"",""FOOT"",""PATROL""]"
10:43:44 "    Units: 7 inf, 0 veh | AT=2 AA=0 MG=1 | Conf: 0.75"
10:43:44 "  rhs_group_rus_msv_infantry_emr_squad_2mg (rhs_group_rus_msv_infantry_emr)"
10:43:44 "    Tags: [""INFANTRY_SQUAD"",""ANTI_ARMOR"",""AT_TEAM"",""WEAPONS_SQUAD"",""SUPPORT_BY_FIRE"",""FOOT"",""PATROL""]"
10:43:44 "    Units: 7 inf, 0 veh | AT=2 AA=0 MG=2 | Conf: 0.75"
10:43:44 "  rhs_group_rus_msv_infantry_emr_squad_sniper (rhs_group_rus_msv_infantry_emr)"
10:43:44 "    Tags: [""INFANTRY_SQUAD"",""ANTI_ARMOR"",""AT_TEAM"",""FOOT"",""PATROL""]"
10:43:44 "    Units: 7 inf, 0 veh | AT=2 AA=0 MG=1 | Conf: 0.75"
10:43:44 "  rhs_group_rus_msv_infantry_emr_squad_mg_sniper (rhs_group_rus_msv_infantry_emr)"
10:43:44 "    Tags: [""INFANTRY_SQUAD"",""ANTI_ARMOR"",""FOOT"",""PATROL""]"
10:43:44 "    Units: 7 inf, 0 veh | AT=1 AA=0 MG=1 | Conf: 0.6"
10:43:44 "  rhs_group_rus_msv_infantry_emr_section_mg (rhs_group_rus_msv_infantry_emr)"
10:43:44 "    Tags: [""INFANTRY_SQUAD"",""ANTI_ARMOR"",""WEAPONS_SQUAD"",""SUPPORT_BY_FIRE"",""FOOT"",""PATROL""]"
10:43:44 "    Units: 8 inf, 0 veh | AT=1 AA=0 MG=3 | Conf: 0.6"
10:43:44 "  rhs_group_rus_msv_infantry_emr_section_marksman (rhs_group_rus_msv_infantry_emr)"
10:43:44 "    Tags: [""FIRETEAM"",""FOOT"",""PATROL""]"
10:43:44 "    Units: 5 inf, 0 veh | AT=0 AA=0 MG=1 | Conf: 0.6"
10:43:44 "  rhs_group_rus_msv_infantry_emr_section_AT (rhs_group_rus_msv_infantry_emr)"
10:43:44 "    Tags: [""FIRETEAM"",""ANTI_ARMOR"",""AT_TEAM"",""FOOT"",""PATROL""]"
10:43:44 "    Units: 5 inf, 0 veh | AT=2 AA=0 MG=0 | Conf: 0.75"
10:43:44 "  rhs_group_rus_msv_infantry_emr_section_AA (rhs_group_rus_msv_infantry_emr)"
10:43:44 "    Tags: [""FIRETEAM"",""ANTI_AIR"",""AA_TEAM"",""FOOT"",""PATROL""]"
10:43:44 "    Units: 5 inf, 0 veh | AT=0 AA=3 MG=0 | Conf: 0.75"
10:43:44 "  rhs_group_rus_msv_infantry_emr_fireteam (rhs_group_rus_msv_infantry_emr)"
10:43:44 "    Tags: [""FIRETEAM"",""ANTI_ARMOR"",""AT_TEAM"",""FOOT"",""PATROL""]"
10:43:44 "    Units: 4 inf, 0 veh | AT=1 AA=0 MG=1 | Conf: 0.75"
10:43:44 "  rhs_group_rus_msv_infantry_emr_MANEUVER (rhs_group_rus_msv_infantry_emr)"
10:43:44 "    Tags: [""FIRETEAM"",""ANTI_ARMOR"",""AT_TEAM"",""FOOT"",""PATROL""]"
10:43:44 "    Units: 3 inf, 0 veh | AT=1 AA=0 MG=0 | Conf: 0.75"
10:43:44 "  rhs_group_rus_msv_Ural_chq (rhs_group_rus_msv_Ural)"
10:43:44 "    Tags: [""MOTORIZED""]"
10:43:44 "    Units: 3 inf, 1 veh | AT=0 AA=0 MG=0 | Conf: 0.5"
10:43:44 "  rhs_group_rus_msv_Ural_squad (rhs_group_rus_msv_Ural)"
10:43:44 "    Tags: [""ANTI_ARMOR"",""MOTORIZED""]"
10:43:44 "    Units: 7 inf, 1 veh | AT=1 AA=0 MG=1 | Conf: 0.5"
10:43:44 "  rhs_group_rus_msv_Ural_squad_2mg (rhs_group_rus_msv_Ural)"
10:43:44 "    Tags: [""ANTI_ARMOR"",""WEAPONS_SQUAD"",""SUPPORT_BY_FIRE"",""MOTORIZED""]"
10:43:44 "    Units: 6 inf, 1 veh | AT=1 AA=0 MG=2 | Conf: 0.5"
10:43:44 "  rhs_group_rus_msv_Ural_squad_sniper (rhs_group_rus_msv_Ural)"
10:43:44 "    Tags: [""ANTI_ARMOR"",""MOTORIZED""]"
10:43:44 "    Units: 6 inf, 1 veh | AT=1 AA=0 MG=1 | Conf: 0.5"
10:43:44 "  rhs_group_rus_msv_Ural_squad_mg_sniper (rhs_group_rus_msv_Ural)"
10:43:44 "    Tags: [""ANTI_ARMOR"",""MOTORIZED""]"
10:43:44 "    Units: 6 inf, 1 veh | AT=1 AA=0 MG=1 | Conf: 0.5"
10:43:44 "  rhs_group_rus_msv_Ural_squad_aa (rhs_group_rus_msv_Ural)"
10:43:44 "    Tags: [""ANTI_ARMOR"",""AT_TEAM"",""ANTI_AIR"",""AA_TEAM"",""SCOUT_RECON"",""MOTORIZED""]"
10:43:44 "    Units: 4 inf, 1 veh | AT=1 AA=2 MG=0 | Conf: 0.9"
10:43:44 "  rhs_group_rus_msv_gaz66_chq (rhs_group_rus_msv_gaz66)"
10:43:44 "    Tags: [""MOTORIZED""]"
10:43:44 "    Units: 3 inf, 1 veh | AT=0 AA=0 MG=0 | Conf: 0.5"
10:43:44 "  rhs_group_rus_msv_gaz66_squad (rhs_group_rus_msv_gaz66)"
10:43:44 "    Tags: [""ANTI_ARMOR"",""MOTORIZED""]"
10:43:44 "    Units: 7 inf, 1 veh | AT=1 AA=0 MG=1 | Conf: 0.5"
10:43:44 "  rhs_group_rus_msv_gaz66_squad_2mg (rhs_group_rus_msv_gaz66)"
10:43:44 "    Tags: [""ANTI_ARMOR"",""WEAPONS_SQUAD"",""SUPPORT_BY_FIRE"",""MOTORIZED""]"
10:43:44 "    Units: 6 inf, 1 veh | AT=1 AA=0 MG=2 | Conf: 0.5"
10:43:44 "  rhs_group_rus_msv_gaz66_squad_sniper (rhs_group_rus_msv_gaz66)"
10:43:44 "    Tags: [""ANTI_ARMOR"",""MOTORIZED""]"
10:43:44 "    Units: 6 inf, 1 veh | AT=1 AA=0 MG=1 | Conf: 0.5"
10:43:44 "  rhs_group_rus_msv_gaz66_squad_mg_sniper (rhs_group_rus_msv_gaz66)"
10:43:44 "    Tags: [""ANTI_ARMOR"",""MOTORIZED""]"
10:43:44 "    Units: 6 inf, 1 veh | AT=1 AA=0 MG=1 | Conf: 0.5"
10:43:44 "  rhs_group_rus_msv_gaz66_squad_aa (rhs_group_rus_msv_gaz66)"
10:43:44 "    Tags: [""ANTI_AIR"",""AA_TEAM"",""MOTORIZED""]"
10:43:44 "    Units: 2 inf, 1 veh | AT=0 AA=1 MG=0 | Conf: 0.65"
10:43:44 "  rhs_group_rus_msv_btr70_chq (rhs_group_rus_msv_btr70)"
10:43:44 "    Tags: [""MECHANIZED""]"
10:43:44 "    Units: 3 inf, 1 veh | AT=0 AA=0 MG=0 | Conf: 0.6"
10:43:44 "  rhs_group_rus_msv_btr70_squad (rhs_group_rus_msv_btr70)"
10:43:44 "    Tags: [""ANTI_ARMOR"",""MECHANIZED""]"
10:43:44 "    Units: 7 inf, 1 veh | AT=1 AA=0 MG=1 | Conf: 0.6"
10:43:44 "  rhs_group_rus_msv_btr70_squad_2mg (rhs_group_rus_msv_btr70)"
10:43:44 "    Tags: [""ANTI_ARMOR"",""WEAPONS_SQUAD"",""SUPPORT_BY_FIRE"",""MECHANIZED""]"
10:43:44 "    Units: 6 inf, 1 veh | AT=1 AA=0 MG=2 | Conf: 0.6"
10:43:44 "  rhs_group_rus_msv_btr70_squad_sniper (rhs_group_rus_msv_btr70)"
10:43:44 "    Tags: [""ANTI_ARMOR"",""MECHANIZED""]"
10:43:44 "    Units: 6 inf, 1 veh | AT=1 AA=0 MG=1 | Conf: 0.6"
10:43:44 "  rhs_group_rus_msv_btr70_squad_mg_sniper (rhs_group_rus_msv_btr70)"
10:43:44 "    Tags: [""ANTI_ARMOR"",""MECHANIZED""]"
10:43:44 "    Units: 6 inf, 1 veh | AT=1 AA=0 MG=1 | Conf: 0.6"
10:43:44 "  rhs_group_rus_msv_btr70_squad_aa (rhs_group_rus_msv_btr70)"
10:43:44 "    Tags: [""ANTI_ARMOR"",""ANTI_AIR"",""AA_TEAM"",""MECHANIZED""]"
10:43:44 "    Units: 6 inf, 1 veh | AT=1 AA=2 MG=1 | Conf: 0.75"
10:43:44 "  rhs_group_rus_msv_BTR80_chq (rhs_group_rus_msv_BTR80)"
10:43:44 "    Tags: [""MECHANIZED""]"
10:43:44 "    Units: 3 inf, 1 veh | AT=0 AA=0 MG=0 | Conf: 0.6"
10:43:44 "  rhs_group_rus_msv_BTR80_squad (rhs_group_rus_msv_BTR80)"
10:43:44 "    Tags: [""ANTI_ARMOR"",""AT_TEAM"",""MECHANIZED""]"
10:43:44 "    Units: 6 inf, 1 veh | AT=2 AA=0 MG=1 | Conf: 0.75"
10:43:44 "  rhs_group_rus_msv_BTR80_squad_2mg (rhs_group_rus_msv_BTR80)"
10:43:44 "    Tags: [""ANTI_ARMOR"",""AT_TEAM"",""WEAPONS_SQUAD"",""SUPPORT_BY_FIRE"",""MECHANIZED""]"
10:43:44 "    Units: 7 inf, 1 veh | AT=2 AA=0 MG=2 | Conf: 0.75"
10:43:44 "  rhs_group_rus_msv_BTR80_squad_sniper (rhs_group_rus_msv_BTR80)"
10:43:44 "    Tags: [""ANTI_ARMOR"",""AT_TEAM"",""MECHANIZED""]"
10:43:44 "    Units: 7 inf, 1 veh | AT=2 AA=0 MG=1 | Conf: 0.75"
10:43:44 "  rhs_group_rus_msv_BTR80_squad_mg_sniper (rhs_group_rus_msv_BTR80)"
10:43:44 "    Tags: [""ANTI_ARMOR"",""MECHANIZED""]"
10:43:44 "    Units: 7 inf, 1 veh | AT=1 AA=0 MG=1 | Conf: 0.6"
10:43:44 "  rhs_group_rus_msv_BTR80_squad_aa (rhs_group_rus_msv_BTR80)"
10:43:44 "    Tags: [""ANTI_ARMOR"",""ANTI_AIR"",""AA_TEAM"",""MECHANIZED""]"
10:43:44 "    Units: 6 inf, 1 veh | AT=1 AA=2 MG=1 | Conf: 0.75"
10:43:44 "  rhs_group_rus_msv_BTR80a_chq (rhs_group_rus_msv_BTR80a)"
10:43:44 "    Tags: [""MECHANIZED""]"
10:43:44 "    Units: 3 inf, 1 veh | AT=0 AA=0 MG=0 | Conf: 0.6"
10:43:44 "  rhs_group_rus_msv_BTR80a_squad (rhs_group_rus_msv_BTR80a)"
10:43:44 "    Tags: [""ANTI_ARMOR"",""AT_TEAM"",""MECHANIZED""]"
10:43:44 "    Units: 6 inf, 1 veh | AT=2 AA=0 MG=1 | Conf: 0.75"
10:43:44 "  rhs_group_rus_msv_BTR80a_squad_2mg (rhs_group_rus_msv_BTR80a)"
10:43:44 "    Tags: [""ANTI_ARMOR"",""AT_TEAM"",""WEAPONS_SQUAD"",""SUPPORT_BY_FIRE"",""MECHANIZED""]"
10:43:44 "    Units: 7 inf, 1 veh | AT=2 AA=0 MG=2 | Conf: 0.75"
10:43:44 "  rhs_group_rus_msv_BTR80a_squad_sniper (rhs_group_rus_msv_BTR80a)"
10:43:44 "    Tags: [""ANTI_ARMOR"",""AT_TEAM"",""MECHANIZED""]"
10:43:44 "    Units: 7 inf, 1 veh | AT=2 AA=0 MG=1 | Conf: 0.75"
10:43:44 "  rhs_group_rus_msv_BTR80a_squad_mg_sniper (rhs_group_rus_msv_BTR80a)"
10:43:44 "    Tags: [""ANTI_ARMOR"",""MECHANIZED""]"
10:43:44 "    Units: 7 inf, 1 veh | AT=1 AA=0 MG=1 | Conf: 0.6"
10:43:44 "  rhs_group_rus_msv_BTR80a_squad_aa (rhs_group_rus_msv_BTR80a)"
10:43:44 "    Tags: [""ANTI_ARMOR"",""ANTI_AIR"",""AA_TEAM"",""MECHANIZED""]"
10:43:44 "    Units: 6 inf, 1 veh | AT=1 AA=2 MG=1 | Conf: 0.75"
10:43:44 "  rhs_group_rus_msv_bmp1_chq (rhs_group_rus_msv_bmp1)"
10:43:44 "    Tags: [""ARMORED"",""ARMOR""]"
10:43:44 "    Units: 3 inf, 1 veh | AT=0 AA=0 MG=0 | Conf: 0.65"
10:43:44 "  rhs_group_rus_msv_bmp1_squad (rhs_group_rus_msv_bmp1)"
10:43:44 "    Tags: [""ANTI_ARMOR"",""ARMORED"",""ARMOR""]"
10:43:44 "    Units: 8 inf, 1 veh | AT=1 AA=0 MG=1 | Conf: 0.65"
10:43:44 "  rhs_group_rus_msv_bmp1_squad_2mg (rhs_group_rus_msv_bmp1)"
10:43:44 "    Tags: [""ANTI_ARMOR"",""WEAPONS_SQUAD"",""SUPPORT_BY_FIRE"",""ARMORED"",""ARMOR""]"
10:43:44 "    Units: 8 inf, 1 veh | AT=1 AA=0 MG=2 | Conf: 0.65"
10:43:44 "  rhs_group_rus_msv_bmp1_squad_sniper (rhs_group_rus_msv_bmp1)"
10:43:44 "    Tags: [""ANTI_ARMOR"",""ARMORED"",""ARMOR""]"
10:43:44 "    Units: 8 inf, 1 veh | AT=1 AA=0 MG=1 | Conf: 0.65"
10:43:44 "  rhs_group_rus_msv_bmp1_squad_mg_sniper (rhs_group_rus_msv_bmp1)"
10:43:44 "    Tags: [""ANTI_ARMOR"",""ARMORED"",""ARMOR""]"
10:43:44 "    Units: 8 inf, 1 veh | AT=1 AA=0 MG=1 | Conf: 0.65"
10:43:44 "  rhs_group_rus_msv_bmp1_squad_aa (rhs_group_rus_msv_bmp1)"
10:43:44 "    Tags: [""ANTI_ARMOR"",""ANTI_AIR"",""AA_TEAM"",""ARMORED"",""ARMOR""]"
10:43:44 "    Units: 6 inf, 1 veh | AT=1 AA=2 MG=1 | Conf: 0.8"
10:43:44 "  rhs_group_rus_msv_bmp2_chq (rhs_group_rus_msv_bmp2)"
10:43:44 "    Tags: [""ARMORED"",""ARMOR""]"
10:43:44 "    Units: 3 inf, 1 veh | AT=0 AA=0 MG=0 | Conf: 0.65"
10:43:44 "  rhs_group_rus_msv_bmp2_squad (rhs_group_rus_msv_bmp2)"
10:43:44 "    Tags: [""ANTI_ARMOR"",""ARMORED"",""ARMOR""]"
10:43:44 "    Units: 7 inf, 1 veh | AT=1 AA=0 MG=1 | Conf: 0.65"
10:43:44 "  rhs_group_rus_msv_bmp2_squad_2mg (rhs_group_rus_msv_bmp2)"
10:43:44 "    Tags: [""ANTI_ARMOR"",""WEAPONS_SQUAD"",""SUPPORT_BY_FIRE"",""ARMORED"",""ARMOR""]"
10:43:44 "    Units: 6 inf, 1 veh | AT=1 AA=0 MG=2 | Conf: 0.65"
10:43:44 "  rhs_group_rus_msv_bmp2_squad_sniper (rhs_group_rus_msv_bmp2)"
10:43:44 "    Tags: [""ANTI_ARMOR"",""ARMORED"",""ARMOR""]"
10:43:44 "    Units: 6 inf, 1 veh | AT=1 AA=0 MG=1 | Conf: 0.65"
10:43:44 "  rhs_group_rus_msv_bmp2_squad_mg_sniper (rhs_group_rus_msv_bmp2)"
10:43:44 "    Tags: [""ANTI_ARMOR"",""ARMORED"",""ARMOR""]"
10:43:44 "    Units: 6 inf, 1 veh | AT=1 AA=0 MG=1 | Conf: 0.65"
10:43:44 "  rhs_group_rus_msv_bmp2_squad_aa (rhs_group_rus_msv_bmp2)"
10:43:44 "    Tags: [""ANTI_ARMOR"",""ANTI_AIR"",""AA_TEAM"",""ARMORED"",""ARMOR""]"
10:43:44 "    Units: 6 inf, 1 veh | AT=1 AA=2 MG=1 | Conf: 0.8"
10:43:44 "  rhs_group_rus_MSV_BMP3_chq (rhs_group_rus_MSV_BMP3)"
10:43:44 "    Tags: [""ARMORED"",""ARMOR""]"
10:43:44 "    Units: 3 inf, 1 veh | AT=0 AA=0 MG=0 | Conf: 0.65"
10:43:44 "  rhs_group_rus_MSV_BMP3_squad (rhs_group_rus_MSV_BMP3)"
10:43:44 "    Tags: [""ANTI_ARMOR"",""AT_TEAM"",""ARMORED"",""ARMOR""]"
10:43:44 "    Units: 6 inf, 1 veh | AT=2 AA=0 MG=1 | Conf: 0.8"
10:43:44 "  rhs_group_rus_MSV_BMP3_squad_2mg (rhs_group_rus_MSV_BMP3)"
10:43:44 "    Tags: [""ANTI_ARMOR"",""AT_TEAM"",""WEAPONS_SQUAD"",""SUPPORT_BY_FIRE"",""ARMORED"",""ARMOR""]"
10:43:44 "    Units: 7 inf, 1 veh | AT=2 AA=0 MG=2 | Conf: 0.8"
10:43:44 "  rhs_group_rus_MSV_BMP3_squad_sniper (rhs_group_rus_MSV_BMP3)"
10:43:44 "    Tags: [""ANTI_ARMOR"",""AT_TEAM"",""ARMORED"",""ARMOR""]"
10:43:44 "    Units: 7 inf, 1 veh | AT=2 AA=0 MG=1 | Conf: 0.8"
10:43:44 "  rhs_group_rus_MSV_BMP3_squad_mg_sniper (rhs_group_rus_MSV_BMP3)"
10:43:44 "    Tags: [""ANTI_ARMOR"",""ARMORED"",""ARMOR""]"
10:43:44 "    Units: 7 inf, 1 veh | AT=1 AA=0 MG=1 | Conf: 0.65"
10:43:44 "  rhs_group_rus_MSV_BMP3_squad_aa (rhs_group_rus_MSV_BMP3)"
10:43:44 "    Tags: [""ANTI_ARMOR"",""ANTI_AIR"",""AA_TEAM"",""ARMORED"",""ARMOR""]"
10:43:44 "    Units: 6 inf, 1 veh | AT=1 AA=2 MG=1 | Conf: 0.8"
10:43:44 "  rhs_group_rus_MSV_bmp3m_chq (rhs_group_rus_MSV_bmp3m)"
10:43:44 "    Tags: [""ARMORED"",""ARMOR""]"
10:43:44 "    Units: 3 inf, 1 veh | AT=0 AA=0 MG=0 | Conf: 0.65"
10:43:44 "  rhs_group_rus_MSV_bmp3m_squad (rhs_group_rus_MSV_bmp3m)"
10:43:44 "    Tags: [""ANTI_ARMOR"",""AT_TEAM"",""ARMORED"",""ARMOR""]"
10:43:44 "    Units: 6 inf, 1 veh | AT=2 AA=0 MG=1 | Conf: 0.8"
10:43:44 "  rhs_group_rus_MSV_bmp3m_squad_2mg (rhs_group_rus_MSV_bmp3m)"
10:43:44 "    Tags: [""ANTI_ARMOR"",""AT_TEAM"",""WEAPONS_SQUAD"",""SUPPORT_BY_FIRE"",""ARMORED"",""ARMOR""]"
10:43:44 "    Units: 7 inf, 1 veh | AT=2 AA=0 MG=2 | Conf: 0.8"
10:43:44 "  rhs_group_rus_MSV_bmp3m_squad_sniper (rhs_group_rus_MSV_bmp3m)"
10:43:44 "    Tags: [""ANTI_ARMOR"",""AT_TEAM"",""ARMORED"",""ARMOR""]"
10:43:44 "    Units: 7 inf, 1 veh | AT=2 AA=0 MG=1 | Conf: 0.8"
10:43:44 "  rhs_group_rus_MSV_bmp3m_squad_mg_sniper (rhs_group_rus_MSV_bmp3m)"
10:43:44 "    Tags: [""ANTI_ARMOR"",""ARMORED"",""ARMOR""]"
10:43:44 "    Units: 7 inf, 1 veh | AT=1 AA=0 MG=1 | Conf: 0.65"
10:43:44 "  rhs_group_rus_MSV_bmp3m_squad_aa (rhs_group_rus_MSV_bmp3m)"
10:43:44 "    Tags: [""ANTI_ARMOR"",""ANTI_AIR"",""AA_TEAM"",""ARMORED"",""ARMOR""]"
10:43:44 "    Units: 6 inf, 1 veh | AT=1 AA=2 MG=1 | Conf: 0.8"
10:43:44 "  RHS_SPGPlatoon_msv_bm21 (rhs_group_rus_msv_bm21)"
10:43:44 "    Tags: [""MOTORIZED""]"
10:43:44 "    Units: 0 inf, 6 veh | AT=0 AA=0 MG=0 | Conf: 0.5"
10:43:44 "  RHS_SPGSection_msv_bm21 (rhs_group_rus_msv_bm21)"
10:43:44 "    Tags: [""MOTORIZED""]"
10:43:44 "    Units: 0 inf, 2 veh | AT=0 AA=0 MG=0 | Conf: 0.5"