10:43:44 "=============================================================="
10:43:44 "DSC: Faction 'Russia (TV) (rhs_faction_tv)'"
10:43:44 "=============================================================="
10:43:44 "DSC: fnc_extractGroups - Extracted 64 groups from faction 'rhs_faction_tv'"
10:43:44 "DSC: fnc_classifyGroups - Classified 64 groups"
10:43:44 "DSC: fnc_classifyGroups - Tag distribution: [[""ELITE"",1],[""ARMOR"",64],[""ARMORED"",64]]"
10:43:44 "  RHS_T14Platoon (rhs_group_rus_tv_14)"
10:43:44 "    Tags: [""ARMORED"",""ARMOR""]"
10:43:44 "    Units: 0 inf, 3 veh | AT=0 AA=0 MG=0 | Conf: 0.65"
10:43:44 "  RHS_T14Platoon_AA (rhs_group_rus_tv_14)"
10:43:44 "    Tags: [""ARMORED"",""ARMOR""]"
10:43:44 "    Units: 0 inf, 3 veh | AT=0 AA=0 MG=0 | Conf: 0.65"
10:43:44 "  RHS_T14Section (rhs_group_rus_tv_14)"
10:43:44 "    Tags: [""ARMORED"",""ARMOR""]"
10:43:44 "    Units: 0 inf, 2 veh | AT=0 AA=0 MG=0 | Conf: 0.65"
10:43:44 "  RHS_T72BAPlatoon (rhs_group_rus_tv_72)"
10:43:44 "    Tags: [""ARMORED"",""ARMOR""]"
10:43:44 "    Units: 0 inf, 3 veh | AT=0 AA=0 MG=0 | Conf: 0.65"
10:43:44 "  RHS_T72BAPlatoon_AA (rhs_group_rus_tv_72)"
10:43:44 "    Tags: [""ARMORED"",""ARMOR""]"
10:43:44 "    Units: 0 inf, 4 veh | AT=0 AA=0 MG=0 | Conf: 0.65"
10:43:44 "  RHS_T72BASection (rhs_group_rus_tv_72)"
10:43:44 "    Tags: [""ARMORED"",""ARMOR""]"
10:43:44 "    Units: 0 inf, 2 veh | AT=0 AA=0 MG=0 | Conf: 0.65"
10:43:44 "  RHS_T72BBPlatoon (rhs_group_rus_tv_72)"
10:43:44 "    Tags: [""ARMORED"",""ARMOR""]"
10:43:44 "    Units: 0 inf, 3 veh | AT=0 AA=0 MG=0 | Conf: 0.65"
10:43:44 "  RHS_T72BBPlatoon_AA (rhs_group_rus_tv_72)"
10:43:44 "    Tags: [""ARMORED"",""ARMOR""]"
10:43:44 "    Units: 0 inf, 3 veh | AT=0 AA=0 MG=0 | Conf: 0.65"
10:43:44 "  RHS_T72BBSection (rhs_group_rus_tv_72)"
10:43:44 "    Tags: [""ARMORED"",""ARMOR""]"
10:43:44 "    Units: 0 inf, 2 veh | AT=0 AA=0 MG=0 | Conf: 0.65"
10:43:44 "  RHS_T72BCPlatoon (rhs_group_rus_tv_72)"
10:43:44 "    Tags: [""ARMORED"",""ARMOR""]"
10:43:44 "    Units: 0 inf, 3 veh | AT=0 AA=0 MG=0 | Conf: 0.65"
10:43:44 "  RHS_T72BCPlatoon_AA (rhs_group_rus_tv_72)"
10:43:44 "    Tags: [""ARMORED"",""ARMOR""]"
10:43:44 "    Units: 0 inf, 4 veh | AT=0 AA=0 MG=0 | Conf: 0.65"
10:43:44 "  RHS_T72BCSection (rhs_group_rus_tv_72)"
10:43:44 "    Tags: [""ARMORED"",""ARMOR""]"
10:43:44 "    Units: 0 inf, 2 veh | AT=0 AA=0 MG=0 | Conf: 0.65"
10:43:44 "  RHS_T72BDPlatoon (rhs_group_rus_tv_72)"
10:43:44 "    Tags: [""ARMORED"",""ARMOR""]"
10:43:44 "    Units: 0 inf, 3 veh | AT=0 AA=0 MG=0 | Conf: 0.65"
10:43:44 "  RHS_T72BDPlatoon_AA (rhs_group_rus_tv_72)"
10:43:44 "    Tags: [""ARMORED"",""ARMOR""]"
10:43:44 "    Units: 0 inf, 4 veh | AT=0 AA=0 MG=0 | Conf: 0.65"
10:43:44 "  RHS_T72BDSection (rhs_group_rus_tv_72)"
10:43:44 "    Tags: [""ARMORED"",""ARMOR""]"
10:43:44 "    Units: 0 inf, 2 veh | AT=0 AA=0 MG=0 | Conf: 0.65"
10:43:44 "  RHS_T72BEPlatoon (rhs_group_rus_tv_72)"
10:43:44 "    Tags: [""ARMORED"",""ARMOR""]"
10:43:44 "    Units: 0 inf, 3 veh | AT=0 AA=0 MG=0 | Conf: 0.65"
10:43:44 "  RHS_T72BEPlatoon_AA (rhs_group_rus_tv_72)"
10:43:44 "    Tags: [""ARMORED"",""ARMOR""]"
10:43:44 "    Units: 0 inf, 4 veh | AT=0 AA=0 MG=0 | Conf: 0.65"
10:43:44 "  RHS_T72BESection (rhs_group_rus_tv_72)"
10:43:44 "    Tags: [""ARMORED"",""ARMOR""]"
10:43:44 "    Units: 0 inf, 2 veh | AT=0 AA=0 MG=0 | Conf: 0.65"
10:43:44 "  RHS_T80Platoon (rhs_group_rus_tv_80)"
10:43:44 "    Tags: [""ARMORED"",""ARMOR""]"
10:43:44 "    Units: 0 inf, 3 veh | AT=0 AA=0 MG=0 | Conf: 0.65"
10:43:44 "  RHS_T80Platoon_AA (rhs_group_rus_tv_80)"
10:43:44 "    Tags: [""ARMORED"",""ARMOR""]"
10:43:44 "    Units: 0 inf, 3 veh | AT=0 AA=0 MG=0 | Conf: 0.65"
10:43:44 "  RHS_T80Section (rhs_group_rus_tv_80)"
10:43:44 "    Tags: [""ARMORED"",""ARMOR""]"
10:43:44 "    Units: 0 inf, 2 veh | AT=0 AA=0 MG=0 | Conf: 0.65"
10:43:44 "  RHS_T80BPlatoon (rhs_group_rus_tv_80)"
10:43:44 "    Tags: [""ARMORED"",""ARMOR""]"
10:43:44 "    Units: 0 inf, 3 veh | AT=0 AA=0 MG=0 | Conf: 0.65"
10:43:44 "  RHS_T80BPlatoon_AA (rhs_group_rus_tv_80)"
10:43:44 "    Tags: [""ARMORED"",""ARMOR""]"
10:43:44 "    Units: 0 inf, 4 veh | AT=0 AA=0 MG=0 | Conf: 0.65"
10:43:44 "  RHS_T80BSection (rhs_group_rus_tv_80)"
10:43:44 "    Tags: [""ARMORED"",""ARMOR""]"
10:43:44 "    Units: 0 inf, 2 veh | AT=0 AA=0 MG=0 | Conf: 0.65"
10:43:44 "  RHS_T80BVPlatoon (rhs_group_rus_tv_80)"
10:43:44 "    Tags: [""ARMORED"",""ARMOR""]"
10:43:44 "    Units: 0 inf, 3 veh | AT=0 AA=0 MG=0 | Conf: 0.65"
10:43:44 "  RHS_T80BVPlatoon_AA (rhs_group_rus_tv_80)"
10:43:44 "    Tags: [""ARMORED"",""ARMOR""]"
10:43:44 "    Units: 0 inf, 4 veh | AT=0 AA=0 MG=0 | Conf: 0.65"
10:43:44 "  RHS_T80BVSection (rhs_group_rus_tv_80)"
10:43:44 "    Tags: [""ARMORED"",""ARMOR""]"
10:43:44 "    Units: 0 inf, 2 veh | AT=0 AA=0 MG=0 | Conf: 0.65"
10:43:44 "  RHS_T80APlatoon (rhs_group_rus_tv_80)"
10:43:44 "    Tags: [""ARMORED"",""ARMOR""]"
10:43:44 "    Units: 0 inf, 3 veh | AT=0 AA=0 MG=0 | Conf: 0.65"
10:43:44 "  RHS_T80APlatoon_AA (rhs_group_rus_tv_80)"
10:43:44 "    Tags: [""ARMORED"",""ARMOR""]"
10:43:44 "    Units: 0 inf, 4 veh | AT=0 AA=0 MG=0 | Conf: 0.65"
10:43:44 "  RHS_T80ASection (rhs_group_rus_tv_80)"
10:43:44 "    Tags: [""ARMORED"",""ARMOR""]"
10:43:44 "    Units: 0 inf, 2 veh | AT=0 AA=0 MG=0 | Conf: 0.65"
10:43:44 "  RHS_T80UPlatoon (rhs_group_rus_tv_80)"
10:43:44 "    Tags: [""ARMORED"",""ARMOR""]"
10:43:44 "    Units: 0 inf, 3 veh | AT=0 AA=0 MG=0 | Conf: 0.65"
10:43:44 "  RHS_T80UPlatoon_AA (rhs_group_rus_tv_80)"
10:43:44 "    Tags: [""ARMORED"",""ARMOR""]"
10:43:44 "    Units: 0 inf, 4 veh | AT=0 AA=0 MG=0 | Conf: 0.65"
10:43:44 "  RHS_T80USection (rhs_group_rus_tv_80)"
10:43:44 "    Tags: [""ARMORED"",""ARMOR""]"
10:43:44 "    Units: 0 inf, 2 veh | AT=0 AA=0 MG=0 | Conf: 0.65"
10:43:44 "  RHS_T80UMPlatoon (rhs_group_rus_tv_80)"
10:43:44 "    Tags: [""ARMORED"",""ARMOR""]"
10:43:44 "    Units: 0 inf, 3 veh | AT=0 AA=0 MG=0 | Conf: 0.65"
10:43:44 "  RHS_T80UMPlatoon_AA (rhs_group_rus_tv_80)"
10:43:44 "    Tags: [""ARMORED"",""ARMOR""]"
10:43:44 "    Units: 0 inf, 4 veh | AT=0 AA=0 MG=0 | Conf: 0.65"
10:43:44 "  RHS_T80UMSection (rhs_group_rus_tv_80)"
10:43:44 "    Tags: [""ARMORED"",""ARMOR""]"
10:43:44 "    Units: 0 inf, 2 veh | AT=0 AA=0 MG=0 | Conf: 0.65"
10:43:44 "  rhs_t80ue1Platoon (rhs_group_rus_tv_80)"
10:43:44 "    Tags: [""ARMORED"",""ARMOR""]"
10:43:44 "    Units: 0 inf, 3 veh | AT=0 AA=0 MG=0 | Conf: 0.65"
10:43:44 "  rhs_t80ue1Platoon_AA (rhs_group_rus_tv_80)"
10:43:44 "    Tags: [""ARMORED"",""ARMOR""]"
10:43:44 "    Units: 0 inf, 4 veh | AT=0 AA=0 MG=0 | Conf: 0.65"
10:43:44 "  rhs_t80ue1Section (rhs_group_rus_tv_80)"
10:43:44 "    Tags: [""ARMORED"",""ARMOR""]"
10:43:44 "    Units: 0 inf, 2 veh | AT=0 AA=0 MG=0 | Conf: 0.65"
10:43:44 "  rhs_t80u45mPlatoon (rhs_group_rus_tv_80)"
10:43:44 "    Tags: [""ARMORED"",""ARMOR""]"
10:43:44 "    Units: 0 inf, 3 veh | AT=0 AA=0 MG=0 | Conf: 0.65"
10:43:44 "  rhs_t80u45mPlatoon_AA (rhs_group_rus_tv_80)"
10:43:44 "    Tags: [""ARMORED"",""ARMOR""]"
10:43:44 "    Units: 0 inf, 4 veh | AT=0 AA=0 MG=0 | Conf: 0.65"
10:43:44 "  rhs_t80u45mSection (rhs_group_rus_tv_80)"
10:43:44 "    Tags: [""ARMORED"",""ARMOR""]"
10:43:44 "    Units: 0 inf, 2 veh | AT=0 AA=0 MG=0 | Conf: 0.65"
10:43:44 "  RHS_T90Platoon (rhs_group_rus_tv_90)"
10:43:44 "    Tags: [""ARMORED"",""ARMOR""]"
10:43:44 "    Units: 0 inf, 3 veh | AT=0 AA=0 MG=0 | Conf: 0.65"
10:43:44 "  RHS_T90Platoon_AA (rhs_group_rus_tv_90)"
10:43:44 "    Tags: [""ARMORED"",""ARMOR""]"
10:43:44 "    Units: 0 inf, 3 veh | AT=0 AA=0 MG=0 | Conf: 0.65"
10:43:44 "  RHS_T90Section (rhs_group_rus_tv_90)"
10:43:44 "    Tags: [""ARMORED"",""ARMOR""]"
10:43:44 "    Units: 0 inf, 2 veh | AT=0 AA=0 MG=0 | Conf: 0.65"
10:43:44 "  RHS_t90aPlatoon (rhs_group_rus_tv_90)"
10:43:44 "    Tags: [""ARMORED"",""ARMOR""]"
10:43:44 "    Units: 0 inf, 3 veh | AT=0 AA=0 MG=0 | Conf: 0.65"
10:43:44 "  RHS_t90aPlatoon_AA (rhs_group_rus_tv_90)"
10:43:44 "    Tags: [""ARMORED"",""ARMOR""]"
10:43:44 "    Units: 0 inf, 3 veh | AT=0 AA=0 MG=0 | Conf: 0.65"
10:43:44 "  RHS_t90aSection (rhs_group_rus_tv_90)"
10:43:44 "    Tags: [""ARMORED"",""ARMOR""]"
10:43:44 "    Units: 0 inf, 2 veh | AT=0 AA=0 MG=0 | Conf: 0.65"
10:43:44 "  RHS_T90AMPlatoon (rhs_group_rus_tv_90)"
10:43:44 "    Tags: [""ARMORED"",""ARMOR""]"
10:43:44 "    Units: 0 inf, 3 veh | AT=0 AA=0 MG=0 | Conf: 0.65"
10:43:44 "  RHS_T90AMPlatoon_AA (rhs_group_rus_tv_90)"
10:43:44 "    Tags: [""ARMORED"",""ARMOR""]"
10:43:44 "    Units: 0 inf, 3 veh | AT=0 AA=0 MG=0 | Conf: 0.65"
10:43:44 "  RHS_T90AMSection (rhs_group_rus_tv_90)"
10:43:44 "    Tags: [""ARMORED"",""ARMOR""]"
10:43:44 "    Units: 0 inf, 2 veh | AT=0 AA=0 MG=0 | Conf: 0.65"
10:43:44 "  RHS_T90SMPlatoon (rhs_group_rus_tv_90)"
10:43:44 "    Tags: [""ARMORED"",""ARMOR""]"
10:43:44 "    Units: 0 inf, 3 veh | AT=0 AA=0 MG=0 | Conf: 0.65"
10:43:44 "  RHS_T90SMPlatoon_AA (rhs_group_rus_tv_90)"
10:43:44 "    Tags: [""ARMORED"",""ARMOR""]"
10:43:44 "    Units: 0 inf, 3 veh | AT=0 AA=0 MG=0 | Conf: 0.65"
10:43:44 "  RHS_T90SMSection (rhs_group_rus_tv_90)"
10:43:44 "    Tags: [""ARMORED"",""ARMOR""]"
10:43:44 "    Units: 0 inf, 2 veh | AT=0 AA=0 MG=0 | Conf: 0.65"
10:43:44 "  RHS_T90SAPlatoon (rhs_group_rus_tv_90)"
10:43:44 "    Tags: [""ARMORED"",""ARMOR""]"
10:43:44 "    Units: 0 inf, 3 veh | AT=0 AA=0 MG=0 | Conf: 0.65"
10:43:44 "  RHS_T90SAPlatoon_AA (rhs_group_rus_tv_90)"
10:43:44 "    Tags: [""ARMORED"",""ARMOR""]"
10:43:44 "    Units: 0 inf, 3 veh | AT=0 AA=0 MG=0 | Conf: 0.65"
10:43:44 "  RHS_T90SASection (rhs_group_rus_tv_90)"
10:43:44 "    Tags: [""ARMORED"",""ARMOR"",""ELITE""]"
10:43:44 "    Units: 0 inf, 2 veh | AT=0 AA=0 MG=0 | Conf: 0.75"
10:43:44 "  RHS_T90SABPlatoon (rhs_group_rus_tv_90)"
10:43:44 "    Tags: [""ARMORED"",""ARMOR""]"
10:43:44 "    Units: 0 inf, 3 veh | AT=0 AA=0 MG=0 | Conf: 0.65"
10:43:44 "  RHS_T90SABPlatoon_AA (rhs_group_rus_tv_90)"
10:43:44 "    Tags: [""ARMORED"",""ARMOR""]"
10:43:44 "    Units: 0 inf, 3 veh | AT=0 AA=0 MG=0 | Conf: 0.65"
10:43:44 "  RHS_T90SABSection (rhs_group_rus_tv_90)"
10:43:44 "    Tags: [""ARMORED"",""ARMOR""]"
10:43:44 "    Units: 0 inf, 2 veh | AT=0 AA=0 MG=0 | Conf: 0.65"
10:43:44 "  RHS_SPGPlatoon_tv_2S1 (rhs_group_rus_tv_2S1)"
10:43:44 "    Tags: [""ARMORED"",""ARMOR""]"
10:43:44 "    Units: 0 inf, 4 veh | AT=0 AA=0 MG=0 | Conf: 0.65"
10:43:44 "  RHS_SPGSection_tv_2S1 (rhs_group_rus_tv_2S1)"
10:43:44 "    Tags: [""ARMORED"",""ARMOR""]"
10:43:44 "    Units: 0 inf, 2 veh | AT=0 AA=0 MG=0 | Conf: 0.65"
10:43:44 "  RHS_SPGPlatoon_tv_2s3 (rhs_group_rus_tv_2s3)"
10:43:44 "    Tags: [""ARMORED"",""ARMOR""]"
10:43:44 "    Units: 0 inf, 4 veh | AT=0 AA=0 MG=0 | Conf: 0.65"
10:43:44 "  RHS_SPGSection_tv_2s3 (rhs_group_rus_tv_2s3)"
10:43:44 "    Tags: [""ARMORED"",""ARMOR""]"
10:43:44 "    Units: 0 inf, 2 veh | AT=0 AA=0 MG=0 | Conf: 0.65"