10:43:44 "=============================================================="
10:43:44 "DSC: Faction 'Russia (VDV) (rhs_faction_vdv)'"
10:43:44 "=============================================================="
10:43:44 "DSC: fnc_extractGroups - Extracted 144 groups from faction 'rhs_faction_vdv'"
10:43:44 "DSC: fnc_classifyGroups - Classified 144 groups"
10:43:44 "DSC: fnc_classifyGroups - Tag distribution: [[""PATROL"",49],[""INFANTRY_SQUAD"",22],[""MECHANIZED"",24],[""ANTI_AIR"",17],[""MOTORIZED"",14],[""FIRETEAM"",29],[""FOOT"",51],[""ELITE"",144],[""WEAPONS_SQUAD"",30],[""AA_TEAM"",17],[""ARMOR"",45],[""AIRBORNE"",10],[""SUPPORT_BY_FIRE"",30],[""SCOUT_RECON"",139],[""AIR_ASSAULT"",10],[""ANTI_ARMOR"",119],[""AT_TEAM"",109],[""ARMORED"",45]]"
10:43:44 "  rhs_group_rus_vdv_infantry_chq (rhs_group_rus_vdv_infantry)"
10:43:44 "    Tags: [""FIRETEAM"",""SCOUT_RECON"",""FOOT"",""ELITE"",""PATROL""]"
10:43:44 "    Units: 4 inf, 0 veh | AT=0 AA=0 MG=0 | Conf: 0.8"
10:43:44 "  rhs_group_rus_vdv_infantry_squad (rhs_group_rus_vdv_infantry)"
10:43:44 "    Tags: [""INFANTRY_SQUAD"",""ANTI_ARMOR"",""AT_TEAM"",""SCOUT_RECON"",""FOOT"",""ELITE"",""PATROL""]"
10:43:44 "    Units: 6 inf, 0 veh | AT=3 AA=0 MG=1 | Conf: 0.95"
10:43:44 "  rhs_group_rus_vdv_infantry_squad_2mg (rhs_group_rus_vdv_infantry)"
10:43:44 "    Tags: [""INFANTRY_SQUAD"",""ANTI_ARMOR"",""AT_TEAM"",""WEAPONS_SQUAD"",""SUPPORT_BY_FIRE"",""SCOUT_RECON"",""FOOT"",""ELITE"",""PATROL""]"
10:43:44 "    Units: 6 inf, 0 veh | AT=3 AA=0 MG=2 | Conf: 0.95"
10:43:44 "  rhs_group_rus_vdv_infantry_squad_sniper (rhs_group_rus_vdv_infantry)"
10:43:44 "    Tags: [""INFANTRY_SQUAD"",""ANTI_ARMOR"",""AT_TEAM"",""SCOUT_RECON"",""FOOT"",""ELITE"",""PATROL""]"
10:43:44 "    Units: 6 inf, 0 veh | AT=3 AA=0 MG=1 | Conf: 0.95"
10:43:44 "  rhs_group_rus_vdv_infantry_squad_mg_sniper (rhs_group_rus_vdv_infantry)"
10:43:44 "    Tags: [""INFANTRY_SQUAD"",""ANTI_ARMOR"",""AT_TEAM"",""WEAPONS_SQUAD"",""SUPPORT_BY_FIRE"",""SCOUT_RECON"",""FOOT"",""ELITE"",""PATROL""]"
10:43:44 "    Units: 6 inf, 0 veh | AT=2 AA=0 MG=2 | Conf: 0.95"
10:43:44 "  rhs_group_rus_vdv_infantry_section_mg (rhs_group_rus_vdv_infantry)"
10:43:44 "    Tags: [""INFANTRY_SQUAD"",""ANTI_ARMOR"",""AT_TEAM"",""WEAPONS_SQUAD"",""SUPPORT_BY_FIRE"",""SCOUT_RECON"",""FOOT"",""ELITE"",""PATROL""]"
10:43:44 "    Units: 6 inf, 0 veh | AT=2 AA=0 MG=2 | Conf: 0.95"
10:43:44 "  rhs_group_rus_vdv_infantry_section_marksman (rhs_group_rus_vdv_infantry)"
10:43:44 "    Tags: [""FIRETEAM"",""ANTI_ARMOR"",""SCOUT_RECON"",""FOOT"",""ELITE"",""PATROL""]"
10:43:44 "    Units: 5 inf, 0 veh | AT=1 AA=0 MG=1 | Conf: 0.8"
10:43:44 "  rhs_group_rus_vdv_infantry_section_AT (rhs_group_rus_vdv_infantry)"
10:43:44 "    Tags: [""FIRETEAM"",""ANTI_ARMOR"",""AT_TEAM"",""SCOUT_RECON"",""FOOT"",""ELITE"",""PATROL""]"
10:43:44 "    Units: 5 inf, 0 veh | AT=3 AA=0 MG=0 | Conf: 0.95"
10:43:44 "  rhs_group_rus_vdv_infantry_section_AA (rhs_group_rus_vdv_infantry)"
10:43:44 "    Tags: [""FIRETEAM"",""ANTI_ARMOR"",""ANTI_AIR"",""AA_TEAM"",""SCOUT_RECON"",""FOOT"",""ELITE"",""PATROL""]"
10:43:44 "    Units: 5 inf, 0 veh | AT=1 AA=3 MG=0 | Conf: 0.95"
10:43:44 "  rhs_group_rus_vdv_infantry_fireteam (rhs_group_rus_vdv_infantry)"
10:43:44 "    Tags: [""FIRETEAM"",""ANTI_ARMOR"",""AT_TEAM"",""SCOUT_RECON"",""FOOT"",""ELITE"",""PATROL""]"
10:43:44 "    Units: 3 inf, 0 veh | AT=1 AA=0 MG=1 | Conf: 0.95"
10:43:44 "  rhs_group_rus_vdv_infantry_MANEUVER (rhs_group_rus_vdv_infantry)"
10:43:44 "    Tags: [""FIRETEAM"",""ANTI_ARMOR"",""AT_TEAM"",""SCOUT_RECON"",""FOOT"",""ELITE"",""PATROL""]"
10:43:44 "    Units: 3 inf, 0 veh | AT=2 AA=0 MG=0 | Conf: 0.95"
10:43:44 "  rhs_group_rus_vdv_des_infantry_chq (rhs_group_rus_vdv_des_infantry)"
10:43:44 "    Tags: [""FIRETEAM"",""SCOUT_RECON"",""FOOT"",""ELITE"",""PATROL""]"
10:43:44 "    Units: 4 inf, 0 veh | AT=0 AA=0 MG=0 | Conf: 0.8"
10:43:44 "  rhs_group_rus_vdv_des_infantry_squad (rhs_group_rus_vdv_des_infantry)"
10:43:44 "    Tags: [""INFANTRY_SQUAD"",""ANTI_ARMOR"",""AT_TEAM"",""SCOUT_RECON"",""FOOT"",""ELITE"",""PATROL""]"
10:43:44 "    Units: 6 inf, 0 veh | AT=3 AA=0 MG=1 | Conf: 0.95"
10:43:44 "  rhs_group_rus_vdv_des_infantry_squad_2mg (rhs_group_rus_vdv_des_infantry)"
10:43:44 "    Tags: [""INFANTRY_SQUAD"",""ANTI_ARMOR"",""AT_TEAM"",""WEAPONS_SQUAD"",""SUPPORT_BY_FIRE"",""SCOUT_RECON"",""FOOT"",""ELITE"",""PATROL""]"
10:43:44 "    Units: 6 inf, 0 veh | AT=3 AA=0 MG=2 | Conf: 0.95"
10:43:44 "  rhs_group_rus_vdv_des_infantry_squad_sniper (rhs_group_rus_vdv_des_infantry)"
10:43:44 "    Tags: [""INFANTRY_SQUAD"",""ANTI_ARMOR"",""AT_TEAM"",""SCOUT_RECON"",""FOOT"",""ELITE"",""PATROL""]"
10:43:44 "    Units: 6 inf, 0 veh | AT=3 AA=0 MG=1 | Conf: 0.95"
10:43:44 "  rhs_group_rus_vdv_des_infantry_squad_mg_sniper (rhs_group_rus_vdv_des_infantry)"
10:43:44 "    Tags: [""INFANTRY_SQUAD"",""ANTI_ARMOR"",""AT_TEAM"",""WEAPONS_SQUAD"",""SUPPORT_BY_FIRE"",""SCOUT_RECON"",""FOOT"",""ELITE"",""PATROL""]"
10:43:44 "    Units: 6 inf, 0 veh | AT=2 AA=0 MG=2 | Conf: 0.95"
10:43:44 "  rhs_group_rus_vdv_des_infantry_section_mg (rhs_group_rus_vdv_des_infantry)"
10:43:44 "    Tags: [""INFANTRY_SQUAD"",""ANTI_ARMOR"",""AT_TEAM"",""WEAPONS_SQUAD"",""SUPPORT_BY_FIRE"",""SCOUT_RECON"",""FOOT"",""ELITE"",""PATROL""]"
10:43:44 "    Units: 6 inf, 0 veh | AT=2 AA=0 MG=2 | Conf: 0.95"
10:43:44 "  rhs_group_rus_vdv_des_infantry_section_marksman (rhs_group_rus_vdv_des_infantry)"
10:43:44 "    Tags: [""FIRETEAM"",""ANTI_ARMOR"",""SCOUT_RECON"",""FOOT"",""ELITE"",""PATROL""]"
10:43:44 "    Units: 5 inf, 0 veh | AT=1 AA=0 MG=1 | Conf: 0.8"
10:43:44 "  rhs_group_rus_vdv_des_infantry_section_AT (rhs_group_rus_vdv_des_infantry)"
10:43:44 "    Tags: [""FIRETEAM"",""ANTI_ARMOR"",""AT_TEAM"",""SCOUT_RECON"",""FOOT"",""ELITE"",""PATROL""]"
10:43:44 "    Units: 5 inf, 0 veh | AT=3 AA=0 MG=0 | Conf: 0.95"
10:43:44 "  rhs_group_rus_vdv_des_infantry_section_AA (rhs_group_rus_vdv_des_infantry)"
10:43:44 "    Tags: [""FIRETEAM"",""ANTI_ARMOR"",""ANTI_AIR"",""AA_TEAM"",""SCOUT_RECON"",""FOOT"",""ELITE"",""PATROL""]"
10:43:44 "    Units: 5 inf, 0 veh | AT=1 AA=3 MG=0 | Conf: 0.95"
10:43:44 "  rhs_group_rus_vdv_des_infantry_fireteam (rhs_group_rus_vdv_des_infantry)"
10:43:44 "    Tags: [""FIRETEAM"",""ANTI_ARMOR"",""AT_TEAM"",""SCOUT_RECON"",""FOOT"",""ELITE"",""PATROL""]"
10:43:44 "    Units: 3 inf, 0 veh | AT=1 AA=0 MG=1 | Conf: 0.95"
10:43:44 "  rhs_group_rus_vdv_des_infantry_MANEUVER (rhs_group_rus_vdv_des_infantry)"
10:43:44 "    Tags: [""FIRETEAM"",""ANTI_ARMOR"",""AT_TEAM"",""SCOUT_RECON"",""FOOT"",""ELITE"",""PATROL""]"
10:43:44 "    Units: 3 inf, 0 veh | AT=2 AA=0 MG=0 | Conf: 0.95"
10:43:44 "  rhs_group_rus_vdv_infantry_flora_chq (rhs_group_rus_vdv_infantry_flora)"
10:43:44 "    Tags: [""FIRETEAM"",""SCOUT_RECON"",""FOOT"",""ELITE"",""PATROL""]"
10:43:44 "    Units: 4 inf, 0 veh | AT=0 AA=0 MG=0 | Conf: 0.8"
10:43:44 "  rhs_group_rus_vdv_infantry_flora_squad (rhs_group_rus_vdv_infantry_flora)"
10:43:44 "    Tags: [""INFANTRY_SQUAD"",""ANTI_ARMOR"",""AT_TEAM"",""SCOUT_RECON"",""FOOT"",""ELITE""]"
10:43:44 "    Units: 10 inf, 0 veh | AT=3 AA=0 MG=1 | Conf: 0.95"
10:43:44 "  rhs_group_rus_vdv_infantry_flora_squad_2mg (rhs_group_rus_vdv_infantry_flora)"
10:43:44 "    Tags: [""INFANTRY_SQUAD"",""ANTI_ARMOR"",""AT_TEAM"",""WEAPONS_SQUAD"",""SUPPORT_BY_FIRE"",""SCOUT_RECON"",""FOOT"",""ELITE"",""PATROL""]"
10:43:44 "    Units: 7 inf, 0 veh | AT=3 AA=0 MG=2 | Conf: 0.95"
10:43:44 "  rhs_group_rus_vdv_infantry_flora_squad_sniper (rhs_group_rus_vdv_infantry_flora)"
10:43:44 "    Tags: [""INFANTRY_SQUAD"",""ANTI_ARMOR"",""AT_TEAM"",""SCOUT_RECON"",""FOOT"",""ELITE"",""PATROL""]"
10:43:44 "    Units: 7 inf, 0 veh | AT=3 AA=0 MG=1 | Conf: 0.95"
10:43:44 "  rhs_group_rus_vdv_infantry_flora_squad_mg_sniper (rhs_group_rus_vdv_infantry_flora)"
10:43:44 "    Tags: [""INFANTRY_SQUAD"",""ANTI_ARMOR"",""AT_TEAM"",""SCOUT_RECON"",""FOOT"",""ELITE"",""PATROL""]"
10:43:44 "    Units: 7 inf, 0 veh | AT=3 AA=0 MG=1 | Conf: 0.95"
10:43:44 "  rhs_group_rus_vdv_infantry_flora_section_mg (rhs_group_rus_vdv_infantry_flora)"
10:43:44 "    Tags: [""FIRETEAM"",""ANTI_ARMOR"",""SCOUT_RECON"",""FOOT"",""ELITE"",""PATROL""]"
10:43:44 "    Units: 5 inf, 0 veh | AT=1 AA=0 MG=1 | Conf: 0.8"
10:43:44 "  rhs_group_rus_vdv_infantry_flora_section_marksman (rhs_group_rus_vdv_infantry_flora)"
10:43:44 "    Tags: [""FIRETEAM"",""ANTI_ARMOR"",""SCOUT_RECON"",""FOOT"",""ELITE"",""PATROL""]"
10:43:44 "    Units: 5 inf, 0 veh | AT=1 AA=0 MG=1 | Conf: 0.8"
10:43:44 "  rhs_group_rus_vdv_infantry_flora_section_AT (rhs_group_rus_vdv_infantry_flora)"
10:43:44 "    Tags: [""FIRETEAM"",""ANTI_ARMOR"",""AT_TEAM"",""SCOUT_RECON"",""FOOT"",""ELITE"",""PATROL""]"
10:43:44 "    Units: 5 inf, 0 veh | AT=3 AA=0 MG=0 | Conf: 0.95"
10:43:44 "  rhs_group_rus_vdv_infantry_flora_section_AA (rhs_group_rus_vdv_infantry_flora)"
10:43:44 "    Tags: [""FIRETEAM"",""ANTI_ARMOR"",""ANTI_AIR"",""AA_TEAM"",""SCOUT_RECON"",""FOOT"",""ELITE"",""PATROL""]"
10:43:44 "    Units: 5 inf, 0 veh | AT=1 AA=3 MG=0 | Conf: 0.95"
10:43:44 "  rhs_group_rus_vdv_infantry_flora_fireteam (rhs_group_rus_vdv_infantry_flora)"
10:43:44 "    Tags: [""FIRETEAM"",""ANTI_ARMOR"",""AT_TEAM"",""SCOUT_RECON"",""FOOT"",""ELITE"",""PATROL""]"
10:43:44 "    Units: 4 inf, 0 veh | AT=2 AA=0 MG=1 | Conf: 0.95"
10:43:44 "  rhs_group_rus_vdv_infantry_flora_MANEUVER (rhs_group_rus_vdv_infantry_flora)"
10:43:44 "    Tags: [""FIRETEAM"",""ANTI_ARMOR"",""AT_TEAM"",""SCOUT_RECON"",""FOOT"",""ELITE"",""PATROL""]"
10:43:44 "    Units: 3 inf, 0 veh | AT=1 AA=0 MG=0 | Conf: 0.95"
10:43:44 "  rhs_group_rus_vdv_infantry_mflora_chq (rhs_group_rus_vdv_infantry_mflora)"
10:43:44 "    Tags: [""FIRETEAM"",""SCOUT_RECON"",""FOOT"",""ELITE"",""PATROL""]"
10:43:44 "    Units: 4 inf, 0 veh | AT=0 AA=0 MG=0 | Conf: 0.8"
10:43:44 "  rhs_group_rus_vdv_infantry_mflora_squad (rhs_group_rus_vdv_infantry_mflora)"
10:43:44 "    Tags: [""INFANTRY_SQUAD"",""ANTI_ARMOR"",""AT_TEAM"",""SCOUT_RECON"",""FOOT"",""ELITE""]"
10:43:44 "    Units: 10 inf, 0 veh | AT=3 AA=0 MG=1 | Conf: 0.95"
10:43:44 "  rhs_group_rus_vdv_infantry_mflora_squad_2mg (rhs_group_rus_vdv_infantry_mflora)"
10:43:44 "    Tags: [""INFANTRY_SQUAD"",""ANTI_ARMOR"",""AT_TEAM"",""WEAPONS_SQUAD"",""SUPPORT_BY_FIRE"",""SCOUT_RECON"",""FOOT"",""ELITE"",""PATROL""]"
10:43:44 "    Units: 7 inf, 0 veh | AT=3 AA=0 MG=2 | Conf: 0.95"
10:43:44 "  rhs_group_rus_vdv_infantry_mflora_squad_sniper (rhs_group_rus_vdv_infantry_mflora)"
10:43:44 "    Tags: [""INFANTRY_SQUAD"",""ANTI_ARMOR"",""AT_TEAM"",""SCOUT_RECON"",""FOOT"",""ELITE"",""PATROL""]"
10:43:44 "    Units: 7 inf, 0 veh | AT=3 AA=0 MG=1 | Conf: 0.95"
10:43:44 "  rhs_group_rus_vdv_infantry_mflora_squad_mg_sniper (rhs_group_rus_vdv_infantry_mflora)"
10:43:44 "    Tags: [""INFANTRY_SQUAD"",""ANTI_ARMOR"",""AT_TEAM"",""SCOUT_RECON"",""FOOT"",""ELITE"",""PATROL""]"
10:43:44 "    Units: 7 inf, 0 veh | AT=3 AA=0 MG=1 | Conf: 0.95"
10:43:44 "  rhs_group_rus_vdv_infantry_mflora_section_mg (rhs_group_rus_vdv_infantry_mflora)"
10:43:44 "    Tags: [""FIRETEAM"",""ANTI_ARMOR"",""SCOUT_RECON"",""FOOT"",""ELITE"",""PATROL""]"
10:43:44 "    Units: 5 inf, 0 veh | AT=1 AA=0 MG=1 | Conf: 0.8"
10:43:44 "  rhs_group_rus_vdv_infantry_mflora_section_marksman (rhs_group_rus_vdv_infantry_mflora)"
10:43:44 "    Tags: [""FIRETEAM"",""ANTI_ARMOR"",""SCOUT_RECON"",""FOOT"",""ELITE"",""PATROL""]"
10:43:44 "    Units: 5 inf, 0 veh | AT=1 AA=0 MG=1 | Conf: 0.8"
10:43:44 "  rhs_group_rus_vdv_infantry_mflora_section_AT (rhs_group_rus_vdv_infantry_mflora)"
10:43:44 "    Tags: [""FIRETEAM"",""ANTI_ARMOR"",""AT_TEAM"",""SCOUT_RECON"",""FOOT"",""ELITE"",""PATROL""]"
10:43:44 "    Units: 5 inf, 0 veh | AT=3 AA=0 MG=0 | Conf: 0.95"
10:43:44 "  rhs_group_rus_vdv_infantry_mflora_section_AA (rhs_group_rus_vdv_infantry_mflora)"
10:43:44 "    Tags: [""FIRETEAM"",""ANTI_ARMOR"",""ANTI_AIR"",""AA_TEAM"",""SCOUT_RECON"",""FOOT"",""ELITE"",""PATROL""]"
10:43:44 "    Units: 5 inf, 0 veh | AT=1 AA=3 MG=0 | Conf: 0.95"
10:43:44 "  rhs_group_rus_vdv_infantry_mflora_fireteam (rhs_group_rus_vdv_infantry_mflora)"
10:43:44 "    Tags: [""FIRETEAM"",""ANTI_ARMOR"",""AT_TEAM"",""SCOUT_RECON"",""FOOT"",""ELITE"",""PATROL""]"
10:43:44 "    Units: 4 inf, 0 veh | AT=2 AA=0 MG=1 | Conf: 0.95"
10:43:44 "  rhs_group_rus_vdv_infantry_mflora_MANEUVER (rhs_group_rus_vdv_infantry_mflora)"
10:43:44 "    Tags: [""FIRETEAM"",""ANTI_ARMOR"",""AT_TEAM"",""SCOUT_RECON"",""FOOT"",""ELITE"",""PATROL""]"
10:43:44 "    Units: 3 inf, 0 veh | AT=1 AA=0 MG=0 | Conf: 0.95"
10:43:44 "  rhs_group_rus_vdv_infantry_recon_chq (rhs_group_rus_vdv_infantry_recon)"
10:43:44 "    Tags: [""FIRETEAM"",""SCOUT_RECON"",""FOOT"",""ELITE"",""PATROL""]"
10:43:44 "    Units: 4 inf, 0 veh | AT=0 AA=0 MG=0 | Conf: 0.8"
10:43:44 "  rhs_group_rus_vdv_infantry_recon_squad (rhs_group_rus_vdv_infantry_recon)"
10:43:44 "    Tags: [""INFANTRY_SQUAD"",""ANTI_ARMOR"",""AT_TEAM"",""SCOUT_RECON"",""FOOT"",""ELITE"",""PATROL""]"
10:43:44 "    Units: 6 inf, 0 veh | AT=3 AA=0 MG=1 | Conf: 0.95"
10:43:44 "  rhs_group_rus_vdv_infantry_recon_squad_2mg (rhs_group_rus_vdv_infantry_recon)"
10:43:44 "    Tags: [""INFANTRY_SQUAD"",""ANTI_ARMOR"",""AT_TEAM"",""WEAPONS_SQUAD"",""SUPPORT_BY_FIRE"",""SCOUT_RECON"",""FOOT"",""ELITE"",""PATROL""]"
10:43:44 "    Units: 6 inf, 0 veh | AT=3 AA=0 MG=2 | Conf: 0.95"
10:43:44 "  rhs_group_rus_vdv_infantry_recon_squad_sniper (rhs_group_rus_vdv_infantry_recon)"
10:43:44 "    Tags: [""INFANTRY_SQUAD"",""ANTI_ARMOR"",""AT_TEAM"",""SCOUT_RECON"",""FOOT"",""ELITE"",""PATROL""]"
10:43:44 "    Units: 6 inf, 0 veh | AT=3 AA=0 MG=1 | Conf: 0.95"
10:43:44 "  rhs_group_rus_vdv_infantry_recon_squad_mg_sniper (rhs_group_rus_vdv_infantry_recon)"
10:43:44 "    Tags: [""INFANTRY_SQUAD"",""ANTI_ARMOR"",""AT_TEAM"",""WEAPONS_SQUAD"",""SUPPORT_BY_FIRE"",""SCOUT_RECON"",""FOOT"",""ELITE"",""PATROL""]"
10:43:44 "    Units: 6 inf, 0 veh | AT=2 AA=0 MG=2 | Conf: 0.95"
10:43:44 "  rhs_group_rus_vdv_infantry_recon_fireteam (rhs_group_rus_vdv_infantry_recon)"
10:43:44 "    Tags: [""FIRETEAM"",""ANTI_ARMOR"",""AT_TEAM"",""SCOUT_RECON"",""FOOT"",""ELITE"",""PATROL""]"
10:43:44 "    Units: 3 inf, 0 veh | AT=1 AA=0 MG=1 | Conf: 0.95"
10:43:44 "  rhs_group_rus_vdv_infantry_recon_MANEUVER (rhs_group_rus_vdv_infantry_recon)"
10:43:44 "    Tags: [""FIRETEAM"",""ANTI_ARMOR"",""AT_TEAM"",""SCOUT_RECON"",""FOOT"",""ELITE"",""PATROL""]"
10:43:44 "    Units: 3 inf, 0 veh | AT=2 AA=0 MG=0 | Conf: 0.95"
10:43:44 "  rhs_group_rus_vdv_Ural_chq (rhs_group_rus_vdv_Ural)"
10:43:44 "    Tags: [""SCOUT_RECON"",""MOTORIZED"",""ELITE""]"
10:43:44 "    Units: 3 inf, 1 veh | AT=0 AA=0 MG=0 | Conf: 0.7"
10:43:44 "  rhs_group_rus_vdv_Ural_squad (rhs_group_rus_vdv_Ural)"
10:43:44 "    Tags: [""ANTI_ARMOR"",""AT_TEAM"",""SCOUT_RECON"",""MOTORIZED"",""ELITE""]"
10:43:44 "    Units: 7 inf, 1 veh | AT=3 AA=0 MG=1 | Conf: 0.85"
10:43:44 "  rhs_group_rus_vdv_Ural_squad_2mg (rhs_group_rus_vdv_Ural)"
10:43:44 "    Tags: [""ANTI_ARMOR"",""AT_TEAM"",""WEAPONS_SQUAD"",""SUPPORT_BY_FIRE"",""SCOUT_RECON"",""MOTORIZED"",""ELITE""]"
10:43:44 "    Units: 6 inf, 1 veh | AT=3 AA=0 MG=2 | Conf: 0.85"
10:43:44 "  rhs_group_rus_vdv_Ural_squad_sniper (rhs_group_rus_vdv_Ural)"
10:43:44 "    Tags: [""ANTI_ARMOR"",""AT_TEAM"",""SCOUT_RECON"",""MOTORIZED"",""ELITE""]"
10:43:44 "    Units: 6 inf, 1 veh | AT=3 AA=0 MG=1 | Conf: 0.85"
10:43:44 "  rhs_group_rus_vdv_Ural_squad_mg_sniper (rhs_group_rus_vdv_Ural)"
10:43:44 "    Tags: [""ANTI_ARMOR"",""AT_TEAM"",""SCOUT_RECON"",""MOTORIZED"",""ELITE""]"
10:43:44 "    Units: 6 inf, 1 veh | AT=3 AA=0 MG=1 | Conf: 0.85"
10:43:44 "  rhs_group_rus_vdv_Ural_squad_aa (rhs_group_rus_vdv_Ural)"
10:43:44 "    Tags: [""ANTI_ARMOR"",""AT_TEAM"",""ANTI_AIR"",""AA_TEAM"",""SCOUT_RECON"",""MOTORIZED"",""ELITE""]"
10:43:44 "    Units: 4 inf, 1 veh | AT=2 AA=2 MG=0 | Conf: 1"
10:43:44 "  rhs_group_rus_vdv_gaz66_chq (rhs_group_rus_vdv_gaz66)"
10:43:44 "    Tags: [""SCOUT_RECON"",""MOTORIZED"",""ELITE""]"
10:43:44 "    Units: 3 inf, 1 veh | AT=0 AA=0 MG=0 | Conf: 0.7"
10:43:44 "  rhs_group_rus_vdv_gaz66_squad (rhs_group_rus_vdv_gaz66)"
10:43:44 "    Tags: [""ANTI_ARMOR"",""AT_TEAM"",""SCOUT_RECON"",""MOTORIZED"",""ELITE""]"
10:43:44 "    Units: 7 inf, 1 veh | AT=3 AA=0 MG=1 | Conf: 0.85"
10:43:44 "  rhs_group_rus_vdv_gaz66_squad_2mg (rhs_group_rus_vdv_gaz66)"
10:43:44 "    Tags: [""ANTI_ARMOR"",""AT_TEAM"",""WEAPONS_SQUAD"",""SUPPORT_BY_FIRE"",""SCOUT_RECON"",""MOTORIZED"",""ELITE""]"
10:43:44 "    Units: 6 inf, 1 veh | AT=3 AA=0 MG=2 | Conf: 0.85"
10:43:44 "  rhs_group_rus_vdv_gaz66_squad_sniper (rhs_group_rus_vdv_gaz66)"
10:43:44 "    Tags: [""ANTI_ARMOR"",""AT_TEAM"",""SCOUT_RECON"",""MOTORIZED"",""ELITE""]"
10:43:44 "    Units: 6 inf, 1 veh | AT=3 AA=0 MG=1 | Conf: 0.85"
10:43:44 "  rhs_group_rus_vdv_gaz66_squad_mg_sniper (rhs_group_rus_vdv_gaz66)"
10:43:44 "    Tags: [""ANTI_ARMOR"",""AT_TEAM"",""SCOUT_RECON"",""MOTORIZED"",""ELITE""]"
10:43:44 "    Units: 6 inf, 1 veh | AT=3 AA=0 MG=1 | Conf: 0.85"
10:43:44 "  rhs_group_rus_vdv_gaz66_squad_aa (rhs_group_rus_vdv_gaz66)"
10:43:44 "    Tags: [""ANTI_ARMOR"",""AT_TEAM"",""ANTI_AIR"",""AA_TEAM"",""SCOUT_RECON"",""MOTORIZED"",""ELITE""]"
10:43:44 "    Units: 2 inf, 1 veh | AT=1 AA=1 MG=0 | Conf: 1"
10:43:44 "  rhs_group_rus_vdv_btr60_chq (rhs_group_rus_vdv_btr60)"
10:43:44 "    Tags: [""SCOUT_RECON"",""MECHANIZED"",""ELITE""]"
10:43:44 "    Units: 3 inf, 1 veh | AT=0 AA=0 MG=0 | Conf: 0.8"
10:43:44 "  rhs_group_rus_vdv_btr60_squad (rhs_group_rus_vdv_btr60)"
10:43:44 "    Tags: [""ANTI_ARMOR"",""AT_TEAM"",""SCOUT_RECON"",""MECHANIZED"",""ELITE""]"
10:43:44 "    Units: 7 inf, 1 veh | AT=3 AA=0 MG=1 | Conf: 0.95"
10:43:44 "  rhs_group_rus_vdv_btr60_squad_2mg (rhs_group_rus_vdv_btr60)"
10:43:44 "    Tags: [""ANTI_ARMOR"",""AT_TEAM"",""WEAPONS_SQUAD"",""SUPPORT_BY_FIRE"",""SCOUT_RECON"",""MECHANIZED"",""ELITE""]"
10:43:44 "    Units: 6 inf, 1 veh | AT=3 AA=0 MG=2 | Conf: 0.95"
10:43:44 "  rhs_group_rus_vdv_btr60_squad_sniper (rhs_group_rus_vdv_btr60)"
10:43:44 "    Tags: [""ANTI_ARMOR"",""AT_TEAM"",""SCOUT_RECON"",""MECHANIZED"",""ELITE""]"
10:43:44 "    Units: 6 inf, 1 veh | AT=3 AA=0 MG=1 | Conf: 0.95"
10:43:44 "  rhs_group_rus_vdv_btr60_squad_mg_sniper (rhs_group_rus_vdv_btr60)"
10:43:44 "    Tags: [""ANTI_ARMOR"",""AT_TEAM"",""SCOUT_RECON"",""MECHANIZED"",""ELITE""]"
10:43:44 "    Units: 6 inf, 1 veh | AT=3 AA=0 MG=1 | Conf: 0.95"
10:43:44 "  rhs_group_rus_vdv_btr60_squad_aa (rhs_group_rus_vdv_btr60)"
10:43:44 "    Tags: [""ANTI_ARMOR"",""AT_TEAM"",""ANTI_AIR"",""AA_TEAM"",""SCOUT_RECON"",""MECHANIZED"",""ELITE""]"
10:43:44 "    Units: 6 inf, 1 veh | AT=2 AA=2 MG=1 | Conf: 1"
10:43:44 "  rhs_group_rus_vdv_btr70_chq (rhs_group_rus_vdv_btr70)"
10:43:44 "    Tags: [""SCOUT_RECON"",""MECHANIZED"",""ELITE""]"
10:43:44 "    Units: 3 inf, 1 veh | AT=0 AA=0 MG=0 | Conf: 0.8"
10:43:44 "  rhs_group_rus_vdv_btr70_squad (rhs_group_rus_vdv_btr70)"
10:43:44 "    Tags: [""ANTI_ARMOR"",""AT_TEAM"",""SCOUT_RECON"",""MECHANIZED"",""ELITE""]"
10:43:44 "    Units: 7 inf, 1 veh | AT=3 AA=0 MG=1 | Conf: 0.95"
10:43:44 "  rhs_group_rus_vdv_btr70_squad_2mg (rhs_group_rus_vdv_btr70)"
10:43:44 "    Tags: [""ANTI_ARMOR"",""AT_TEAM"",""WEAPONS_SQUAD"",""SUPPORT_BY_FIRE"",""SCOUT_RECON"",""MECHANIZED"",""ELITE""]"
10:43:44 "    Units: 6 inf, 1 veh | AT=3 AA=0 MG=2 | Conf: 0.95"
10:43:44 "  rhs_group_rus_vdv_btr70_squad_sniper (rhs_group_rus_vdv_btr70)"
10:43:44 "    Tags: [""ANTI_ARMOR"",""AT_TEAM"",""SCOUT_RECON"",""MECHANIZED"",""ELITE""]"
10:43:44 "    Units: 6 inf, 1 veh | AT=3 AA=0 MG=1 | Conf: 0.95"
10:43:44 "  rhs_group_rus_vdv_btr70_squad_mg_sniper (rhs_group_rus_vdv_btr70)"
10:43:44 "    Tags: [""ANTI_ARMOR"",""AT_TEAM"",""SCOUT_RECON"",""MECHANIZED"",""ELITE""]"
10:43:44 "    Units: 6 inf, 1 veh | AT=3 AA=0 MG=1 | Conf: 0.95"
10:43:44 "  rhs_group_rus_vdv_btr70_squad_aa (rhs_group_rus_vdv_btr70)"
10:43:44 "    Tags: [""ANTI_ARMOR"",""AT_TEAM"",""ANTI_AIR"",""AA_TEAM"",""SCOUT_RECON"",""MECHANIZED"",""ELITE""]"
10:43:44 "    Units: 6 inf, 1 veh | AT=2 AA=2 MG=1 | Conf: 1"
10:43:44 "  rhs_group_rus_vdv_BTR80_chq (rhs_group_rus_vdv_BTR80)"
10:43:44 "    Tags: [""SCOUT_RECON"",""MECHANIZED"",""ELITE""]"
10:43:44 "    Units: 3 inf, 1 veh | AT=0 AA=0 MG=0 | Conf: 0.8"
10:43:44 "  rhs_group_rus_vdv_BTR80_squad (rhs_group_rus_vdv_BTR80)"
10:43:44 "    Tags: [""ANTI_ARMOR"",""AT_TEAM"",""SCOUT_RECON"",""MECHANIZED"",""ELITE""]"
10:43:44 "    Units: 6 inf, 1 veh | AT=3 AA=0 MG=1 | Conf: 0.95"
10:43:44 "  rhs_group_rus_vdv_BTR80_squad_2mg (rhs_group_rus_vdv_BTR80)"
10:43:44 "    Tags: [""ANTI_ARMOR"",""AT_TEAM"",""WEAPONS_SQUAD"",""SUPPORT_BY_FIRE"",""SCOUT_RECON"",""MECHANIZED"",""ELITE""]"
10:43:44 "    Units: 6 inf, 1 veh | AT=3 AA=0 MG=2 | Conf: 0.95"
10:43:44 "  rhs_group_rus_vdv_BTR80_squad_sniper (rhs_group_rus_vdv_BTR80)"
10:43:44 "    Tags: [""ANTI_ARMOR"",""AT_TEAM"",""SCOUT_RECON"",""MECHANIZED"",""ELITE""]"
10:43:44 "    Units: 6 inf, 1 veh | AT=3 AA=0 MG=1 | Conf: 0.95"
10:43:44 "  rhs_group_rus_vdv_BTR80_squad_mg_sniper (rhs_group_rus_vdv_BTR80)"
10:43:44 "    Tags: [""ANTI_ARMOR"",""AT_TEAM"",""WEAPONS_SQUAD"",""SUPPORT_BY_FIRE"",""SCOUT_RECON"",""MECHANIZED"",""ELITE""]"
10:43:44 "    Units: 6 inf, 1 veh | AT=2 AA=0 MG=2 | Conf: 0.95"
10:43:44 "  rhs_group_rus_vdv_BTR80_squad_aa (rhs_group_rus_vdv_BTR80)"
10:43:44 "    Tags: [""ANTI_ARMOR"",""AT_TEAM"",""ANTI_AIR"",""AA_TEAM"",""SCOUT_RECON"",""MECHANIZED"",""ELITE""]"
10:43:44 "    Units: 6 inf, 1 veh | AT=2 AA=2 MG=1 | Conf: 1"
10:43:44 "  rhs_group_rus_vdv_BTR80a_chq (rhs_group_rus_vdv_BTR80a)"
10:43:44 "    Tags: [""SCOUT_RECON"",""MECHANIZED"",""ELITE""]"
10:43:44 "    Units: 3 inf, 1 veh | AT=0 AA=0 MG=0 | Conf: 0.8"
10:43:44 "  rhs_group_rus_vdv_BTR80a_squad (rhs_group_rus_vdv_BTR80a)"
10:43:44 "    Tags: [""ANTI_ARMOR"",""AT_TEAM"",""SCOUT_RECON"",""MECHANIZED"",""ELITE""]"
10:43:44 "    Units: 6 inf, 1 veh | AT=3 AA=0 MG=1 | Conf: 0.95"
10:43:44 "  rhs_group_rus_vdv_BTR80a_squad_2mg (rhs_group_rus_vdv_BTR80a)"
10:43:44 "    Tags: [""ANTI_ARMOR"",""AT_TEAM"",""WEAPONS_SQUAD"",""SUPPORT_BY_FIRE"",""SCOUT_RECON"",""MECHANIZED"",""ELITE""]"
10:43:44 "    Units: 6 inf, 1 veh | AT=3 AA=0 MG=2 | Conf: 0.95"
10:43:44 "  rhs_group_rus_vdv_BTR80a_squad_sniper (rhs_group_rus_vdv_BTR80a)"
10:43:44 "    Tags: [""ANTI_ARMOR"",""AT_TEAM"",""SCOUT_RECON"",""MECHANIZED"",""ELITE""]"
10:43:44 "    Units: 6 inf, 1 veh | AT=3 AA=0 MG=1 | Conf: 0.95"
10:43:44 "  rhs_group_rus_vdv_BTR80a_squad_mg_sniper (rhs_group_rus_vdv_BTR80a)"
10:43:44 "    Tags: [""ANTI_ARMOR"",""AT_TEAM"",""WEAPONS_SQUAD"",""SUPPORT_BY_FIRE"",""SCOUT_RECON"",""MECHANIZED"",""ELITE""]"
10:43:44 "    Units: 6 inf, 1 veh | AT=2 AA=0 MG=2 | Conf: 0.95"
10:43:44 "  rhs_group_rus_vdv_BTR80a_squad_aa (rhs_group_rus_vdv_BTR80a)"
10:43:44 "    Tags: [""ANTI_ARMOR"",""AT_TEAM"",""ANTI_AIR"",""AA_TEAM"",""SCOUT_RECON"",""MECHANIZED"",""ELITE""]"
10:43:44 "    Units: 6 inf, 1 veh | AT=2 AA=2 MG=1 | Conf: 1"
10:43:44 "  rhs_group_rus_vdv_bmp1_chq (rhs_group_rus_vdv_bmp1)"
10:43:44 "    Tags: [""SCOUT_RECON"",""ARMORED"",""ARMOR"",""ELITE""]"
10:43:44 "    Units: 3 inf, 1 veh | AT=0 AA=0 MG=0 | Conf: 0.85"
10:43:44 "  rhs_group_rus_vdv_bmp1_squad (rhs_group_rus_vdv_bmp1)"
10:43:44 "    Tags: [""ANTI_ARMOR"",""AT_TEAM"",""SCOUT_RECON"",""ARMORED"",""ARMOR"",""ELITE""]"
10:43:44 "    Units: 8 inf, 1 veh | AT=3 AA=0 MG=1 | Conf: 1"
10:43:44 "  rhs_group_rus_vdv_bmp1_squad_2mg (rhs_group_rus_vdv_bmp1)"
10:43:44 "    Tags: [""ANTI_ARMOR"",""AT_TEAM"",""WEAPONS_SQUAD"",""SUPPORT_BY_FIRE"",""SCOUT_RECON"",""ARMORED"",""ARMOR"",""ELITE""]"
10:43:44 "    Units: 8 inf, 1 veh | AT=3 AA=0 MG=2 | Conf: 1"
10:43:44 "  rhs_group_rus_vdv_bmp1_squad_sniper (rhs_group_rus_vdv_bmp1)"
10:43:44 "    Tags: [""ANTI_ARMOR"",""AT_TEAM"",""SCOUT_RECON"",""ARMORED"",""ARMOR"",""ELITE""]"
10:43:44 "    Units: 8 inf, 1 veh | AT=3 AA=0 MG=1 | Conf: 1"
10:43:44 "  rhs_group_rus_vdv_bmp1_squad_mg_sniper (rhs_group_rus_vdv_bmp1)"
10:43:44 "    Tags: [""ANTI_ARMOR"",""AT_TEAM"",""SCOUT_RECON"",""ARMORED"",""ARMOR"",""ELITE""]"
10:43:44 "    Units: 8 inf, 1 veh | AT=3 AA=0 MG=1 | Conf: 1"
10:43:44 "  rhs_group_rus_vdv_bmp1_squad_aa (rhs_group_rus_vdv_bmp1)"
10:43:44 "    Tags: [""ANTI_ARMOR"",""AT_TEAM"",""ANTI_AIR"",""AA_TEAM"",""SCOUT_RECON"",""ARMORED"",""ARMOR"",""ELITE""]"
10:43:44 "    Units: 6 inf, 1 veh | AT=2 AA=2 MG=1 | Conf: 1"
10:43:44 "  rhs_group_rus_vdv_bmp2_chq (rhs_group_rus_vdv_bmp2)"
10:43:44 "    Tags: [""SCOUT_RECON"",""ARMORED"",""ARMOR"",""ELITE""]"
10:43:44 "    Units: 3 inf, 1 veh | AT=0 AA=0 MG=0 | Conf: 0.85"
10:43:44 "  rhs_group_rus_vdv_bmp2_squad (rhs_group_rus_vdv_bmp2)"
10:43:44 "    Tags: [""ANTI_ARMOR"",""AT_TEAM"",""SCOUT_RECON"",""ARMORED"",""ARMOR"",""ELITE""]"
10:43:44 "    Units: 7 inf, 1 veh | AT=3 AA=0 MG=1 | Conf: 1"
10:43:44 "  rhs_group_rus_vdv_bmp2_squad_2mg (rhs_group_rus_vdv_bmp2)"
10:43:44 "    Tags: [""ANTI_ARMOR"",""AT_TEAM"",""WEAPONS_SQUAD"",""SUPPORT_BY_FIRE"",""SCOUT_RECON"",""ARMORED"",""ARMOR"",""ELITE""]"
10:43:44 "    Units: 6 inf, 1 veh | AT=3 AA=0 MG=2 | Conf: 1"
10:43:44 "  rhs_group_rus_vdv_bmp2_squad_sniper (rhs_group_rus_vdv_bmp2)"
10:43:44 "    Tags: [""ANTI_ARMOR"",""AT_TEAM"",""SCOUT_RECON"",""ARMORED"",""ARMOR"",""ELITE""]"
10:43:44 "    Units: 6 inf, 1 veh | AT=3 AA=0 MG=1 | Conf: 1"
10:43:44 "  rhs_group_rus_vdv_bmp2_squad_mg_sniper (rhs_group_rus_vdv_bmp2)"
10:43:44 "    Tags: [""ANTI_ARMOR"",""AT_TEAM"",""SCOUT_RECON"",""ARMORED"",""ARMOR"",""ELITE""]"
10:43:44 "    Units: 6 inf, 1 veh | AT=3 AA=0 MG=1 | Conf: 1"
10:43:44 "  rhs_group_rus_vdv_bmp2_squad_aa (rhs_group_rus_vdv_bmp2)"
10:43:44 "    Tags: [""ANTI_ARMOR"",""AT_TEAM"",""ANTI_AIR"",""AA_TEAM"",""SCOUT_RECON"",""ARMORED"",""ARMOR"",""ELITE""]"
10:43:44 "    Units: 6 inf, 1 veh | AT=2 AA=2 MG=1 | Conf: 1"
10:43:44 "  rhs_group_rus_vdv_bmd1_chq (rhs_group_rus_vdv_bmd1)"
10:43:44 "    Tags: [""SCOUT_RECON"",""ARMORED"",""ARMOR"",""ELITE""]"
10:43:44 "    Units: 3 inf, 1 veh | AT=0 AA=0 MG=0 | Conf: 0.85"
10:43:44 "  rhs_group_rus_vdv_bmd1_squad (rhs_group_rus_vdv_bmd1)"
10:43:44 "    Tags: [""ANTI_ARMOR"",""AT_TEAM"",""SCOUT_RECON"",""ARMORED"",""ARMOR"",""ELITE""]"
10:43:44 "    Units: 5 inf, 1 veh | AT=3 AA=0 MG=1 | Conf: 1"
10:43:44 "  rhs_group_rus_vdv_bmd1_squad_2mg (rhs_group_rus_vdv_bmd1)"
10:43:44 "    Tags: [""ANTI_ARMOR"",""AT_TEAM"",""WEAPONS_SQUAD"",""SUPPORT_BY_FIRE"",""SCOUT_RECON"",""ARMORED"",""ARMOR"",""ELITE""]"
10:43:44 "    Units: 5 inf, 1 veh | AT=3 AA=0 MG=2 | Conf: 1"
10:43:44 "  rhs_group_rus_vdv_bmd1_squad_sniper (rhs_group_rus_vdv_bmd1)"
10:43:44 "    Tags: [""ANTI_ARMOR"",""AT_TEAM"",""SCOUT_RECON"",""ARMORED"",""ARMOR"",""ELITE""]"
10:43:44 "    Units: 5 inf, 1 veh | AT=3 AA=0 MG=0 | Conf: 1"
10:43:44 "  rhs_group_rus_vdv_bmd1_squad_mg_sniper (rhs_group_rus_vdv_bmd1)"
10:43:44 "    Tags: [""ANTI_ARMOR"",""AT_TEAM"",""SCOUT_RECON"",""ARMORED"",""ARMOR"",""ELITE""]"
10:43:44 "    Units: 5 inf, 1 veh | AT=3 AA=0 MG=1 | Conf: 1"
10:43:44 "  rhs_group_rus_vdv_bmd1_squad_aa (rhs_group_rus_vdv_bmd1)"
10:43:44 "    Tags: [""ANTI_ARMOR"",""AT_TEAM"",""ANTI_AIR"",""AA_TEAM"",""SCOUT_RECON"",""ARMORED"",""ARMOR"",""ELITE""]"
10:43:44 "    Units: 6 inf, 1 veh | AT=2 AA=2 MG=1 | Conf: 1"
10:43:44 "  rhs_group_rus_vdv_bmd2_chq (rhs_group_rus_vdv_bmd2)"
10:43:44 "    Tags: [""SCOUT_RECON"",""ARMORED"",""ARMOR"",""ELITE""]"
10:43:44 "    Units: 3 inf, 1 veh | AT=0 AA=0 MG=0 | Conf: 0.85"
10:43:44 "  rhs_group_rus_vdv_bmd2_squad (rhs_group_rus_vdv_bmd2)"
10:43:44 "    Tags: [""ANTI_ARMOR"",""AT_TEAM"",""SCOUT_RECON"",""ARMORED"",""ARMOR"",""ELITE""]"
10:43:44 "    Units: 5 inf, 1 veh | AT=3 AA=0 MG=1 | Conf: 1"
10:43:44 "  rhs_group_rus_vdv_bmd2_squad_2mg (rhs_group_rus_vdv_bmd2)"
10:43:44 "    Tags: [""ANTI_ARMOR"",""AT_TEAM"",""WEAPONS_SQUAD"",""SUPPORT_BY_FIRE"",""SCOUT_RECON"",""ARMORED"",""ARMOR"",""ELITE""]"
10:43:44 "    Units: 5 inf, 1 veh | AT=3 AA=0 MG=2 | Conf: 1"
10:43:44 "  rhs_group_rus_vdv_bmd2_squad_sniper (rhs_group_rus_vdv_bmd2)"
10:43:44 "    Tags: [""ANTI_ARMOR"",""AT_TEAM"",""SCOUT_RECON"",""ARMORED"",""ARMOR"",""ELITE""]"
10:43:44 "    Units: 5 inf, 1 veh | AT=3 AA=0 MG=0 | Conf: 1"
10:43:44 "  rhs_group_rus_vdv_bmd2_squad_mg_sniper (rhs_group_rus_vdv_bmd2)"
10:43:44 "    Tags: [""ANTI_ARMOR"",""AT_TEAM"",""SCOUT_RECON"",""ARMORED"",""ARMOR"",""ELITE""]"
10:43:44 "    Units: 5 inf, 1 veh | AT=3 AA=0 MG=1 | Conf: 1"
10:43:44 "  rhs_group_rus_vdv_bmd2_squad_aa (rhs_group_rus_vdv_bmd2)"
10:43:44 "    Tags: [""ANTI_ARMOR"",""AT_TEAM"",""ANTI_AIR"",""AA_TEAM"",""SCOUT_RECON"",""ARMORED"",""ARMOR"",""ELITE""]"
10:43:44 "    Units: 6 inf, 1 veh | AT=2 AA=2 MG=1 | Conf: 1"
10:43:44 "  rhs_group_rus_vdv_bmd4_chq (rhs_group_rus_vdv_bmd4)"
10:43:44 "    Tags: [""SCOUT_RECON"",""ARMORED"",""ARMOR"",""ELITE""]"
10:43:44 "    Units: 3 inf, 1 veh | AT=0 AA=0 MG=0 | Conf: 0.85"
10:43:44 "  rhs_group_rus_vdv_bmd4_squad (rhs_group_rus_vdv_bmd4)"
10:43:44 "    Tags: [""ANTI_ARMOR"",""AT_TEAM"",""SCOUT_RECON"",""ARMORED"",""ARMOR"",""ELITE""]"
10:43:44 "    Units: 5 inf, 1 veh | AT=3 AA=0 MG=1 | Conf: 1"
10:43:44 "  rhs_group_rus_vdv_bmd4_squad_2mg (rhs_group_rus_vdv_bmd4)"
10:43:44 "    Tags: [""ANTI_ARMOR"",""AT_TEAM"",""WEAPONS_SQUAD"",""SUPPORT_BY_FIRE"",""SCOUT_RECON"",""ARMORED"",""ARMOR"",""ELITE""]"
10:43:44 "    Units: 5 inf, 1 veh | AT=2 AA=0 MG=2 | Conf: 1"
10:43:44 "  rhs_group_rus_vdv_bmd4_squad_sniper (rhs_group_rus_vdv_bmd4)"
10:43:44 "    Tags: [""ANTI_ARMOR"",""AT_TEAM"",""SCOUT_RECON"",""ARMORED"",""ARMOR"",""ELITE""]"
10:43:44 "    Units: 5 inf, 1 veh | AT=2 AA=0 MG=1 | Conf: 1"
10:43:44 "  rhs_group_rus_vdv_bmd4_squad_mg_sniper (rhs_group_rus_vdv_bmd4)"
10:43:44 "    Tags: [""ANTI_ARMOR"",""AT_TEAM"",""WEAPONS_SQUAD"",""SUPPORT_BY_FIRE"",""SCOUT_RECON"",""ARMORED"",""ARMOR"",""ELITE""]"
10:43:44 "    Units: 5 inf, 1 veh | AT=2 AA=0 MG=2 | Conf: 1"
10:43:44 "  rhs_group_rus_vdv_bmd4_squad_aa (rhs_group_rus_vdv_bmd4)"
10:43:44 "    Tags: [""ANTI_ARMOR"",""AT_TEAM"",""ANTI_AIR"",""AA_TEAM"",""SCOUT_RECON"",""ARMORED"",""ARMOR"",""ELITE""]"
10:43:44 "    Units: 5 inf, 1 veh | AT=2 AA=2 MG=1 | Conf: 1"
10:43:44 "  rhs_group_rus_vdv_bmd4m_chq (rhs_group_rus_vdv_bmd4m)"
10:43:44 "    Tags: [""SCOUT_RECON"",""ARMORED"",""ARMOR"",""ELITE""]"
10:43:44 "    Units: 3 inf, 1 veh | AT=0 AA=0 MG=0 | Conf: 0.85"
10:43:44 "  rhs_group_rus_vdv_bmd4m_squad (rhs_group_rus_vdv_bmd4m)"
10:43:44 "    Tags: [""ANTI_ARMOR"",""AT_TEAM"",""SCOUT_RECON"",""ARMORED"",""ARMOR"",""ELITE""]"
10:43:44 "    Units: 6 inf, 1 veh | AT=3 AA=0 MG=1 | Conf: 1"
10:43:44 "  rhs_group_rus_vdv_bmd4m_squad_2mg (rhs_group_rus_vdv_bmd4m)"
10:43:44 "    Tags: [""ANTI_ARMOR"",""AT_TEAM"",""WEAPONS_SQUAD"",""SUPPORT_BY_FIRE"",""SCOUT_RECON"",""ARMORED"",""ARMOR"",""ELITE""]"
10:43:44 "    Units: 6 inf, 1 veh | AT=3 AA=0 MG=2 | Conf: 1"
10:43:44 "  rhs_group_rus_vdv_bmd4m_squad_sniper (rhs_group_rus_vdv_bmd4m)"
10:43:44 "    Tags: [""ANTI_ARMOR"",""AT_TEAM"",""SCOUT_RECON"",""ARMORED"",""ARMOR"",""ELITE""]"
10:43:44 "    Units: 6 inf, 1 veh | AT=3 AA=0 MG=1 | Conf: 1"
10:43:44 "  rhs_group_rus_vdv_bmd4m_squad_mg_sniper (rhs_group_rus_vdv_bmd4m)"
10:43:44 "    Tags: [""ANTI_ARMOR"",""AT_TEAM"",""WEAPONS_SQUAD"",""SUPPORT_BY_FIRE"",""SCOUT_RECON"",""ARMORED"",""ARMOR"",""ELITE""]"
10:43:44 "    Units: 6 inf, 1 veh | AT=2 AA=0 MG=2 | Conf: 1"
10:43:44 "  rhs_group_rus_vdv_bmd4m_squad_aa (rhs_group_rus_vdv_bmd4m)"
10:43:44 "    Tags: [""ANTI_ARMOR"",""AT_TEAM"",""ANTI_AIR"",""AA_TEAM"",""SCOUT_RECON"",""ARMORED"",""ARMOR"",""ELITE""]"
10:43:44 "    Units: 6 inf, 1 veh | AT=2 AA=2 MG=1 | Conf: 1"
10:43:44 "  rhs_group_rus_vdv_bmd4ma_chq (rhs_group_rus_vdv_bmd4ma)"
10:43:44 "    Tags: [""SCOUT_RECON"",""ARMORED"",""ARMOR"",""ELITE""]"
10:43:44 "    Units: 3 inf, 1 veh | AT=0 AA=0 MG=0 | Conf: 0.85"
10:43:44 "  rhs_group_rus_vdv_bmd4ma_squad (rhs_group_rus_vdv_bmd4ma)"
10:43:44 "    Tags: [""ANTI_ARMOR"",""AT_TEAM"",""SCOUT_RECON"",""ARMORED"",""ARMOR"",""ELITE""]"
10:43:44 "    Units: 6 inf, 1 veh | AT=3 AA=0 MG=1 | Conf: 1"
10:43:44 "  rhs_group_rus_vdv_bmd4ma_squad_2mg (rhs_group_rus_vdv_bmd4ma)"
10:43:44 "    Tags: [""ANTI_ARMOR"",""AT_TEAM"",""WEAPONS_SQUAD"",""SUPPORT_BY_FIRE"",""SCOUT_RECON"",""ARMORED"",""ARMOR"",""ELITE""]"
10:43:44 "    Units: 6 inf, 1 veh | AT=3 AA=0 MG=2 | Conf: 1"
10:43:44 "  rhs_group_rus_vdv_bmd4ma_squad_sniper (rhs_group_rus_vdv_bmd4ma)"
10:43:44 "    Tags: [""ANTI_ARMOR"",""AT_TEAM"",""SCOUT_RECON"",""ARMORED"",""ARMOR"",""ELITE""]"
10:43:44 "    Units: 6 inf, 1 veh | AT=3 AA=0 MG=1 | Conf: 1"
10:43:44 "  rhs_group_rus_vdv_bmd4ma_squad_mg_sniper (rhs_group_rus_vdv_bmd4ma)"
10:43:44 "    Tags: [""ANTI_ARMOR"",""AT_TEAM"",""WEAPONS_SQUAD"",""SUPPORT_BY_FIRE"",""SCOUT_RECON"",""ARMORED"",""ARMOR"",""ELITE""]"
10:43:44 "    Units: 6 inf, 1 veh | AT=2 AA=0 MG=2 | Conf: 1"
10:43:44 "  rhs_group_rus_vdv_bmd4ma_squad_aa (rhs_group_rus_vdv_bmd4ma)"
10:43:44 "    Tags: [""ANTI_ARMOR"",""AT_TEAM"",""ANTI_AIR"",""AA_TEAM"",""SCOUT_RECON"",""ARMORED"",""ARMOR"",""ELITE""]"
10:43:44 "    Units: 6 inf, 1 veh | AT=2 AA=2 MG=1 | Conf: 1"
10:43:44 "  rhs_group_rus_vdv_mi8_chq (rhs_group_rus_vdv_mi8)"
10:43:44 "    Tags: [""SCOUT_RECON"",""AIRBORNE"",""AIR_ASSAULT"",""ELITE""]"
10:43:44 "    Units: 3 inf, 1 veh | AT=0 AA=0 MG=0 | Conf: 0.7"
10:43:44 "  rhs_group_rus_vdv_mi8_squad (rhs_group_rus_vdv_mi8)"
10:43:44 "    Tags: [""ANTI_ARMOR"",""AT_TEAM"",""SCOUT_RECON"",""AIRBORNE"",""AIR_ASSAULT"",""ELITE""]"
10:43:44 "    Units: 10 inf, 1 veh | AT=3 AA=0 MG=1 | Conf: 0.85"
10:43:44 "  rhs_group_rus_vdv_mi8_squad_2mg (rhs_group_rus_vdv_mi8)"
10:43:44 "    Tags: [""ANTI_ARMOR"",""AT_TEAM"",""WEAPONS_SQUAD"",""SUPPORT_BY_FIRE"",""SCOUT_RECON"",""AIRBORNE"",""AIR_ASSAULT"",""ELITE""]"
10:43:44 "    Units: 10 inf, 1 veh | AT=3 AA=0 MG=2 | Conf: 0.85"
10:43:44 "  rhs_group_rus_vdv_mi8_squad_sniper (rhs_group_rus_vdv_mi8)"
10:43:44 "    Tags: [""ANTI_ARMOR"",""AT_TEAM"",""SCOUT_RECON"",""AIRBORNE"",""AIR_ASSAULT"",""ELITE""]"
10:43:44 "    Units: 10 inf, 1 veh | AT=3 AA=0 MG=1 | Conf: 0.85"
10:43:44 "  rhs_group_rus_vdv_mi8_squad_mg_sniper (rhs_group_rus_vdv_mi8)"
10:43:44 "    Tags: [""ANTI_ARMOR"",""AT_TEAM"",""SCOUT_RECON"",""AIRBORNE"",""AIR_ASSAULT"",""ELITE""]"
10:43:44 "    Units: 10 inf, 1 veh | AT=3 AA=0 MG=1 | Conf: 0.85"
10:43:44 "  rhs_group_rus_vdv_mi24_chq (rhs_group_rus_vdv_mi24)"
10:43:44 "    Tags: [""SCOUT_RECON"",""AIRBORNE"",""AIR_ASSAULT"",""ELITE""]"
10:43:44 "    Units: 3 inf, 1 veh | AT=0 AA=0 MG=0 | Conf: 0.7"
10:43:44 "  rhs_group_rus_vdv_mi24_squad (rhs_group_rus_vdv_mi24)"
10:43:44 "    Tags: [""ANTI_ARMOR"",""AT_TEAM"",""SCOUT_RECON"",""AIRBORNE"",""AIR_ASSAULT"",""ELITE""]"
10:43:44 "    Units: 7 inf, 1 veh | AT=3 AA=0 MG=1 | Conf: 0.85"
10:43:44 "  rhs_group_rus_vdv_mi24_squad_2mg (rhs_group_rus_vdv_mi24)"
10:43:44 "    Tags: [""ANTI_ARMOR"",""AT_TEAM"",""WEAPONS_SQUAD"",""SUPPORT_BY_FIRE"",""SCOUT_RECON"",""AIRBORNE"",""AIR_ASSAULT"",""ELITE""]"
10:43:44 "    Units: 6 inf, 1 veh | AT=3 AA=0 MG=2 | Conf: 0.85"
10:43:44 "  rhs_group_rus_vdv_mi24_squad_sniper (rhs_group_rus_vdv_mi24)"
10:43:44 "    Tags: [""ANTI_ARMOR"",""AT_TEAM"",""SCOUT_RECON"",""AIRBORNE"",""AIR_ASSAULT"",""ELITE""]"
10:43:44 "    Units: 6 inf, 1 veh | AT=3 AA=0 MG=1 | Conf: 0.85"
10:43:44 "  rhs_group_rus_vdv_mi24_squad_mg_sniper (rhs_group_rus_vdv_mi24)"
10:43:44 "    Tags: [""ANTI_ARMOR"",""AT_TEAM"",""SCOUT_RECON"",""AIRBORNE"",""AIR_ASSAULT"",""ELITE""]"
10:43:44 "    Units: 6 inf, 1 veh | AT=3 AA=0 MG=1 | Conf: 0.85"
10:43:44 "  RHS_SPGPlatoon_vdv_bm21 (rhs_group_rus_vdv_bm21)"
10:43:44 "    Tags: [""MOTORIZED"",""ELITE""]"
10:43:44 "    Units: 0 inf, 6 veh | AT=0 AA=0 MG=0 | Conf: 0.6"
10:43:44 "  RHS_SPGSection_vdv_bm21 (rhs_group_rus_vdv_bm21)"
10:43:44 "    Tags: [""MOTORIZED"",""ELITE""]"
10:43:44 "    Units: 0 inf, 2 veh | AT=0 AA=0 MG=0 | Conf: 0.6"
10:43:44 "  RHS_2S25Platoon (rhs_group_rus_vdv_2s25)"
10:43:44 "    Tags: [""ARMORED"",""ARMOR"",""ELITE""]"
10:43:44 "    Units: 0 inf, 3 veh | AT=0 AA=0 MG=0 | Conf: 0.75"
10:43:44 "  RHS_2S25Platoon_AA (rhs_group_rus_vdv_2s25)"
10:43:44 "    Tags: [""ARMORED"",""ARMOR"",""ELITE""]"
10:43:44 "    Units: 0 inf, 3 veh | AT=0 AA=0 MG=0 | Conf: 0.75"
10:43:44 "  RHS_2S25Section (rhs_group_rus_vdv_2s25)"
10:43:44 "    Tags: [""ARMORED"",""ARMOR"",""ELITE""]"
10:43:44 "    Units: 0 inf, 2 veh | AT=0 AA=0 MG=0 | Conf: 0.75"