10:43:44 "=============================================================="
10:43:44 "DSC: Faction 'Russia (VMF) (rhs_faction_vmf)'"
10:43:44 "=============================================================="
10:43:44 "DSC: fnc_extractGroups - Extracted 30 groups from faction 'rhs_faction_vmf'"
10:43:44 "DSC: fnc_classifyGroups - Classified 30 groups"
10:43:44 "DSC: fnc_classifyGroups - Tag distribution: [[""PATROL"",17],[""INFANTRY_SQUAD"",8],[""MECHANIZED"",6],[""ANTI_AIR"",3],[""FIRETEAM"",10],[""FOOT"",18],[""ELITE"",7],[""WEAPONS_SQUAD"",5],[""AA_TEAM"",3],[""ARMOR"",6],[""SUPPORT_BY_FIRE"",5],[""SCOUT_RECON"",7],[""ANTI_ARMOR"",26],[""AT_TEAM"",23],[""ARMORED"",6]]"
10:43:44 "  rhs_group_rus_vmf_infantry_chq (rhs_group_rus_vmf_infantry)"
10:43:44 "    Tags: [""FIRETEAM"",""FOOT"",""PATROL""]"
10:43:44 "    Units: 4 inf, 0 veh | AT=0 AA=0 MG=0 | Conf: 0.6"
10:43:44 "  rhs_group_rus_vmf_infantry_squad (rhs_group_rus_vmf_infantry)"
10:43:44 "    Tags: [""INFANTRY_SQUAD"",""ANTI_ARMOR"",""AT_TEAM"",""FOOT""]"
10:43:44 "    Units: 10 inf, 0 veh | AT=4 AA=0 MG=1 | Conf: 0.75"
10:43:44 "  rhs_group_rus_vmf_infantry_squad_2mg (rhs_group_rus_vmf_infantry)"
10:43:44 "    Tags: [""INFANTRY_SQUAD"",""ANTI_ARMOR"",""AT_TEAM"",""WEAPONS_SQUAD"",""SUPPORT_BY_FIRE"",""FOOT"",""PATROL""]"
10:43:44 "    Units: 7 inf, 0 veh | AT=3 AA=0 MG=2 | Conf: 0.75"
10:43:44 "  rhs_group_rus_vmf_infantry_squad_sniper (rhs_group_rus_vmf_infantry)"
10:43:44 "    Tags: [""INFANTRY_SQUAD"",""ANTI_ARMOR"",""AT_TEAM"",""FOOT"",""PATROL""]"
10:43:44 "    Units: 7 inf, 0 veh | AT=3 AA=0 MG=1 | Conf: 0.75"
10:43:44 "  rhs_group_rus_vmf_infantry_squad_mg_sniper (rhs_group_rus_vmf_infantry)"
10:43:44 "    Tags: [""INFANTRY_SQUAD"",""ANTI_ARMOR"",""AT_TEAM"",""FOOT"",""PATROL""]"
10:43:44 "    Units: 7 inf, 0 veh | AT=3 AA=0 MG=1 | Conf: 0.75"
10:43:44 "  rhs_group_rus_vmf_infantry_section_mg (rhs_group_rus_vmf_infantry)"
10:43:44 "    Tags: [""FIRETEAM"",""ANTI_ARMOR"",""FOOT"",""PATROL""]"
10:43:44 "    Units: 5 inf, 0 veh | AT=1 AA=0 MG=1 | Conf: 0.6"
10:43:44 "  rhs_group_rus_vmf_infantry_section_marksman (rhs_group_rus_vmf_infantry)"
10:43:44 "    Tags: [""FIRETEAM"",""ANTI_ARMOR"",""FOOT"",""PATROL""]"
10:43:44 "    Units: 5 inf, 0 veh | AT=1 AA=0 MG=1 | Conf: 0.6"
10:43:44 "  rhs_group_rus_vmf_infantry_section_AT (rhs_group_rus_vmf_infantry)"
10:43:44 "    Tags: [""FIRETEAM"",""ANTI_ARMOR"",""AT_TEAM"",""FOOT"",""PATROL""]"
10:43:44 "    Units: 5 inf, 0 veh | AT=3 AA=0 MG=0 | Conf: 0.75"
10:43:44 "  rhs_group_rus_vmf_infantry_section_AA (rhs_group_rus_vmf_infantry)"
10:43:44 "    Tags: [""FIRETEAM"",""ANTI_ARMOR"",""ANTI_AIR"",""AA_TEAM"",""FOOT"",""PATROL""]"
10:43:44 "    Units: 5 inf, 0 veh | AT=1 AA=3 MG=0 | Conf: 0.75"
10:43:44 "  rhs_group_rus_vmf_infantry_fireteam (rhs_group_rus_vmf_infantry)"
10:43:44 "    Tags: [""FIRETEAM"",""ANTI_ARMOR"",""AT_TEAM"",""FOOT"",""PATROL""]"
10:43:44 "    Units: 4 inf, 0 veh | AT=2 AA=0 MG=1 | Conf: 0.75"
10:43:44 "  rhs_group_rus_vmf_infantry_MANEUVER (rhs_group_rus_vmf_infantry)"
10:43:44 "    Tags: [""FIRETEAM"",""ANTI_ARMOR"",""AT_TEAM"",""FOOT"",""PATROL""]"
10:43:44 "    Units: 3 inf, 0 veh | AT=1 AA=0 MG=0 | Conf: 0.75"
10:43:44 "  rhs_group_rus_vmf_infantry_recon_chq (rhs_group_rus_vmf_infantry_recon)"
10:43:44 "    Tags: [""FIRETEAM"",""SCOUT_RECON"",""FOOT"",""ELITE"",""PATROL""]"
10:43:44 "    Units: 4 inf, 0 veh | AT=0 AA=0 MG=0 | Conf: 0.8"
10:43:44 "  rhs_group_rus_vmf_infantry_recon_squad (rhs_group_rus_vmf_infantry_recon)"
10:43:44 "    Tags: [""INFANTRY_SQUAD"",""ANTI_ARMOR"",""AT_TEAM"",""SCOUT_RECON"",""FOOT"",""ELITE"",""PATROL""]"
10:43:44 "    Units: 6 inf, 0 veh | AT=3 AA=0 MG=1 | Conf: 0.95"
10:43:44 "  rhs_group_rus_vmf_infantry_recon_squad_2mg (rhs_group_rus_vmf_infantry_recon)"
10:43:44 "    Tags: [""INFANTRY_SQUAD"",""ANTI_ARMOR"",""AT_TEAM"",""WEAPONS_SQUAD"",""SUPPORT_BY_FIRE"",""SCOUT_RECON"",""FOOT"",""ELITE"",""PATROL""]"
10:43:44 "    Units: 6 inf, 0 veh | AT=3 AA=0 MG=2 | Conf: 0.95"
10:43:44 "  rhs_group_rus_vmf_infantry_recon_squad_sniper (rhs_group_rus_vmf_infantry_recon)"
10:43:44 "    Tags: [""INFANTRY_SQUAD"",""ANTI_ARMOR"",""AT_TEAM"",""SCOUT_RECON"",""FOOT"",""ELITE"",""PATROL""]"
10:43:44 "    Units: 6 inf, 0 veh | AT=3 AA=0 MG=1 | Conf: 0.95"
10:43:44 "  rhs_group_rus_vmf_infantry_recon_squad_mg_sniper (rhs_group_rus_vmf_infantry_recon)"
10:43:44 "    Tags: [""INFANTRY_SQUAD"",""ANTI_ARMOR"",""AT_TEAM"",""WEAPONS_SQUAD"",""SUPPORT_BY_FIRE"",""SCOUT_RECON"",""FOOT"",""ELITE"",""PATROL""]"
10:43:44 "    Units: 6 inf, 0 veh | AT=2 AA=0 MG=2 | Conf: 0.95"
10:43:44 "  rhs_group_rus_vmf_infantry_recon_fireteam (rhs_group_rus_vmf_infantry_recon)"
10:43:44 "    Tags: [""FIRETEAM"",""ANTI_ARMOR"",""AT_TEAM"",""SCOUT_RECON"",""FOOT"",""ELITE"",""PATROL""]"
10:43:44 "    Units: 3 inf, 0 veh | AT=1 AA=0 MG=1 | Conf: 0.95"
10:43:44 "  rhs_group_rus_vmf_infantry_recon_MANEUVER (rhs_group_rus_vmf_infantry_recon)"
10:43:44 "    Tags: [""FIRETEAM"",""ANTI_ARMOR"",""AT_TEAM"",""SCOUT_RECON"",""FOOT"",""ELITE"",""PATROL""]"
10:43:44 "    Units: 3 inf, 0 veh | AT=2 AA=0 MG=0 | Conf: 0.95"
10:43:44 "  rhs_group_rus_msv_bmp2_chq (rhs_group_rus_msv_bmp2)"
10:43:44 "    Tags: [""ARMORED"",""ARMOR""]"
10:43:44 "    Units: 3 inf, 1 veh | AT=0 AA=0 MG=0 | Conf: 0.65"
10:43:44 "  rhs_group_rus_msv_bmp2_squad (rhs_group_rus_msv_bmp2)"
10:43:44 "    Tags: [""ANTI_ARMOR"",""AT_TEAM"",""ARMORED"",""ARMOR""]"
10:43:44 "    Units: 7 inf, 1 veh | AT=3 AA=0 MG=1 | Conf: 0.8"
10:43:44 "  rhs_group_rus_msv_bmp2_squad_2mg (rhs_group_rus_msv_bmp2)"
10:43:44 "    Tags: [""ANTI_ARMOR"",""AT_TEAM"",""WEAPONS_SQUAD"",""SUPPORT_BY_FIRE"",""ARMORED"",""ARMOR""]"
10:43:44 "    Units: 6 inf, 1 veh | AT=3 AA=0 MG=2 | Conf: 0.8"
10:43:44 "  rhs_group_rus_msv_bmp2_squad_sniper (rhs_group_rus_msv_bmp2)"
10:43:44 "    Tags: [""ANTI_ARMOR"",""AT_TEAM"",""ARMORED"",""ARMOR""]"
10:43:44 "    Units: 6 inf, 1 veh | AT=3 AA=0 MG=1 | Conf: 0.8"
10:43:44 "  rhs_group_rus_msv_bmp2_squad_mg_sniper (rhs_group_rus_msv_bmp2)"
10:43:44 "    Tags: [""ANTI_ARMOR"",""AT_TEAM"",""ARMORED"",""ARMOR""]"
10:43:44 "    Units: 6 inf, 1 veh | AT=3 AA=0 MG=1 | Conf: 0.8"
10:43:44 "  rhs_group_rus_msv_bmp2_squad_aa (rhs_group_rus_msv_bmp2)"
10:43:44 "    Tags: [""ANTI_ARMOR"",""AT_TEAM"",""ANTI_AIR"",""AA_TEAM"",""ARMORED"",""ARMOR""]"
10:43:44 "    Units: 6 inf, 1 veh | AT=2 AA=2 MG=1 | Conf: 0.95"
10:43:44 "  rhs_group_rus_vmf_BTR80_chq (rhs_group_rus_vmf_BTR80)"
10:43:44 "    Tags: [""MECHANIZED""]"
10:43:44 "    Units: 3 inf, 1 veh | AT=0 AA=0 MG=0 | Conf: 0.6"
10:43:44 "  rhs_group_rus_vmf_BTR80_squad (rhs_group_rus_vmf_BTR80)"
10:43:44 "    Tags: [""ANTI_ARMOR"",""AT_TEAM"",""MECHANIZED""]"
10:43:44 "    Units: 6 inf, 1 veh | AT=4 AA=0 MG=1 | Conf: 0.75"
10:43:44 "  rhs_group_rus_vmf_BTR80_squad_2mg (rhs_group_rus_vmf_BTR80)"
10:43:44 "    Tags: [""ANTI_ARMOR"",""AT_TEAM"",""WEAPONS_SQUAD"",""SUPPORT_BY_FIRE"",""MECHANIZED""]"
10:43:44 "    Units: 7 inf, 1 veh | AT=4 AA=0 MG=2 | Conf: 0.75"
10:43:44 "  rhs_group_rus_vmf_BTR80_squad_sniper (rhs_group_rus_vmf_BTR80)"
10:43:44 "    Tags: [""ANTI_ARMOR"",""AT_TEAM"",""MECHANIZED""]"
10:43:44 "    Units: 7 inf, 1 veh | AT=4 AA=0 MG=1 | Conf: 0.75"
10:43:44 "  rhs_group_rus_vmf_BTR80_squad_mg_sniper (rhs_group_rus_vmf_BTR80)"
10:43:44 "    Tags: [""ANTI_ARMOR"",""AT_TEAM"",""MECHANIZED""]"
10:43:44 "    Units: 7 inf, 1 veh | AT=3 AA=0 MG=1 | Conf: 0.75"
10:43:44 "  rhs_group_rus_vmf_BTR80_squad_aa (rhs_group_rus_vmf_BTR80)"
10:43:44 "    Tags: [""ANTI_ARMOR"",""AT_TEAM"",""ANTI_AIR"",""AA_TEAM"",""MECHANIZED""]"
10:43:44 "    Units: 6 inf, 1 veh | AT=2 AA=2 MG=1 | Conf: 0.9"