16:42:19 "=============================================================="
16:42:19 "DSC: Faction 'Grand Army of the Republic Legions (ls_gar_legions)'"
16:42:19 "=============================================================="
16:42:19 "DSC: fnc_extractGroups - Extracted 130 groups from faction 'ls_gar_legions'"
16:42:19 "DSC: fnc_classifyGroups - Classified 130 groups"
16:42:19 "DSC: fnc_classifyGroups - Tag distribution: [[""INFANTRY_SQUAD"",26],[""PATROL"",104],[""NIGHT_CAPABLE"",13],[""ANTI_AIR"",13],[""FIRETEAM"",104],[""FOOT"",130],[""MEDICAL_TEAM"",52],[""AA_TEAM"",13]]"
16:42:19 "  ls_gar_phase2_5th_infantry_squad (ls_gar_5th_phase2_infantry)"
16:42:19 "    Tags: [""INFANTRY_SQUAD"",""MEDICAL_TEAM"",""FOOT""]"
16:42:19 "    Units: 9 inf, 0 veh | AT=0 AA=0 MG=0 | Conf: 0.6"
16:42:19 "  ls_gar_phase2_5th_infantry_team (ls_gar_5th_phase2_infantry)"
16:42:19 "    Tags: [""FIRETEAM"",""MEDICAL_TEAM"",""FOOT"",""PATROL""]"
16:42:19 "    Units: 4 inf, 0 veh | AT=0 AA=0 MG=0 | Conf: 0.6"
16:42:19 "  ls_gar_phase2_5th_weapons_squad (ls_gar_5th_phase2_infantry)"
16:42:19 "    Tags: [""INFANTRY_SQUAD"",""MEDICAL_TEAM"",""FOOT""]"
16:42:19 "    Units: 9 inf, 0 veh | AT=0 AA=0 MG=0 | Conf: 0.6"
16:42:19 "  ls_gar_phase2_5th_at_team (ls_gar_5th_phase2_infantry)"
16:42:19 "    Tags: [""FIRETEAM"",""FOOT"",""PATROL""]"
16:42:19 "    Units: 4 inf, 0 veh | AT=0 AA=0 MG=0 | Conf: 0.6"
16:42:19 "  ls_gar_phase2_5th_aa_team (ls_gar_5th_phase2_infantry)"
16:42:19 "    Tags: [""FIRETEAM"",""ANTI_AIR"",""AA_TEAM"",""FOOT"",""PATROL""]"
16:42:19 "    Units: 4 inf, 0 veh | AT=0 AA=2 MG=0 | Conf: 0.75"
16:42:19 "  ls_gar_phase2_5th_support_team (ls_gar_5th_phase2_infantry)"
16:42:19 "    Tags: [""FIRETEAM"",""MEDICAL_TEAM"",""FOOT"",""PATROL""]"
16:42:19 "    Units: 4 inf, 0 veh | AT=0 AA=0 MG=0 | Conf: 0.6"
16:42:19 "  ls_gar_phase2_5th_eod_team (ls_gar_5th_phase2_infantry)"
16:42:19 "    Tags: [""FIRETEAM"",""FOOT"",""PATROL""]"
16:42:19 "    Units: 4 inf, 0 veh | AT=0 AA=0 MG=0 | Conf: 0.6"
16:42:19 "  ls_gar_phase2_5th_supportGunner_team (ls_gar_5th_phase2_infantry)"
16:42:19 "    Tags: [""FIRETEAM"",""FOOT"",""PATROL""]"
16:42:19 "    Units: 3 inf, 0 veh | AT=0 AA=0 MG=0 | Conf: 0.6"
16:42:19 "  ls_gar_phase2_5th_infantry_sentry (ls_gar_5th_phase2_infantry)"
16:42:19 "    Tags: [""FIRETEAM"",""FOOT"",""PATROL""]"
16:42:19 "    Units: 2 inf, 0 veh | AT=0 AA=0 MG=0 | Conf: 0.6"
16:42:19 "  ls_gar_phase2_5th_sniper_sentry (ls_gar_5th_phase2_infantry)"
16:42:19 "    Tags: [""FIRETEAM"",""FOOT"",""NIGHT_CAPABLE"",""PATROL""]"
16:42:19 "    Units: 2 inf, 0 veh | AT=0 AA=0 MG=0 | Conf: 0.6"
16:42:19 "  ls_gar_phase2_9th_infantry_squad (ls_gar_9th_phase2_infantry)"
16:42:19 "    Tags: [""INFANTRY_SQUAD"",""MEDICAL_TEAM"",""FOOT""]"
16:42:19 "    Units: 9 inf, 0 veh | AT=0 AA=0 MG=0 | Conf: 0.6"
16:42:19 "  ls_gar_phase2_9th_infantry_team (ls_gar_9th_phase2_infantry)"
16:42:19 "    Tags: [""FIRETEAM"",""MEDICAL_TEAM"",""FOOT"",""PATROL""]"
16:42:19 "    Units: 4 inf, 0 veh | AT=0 AA=0 MG=0 | Conf: 0.6"
16:42:19 "  ls_gar_phase2_9th_weapons_squad (ls_gar_9th_phase2_infantry)"
16:42:19 "    Tags: [""INFANTRY_SQUAD"",""MEDICAL_TEAM"",""FOOT""]"
16:42:19 "    Units: 9 inf, 0 veh | AT=0 AA=0 MG=0 | Conf: 0.6"
16:42:19 "  ls_gar_phase2_9th_at_team (ls_gar_9th_phase2_infantry)"
16:42:19 "    Tags: [""FIRETEAM"",""FOOT"",""PATROL""]"
16:42:19 "    Units: 4 inf, 0 veh | AT=0 AA=0 MG=0 | Conf: 0.6"
16:42:19 "  ls_gar_phase2_9th_aa_team (ls_gar_9th_phase2_infantry)"
16:42:19 "    Tags: [""FIRETEAM"",""ANTI_AIR"",""AA_TEAM"",""FOOT"",""PATROL""]"
16:42:19 "    Units: 4 inf, 0 veh | AT=0 AA=2 MG=0 | Conf: 0.75"
16:42:19 "  ls_gar_phase2_9th_support_team (ls_gar_9th_phase2_infantry)"
16:42:19 "    Tags: [""FIRETEAM"",""MEDICAL_TEAM"",""FOOT"",""PATROL""]"
16:42:19 "    Units: 4 inf, 0 veh | AT=0 AA=0 MG=0 | Conf: 0.6"
16:42:19 "  ls_gar_phase2_9th_eod_team (ls_gar_9th_phase2_infantry)"
16:42:19 "    Tags: [""FIRETEAM"",""FOOT"",""PATROL""]"
16:42:19 "    Units: 4 inf, 0 veh | AT=0 AA=0 MG=0 | Conf: 0.6"
16:42:19 "  ls_gar_phase2_9th_supportGunner_team (ls_gar_9th_phase2_infantry)"
16:42:19 "    Tags: [""FIRETEAM"",""FOOT"",""PATROL""]"
16:42:19 "    Units: 3 inf, 0 veh | AT=0 AA=0 MG=0 | Conf: 0.6"
16:42:19 "  ls_gar_phase2_9th_infantry_sentry (ls_gar_9th_phase2_infantry)"
16:42:19 "    Tags: [""FIRETEAM"",""FOOT"",""PATROL""]"
16:42:19 "    Units: 2 inf, 0 veh | AT=0 AA=0 MG=0 | Conf: 0.6"
16:42:19 "  ls_gar_phase2_9th_sniper_sentry (ls_gar_9th_phase2_infantry)"
16:42:19 "    Tags: [""FIRETEAM"",""FOOT"",""NIGHT_CAPABLE"",""PATROL""]"
16:42:19 "    Units: 2 inf, 0 veh | AT=0 AA=0 MG=0 | Conf: 0.6"
16:42:19 "  ls_gar_phase2_21st_infantry_squad (ls_gar_21st_phase2_infantry)"
16:42:19 "    Tags: [""INFANTRY_SQUAD"",""MEDICAL_TEAM"",""FOOT""]"
16:42:19 "    Units: 9 inf, 0 veh | AT=0 AA=0 MG=0 | Conf: 0.6"
16:42:19 "  ls_gar_phase2_21st_infantry_team (ls_gar_21st_phase2_infantry)"
16:42:19 "    Tags: [""FIRETEAM"",""MEDICAL_TEAM"",""FOOT"",""PATROL""]"
16:42:19 "    Units: 4 inf, 0 veh | AT=0 AA=0 MG=0 | Conf: 0.6"
16:42:19 "  ls_gar_phase2_21st_weapons_squad (ls_gar_21st_phase2_infantry)"
16:42:19 "    Tags: [""INFANTRY_SQUAD"",""MEDICAL_TEAM"",""FOOT""]"
16:42:19 "    Units: 9 inf, 0 veh | AT=0 AA=0 MG=0 | Conf: 0.6"
16:42:19 "  ls_gar_phase2_21st_at_team (ls_gar_21st_phase2_infantry)"
16:42:19 "    Tags: [""FIRETEAM"",""FOOT"",""PATROL""]"
16:42:19 "    Units: 4 inf, 0 veh | AT=0 AA=0 MG=0 | Conf: 0.6"
16:42:19 "  ls_gar_phase2_21st_aa_team (ls_gar_21st_phase2_infantry)"
16:42:19 "    Tags: [""FIRETEAM"",""ANTI_AIR"",""AA_TEAM"",""FOOT"",""PATROL""]"
16:42:19 "    Units: 4 inf, 0 veh | AT=0 AA=2 MG=0 | Conf: 0.75"
16:42:19 "  ls_gar_phase2_21st_support_team (ls_gar_21st_phase2_infantry)"
16:42:19 "    Tags: [""FIRETEAM"",""MEDICAL_TEAM"",""FOOT"",""PATROL""]"
16:42:19 "    Units: 4 inf, 0 veh | AT=0 AA=0 MG=0 | Conf: 0.6"
16:42:19 "  ls_gar_phase2_21st_eod_team (ls_gar_21st_phase2_infantry)"
16:42:19 "    Tags: [""FIRETEAM"",""FOOT"",""PATROL""]"
16:42:19 "    Units: 4 inf, 0 veh | AT=0 AA=0 MG=0 | Conf: 0.6"
16:42:19 "  ls_gar_phase2_21st_supportGunner_team (ls_gar_21st_phase2_infantry)"
16:42:19 "    Tags: [""FIRETEAM"",""FOOT"",""PATROL""]"
16:42:19 "    Units: 3 inf, 0 veh | AT=0 AA=0 MG=0 | Conf: 0.6"
16:42:19 "  ls_gar_phase2_21st_infantry_sentry (ls_gar_21st_phase2_infantry)"
16:42:19 "    Tags: [""FIRETEAM"",""FOOT"",""PATROL""]"
16:42:19 "    Units: 2 inf, 0 veh | AT=0 AA=0 MG=0 | Conf: 0.6"
16:42:19 "  ls_gar_phase2_21st_sniper_sentry (ls_gar_21st_phase2_infantry)"
16:42:19 "    Tags: [""FIRETEAM"",""FOOT"",""NIGHT_CAPABLE"",""PATROL""]"
16:42:19 "    Units: 2 inf, 0 veh | AT=0 AA=0 MG=0 | Conf: 0.6"
16:42:19 "  ls_gar_phase2_38th_infantry_squad (ls_gar_38th_phase2_infantry)"
16:42:19 "    Tags: [""INFANTRY_SQUAD"",""MEDICAL_TEAM"",""FOOT""]"
16:42:19 "    Units: 9 inf, 0 veh | AT=0 AA=0 MG=0 | Conf: 0.6"
16:42:19 "  ls_gar_phase2_38th_infantry_team (ls_gar_38th_phase2_infantry)"
16:42:19 "    Tags: [""FIRETEAM"",""MEDICAL_TEAM"",""FOOT"",""PATROL""]"
16:42:19 "    Units: 4 inf, 0 veh | AT=0 AA=0 MG=0 | Conf: 0.6"
16:42:19 "  ls_gar_phase2_38th_weapons_squad (ls_gar_38th_phase2_infantry)"
16:42:19 "    Tags: [""INFANTRY_SQUAD"",""MEDICAL_TEAM"",""FOOT""]"
16:42:19 "    Units: 9 inf, 0 veh | AT=0 AA=0 MG=0 | Conf: 0.6"
16:42:19 "  ls_gar_phase2_38th_at_team (ls_gar_38th_phase2_infantry)"
16:42:19 "    Tags: [""FIRETEAM"",""FOOT"",""PATROL""]"
16:42:19 "    Units: 4 inf, 0 veh | AT=0 AA=0 MG=0 | Conf: 0.6"
16:42:19 "  ls_gar_phase2_38th_aa_team (ls_gar_38th_phase2_infantry)"
16:42:19 "    Tags: [""FIRETEAM"",""ANTI_AIR"",""AA_TEAM"",""FOOT"",""PATROL""]"
16:42:19 "    Units: 4 inf, 0 veh | AT=0 AA=2 MG=0 | Conf: 0.75"
16:42:19 "  ls_gar_phase2_38th_support_team (ls_gar_38th_phase2_infantry)"
16:42:19 "    Tags: [""FIRETEAM"",""MEDICAL_TEAM"",""FOOT"",""PATROL""]"
16:42:19 "    Units: 4 inf, 0 veh | AT=0 AA=0 MG=0 | Conf: 0.6"
16:42:19 "  ls_gar_phase2_38th_eod_team (ls_gar_38th_phase2_infantry)"
16:42:19 "    Tags: [""FIRETEAM"",""FOOT"",""PATROL""]"
16:42:19 "    Units: 4 inf, 0 veh | AT=0 AA=0 MG=0 | Conf: 0.6"
16:42:19 "  ls_gar_phase2_38th_supportGunner_team (ls_gar_38th_phase2_infantry)"
16:42:19 "    Tags: [""FIRETEAM"",""FOOT"",""PATROL""]"
16:42:19 "    Units: 3 inf, 0 veh | AT=0 AA=0 MG=0 | Conf: 0.6"
16:42:19 "  ls_gar_phase2_38th_infantry_sentry (ls_gar_38th_phase2_infantry)"
16:42:19 "    Tags: [""FIRETEAM"",""FOOT"",""PATROL""]"
16:42:19 "    Units: 2 inf, 0 veh | AT=0 AA=0 MG=0 | Conf: 0.6"
16:42:19 "  ls_gar_phase2_38th_sniper_sentry (ls_gar_38th_phase2_infantry)"
16:42:19 "    Tags: [""FIRETEAM"",""FOOT"",""NIGHT_CAPABLE"",""PATROL""]"
16:42:19 "    Units: 2 inf, 0 veh | AT=0 AA=0 MG=0 | Conf: 0.6"
16:42:19 "  ls_gar_phase2_41strb_infantry_squad (ls_gar_41strb_phase2_infantry)"
16:42:19 "    Tags: [""INFANTRY_SQUAD"",""MEDICAL_TEAM"",""FOOT""]"
16:42:19 "    Units: 9 inf, 0 veh | AT=0 AA=0 MG=0 | Conf: 0.6"
16:42:19 "  ls_gar_phase2_41strb_infantry_team (ls_gar_41strb_phase2_infantry)"
16:42:19 "    Tags: [""FIRETEAM"",""MEDICAL_TEAM"",""FOOT"",""PATROL""]"
16:42:19 "    Units: 4 inf, 0 veh | AT=0 AA=0 MG=0 | Conf: 0.6"
16:42:19 "  ls_gar_phase2_41strb_weapons_squad (ls_gar_41strb_phase2_infantry)"
16:42:19 "    Tags: [""INFANTRY_SQUAD"",""MEDICAL_TEAM"",""FOOT""]"
16:42:19 "    Units: 9 inf, 0 veh | AT=0 AA=0 MG=0 | Conf: 0.6"
16:42:19 "  ls_gar_phase2_41strb_at_team (ls_gar_41strb_phase2_infantry)"
16:42:19 "    Tags: [""FIRETEAM"",""FOOT"",""PATROL""]"
16:42:19 "    Units: 4 inf, 0 veh | AT=0 AA=0 MG=0 | Conf: 0.6"
16:42:19 "  ls_gar_phase2_41strb_aa_team (ls_gar_41strb_phase2_infantry)"
16:42:19 "    Tags: [""FIRETEAM"",""ANTI_AIR"",""AA_TEAM"",""FOOT"",""PATROL""]"
16:42:19 "    Units: 4 inf, 0 veh | AT=0 AA=2 MG=0 | Conf: 0.75"
16:42:19 "  ls_gar_phase2_41strb_support_team (ls_gar_41strb_phase2_infantry)"
16:42:19 "    Tags: [""FIRETEAM"",""MEDICAL_TEAM"",""FOOT"",""PATROL""]"
16:42:19 "    Units: 4 inf, 0 veh | AT=0 AA=0 MG=0 | Conf: 0.6"
16:42:19 "  ls_gar_phase2_41strb_eod_team (ls_gar_41strb_phase2_infantry)"
16:42:19 "    Tags: [""FIRETEAM"",""FOOT"",""PATROL""]"
16:42:19 "    Units: 4 inf, 0 veh | AT=0 AA=0 MG=0 | Conf: 0.6"
16:42:19 "  ls_gar_phase2_41strb_supportGunner_team (ls_gar_41strb_phase2_infantry)"
16:42:19 "    Tags: [""FIRETEAM"",""FOOT"",""PATROL""]"
16:42:19 "    Units: 3 inf, 0 veh | AT=0 AA=0 MG=0 | Conf: 0.6"
16:42:19 "  ls_gar_phase2_41strb_infantry_sentry (ls_gar_41strb_phase2_infantry)"
16:42:19 "    Tags: [""FIRETEAM"",""FOOT"",""PATROL""]"
16:42:19 "    Units: 2 inf, 0 veh | AT=0 AA=0 MG=0 | Conf: 0.6"
16:42:19 "  ls_gar_phase2_41strb_sniper_sentry (ls_gar_41strb_phase2_infantry)"
16:42:19 "    Tags: [""FIRETEAM"",""FOOT"",""NIGHT_CAPABLE"",""PATROL""]"
16:42:19 "    Units: 2 inf, 0 veh | AT=0 AA=0 MG=0 | Conf: 0.6"
16:42:19 "  ls_gar_phase2_91st_infantry_squad (ls_gar_91st_phase2_infantry)"
16:42:19 "    Tags: [""INFANTRY_SQUAD"",""MEDICAL_TEAM"",""FOOT""]"
16:42:19 "    Units: 9 inf, 0 veh | AT=0 AA=0 MG=0 | Conf: 0.6"
16:42:19 "  ls_gar_phase2_91st_infantry_team (ls_gar_91st_phase2_infantry)"
16:42:19 "    Tags: [""FIRETEAM"",""MEDICAL_TEAM"",""FOOT"",""PATROL""]"
16:42:19 "    Units: 4 inf, 0 veh | AT=0 AA=0 MG=0 | Conf: 0.6"
16:42:19 "  ls_gar_phase2_91st_weapons_squad (ls_gar_91st_phase2_infantry)"
16:42:19 "    Tags: [""INFANTRY_SQUAD"",""MEDICAL_TEAM"",""FOOT""]"
16:42:19 "    Units: 9 inf, 0 veh | AT=0 AA=0 MG=0 | Conf: 0.6"
16:42:19 "  ls_gar_phase2_91st_at_team (ls_gar_91st_phase2_infantry)"
16:42:19 "    Tags: [""FIRETEAM"",""FOOT"",""PATROL""]"
16:42:19 "    Units: 4 inf, 0 veh | AT=0 AA=0 MG=0 | Conf: 0.6"
16:42:19 "  ls_gar_phase2_91st_aa_team (ls_gar_91st_phase2_infantry)"
16:42:19 "    Tags: [""FIRETEAM"",""ANTI_AIR"",""AA_TEAM"",""FOOT"",""PATROL""]"
16:42:19 "    Units: 4 inf, 0 veh | AT=0 AA=2 MG=0 | Conf: 0.75"
16:42:19 "  ls_gar_phase2_91st_support_team (ls_gar_91st_phase2_infantry)"
16:42:19 "    Tags: [""FIRETEAM"",""MEDICAL_TEAM"",""FOOT"",""PATROL""]"
16:42:19 "    Units: 4 inf, 0 veh | AT=0 AA=0 MG=0 | Conf: 0.6"
16:42:19 "  ls_gar_phase2_91st_eod_team (ls_gar_91st_phase2_infantry)"
16:42:19 "    Tags: [""FIRETEAM"",""FOOT"",""PATROL""]"
16:42:19 "    Units: 4 inf, 0 veh | AT=0 AA=0 MG=0 | Conf: 0.6"
16:42:19 "  ls_gar_phase2_91st_supportGunner_team (ls_gar_91st_phase2_infantry)"
16:42:19 "    Tags: [""FIRETEAM"",""FOOT"",""PATROL""]"
16:42:19 "    Units: 3 inf, 0 veh | AT=0 AA=0 MG=0 | Conf: 0.6"
16:42:19 "  ls_gar_phase2_91st_infantry_sentry (ls_gar_91st_phase2_infantry)"
16:42:19 "    Tags: [""FIRETEAM"",""FOOT"",""PATROL""]"
16:42:19 "    Units: 2 inf, 0 veh | AT=0 AA=0 MG=0 | Conf: 0.6"
16:42:19 "  ls_gar_phase2_91st_sniper_sentry (ls_gar_91st_phase2_infantry)"
16:42:19 "    Tags: [""FIRETEAM"",""FOOT"",""NIGHT_CAPABLE"",""PATROL""]"
16:42:19 "    Units: 2 inf, 0 veh | AT=0 AA=0 MG=0 | Conf: 0.6"
16:42:19 "  ls_gar_phase2_104th_infantry_squad (ls_gar_104th_phase2_infantry)"
16:42:19 "    Tags: [""INFANTRY_SQUAD"",""MEDICAL_TEAM"",""FOOT""]"
16:42:19 "    Units: 9 inf, 0 veh | AT=0 AA=0 MG=0 | Conf: 0.6"
16:42:19 "  ls_gar_phase2_104th_infantry_team (ls_gar_104th_phase2_infantry)"
16:42:19 "    Tags: [""FIRETEAM"",""MEDICAL_TEAM"",""FOOT"",""PATROL""]"
16:42:19 "    Units: 4 inf, 0 veh | AT=0 AA=0 MG=0 | Conf: 0.6"
16:42:19 "  ls_gar_phase2_104th_weapons_squad (ls_gar_104th_phase2_infantry)"
16:42:19 "    Tags: [""INFANTRY_SQUAD"",""MEDICAL_TEAM"",""FOOT""]"
16:42:19 "    Units: 9 inf, 0 veh | AT=0 AA=0 MG=0 | Conf: 0.6"
16:42:19 "  ls_gar_phase2_104th_at_team (ls_gar_104th_phase2_infantry)"
16:42:19 "    Tags: [""FIRETEAM"",""FOOT"",""PATROL""]"
16:42:19 "    Units: 4 inf, 0 veh | AT=0 AA=0 MG=0 | Conf: 0.6"
16:42:19 "  ls_gar_phase2_104th_aa_team (ls_gar_104th_phase2_infantry)"
16:42:19 "    Tags: [""FIRETEAM"",""ANTI_AIR"",""AA_TEAM"",""FOOT"",""PATROL""]"
16:42:19 "    Units: 4 inf, 0 veh | AT=0 AA=2 MG=0 | Conf: 0.75"
16:42:19 "  ls_gar_phase2_104th_support_team (ls_gar_104th_phase2_infantry)"
16:42:19 "    Tags: [""FIRETEAM"",""MEDICAL_TEAM"",""FOOT"",""PATROL""]"
16:42:19 "    Units: 4 inf, 0 veh | AT=0 AA=0 MG=0 | Conf: 0.6"
16:42:19 "  ls_gar_phase2_104th_eod_team (ls_gar_104th_phase2_infantry)"
16:42:19 "    Tags: [""FIRETEAM"",""FOOT"",""PATROL""]"
16:42:19 "    Units: 4 inf, 0 veh | AT=0 AA=0 MG=0 | Conf: 0.6"
16:42:19 "  ls_gar_phase2_104th_supportGunner_team (ls_gar_104th_phase2_infantry)"
16:42:19 "    Tags: [""FIRETEAM"",""FOOT"",""PATROL""]"
16:42:19 "    Units: 3 inf, 0 veh | AT=0 AA=0 MG=0 | Conf: 0.6"
16:42:19 "  ls_gar_phase2_104th_infantry_sentry (ls_gar_104th_phase2_infantry)"
16:42:19 "    Tags: [""FIRETEAM"",""FOOT"",""PATROL""]"
16:42:19 "    Units: 2 inf, 0 veh | AT=0 AA=0 MG=0 | Conf: 0.6"
16:42:19 "  ls_gar_phase2_104th_sniper_sentry (ls_gar_104th_phase2_infantry)"
16:42:19 "    Tags: [""FIRETEAM"",""FOOT"",""NIGHT_CAPABLE"",""PATROL""]"
16:42:19 "    Units: 2 inf, 0 veh | AT=0 AA=0 MG=0 | Conf: 0.6"
16:42:19 "  ls_gar_phase2_187th_infantry_squad (ls_gar_187th_phase2_infantry)"
16:42:19 "    Tags: [""INFANTRY_SQUAD"",""MEDICAL_TEAM"",""FOOT""]"
16:42:19 "    Units: 9 inf, 0 veh | AT=0 AA=0 MG=0 | Conf: 0.6"
16:42:19 "  ls_gar_phase2_187th_infantry_team (ls_gar_187th_phase2_infantry)"
16:42:19 "    Tags: [""FIRETEAM"",""MEDICAL_TEAM"",""FOOT"",""PATROL""]"
16:42:19 "    Units: 4 inf, 0 veh | AT=0 AA=0 MG=0 | Conf: 0.6"
16:42:19 "  ls_gar_phase2_187th_weapons_squad (ls_gar_187th_phase2_infantry)"
16:42:19 "    Tags: [""INFANTRY_SQUAD"",""MEDICAL_TEAM"",""FOOT""]"
16:42:19 "    Units: 9 inf, 0 veh | AT=0 AA=0 MG=0 | Conf: 0.6"
16:42:19 "  ls_gar_phase2_187th_at_team (ls_gar_187th_phase2_infantry)"
16:42:19 "    Tags: [""FIRETEAM"",""FOOT"",""PATROL""]"
16:42:19 "    Units: 4 inf, 0 veh | AT=0 AA=0 MG=0 | Conf: 0.6"
16:42:19 "  ls_gar_phase2_187th_aa_team (ls_gar_187th_phase2_infantry)"
16:42:19 "    Tags: [""FIRETEAM"",""ANTI_AIR"",""AA_TEAM"",""FOOT"",""PATROL""]"
16:42:19 "    Units: 4 inf, 0 veh | AT=0 AA=2 MG=0 | Conf: 0.75"
16:42:19 "  ls_gar_phase2_187th_support_team (ls_gar_187th_phase2_infantry)"
16:42:19 "    Tags: [""FIRETEAM"",""MEDICAL_TEAM"",""FOOT"",""PATROL""]"
16:42:19 "    Units: 4 inf, 0 veh | AT=0 AA=0 MG=0 | Conf: 0.6"
16:42:19 "  ls_gar_phase2_187th_eod_team (ls_gar_187th_phase2_infantry)"
16:42:19 "    Tags: [""FIRETEAM"",""FOOT"",""PATROL""]"
16:42:19 "    Units: 4 inf, 0 veh | AT=0 AA=0 MG=0 | Conf: 0.6"
16:42:19 "  ls_gar_phase2_187th_supportGunner_team (ls_gar_187th_phase2_infantry)"
16:42:19 "    Tags: [""FIRETEAM"",""FOOT"",""PATROL""]"
16:42:19 "    Units: 3 inf, 0 veh | AT=0 AA=0 MG=0 | Conf: 0.6"
16:42:19 "  ls_gar_phase2_187th_infantry_sentry (ls_gar_187th_phase2_infantry)"
16:42:19 "    Tags: [""FIRETEAM"",""FOOT"",""PATROL""]"
16:42:19 "    Units: 2 inf, 0 veh | AT=0 AA=0 MG=0 | Conf: 0.6"
16:42:19 "  ls_gar_phase2_187th_sniper_sentry (ls_gar_187th_phase2_infantry)"
16:42:19 "    Tags: [""FIRETEAM"",""FOOT"",""NIGHT_CAPABLE"",""PATROL""]"
16:42:19 "    Units: 2 inf, 0 veh | AT=0 AA=0 MG=0 | Conf: 0.6"
16:42:19 "  ls_gar_phase2_212th_infantry_squad (ls_gar_212th_phase2_infantry)"
16:42:19 "    Tags: [""INFANTRY_SQUAD"",""MEDICAL_TEAM"",""FOOT""]"
16:42:19 "    Units: 9 inf, 0 veh | AT=0 AA=0 MG=0 | Conf: 0.6"
16:42:19 "  ls_gar_phase2_212th_infantry_team (ls_gar_212th_phase2_infantry)"
16:42:19 "    Tags: [""FIRETEAM"",""MEDICAL_TEAM"",""FOOT"",""PATROL""]"
16:42:19 "    Units: 4 inf, 0 veh | AT=0 AA=0 MG=0 | Conf: 0.6"
16:42:19 "  ls_gar_phase2_212th_weapons_squad (ls_gar_212th_phase2_infantry)"
16:42:19 "    Tags: [""INFANTRY_SQUAD"",""MEDICAL_TEAM"",""FOOT""]"
16:42:19 "    Units: 9 inf, 0 veh | AT=0 AA=0 MG=0 | Conf: 0.6"
16:42:19 "  ls_gar_phase2_212th_at_team (ls_gar_212th_phase2_infantry)"
16:42:19 "    Tags: [""FIRETEAM"",""FOOT"",""PATROL""]"
16:42:19 "    Units: 4 inf, 0 veh | AT=0 AA=0 MG=0 | Conf: 0.6"
16:42:19 "  ls_gar_phase2_212th_aa_team (ls_gar_212th_phase2_infantry)"
16:42:19 "    Tags: [""FIRETEAM"",""ANTI_AIR"",""AA_TEAM"",""FOOT"",""PATROL""]"
16:42:19 "    Units: 4 inf, 0 veh | AT=0 AA=2 MG=0 | Conf: 0.75"
16:42:19 "  ls_gar_phase2_212th_support_team (ls_gar_212th_phase2_infantry)"
16:42:19 "    Tags: [""FIRETEAM"",""MEDICAL_TEAM"",""FOOT"",""PATROL""]"
16:42:19 "    Units: 4 inf, 0 veh | AT=0 AA=0 MG=0 | Conf: 0.6"
16:42:19 "  ls_gar_phase2_212th_eod_team (ls_gar_212th_phase2_infantry)"
16:42:19 "    Tags: [""FIRETEAM"",""FOOT"",""PATROL""]"
16:42:19 "    Units: 4 inf, 0 veh | AT=0 AA=0 MG=0 | Conf: 0.6"
16:42:19 "  ls_gar_phase2_212th_supportGunner_team (ls_gar_212th_phase2_infantry)"
16:42:19 "    Tags: [""FIRETEAM"",""FOOT"",""PATROL""]"
16:42:19 "    Units: 3 inf, 0 veh | AT=0 AA=0 MG=0 | Conf: 0.6"
16:42:19 "  ls_gar_phase2_212th_infantry_sentry (ls_gar_212th_phase2_infantry)"
16:42:19 "    Tags: [""FIRETEAM"",""FOOT"",""PATROL""]"
16:42:19 "    Units: 2 inf, 0 veh | AT=0 AA=0 MG=0 | Conf: 0.6"
16:42:19 "  ls_gar_phase2_212th_sniper_sentry (ls_gar_212th_phase2_infantry)"
16:42:19 "    Tags: [""FIRETEAM"",""FOOT"",""NIGHT_CAPABLE"",""PATROL""]"
16:42:19 "    Units: 2 inf, 0 veh | AT=0 AA=0 MG=0 | Conf: 0.6"
16:42:19 "  ls_gar_phase2_327th_infantry_squad (ls_gar_327th_phase2_infantry)"
16:42:19 "    Tags: [""INFANTRY_SQUAD"",""MEDICAL_TEAM"",""FOOT""]"
16:42:19 "    Units: 9 inf, 0 veh | AT=0 AA=0 MG=0 | Conf: 0.6"
16:42:19 "  ls_gar_phase2_327th_infantry_team (ls_gar_327th_phase2_infantry)"
16:42:19 "    Tags: [""FIRETEAM"",""MEDICAL_TEAM"",""FOOT"",""PATROL""]"
16:42:19 "    Units: 4 inf, 0 veh | AT=0 AA=0 MG=0 | Conf: 0.6"
16:42:19 "  ls_gar_phase2_327th_weapons_squad (ls_gar_327th_phase2_infantry)"
16:42:19 "    Tags: [""INFANTRY_SQUAD"",""MEDICAL_TEAM"",""FOOT""]"
16:42:19 "    Units: 9 inf, 0 veh | AT=0 AA=0 MG=0 | Conf: 0.6"
16:42:19 "  ls_gar_phase2_327th_at_team (ls_gar_327th_phase2_infantry)"
16:42:19 "    Tags: [""FIRETEAM"",""FOOT"",""PATROL""]"
16:42:19 "    Units: 4 inf, 0 veh | AT=0 AA=0 MG=0 | Conf: 0.6"
16:42:19 "  ls_gar_phase2_327th_aa_team (ls_gar_327th_phase2_infantry)"
16:42:19 "    Tags: [""FIRETEAM"",""ANTI_AIR"",""AA_TEAM"",""FOOT"",""PATROL""]"
16:42:19 "    Units: 4 inf, 0 veh | AT=0 AA=2 MG=0 | Conf: 0.75"
16:42:19 "  ls_gar_phase2_327th_support_team (ls_gar_327th_phase2_infantry)"
16:42:19 "    Tags: [""FIRETEAM"",""MEDICAL_TEAM"",""FOOT"",""PATROL""]"
16:42:19 "    Units: 4 inf, 0 veh | AT=0 AA=0 MG=0 | Conf: 0.6"
16:42:19 "  ls_gar_phase2_327th_eod_team (ls_gar_327th_phase2_infantry)"
16:42:19 "    Tags: [""FIRETEAM"",""FOOT"",""PATROL""]"
16:42:19 "    Units: 4 inf, 0 veh | AT=0 AA=0 MG=0 | Conf: 0.6"
16:42:19 "  ls_gar_phase2_327th_supportGunner_team (ls_gar_327th_phase2_infantry)"
16:42:19 "    Tags: [""FIRETEAM"",""FOOT"",""PATROL""]"
16:42:19 "    Units: 3 inf, 0 veh | AT=0 AA=0 MG=0 | Conf: 0.6"
16:42:19 "  ls_gar_phase2_327th_infantry_sentry (ls_gar_327th_phase2_infantry)"
16:42:19 "    Tags: [""FIRETEAM"",""FOOT"",""PATROL""]"
16:42:19 "    Units: 2 inf, 0 veh | AT=0 AA=0 MG=0 | Conf: 0.6"
16:42:19 "  ls_gar_phase2_327th_sniper_sentry (ls_gar_327th_phase2_infantry)"
16:42:19 "    Tags: [""FIRETEAM"",""FOOT"",""NIGHT_CAPABLE"",""PATROL""]"
16:42:19 "    Units: 2 inf, 0 veh | AT=0 AA=0 MG=0 | Conf: 0.6"
16:42:19 "  ls_gar_phase2_501st_infantry_squad (ls_gar_501st_phase2_infantry)"
16:42:19 "    Tags: [""INFANTRY_SQUAD"",""MEDICAL_TEAM"",""FOOT""]"
16:42:19 "    Units: 9 inf, 0 veh | AT=0 AA=0 MG=0 | Conf: 0.6"
16:42:19 "  ls_gar_phase2_501st_infantry_team (ls_gar_501st_phase2_infantry)"
16:42:19 "    Tags: [""FIRETEAM"",""MEDICAL_TEAM"",""FOOT"",""PATROL""]"
16:42:19 "    Units: 4 inf, 0 veh | AT=0 AA=0 MG=0 | Conf: 0.6"
16:42:19 "  ls_gar_phase2_501st_weapons_squad (ls_gar_501st_phase2_infantry)"
16:42:19 "    Tags: [""INFANTRY_SQUAD"",""MEDICAL_TEAM"",""FOOT""]"
16:42:19 "    Units: 9 inf, 0 veh | AT=0 AA=0 MG=0 | Conf: 0.6"
16:42:19 "  ls_gar_phase2_501st_at_team (ls_gar_501st_phase2_infantry)"
16:42:19 "    Tags: [""FIRETEAM"",""FOOT"",""PATROL""]"
16:42:19 "    Units: 4 inf, 0 veh | AT=0 AA=0 MG=0 | Conf: 0.6"
16:42:19 "  ls_gar_phase2_501st_aa_team (ls_gar_501st_phase2_infantry)"
16:42:19 "    Tags: [""FIRETEAM"",""ANTI_AIR"",""AA_TEAM"",""FOOT"",""PATROL""]"
16:42:19 "    Units: 4 inf, 0 veh | AT=0 AA=2 MG=0 | Conf: 0.75"
16:42:19 "  ls_gar_phase2_501st_support_team (ls_gar_501st_phase2_infantry)"
16:42:19 "    Tags: [""FIRETEAM"",""MEDICAL_TEAM"",""FOOT"",""PATROL""]"
16:42:19 "    Units: 4 inf, 0 veh | AT=0 AA=0 MG=0 | Conf: 0.6"
16:42:19 "  ls_gar_phase2_501st_eod_team (ls_gar_501st_phase2_infantry)"
16:42:19 "    Tags: [""FIRETEAM"",""FOOT"",""PATROL""]"
16:42:19 "    Units: 4 inf, 0 veh | AT=0 AA=0 MG=0 | Conf: 0.6"
16:42:19 "  ls_gar_phase2_501st_supportGunner_team (ls_gar_501st_phase2_infantry)"
16:42:19 "    Tags: [""FIRETEAM"",""FOOT"",""PATROL""]"
16:42:19 "    Units: 3 inf, 0 veh | AT=0 AA=0 MG=0 | Conf: 0.6"
16:42:19 "  ls_gar_phase2_501st_infantry_sentry (ls_gar_501st_phase2_infantry)"
16:42:19 "    Tags: [""FIRETEAM"",""FOOT"",""PATROL""]"
16:42:19 "    Units: 2 inf, 0 veh | AT=0 AA=0 MG=0 | Conf: 0.6"
16:42:19 "  ls_gar_phase2_501st_sniper_sentry (ls_gar_501st_phase2_infantry)"
16:42:19 "    Tags: [""FIRETEAM"",""FOOT"",""NIGHT_CAPABLE"",""PATROL""]"
16:42:19 "    Units: 2 inf, 0 veh | AT=0 AA=0 MG=0 | Conf: 0.6"
16:42:19 "  ls_gar_phase2_coruscantguard_infantry_squad (ls_gar_coruscantguard_phase2_infantry)"
16:42:19 "    Tags: [""INFANTRY_SQUAD"",""MEDICAL_TEAM"",""FOOT""]"
16:42:19 "    Units: 9 inf, 0 veh | AT=0 AA=0 MG=0 | Conf: 0.6"
16:42:19 "  ls_gar_phase2_coruscantguard_infantry_team (ls_gar_coruscantguard_phase2_infantry)"
16:42:19 "    Tags: [""FIRETEAM"",""MEDICAL_TEAM"",""FOOT"",""PATROL""]"
16:42:19 "    Units: 4 inf, 0 veh | AT=0 AA=0 MG=0 | Conf: 0.6"
16:42:19 "  ls_gar_phase2_coruscantguard_weapons_squad (ls_gar_coruscantguard_phase2_infantry)"
16:42:19 "    Tags: [""INFANTRY_SQUAD"",""MEDICAL_TEAM"",""FOOT""]"
16:42:19 "    Units: 9 inf, 0 veh | AT=0 AA=0 MG=0 | Conf: 0.6"
16:42:19 "  ls_gar_phase2_coruscantguard_at_team (ls_gar_coruscantguard_phase2_infantry)"
16:42:19 "    Tags: [""FIRETEAM"",""FOOT"",""PATROL""]"
16:42:19 "    Units: 4 inf, 0 veh | AT=0 AA=0 MG=0 | Conf: 0.6"
16:42:19 "  ls_gar_phase2_coruscantguard_aa_team (ls_gar_coruscantguard_phase2_infantry)"
16:42:19 "    Tags: [""FIRETEAM"",""ANTI_AIR"",""AA_TEAM"",""FOOT"",""PATROL""]"
16:42:19 "    Units: 4 inf, 0 veh | AT=0 AA=2 MG=0 | Conf: 0.75"
16:42:19 "  ls_gar_phase2_coruscantguard_support_team (ls_gar_coruscantguard_phase2_infantry)"
16:42:19 "    Tags: [""FIRETEAM"",""MEDICAL_TEAM"",""FOOT"",""PATROL""]"
16:42:19 "    Units: 4 inf, 0 veh | AT=0 AA=0 MG=0 | Conf: 0.6"
16:42:19 "  ls_gar_phase2_coruscantguard_eod_team (ls_gar_coruscantguard_phase2_infantry)"
16:42:19 "    Tags: [""FIRETEAM"",""FOOT"",""PATROL""]"
16:42:19 "    Units: 4 inf, 0 veh | AT=0 AA=0 MG=0 | Conf: 0.6"
16:42:19 "  ls_gar_phase2_coruscantguard_supportGunner_team (ls_gar_coruscantguard_phase2_infantry)"
16:42:19 "    Tags: [""FIRETEAM"",""FOOT"",""PATROL""]"
16:42:19 "    Units: 3 inf, 0 veh | AT=0 AA=0 MG=0 | Conf: 0.6"
16:42:19 "  ls_gar_phase2_coruscantguard_infantry_sentry (ls_gar_coruscantguard_phase2_infantry)"
16:42:19 "    Tags: [""FIRETEAM"",""FOOT"",""PATROL""]"
16:42:19 "    Units: 2 inf, 0 veh | AT=0 AA=0 MG=0 | Conf: 0.6"
16:42:19 "  ls_gar_phase2_coruscantguard_sniper_sentry (ls_gar_coruscantguard_phase2_infantry)"
16:42:19 "    Tags: [""FIRETEAM"",""FOOT"",""NIGHT_CAPABLE"",""PATROL""]"
16:42:19 "    Units: 2 inf, 0 veh | AT=0 AA=0 MG=0 | Conf: 0.6"
16:42:19 "  ls_gar_phase2_du_infantry_squad (ls_gar_du_phase2_infantry)"
16:42:19 "    Tags: [""INFANTRY_SQUAD"",""MEDICAL_TEAM"",""FOOT""]"
16:42:19 "    Units: 9 inf, 0 veh | AT=0 AA=0 MG=0 | Conf: 0.6"
16:42:19 "  ls_gar_phase2_du_infantry_team (ls_gar_du_phase2_infantry)"
16:42:19 "    Tags: [""FIRETEAM"",""MEDICAL_TEAM"",""FOOT"",""PATROL""]"
16:42:19 "    Units: 4 inf, 0 veh | AT=0 AA=0 MG=0 | Conf: 0.6"
16:42:19 "  ls_gar_phase2_du_weapons_squad (ls_gar_du_phase2_infantry)"
16:42:19 "    Tags: [""INFANTRY_SQUAD"",""MEDICAL_TEAM"",""FOOT""]"
16:42:19 "    Units: 9 inf, 0 veh | AT=0 AA=0 MG=0 | Conf: 0.6"
16:42:19 "  ls_gar_phase2_du_at_team (ls_gar_du_phase2_infantry)"
16:42:19 "    Tags: [""FIRETEAM"",""FOOT"",""PATROL""]"
16:42:19 "    Units: 4 inf, 0 veh | AT=0 AA=0 MG=0 | Conf: 0.6"
16:42:19 "  ls_gar_phase2_du_aa_team (ls_gar_du_phase2_infantry)"
16:42:19 "    Tags: [""FIRETEAM"",""ANTI_AIR"",""AA_TEAM"",""FOOT"",""PATROL""]"
16:42:19 "    Units: 4 inf, 0 veh | AT=0 AA=2 MG=0 | Conf: 0.75"
16:42:19 "  ls_gar_phase2_du_support_team (ls_gar_du_phase2_infantry)"
16:42:19 "    Tags: [""FIRETEAM"",""MEDICAL_TEAM"",""FOOT"",""PATROL""]"
16:42:19 "    Units: 4 inf, 0 veh | AT=0 AA=0 MG=0 | Conf: 0.6"
16:42:19 "  ls_gar_phase2_du_eod_team (ls_gar_du_phase2_infantry)"
16:42:19 "    Tags: [""FIRETEAM"",""FOOT"",""PATROL""]"
16:42:19 "    Units: 4 inf, 0 veh | AT=0 AA=0 MG=0 | Conf: 0.6"
16:42:19 "  ls_gar_phase2_du_supportGunner_team (ls_gar_du_phase2_infantry)"
16:42:19 "    Tags: [""FIRETEAM"",""FOOT"",""PATROL""]"
16:42:19 "    Units: 3 inf, 0 veh | AT=0 AA=0 MG=0 | Conf: 0.6"
16:42:19 "  ls_gar_phase2_du_infantry_sentry (ls_gar_du_phase2_infantry)"
16:42:19 "    Tags: [""FIRETEAM"",""FOOT"",""PATROL""]"
16:42:19 "    Units: 2 inf, 0 veh | AT=0 AA=0 MG=0 | Conf: 0.6"
16:42:19 "  ls_gar_phase2_du_sniper_sentry (ls_gar_du_phase2_infantry)"
16:42:19 "    Tags: [""FIRETEAM"",""FOOT"",""NIGHT_CAPABLE"",""PATROL""]"
16:42:19 "    Units: 2 inf, 0 veh | AT=0 AA=0 MG=0 | Conf: 0.6"