"=============================================================="
16:42:19 "DSC: Faction 'Grand Army of the Republic (ls_gar)'"
16:42:19 "=============================================================="
16:42:19 "DSC: fnc_extractGroups - Extracted 20 groups from faction 'ls_gar'"
16:42:19 "DSC: fnc_classifyGroups - Classified 20 groups"
16:42:19 "DSC: fnc_classifyGroups - Tag distribution: [[""INFANTRY_SQUAD"",4],[""PATROL"",16],[""NIGHT_CAPABLE"",1],[""ANTI_AIR"",2],[""FIRETEAM"",16],[""FOOT"",20],[""MEDICAL_TEAM"",8],[""AA_TEAM"",2]]"
16:42:19 "  ls_gar_phase1_standard_infantry_squad (ls_gar_standard_phase1_infantry)"
16:42:19 "    Tags: [""INFANTRY_SQUAD"",""MEDICAL_TEAM"",""FOOT""]"
16:42:19 "    Units: 9 inf, 0 veh | AT=0 AA=0 MG=0 | Conf: 0.6"
16:42:19 "  ls_gar_phase1_standard_infantry_team (ls_gar_standard_phase1_infantry)"
16:42:19 "    Tags: [""FIRETEAM"",""MEDICAL_TEAM"",""FOOT"",""PATROL""]"
16:42:19 "    Units: 4 inf, 0 veh | AT=0 AA=0 MG=0 | Conf: 0.6"
16:42:19 "  ls_gar_phase1_standard_weapons_squad (ls_gar_standard_phase1_infantry)"
16:42:19 "    Tags: [""INFANTRY_SQUAD"",""MEDICAL_TEAM"",""FOOT""]"
16:42:19 "    Units: 9 inf, 0 veh | AT=0 AA=0 MG=0 | Conf: 0.6"
16:42:19 "  ls_gar_phase1_standard_at_team (ls_gar_standard_phase1_infantry)"
16:42:19 "    Tags: [""FIRETEAM"",""FOOT"",""PATROL""]"
16:42:19 "    Units: 4 inf, 0 veh | AT=0 AA=0 MG=0 | Conf: 0.6"
16:42:19 "  ls_gar_phase1_standard_aa_team (ls_gar_standard_phase1_infantry)"
16:42:19 "    Tags: [""FIRETEAM"",""ANTI_AIR"",""AA_TEAM"",""FOOT"",""PATROL""]"
16:42:19 "    Units: 4 inf, 0 veh | AT=0 AA=2 MG=0 | Conf: 0.75"
16:42:19 "  ls_gar_phase1_standard_support_team (ls_gar_standard_phase1_infantry)"
16:42:19 "    Tags: [""FIRETEAM"",""MEDICAL_TEAM"",""FOOT"",""PATROL""]"
16:42:19 "    Units: 4 inf, 0 veh | AT=0 AA=0 MG=0 | Conf: 0.6"
16:42:19 "  ls_gar_phase1_standard_eod_team (ls_gar_standard_phase1_infantry)"
16:42:19 "    Tags: [""FIRETEAM"",""FOOT"",""PATROL""]"
16:42:19 "    Units: 4 inf, 0 veh | AT=0 AA=0 MG=0 | Conf: 0.6"
16:42:19 "  ls_gar_phase1_standard_supportGunner_team (ls_gar_standard_phase1_infantry)"
16:42:19 "    Tags: [""FIRETEAM"",""FOOT"",""PATROL""]"
16:42:19 "    Units: 3 inf, 0 veh | AT=0 AA=0 MG=0 | Conf: 0.6"
16:42:19 "  ls_gar_phase1_standard_infantry_sentry (ls_gar_standard_phase1_infantry)"
16:42:19 "    Tags: [""FIRETEAM"",""FOOT"",""PATROL""]"
16:42:19 "    Units: 2 inf, 0 veh | AT=0 AA=0 MG=0 | Conf: 0.6"
16:42:19 "  ls_gar_phase1_standard_sniper_sentry (ls_gar_standard_phase1_infantry)"
16:42:19 "    Tags: [""FIRETEAM"",""FOOT"",""PATROL""]"
16:42:19 "    Units: 2 inf, 0 veh | AT=0 AA=0 MG=0 | Conf: 0.6"
16:42:19 "  ls_gar_phase2_standard_infantry_squad (ls_gar_standard_phase2_infantry)"
16:42:19 "    Tags: [""INFANTRY_SQUAD"",""MEDICAL_TEAM"",""FOOT""]"
16:42:19 "    Units: 9 inf, 0 veh | AT=0 AA=0 MG=0 | Conf: 0.6"
16:42:19 "  ls_gar_phase2_standard_infantry_team (ls_gar_standard_phase2_infantry)"
16:42:19 "    Tags: [""FIRETEAM"",""MEDICAL_TEAM"",""FOOT"",""PATROL""]"
16:42:19 "    Units: 4 inf, 0 veh | AT=0 AA=0 MG=0 | Conf: 0.6"
16:42:19 "  ls_gar_phase2_standard_weapons_squad (ls_gar_standard_phase2_infantry)"
16:42:19 "    Tags: [""INFANTRY_SQUAD"",""MEDICAL_TEAM"",""FOOT""]"
16:42:19 "    Units: 9 inf, 0 veh | AT=0 AA=0 MG=0 | Conf: 0.6"
16:42:19 "  ls_gar_phase2_standard_at_team (ls_gar_standard_phase2_infantry)"
16:42:19 "    Tags: [""FIRETEAM"",""FOOT"",""PATROL""]"
16:42:19 "    Units: 4 inf, 0 veh | AT=0 AA=0 MG=0 | Conf: 0.6"
16:42:19 "  ls_gar_phase2_standard_aa_team (ls_gar_standard_phase2_infantry)"
16:42:19 "    Tags: [""FIRETEAM"",""ANTI_AIR"",""AA_TEAM"",""FOOT"",""PATROL""]"
16:42:19 "    Units: 4 inf, 0 veh | AT=0 AA=2 MG=0 | Conf: 0.75"
16:42:19 "  ls_gar_phase2_standard_support_team (ls_gar_standard_phase2_infantry)"
16:42:19 "    Tags: [""FIRETEAM"",""MEDICAL_TEAM"",""FOOT"",""PATROL""]"
16:42:19 "    Units: 4 inf, 0 veh | AT=0 AA=0 MG=0 | Conf: 0.6"
16:42:19 "  ls_gar_phase2_standard_eod_team (ls_gar_standard_phase2_infantry)"
16:42:19 "    Tags: [""FIRETEAM"",""FOOT"",""PATROL""]"
16:42:19 "    Units: 4 inf, 0 veh | AT=0 AA=0 MG=0 | Conf: 0.6"
16:42:19 "  ls_gar_phase2_standard_supportGunner_team (ls_gar_standard_phase2_infantry)"
16:42:19 "    Tags: [""FIRETEAM"",""FOOT"",""PATROL""]"
16:42:19 "    Units: 3 inf, 0 veh | AT=0 AA=0 MG=0 | Conf: 0.6"
16:42:19 "  ls_gar_phase2_standard_infantry_sentry (ls_gar_standard_phase2_infantry)"
16:42:19 "    Tags: [""FIRETEAM"",""FOOT"",""PATROL""]"
16:42:19 "    Units: 2 inf, 0 veh | AT=0 AA=0 MG=0 | Conf: 0.6"
16:42:19 "  ls_gar_phase2_standard_sniper_sentry (ls_gar_standard_phase2_infantry)"
16:42:19 "    Tags: [""FIRETEAM"",""FOOT"",""NIGHT_CAPABLE"",""PATROL""]"
16:42:19 "    Units: 2 inf, 0 veh | AT=0 AA=0 MG=0 | Conf: 0.6"