16:42:19 "=============================================================="
16:42:19 "DSC: Faction 'Outland Regions Security Forces (ls_orsf)'"
16:42:19 "=============================================================="
16:42:19 "DSC: fnc_extractGroups - Extracted 10 groups from faction 'ls_orsf'"
16:42:19 "DSC: fnc_classifyGroups - Classified 10 groups"
16:42:19 "DSC: fnc_classifyGroups - Tag distribution: [[""INFANTRY_SQUAD"",2],[""PATROL"",10],[""FIRETEAM"",8],[""FOOT"",10],[""ELITE"",10],[""SCOUT_RECON"",10]]"
16:42:19 "  ORSF_infantry_squad (orsf_baseInfantry)"
16:42:19 "    Tags: [""INFANTRY_SQUAD"",""SCOUT_RECON"",""FOOT"",""ELITE"",""PATROL""]"
16:42:19 "    Units: 8 inf, 0 veh | AT=0 AA=0 MG=0 | Conf: 0.8"
16:42:19 "  ORSF_weapons_squad (orsf_baseInfantry)"
16:42:19 "    Tags: [""INFANTRY_SQUAD"",""SCOUT_RECON"",""FOOT"",""ELITE"",""PATROL""]"
16:42:19 "    Units: 8 inf, 0 veh | AT=0 AA=0 MG=0 | Conf: 0.8"
16:42:19 "  ORSF_infantry_team (orsf_baseInfantry)"
16:42:19 "    Tags: [""FIRETEAM"",""SCOUT_RECON"",""FOOT"",""ELITE"",""PATROL""]"
16:42:19 "    Units: 4 inf, 0 veh | AT=0 AA=0 MG=0 | Conf: 0.8"
16:42:19 "  ORSF_at_team (orsf_baseInfantry)"
16:42:19 "    Tags: [""FIRETEAM"",""SCOUT_RECON"",""FOOT"",""ELITE"",""PATROL""]"
16:42:19 "    Units: 4 inf, 0 veh | AT=0 AA=0 MG=0 | Conf: 0.8"
16:42:19 "  ORSF_aa_team (orsf_baseInfantry)"
16:42:19 "    Tags: [""FIRETEAM"",""SCOUT_RECON"",""FOOT"",""ELITE"",""PATROL""]"
16:42:19 "    Units: 4 inf, 0 veh | AT=0 AA=0 MG=0 | Conf: 0.8"
16:42:19 "  ORSF_support_team (orsf_baseInfantry)"
16:42:19 "    Tags: [""FIRETEAM"",""SCOUT_RECON"",""FOOT"",""ELITE"",""PATROL""]"
16:42:19 "    Units: 4 inf, 0 veh | AT=0 AA=0 MG=0 | Conf: 0.8"
16:42:19 "  ORSF_eod_team (orsf_baseInfantry)"
16:42:19 "    Tags: [""FIRETEAM"",""SCOUT_RECON"",""FOOT"",""ELITE"",""PATROL""]"
16:42:19 "    Units: 4 inf, 0 veh | AT=0 AA=0 MG=0 | Conf: 0.8"
16:42:19 "  ORSF_mg_team (orsf_baseInfantry)"
16:42:19 "    Tags: [""FIRETEAM"",""SCOUT_RECON"",""FOOT"",""ELITE"",""PATROL""]"
16:42:19 "    Units: 3 inf, 0 veh | AT=0 AA=0 MG=0 | Conf: 0.8"
16:42:19 "  ORSF_infantry_sentry (orsf_baseInfantry)"
16:42:19 "    Tags: [""FIRETEAM"",""SCOUT_RECON"",""FOOT"",""ELITE"",""PATROL""]"
16:42:19 "    Units: 2 inf, 0 veh | AT=0 AA=0 MG=0 | Conf: 0.8"
16:42:19 "  ORSF_sniper_team (orsf_baseInfantry)"
16:42:19 "    Tags: [""FIRETEAM"",""SCOUT_RECON"",""FOOT"",""ELITE"",""PATROL""]"
16:42:19 "    Units: 2 inf, 0 veh | AT=0 AA=0 MG=0 | Conf: 0.8"